<?xml version="1.0" encoding="UTF-8"?>
<coverage generated="1752632064883" clover="3.2.0">
  <project timestamp="1752632064883" name="All files">
    <metrics statements="360" coveredstatements="290" conditionals="65" coveredconditionals="52" methods="15" coveredmethods="14" elements="440" coveredelements="356" complexity="0" loc="360" ncloc="360" packages="2" files="6" classes="6"/>
    <package name="src">
      <metrics statements="274" coveredstatements="204" conditionals="46" coveredconditionals="33" methods="11" coveredmethods="10"/>
      <file name="cli.ts" path="/home/runner/work/esmx/esmx/packages/create-esmx/src/cli.ts">
        <metrics statements="5" coveredstatements="0" conditionals="1" coveredconditionals="1" methods="1" coveredmethods="1"/>
        <line num="3" count="0" type="stmt"/>
        <line num="5" count="0" type="stmt"/>
        <line num="6" count="0" type="stmt"/>
        <line num="7" count="0" type="stmt"/>
        <line num="8" count="0" type="stmt"/>
      </file>
      <file name="index.ts" path="/home/runner/work/esmx/esmx/packages/create-esmx/src/index.ts">
        <metrics statements="269" coveredstatements="204" conditionals="45" coveredconditionals="32" methods="10" coveredmethods="9"/>
        <line num="3" count="1" type="stmt"/>
        <line num="11" count="1" type="stmt"/>
        <line num="12" count="1" type="stmt"/>
        <line num="13" count="1" type="stmt"/>
        <line num="24" count="1" type="stmt"/>
        <line num="25" count="1" type="stmt"/>
        <line num="26" count="1" type="stmt"/>
        <line num="32" count="1" type="stmt"/>
        <line num="40" count="23" type="cond" truecount="1" falsecount="0"/>
        <line num="41" count="23" type="stmt"/>
        <line num="42" count="23" type="stmt"/>
        <line num="43" count="23" type="stmt"/>
        <line num="45" count="23" type="cond" truecount="0" falsecount="1"/>
        <line num="46" count="23" type="cond" truecount="0" falsecount="1"/>
        <line num="47" count="0" type="stmt"/>
        <line num="48" count="0" type="stmt"/>
        <line num="49" count="0" type="stmt"/>
        <line num="50" count="23" type="stmt"/>
        <line num="58" count="23" type="cond" truecount="1" falsecount="0"/>
        <line num="59" count="23" type="stmt"/>
        <line num="61" count="23" type="stmt"/>
        <line num="62" count="23" type="stmt"/>
        <line num="63" count="23" type="cond" truecount="1" falsecount="0"/>
        <line num="64" count="23" type="cond" truecount="1" falsecount="0"/>
        <line num="66" count="23" type="stmt"/>
        <line num="68" count="23" type="stmt"/>
        <line num="71" count="23" type="stmt"/>
        <line num="72" count="23" type="stmt"/>
        <line num="74" count="23" type="stmt"/>
        <line num="75" count="23" type="stmt"/>
        <line num="76" count="23" type="stmt"/>
        <line num="77" count="23" type="stmt"/>
        <line num="78" count="23" type="stmt"/>
        <line num="79" count="23" type="stmt"/>
        <line num="80" count="23" type="stmt"/>
        <line num="81" count="23" type="stmt"/>
        <line num="82" count="23" type="stmt"/>
        <line num="83" count="23" type="stmt"/>
        <line num="84" count="23" type="stmt"/>
        <line num="85" count="23" type="stmt"/>
        <line num="86" count="23" type="stmt"/>
        <line num="87" count="23" type="cond" truecount="0" falsecount="1"/>
        <line num="89" count="0" type="stmt"/>
        <line num="90" count="0" type="stmt"/>
        <line num="91" count="0" type="stmt"/>
        <line num="92" count="0" type="stmt"/>
        <line num="93" count="23" type="stmt"/>
        <line num="94" count="23" type="stmt"/>
        <line num="97" count="23" type="stmt"/>
        <line num="98" count="23" type="stmt"/>
        <line num="111" count="1" type="cond" truecount="1" falsecount="0"/>
        <line num="112" count="1" type="stmt"/>
        <line num="114" count="1" type="stmt"/>
        <line num="115" count="1" type="stmt"/>
        <line num="117" count="1" type="stmt"/>
        <line num="118" count="1" type="stmt"/>
        <line num="119" count="1" type="stmt"/>
        <line num="121" count="1" type="stmt"/>
        <line num="128" count="1" type="stmt"/>
        <line num="129" count="1" type="stmt"/>
        <line num="130" count="1" type="stmt"/>
        <line num="131" count="1" type="stmt"/>
        <line num="132" count="1" type="stmt"/>
        <line num="134" count="1" type="stmt"/>
        <line num="135" count="1" type="stmt"/>
        <line num="136" count="1" type="cond" truecount="1" falsecount="0"/>
        <line num="137" count="1" type="stmt"/>
        <line num="139" count="1" type="stmt"/>
        <line num="140" count="1" type="stmt"/>
        <line num="141" count="1" type="stmt"/>
        <line num="143" count="24" type="cond" truecount="1" falsecount="0"/>
        <line num="144" count="24" type="stmt"/>
        <line num="145" count="24" type="stmt"/>
        <line num="146" count="24" type="stmt"/>
        <line num="147" count="24" type="cond" truecount="0" falsecount="1"/>
        <line num="148" count="24" type="cond" truecount="0" falsecount="1"/>
        <line num="150" count="24" type="stmt"/>
        <line num="151" count="24" type="stmt"/>
        <line num="152" count="24" type="stmt"/>
        <line num="153" count="24" type="stmt"/>
        <line num="154" count="24" type="stmt"/>
        <line num="155" count="24" type="stmt"/>
        <line num="156" count="24" type="stmt"/>
        <line num="157" count="24" type="stmt"/>
        <line num="158" count="24" type="stmt"/>
        <line num="159" count="24" type="stmt"/>
        <line num="160" count="24" type="stmt"/>
        <line num="162" count="24" type="cond" truecount="1" falsecount="0"/>
        <line num="163" count="1" type="stmt"/>
        <line num="164" count="1" type="stmt"/>
        <line num="165" count="1" type="cond" truecount="1" falsecount="0"/>
        <line num="167" count="24" type="cond" truecount="1" falsecount="0"/>
        <line num="168" count="1" type="stmt"/>
        <line num="169" count="1" type="stmt"/>
        <line num="170" count="1" type="cond" truecount="1" falsecount="0"/>
        <line num="172" count="22" type="stmt"/>
        <line num="173" count="22" type="stmt"/>
        <line num="174" count="22" type="stmt"/>
        <line num="175" count="22" type="stmt"/>
        <line num="176" count="22" type="stmt"/>
        <line num="177" count="22" type="stmt"/>
        <line num="179" count="22" type="stmt"/>
        <line num="180" count="22" type="stmt"/>
        <line num="181" count="22" type="stmt"/>
        <line num="182" count="22" type="stmt"/>
        <line num="183" count="24" type="cond" truecount="0" falsecount="1"/>
        <line num="184" count="0" type="stmt"/>
        <line num="185" count="0" type="stmt"/>
        <line num="186" count="0" type="cond" truecount="1" falsecount="0"/>
        <line num="188" count="22" type="stmt"/>
        <line num="189" count="22" type="stmt"/>
        <line num="190" count="22" type="stmt"/>
        <line num="191" count="22" type="stmt"/>
        <line num="193" count="22" type="stmt"/>
        <line num="194" count="24" type="cond" truecount="0" falsecount="1"/>
        <line num="195" count="0" type="stmt"/>
        <line num="196" count="0" type="stmt"/>
        <line num="197" count="0" type="cond" truecount="1" falsecount="0"/>
        <line num="199" count="22" type="stmt"/>
        <line num="200" count="22" type="stmt"/>
        <line num="201" count="22" type="stmt"/>
        <line num="202" count="22" type="stmt"/>
        <line num="203" count="22" type="stmt"/>
        <line num="204" count="22" type="stmt"/>
        <line num="206" count="22" type="stmt"/>
        <line num="207" count="22" type="stmt"/>
        <line num="208" count="22" type="stmt"/>
        <line num="209" count="22" type="stmt"/>
        <line num="210" count="22" type="stmt"/>
        <line num="211" count="22" type="stmt"/>
        <line num="212" count="22" type="stmt"/>
        <line num="213" count="22" type="stmt"/>
        <line num="214" count="22" type="stmt"/>
        <line num="215" count="22" type="stmt"/>
        <line num="216" count="22" type="stmt"/>
        <line num="217" count="22" type="stmt"/>
        <line num="218" count="22" type="stmt"/>
        <line num="219" count="22" type="stmt"/>
        <line num="220" count="22" type="stmt"/>
        <line num="221" count="22" type="stmt"/>
        <line num="222" count="22" type="stmt"/>
        <line num="223" count="22" type="stmt"/>
        <line num="225" count="22" type="stmt"/>
        <line num="226" count="22" type="stmt"/>
        <line num="227" count="22" type="stmt"/>
        <line num="228" count="22" type="stmt"/>
        <line num="229" count="22" type="stmt"/>
        <line num="230" count="22" type="stmt"/>
        <line num="232" count="22" type="stmt"/>
        <line num="234" count="22" type="stmt"/>
        <line num="235" count="22" type="stmt"/>
        <line num="237" count="22" type="cond" truecount="1" falsecount="0"/>
        <line num="238" count="22" type="stmt"/>
        <line num="239" count="22" type="stmt"/>
        <line num="240" count="22" type="stmt"/>
        <line num="241" count="22" type="stmt"/>
        <line num="242" count="22" type="stmt"/>
        <line num="243" count="22" type="stmt"/>
        <line num="244" count="22" type="cond" truecount="0" falsecount="1"/>
        <line num="246" count="0" type="stmt"/>
        <line num="247" count="0" type="stmt"/>
        <line num="248" count="0" type="stmt"/>
        <line num="249" count="0" type="stmt"/>
        <line num="250" count="0" type="stmt"/>
        <line num="251" count="0" type="stmt"/>
        <line num="252" count="0" type="stmt"/>
        <line num="253" count="0" type="stmt"/>
        <line num="254" count="0" type="stmt"/>
        <line num="255" count="0" type="stmt"/>
        <line num="256" count="0" type="stmt"/>
        <line num="257" count="0" type="stmt"/>
        <line num="259" count="0" type="stmt"/>
        <line num="260" count="0" type="stmt"/>
        <line num="262" count="22" type="cond" truecount="1" falsecount="0"/>
        <line num="263" count="22" type="stmt"/>
        <line num="265" count="22" type="stmt"/>
        <line num="266" count="22" type="stmt"/>
        <line num="267" count="22" type="cond" truecount="1" falsecount="0"/>
        <line num="268" count="22" type="stmt"/>
        <line num="269" count="22" type="stmt"/>
        <line num="270" count="22" type="cond" truecount="0" falsecount="1"/>
        <line num="272" count="0" type="stmt"/>
        <line num="273" count="0" type="stmt"/>
        <line num="274" count="0" type="stmt"/>
        <line num="275" count="0" type="stmt"/>
        <line num="276" count="0" type="stmt"/>
        <line num="278" count="0" type="stmt"/>
        <line num="279" count="0" type="stmt"/>
        <line num="280" count="0" type="stmt"/>
        <line num="281" count="0" type="stmt"/>
        <line num="283" count="0" type="stmt"/>
        <line num="284" count="0" type="stmt"/>
        <line num="286" count="7" type="cond" truecount="1" falsecount="0"/>
        <line num="287" count="7" type="cond" truecount="0" falsecount="1"/>
        <line num="288" count="0" type="stmt"/>
        <line num="289" count="0" type="stmt"/>
        <line num="291" count="7" type="stmt"/>
        <line num="293" count="7" type="cond" truecount="1" falsecount="0"/>
        <line num="294" count="7" type="stmt"/>
        <line num="295" count="7" type="stmt"/>
        <line num="297" count="22" type="cond" truecount="1" falsecount="0"/>
        <line num="298" count="22" type="stmt"/>
        <line num="299" count="22" type="stmt"/>
        <line num="300" count="22" type="stmt"/>
        <line num="301" count="22" type="stmt"/>
        <line num="302" count="22" type="stmt"/>
        <line num="303" count="22" type="stmt"/>
        <line num="304" count="22" type="stmt"/>
        <line num="305" count="22" type="stmt"/>
        <line num="306" count="22" type="cond" truecount="2" falsecount="0"/>
        <line num="308" count="22" type="cond" truecount="0" falsecount="1"/>
        <line num="309" count="0" type="stmt"/>
        <line num="310" count="0" type="stmt"/>
        <line num="313" count="22" type="cond" truecount="2" falsecount="0"/>
        <line num="314" count="5" type="cond" truecount="1" falsecount="0"/>
        <line num="315" count="3" type="cond" truecount="0" falsecount="1"/>
        <line num="316" count="0" type="stmt"/>
        <line num="317" count="0" type="stmt"/>
        <line num="318" count="0" type="stmt"/>
        <line num="320" count="0" type="stmt"/>
        <line num="321" count="0" type="stmt"/>
        <line num="322" count="0" type="stmt"/>
        <line num="323" count="0" type="stmt"/>
        <line num="325" count="0" type="stmt"/>
        <line num="326" count="0" type="stmt"/>
        <line num="327" count="0" type="stmt"/>
        <line num="328" count="0" type="stmt"/>
        <line num="331" count="3" type="stmt"/>
        <line num="332" count="22" type="cond" truecount="2" falsecount="0"/>
        <line num="333" count="15" type="stmt"/>
        <line num="334" count="15" type="stmt"/>
        <line num="337" count="22" type="cond" truecount="2" falsecount="0"/>
        <line num="338" count="1" type="cond" truecount="0" falsecount="1"/>
        <line num="339" count="0" type="stmt"/>
        <line num="340" count="0" type="stmt"/>
        <line num="341" count="0" type="stmt"/>
        <line num="342" count="0" type="stmt"/>
        <line num="344" count="0" type="stmt"/>
        <line num="345" count="0" type="stmt"/>
        <line num="346" count="0" type="stmt"/>
        <line num="347" count="0" type="stmt"/>
        <line num="349" count="0" type="stmt"/>
        <line num="350" count="0" type="stmt"/>
        <line num="351" count="0" type="stmt"/>
        <line num="352" count="0" type="stmt"/>
        <line num="353" count="1" type="stmt"/>
        <line num="355" count="22" type="stmt"/>
        <line num="356" count="22" type="stmt"/>
        <line num="358" count="66" type="cond" truecount="1" falsecount="0"/>
        <line num="359" count="66" type="stmt"/>
        <line num="360" count="66" type="stmt"/>
        <line num="361" count="66" type="stmt"/>
        <line num="362" count="66" type="stmt"/>
        <line num="363" count="66" type="stmt"/>
        <line num="365" count="66" type="cond" truecount="1" falsecount="0"/>
        <line num="366" count="242" type="stmt"/>
        <line num="367" count="242" type="stmt"/>
        <line num="368" count="242" type="stmt"/>
        <line num="370" count="242" type="cond" truecount="1" falsecount="0"/>
        <line num="371" count="44" type="stmt"/>
        <line num="372" count="44" type="stmt"/>
        <line num="373" count="242" type="cond" truecount="1" falsecount="0"/>
        <line num="374" count="198" type="stmt"/>
        <line num="377" count="198" type="stmt"/>
        <line num="379" count="198" type="stmt"/>
        <line num="380" count="198" type="stmt"/>
        <line num="381" count="242" type="stmt"/>
        <line num="382" count="66" type="stmt"/>
        <line num="384" count="1" type="stmt"/>
      </file>
    </package>
    <package name="src.utils">
      <metrics statements="86" coveredstatements="86" conditionals="19" coveredconditionals="19" methods="4" coveredmethods="4"/>
      <file name="index.ts" path="/home/runner/work/esmx/esmx/packages/create-esmx/src/utils/index.ts">
        <metrics statements="3" coveredstatements="3" conditionals="0" coveredconditionals="0" methods="0" coveredmethods="0"/>
        <line num="1" count="1" type="stmt"/>
        <line num="6" count="1" type="stmt"/>
        <line num="11" count="1" type="stmt"/>
      </file>
      <file name="package-manager.ts" path="/home/runner/work/esmx/esmx/packages/create-esmx/src/utils/package-manager.ts">
        <metrics statements="52" coveredstatements="52" conditionals="10" coveredconditionals="10" methods="2" coveredmethods="2"/>
        <line num="29" count="1" type="stmt"/>
        <line num="30" count="1" type="stmt"/>
        <line num="31" count="1" type="stmt"/>
        <line num="32" count="1" type="stmt"/>
        <line num="33" count="1" type="stmt"/>
        <line num="34" count="1" type="stmt"/>
        <line num="35" count="1" type="stmt"/>
        <line num="36" count="1" type="stmt"/>
        <line num="37" count="1" type="stmt"/>
        <line num="38" count="1" type="stmt"/>
        <line num="39" count="1" type="stmt"/>
        <line num="40" count="1" type="stmt"/>
        <line num="41" count="1" type="stmt"/>
        <line num="42" count="1" type="stmt"/>
        <line num="43" count="1" type="stmt"/>
        <line num="44" count="1" type="stmt"/>
        <line num="45" count="1" type="stmt"/>
        <line num="46" count="1" type="stmt"/>
        <line num="47" count="1" type="stmt"/>
        <line num="48" count="1" type="stmt"/>
        <line num="49" count="1" type="stmt"/>
        <line num="50" count="1" type="stmt"/>
        <line num="51" count="1" type="stmt"/>
        <line num="52" count="1" type="stmt"/>
        <line num="53" count="1" type="stmt"/>
        <line num="54" count="1" type="stmt"/>
        <line num="55" count="1" type="stmt"/>
        <line num="56" count="1" type="stmt"/>
        <line num="57" count="1" type="stmt"/>
        <line num="58" count="1" type="stmt"/>
        <line num="59" count="1" type="stmt"/>
        <line num="60" count="1" type="stmt"/>
        <line num="61" count="1" type="stmt"/>
        <line num="62" count="1" type="stmt"/>
        <line num="63" count="1" type="stmt"/>
        <line num="64" count="1" type="stmt"/>
        <line num="65" count="1" type="stmt"/>
        <line num="66" count="1" type="stmt"/>
        <line num="71" count="185" type="cond" truecount="1" falsecount="0"/>
        <line num="72" count="185" type="cond" truecount="2" falsecount="0"/>
        <line num="74" count="185" type="cond" truecount="2" falsecount="0"/>
        <line num="75" count="185" type="cond" truecount="2" falsecount="0"/>
        <line num="76" count="185" type="cond" truecount="2" falsecount="0"/>
        <line num="79" count="128" type="stmt"/>
        <line num="80" count="128" type="stmt"/>
        <line num="86" count="1" type="cond" truecount="1" falsecount="0"/>
        <line num="87" count="185" type="stmt"/>
        <line num="88" count="185" type="stmt"/>
        <line num="89" count="185" type="stmt"/>
        <line num="90" count="185" type="stmt"/>
        <line num="91" count="185" type="stmt"/>
        <line num="92" count="185" type="stmt"/>
      </file>
      <file name="project-name.ts" path="/home/runner/work/esmx/esmx/packages/create-esmx/src/utils/project-name.ts">
        <metrics statements="20" coveredstatements="20" conditionals="7" coveredconditionals="7" methods="1" coveredmethods="1"/>
        <line num="5" count="1" type="stmt"/>
        <line num="34" count="1" type="cond" truecount="1" falsecount="0"/>
        <line num="35" count="47" type="stmt"/>
        <line num="36" count="47" type="stmt"/>
        <line num="37" count="47" type="stmt"/>
        <line num="38" count="47" type="stmt"/>
        <line num="40" count="47" type="stmt"/>
        <line num="41" count="47" type="cond" truecount="1" falsecount="0"/>
        <line num="43" count="7" type="cond" truecount="1" falsecount="0"/>
        <line num="44" count="7" type="stmt"/>
        <line num="45" count="47" type="cond" truecount="2" falsecount="0"/>
        <line num="46" count="3" type="stmt"/>
        <line num="47" count="40" type="cond" truecount="1" falsecount="0"/>
        <line num="48" count="37" type="cond" truecount="1" falsecount="0"/>
        <line num="49" count="37" type="stmt"/>
        <line num="51" count="47" type="stmt"/>
        <line num="52" count="47" type="stmt"/>
        <line num="53" count="47" type="stmt"/>
        <line num="54" count="47" type="stmt"/>
        <line num="55" count="47" type="stmt"/>
      </file>
      <file name="template.ts" path="/home/runner/work/esmx/esmx/packages/create-esmx/src/utils/template.ts">
        <metrics statements="11" coveredstatements="11" conditionals="2" coveredconditionals="2" methods="1" coveredmethods="1"/>
        <line num="20" count="1" type="cond" truecount="1" falsecount="0"/>
        <line num="21" count="211" type="stmt"/>
        <line num="22" count="211" type="stmt"/>
        <line num="23" count="211" type="stmt"/>
        <line num="24" count="211" type="stmt"/>
        <line num="27" count="211" type="cond" truecount="1" falsecount="0"/>
        <line num="29" count="1605" type="stmt"/>
        <line num="30" count="1605" type="stmt"/>
        <line num="31" count="1605" type="stmt"/>
        <line num="33" count="211" type="stmt"/>
        <line num="34" count="211" type="stmt"/>
      </file>
    </package>
  </project>
</coverage>
