{"/home/runner/work/esmx/esmx/packages/create-esmx/build/postbuild.mjs": {"path":"/home/runner/work/esmx/esmx/packages/create-esmx/build/postbuild.mjs","all":true,"statementMap":{"0":{"start":{"line":1,"column":0},"end":{"line":1,"column":19}},"2":{"start":{"line":3,"column":0},"end":{"line":3,"column":25}},"3":{"start":{"line":4,"column":0},"end":{"line":4,"column":41}},"4":{"start":{"line":5,"column":0},"end":{"line":5,"column":42}},"5":{"start":{"line":6,"column":0},"end":{"line":6,"column":41}},"6":{"start":{"line":7,"column":0},"end":{"line":7,"column":38}},"7":{"start":{"line":8,"column":0},"end":{"line":8,"column":61}},"9":{"start":{"line":10,"column":0},"end":{"line":10,"column":63}},"11":{"start":{"line":12,"column":0},"end":{"line":12,"column":57}},"12":{"start":{"line":13,"column":0},"end":{"line":13,"column":65}},"14":{"start":{"line":15,"column":0},"end":{"line":15,"column":40}},"15":{"start":{"line":16,"column":0},"end":{"line":16,"column":15}},"16":{"start":{"line":17,"column":0},"end":{"line":17,"column":5}},"18":{"start":{"line":19,"column":0},"end":{"line":19,"column":60}},"20":{"start":{"line":21,"column":0},"end":{"line":21,"column":53}},"21":{"start":{"line":22,"column":0},"end":{"line":22,"column":47}},"22":{"start":{"line":23,"column":0},"end":{"line":23,"column":15}},"23":{"start":{"line":24,"column":0},"end":{"line":24,"column":5}},"25":{"start":{"line":26,"column":0},"end":{"line":26,"column":53}},"26":{"start":{"line":27,"column":0},"end":{"line":27,"column":72}},"27":{"start":{"line":28,"column":0},"end":{"line":28,"column":8}},"28":{"start":{"line":29,"column":0},"end":{"line":29,"column":49}},"29":{"start":{"line":30,"column":0},"end":{"line":30,"column":46}},"30":{"start":{"line":31,"column":0},"end":{"line":31,"column":7}},"31":{"start":{"line":32,"column":0},"end":{"line":32,"column":63}},"32":{"start":{"line":33,"column":0},"end":{"line":33,"column":72}},"33":{"start":{"line":34,"column":0},"end":{"line":34,"column":74}},"35":{"start":{"line":36,"column":0},"end":{"line":36,"column":33}},"36":{"start":{"line":37,"column":0},"end":{"line":37,"column":75}},"38":{"start":{"line":39,"column":0},"end":{"line":39,"column":39}},"40":{"start":{"line":41,"column":0},"end":{"line":41,"column":27}},"41":{"start":{"line":42,"column":0},"end":{"line":42,"column":39}},"42":{"start":{"line":43,"column":0},"end":{"line":43,"column":79}},"43":{"start":{"line":44,"column":0},"end":{"line":44,"column":8}},"45":{"start":{"line":46,"column":0},"end":{"line":46,"column":44}},"46":{"start":{"line":47,"column":0},"end":{"line":47,"column":30}},"47":{"start":{"line":48,"column":0},"end":{"line":48,"column":50}},"48":{"start":{"line":49,"column":0},"end":{"line":49,"column":35}},"49":{"start":{"line":50,"column":0},"end":{"line":50,"column":46}},"51":{"start":{"line":52,"column":0},"end":{"line":52,"column":57}},"52":{"start":{"line":53,"column":0},"end":{"line":53,"column":65}},"53":{"start":{"line":54,"column":0},"end":{"line":54,"column":72}},"55":{"start":{"line":56,"column":0},"end":{"line":56,"column":49}},"56":{"start":{"line":57,"column":0},"end":{"line":57,"column":75}},"57":{"start":{"line":58,"column":0},"end":{"line":58,"column":58}},"58":{"start":{"line":59,"column":0},"end":{"line":59,"column":39}},"59":{"start":{"line":60,"column":0},"end":{"line":60,"column":14}},"60":{"start":{"line":61,"column":0},"end":{"line":61,"column":24}},"61":{"start":{"line":62,"column":0},"end":{"line":62,"column":117}},"62":{"start":{"line":63,"column":0},"end":{"line":63,"column":14}},"64":{"start":{"line":65,"column":0},"end":{"line":65,"column":33}},"65":{"start":{"line":66,"column":0},"end":{"line":66,"column":9}},"66":{"start":{"line":67,"column":0},"end":{"line":67,"column":5}},"68":{"start":{"line":69,"column":0},"end":{"line":69,"column":16}},"69":{"start":{"line":70,"column":0},"end":{"line":70,"column":91}},"70":{"start":{"line":71,"column":0},"end":{"line":71,"column":6}},"71":{"start":{"line":72,"column":0},"end":{"line":72,"column":17}},"72":{"start":{"line":73,"column":0},"end":{"line":73,"column":1}},"74":{"start":{"line":75,"column":0},"end":{"line":75,"column":47}},"75":{"start":{"line":76,"column":0},"end":{"line":76,"column":51}},"76":{"start":{"line":77,"column":0},"end":{"line":77,"column":69}},"78":{"start":{"line":79,"column":0},"end":{"line":79,"column":59}},"80":{"start":{"line":81,"column":0},"end":{"line":81,"column":46}},"81":{"start":{"line":82,"column":0},"end":{"line":82,"column":55}},"83":{"start":{"line":84,"column":0},"end":{"line":84,"column":33}},"84":{"start":{"line":85,"column":0},"end":{"line":85,"column":43}},"85":{"start":{"line":86,"column":0},"end":{"line":86,"column":15}},"86":{"start":{"line":87,"column":0},"end":{"line":87,"column":5}},"88":{"start":{"line":89,"column":0},"end":{"line":89,"column":39}},"89":{"start":{"line":90,"column":0},"end":{"line":90,"column":44}},"90":{"start":{"line":91,"column":0},"end":{"line":91,"column":68}},"92":{"start":{"line":93,"column":0},"end":{"line":93,"column":75}},"94":{"start":{"line":95,"column":0},"end":{"line":95,"column":19}},"95":{"start":{"line":96,"column":0},"end":{"line":96,"column":74}},"96":{"start":{"line":97,"column":0},"end":{"line":97,"column":25}},"97":{"start":{"line":98,"column":0},"end":{"line":98,"column":34}},"98":{"start":{"line":99,"column":0},"end":{"line":99,"column":34}},"99":{"start":{"line":100,"column":0},"end":{"line":100,"column":11}},"101":{"start":{"line":102,"column":0},"end":{"line":102,"column":60}},"102":{"start":{"line":103,"column":0},"end":{"line":103,"column":55}},"104":{"start":{"line":105,"column":0},"end":{"line":105,"column":69}},"105":{"start":{"line":106,"column":0},"end":{"line":106,"column":5}},"107":{"start":{"line":108,"column":0},"end":{"line":108,"column":74}},"108":{"start":{"line":109,"column":0},"end":{"line":109,"column":1}},"110":{"start":{"line":111,"column":0},"end":{"line":111,"column":31}}},"s":{"0":0,"2":0,"3":0,"4":0,"5":0,"6":0,"7":0,"9":0,"11":0,"12":0,"14":0,"15":0,"16":0,"18":0,"20":0,"21":0,"22":0,"23":0,"25":0,"26":0,"27":0,"28":0,"29":0,"30":0,"31":0,"32":0,"33":0,"35":0,"36":0,"38":0,"40":0,"41":0,"42":0,"43":0,"45":0,"46":0,"47":0,"48":0,"49":0,"51":0,"52":0,"53":0,"55":0,"56":0,"57":0,"58":0,"59":0,"60":0,"61":0,"62":0,"64":0,"65":0,"66":0,"68":0,"69":0,"70":0,"71":0,"72":0,"74":0,"75":0,"76":0,"78":0,"80":0,"81":0,"83":0,"84":0,"85":0,"86":0,"88":0,"89":0,"90":0,"92":0,"94":0,"95":0,"96":0,"97":0,"98":0,"99":0,"101":0,"102":0,"104":0,"105":0,"107":0,"108":0,"110":0},"branchMap":{"0":{"type":"branch","line":1,"loc":{"start":{"line":1,"column":0},"end":{"line":111,"column":-633}},"locations":[{"start":{"line":1,"column":0},"end":{"line":111,"column":-633}}]}},"b":{"0":[0]},"fnMap":{"0":{"name":"(empty-report)","decl":{"start":{"line":1,"column":0},"end":{"line":111,"column":-633}},"loc":{"start":{"line":1,"column":0},"end":{"line":111,"column":-633}},"line":1}},"f":{"0":0}}
,"/home/runner/work/esmx/esmx/packages/create-esmx/src/cli.ts": {"path":"/home/runner/work/esmx/esmx/packages/create-esmx/src/cli.ts","all":false,"statementMap":{"0":{"start":{"line":1,"column":0},"end":{"line":1,"column":8}},"9":{"start":{"line":10,"column":0},"end":{"line":10,"column":32}},"10":{"start":{"line":11,"column":0},"end":{"line":11,"column":31}},"11":{"start":{"line":12,"column":0},"end":{"line":12,"column":54}},"12":{"start":{"line":13,"column":0},"end":{"line":13,"column":67}},"14":{"start":{"line":15,"column":0},"end":{"line":15,"column":62}},"19":{"start":{"line":20,"column":0},"end":{"line":20,"column":45}},"20":{"start":{"line":21,"column":0},"end":{"line":21,"column":54}},"22":{"start":{"line":23,"column":0},"end":{"line":23,"column":17}},"23":{"start":{"line":24,"column":0},"end":{"line":24,"column":64}},"25":{"start":{"line":26,"column":0},"end":{"line":26,"column":23}},"26":{"start":{"line":27,"column":0},"end":{"line":27,"column":29}},"27":{"start":{"line":28,"column":0},"end":{"line":28,"column":39}},"29":{"start":{"line":30,"column":0},"end":{"line":30,"column":25}},"36":{"start":{"line":37,"column":0},"end":{"line":37,"column":26}},"37":{"start":{"line":38,"column":0},"end":{"line":38,"column":25}},"38":{"start":{"line":39,"column":0},"end":{"line":39,"column":37}},"39":{"start":{"line":40,"column":0},"end":{"line":40,"column":33}},"40":{"start":{"line":41,"column":0},"end":{"line":41,"column":31}},"42":{"start":{"line":43,"column":0},"end":{"line":43,"column":37}},"43":{"start":{"line":44,"column":0},"end":{"line":44,"column":25}},"44":{"start":{"line":45,"column":0},"end":{"line":45,"column":60}},"45":{"start":{"line":46,"column":0},"end":{"line":46,"column":16}},"47":{"start":{"line":48,"column":0},"end":{"line":48,"column":65}},"48":{"start":{"line":49,"column":0},"end":{"line":49,"column":3}},"49":{"start":{"line":50,"column":0},"end":{"line":50,"column":1}},"54":{"start":{"line":55,"column":0},"end":{"line":55,"column":30}},"55":{"start":{"line":56,"column":0},"end":{"line":56,"column":21}},"56":{"start":{"line":57,"column":0},"end":{"line":57,"column":27}},"57":{"start":{"line":58,"column":0},"end":{"line":58,"column":29}},"58":{"start":{"line":59,"column":0},"end":{"line":59,"column":51}},"59":{"start":{"line":60,"column":0},"end":{"line":60,"column":23}},"60":{"start":{"line":61,"column":0},"end":{"line":61,"column":28}},"61":{"start":{"line":62,"column":0},"end":{"line":62,"column":5}},"63":{"start":{"line":64,"column":0},"end":{"line":64,"column":36}},"64":{"start":{"line":65,"column":0},"end":{"line":65,"column":41}},"65":{"start":{"line":66,"column":0},"end":{"line":66,"column":39}},"66":{"start":{"line":67,"column":0},"end":{"line":67,"column":38}},"67":{"start":{"line":68,"column":0},"end":{"line":68,"column":32}},"68":{"start":{"line":69,"column":0},"end":{"line":69,"column":58}},"69":{"start":{"line":70,"column":0},"end":{"line":70,"column":13}},"70":{"start":{"line":71,"column":0},"end":{"line":71,"column":61}},"71":{"start":{"line":72,"column":0},"end":{"line":72,"column":124}},"72":{"start":{"line":73,"column":0},"end":{"line":73,"column":13}},"73":{"start":{"line":74,"column":0},"end":{"line":74,"column":9}},"74":{"start":{"line":75,"column":0},"end":{"line":75,"column":7}},"76":{"start":{"line":77,"column":0},"end":{"line":77,"column":38}},"77":{"start":{"line":78,"column":0},"end":{"line":78,"column":1}},"82":{"start":{"line":83,"column":0},"end":{"line":83,"column":71}},"83":{"start":{"line":84,"column":0},"end":{"line":84,"column":55}},"85":{"start":{"line":86,"column":0},"end":{"line":86,"column":8}},"86":{"start":{"line":87,"column":0},"end":{"line":87,"column":22}},"87":{"start":{"line":88,"column":0},"end":{"line":88,"column":64}},"88":{"start":{"line":89,"column":0},"end":{"line":89,"column":7}},"89":{"start":{"line":90,"column":0},"end":{"line":90,"column":27}},"90":{"start":{"line":91,"column":0},"end":{"line":91,"column":5}},"92":{"start":{"line":93,"column":0},"end":{"line":93,"column":52}},"93":{"start":{"line":94,"column":0},"end":{"line":94,"column":78}},"94":{"start":{"line":95,"column":0},"end":{"line":95,"column":24}},"95":{"start":{"line":96,"column":0},"end":{"line":96,"column":27}},"96":{"start":{"line":97,"column":0},"end":{"line":97,"column":8}},"98":{"start":{"line":99,"column":0},"end":{"line":99,"column":35}},"99":{"start":{"line":100,"column":0},"end":{"line":100,"column":38}},"100":{"start":{"line":101,"column":0},"end":{"line":101,"column":24}},"101":{"start":{"line":102,"column":0},"end":{"line":102,"column":7}},"103":{"start":{"line":104,"column":0},"end":{"line":104,"column":28}},"104":{"start":{"line":105,"column":0},"end":{"line":105,"column":1}},"109":{"start":{"line":110,"column":0},"end":{"line":110,"column":68}},"110":{"start":{"line":111,"column":0},"end":{"line":111,"column":54}},"111":{"start":{"line":112,"column":0},"end":{"line":112,"column":58}},"112":{"start":{"line":113,"column":0},"end":{"line":113,"column":44}},"114":{"start":{"line":115,"column":0},"end":{"line":115,"column":50}},"115":{"start":{"line":116,"column":0},"end":{"line":116,"column":37}},"116":{"start":{"line":117,"column":0},"end":{"line":117,"column":46}},"117":{"start":{"line":118,"column":0},"end":{"line":118,"column":16}},"118":{"start":{"line":119,"column":0},"end":{"line":119,"column":26}},"119":{"start":{"line":120,"column":0},"end":{"line":120,"column":22}},"120":{"start":{"line":121,"column":0},"end":{"line":121,"column":23}},"121":{"start":{"line":122,"column":0},"end":{"line":122,"column":22}},"122":{"start":{"line":123,"column":0},"end":{"line":123,"column":24}},"123":{"start":{"line":124,"column":0},"end":{"line":124,"column":9}},"124":{"start":{"line":125,"column":0},"end":{"line":125,"column":7}},"126":{"start":{"line":127,"column":0},"end":{"line":127,"column":26}},"127":{"start":{"line":128,"column":0},"end":{"line":128,"column":28}},"128":{"start":{"line":129,"column":0},"end":{"line":129,"column":15}},"129":{"start":{"line":130,"column":0},"end":{"line":130,"column":5}},"131":{"start":{"line":132,"column":0},"end":{"line":132,"column":29}},"132":{"start":{"line":133,"column":0},"end":{"line":133,"column":38}},"133":{"start":{"line":134,"column":0},"end":{"line":134,"column":15}},"134":{"start":{"line":135,"column":0},"end":{"line":135,"column":5}},"136":{"start":{"line":137,"column":0},"end":{"line":137,"column":18}},"137":{"start":{"line":138,"column":0},"end":{"line":138,"column":10}},"138":{"start":{"line":139,"column":0},"end":{"line":139,"column":20}},"139":{"start":{"line":140,"column":0},"end":{"line":140,"column":73}},"140":{"start":{"line":141,"column":0},"end":{"line":141,"column":9}},"141":{"start":{"line":142,"column":0},"end":{"line":142,"column":6}},"143":{"start":{"line":144,"column":0},"end":{"line":144,"column":50}},"144":{"start":{"line":145,"column":0},"end":{"line":145,"column":24}},"145":{"start":{"line":146,"column":0},"end":{"line":146,"column":23}},"146":{"start":{"line":147,"column":0},"end":{"line":147,"column":6}},"147":{"start":{"line":148,"column":0},"end":{"line":148,"column":37}},"148":{"start":{"line":149,"column":0},"end":{"line":149,"column":38}},"149":{"start":{"line":150,"column":0},"end":{"line":150,"column":15}},"150":{"start":{"line":151,"column":0},"end":{"line":151,"column":5}},"152":{"start":{"line":153,"column":0},"end":{"line":153,"column":57}},"153":{"start":{"line":154,"column":0},"end":{"line":154,"column":25}},"154":{"start":{"line":155,"column":0},"end":{"line":155,"column":18}},"155":{"start":{"line":156,"column":0},"end":{"line":156,"column":6}},"157":{"start":{"line":158,"column":0},"end":{"line":158,"column":68}},"158":{"start":{"line":159,"column":0},"end":{"line":159,"column":33}},"159":{"start":{"line":160,"column":0},"end":{"line":160,"column":38}},"160":{"start":{"line":161,"column":0},"end":{"line":161,"column":15}},"161":{"start":{"line":162,"column":0},"end":{"line":162,"column":5}},"163":{"start":{"line":164,"column":0},"end":{"line":164,"column":60}},"164":{"start":{"line":165,"column":0},"end":{"line":165,"column":52}},"165":{"start":{"line":166,"column":0},"end":{"line":166,"column":56}},"166":{"start":{"line":167,"column":0},"end":{"line":167,"column":56}},"167":{"start":{"line":168,"column":0},"end":{"line":168,"column":65}},"168":{"start":{"line":169,"column":0},"end":{"line":169,"column":63}},"170":{"start":{"line":171,"column":0},"end":{"line":171,"column":36}},"171":{"start":{"line":172,"column":0},"end":{"line":172,"column":18}},"172":{"start":{"line":173,"column":0},"end":{"line":173,"column":21}},"173":{"start":{"line":174,"column":0},"end":{"line":174,"column":19}},"174":{"start":{"line":175,"column":0},"end":{"line":175,"column":25}},"175":{"start":{"line":176,"column":0},"end":{"line":176,"column":9}},"176":{"start":{"line":177,"column":0},"end":{"line":177,"column":37}},"177":{"start":{"line":178,"column":0},"end":{"line":178,"column":53}},"178":{"start":{"line":179,"column":0},"end":{"line":179,"column":27}},"179":{"start":{"line":180,"column":0},"end":{"line":180,"column":23}},"180":{"start":{"line":181,"column":0},"end":{"line":181,"column":25}},"181":{"start":{"line":182,"column":0},"end":{"line":182,"column":25}},"182":{"start":{"line":183,"column":0},"end":{"line":183,"column":29}},"183":{"start":{"line":184,"column":0},"end":{"line":184,"column":27}},"184":{"start":{"line":185,"column":0},"end":{"line":185,"column":9}},"185":{"start":{"line":186,"column":0},"end":{"line":186,"column":6}},"186":{"start":{"line":187,"column":0},"end":{"line":187,"column":38}},"187":{"start":{"line":188,"column":0},"end":{"line":188,"column":30}},"189":{"start":{"line":190,"column":0},"end":{"line":190,"column":23}},"190":{"start":{"line":191,"column":0},"end":{"line":191,"column":59}},"191":{"start":{"line":192,"column":0},"end":{"line":192,"column":52}},"192":{"start":{"line":193,"column":0},"end":{"line":193,"column":80}},"193":{"start":{"line":194,"column":0},"end":{"line":194,"column":47}},"194":{"start":{"line":195,"column":0},"end":{"line":195,"column":6}},"196":{"start":{"line":197,"column":0},"end":{"line":197,"column":45}},"198":{"start":{"line":199,"column":0},"end":{"line":199,"column":56}},"199":{"start":{"line":200,"column":0},"end":{"line":200,"column":1}}},"s":{"0":1,"9":1,"10":1,"11":1,"12":1,"14":1,"19":1,"20":1,"22":1,"23":1,"25":1,"26":1,"27":1,"29":1,"36":1,"37":1,"38":1,"39":1,"40":1,"42":1,"43":1,"44":1,"45":1,"47":1,"48":1,"49":1,"54":11,"55":11,"56":11,"57":11,"58":11,"59":11,"60":11,"61":11,"63":0,"64":0,"65":0,"66":0,"67":0,"68":0,"69":0,"70":0,"71":0,"72":0,"73":0,"74":0,"76":0,"77":0,"82":11,"83":11,"85":11,"86":11,"87":11,"88":11,"89":11,"90":11,"92":0,"93":0,"94":0,"95":0,"96":0,"98":0,"99":0,"100":0,"101":0,"103":0,"104":0,"109":13,"110":13,"111":13,"112":13,"114":13,"115":13,"116":13,"117":13,"118":13,"119":13,"120":13,"121":13,"122":13,"123":13,"124":13,"126":13,"127":1,"128":1,"129":1,"131":13,"132":1,"133":1,"134":1,"136":11,"137":11,"138":11,"139":11,"140":11,"141":11,"143":11,"144":11,"145":11,"146":11,"147":13,"148":0,"149":0,"150":0,"152":11,"153":11,"154":11,"155":11,"157":11,"158":13,"159":0,"160":0,"161":0,"163":11,"164":11,"165":11,"166":11,"167":11,"168":11,"170":11,"171":11,"172":11,"173":11,"174":11,"175":11,"176":11,"177":11,"178":13,"179":13,"180":13,"181":13,"182":13,"183":13,"184":13,"185":13,"186":11,"187":11,"189":11,"190":11,"191":11,"192":11,"193":11,"194":11,"196":11,"198":11,"199":11},"branchMap":{"0":{"type":"branch","line":20,"loc":{"start":{"line":20,"column":0},"end":{"line":50,"column":1}},"locations":[{"start":{"line":20,"column":0},"end":{"line":50,"column":1}}]},"1":{"type":"branch","line":45,"loc":{"start":{"line":45,"column":9},"end":{"line":45,"column":59}},"locations":[{"start":{"line":45,"column":9},"end":{"line":45,"column":59}}]},"2":{"type":"branch","line":55,"loc":{"start":{"line":55,"column":0},"end":{"line":78,"column":1}},"locations":[{"start":{"line":55,"column":0},"end":{"line":78,"column":1}}]},"3":{"type":"branch","line":62,"loc":{"start":{"line":62,"column":4},"end":{"line":78,"column":1}},"locations":[{"start":{"line":62,"column":4},"end":{"line":78,"column":1}}]},"4":{"type":"branch","line":83,"loc":{"start":{"line":83,"column":0},"end":{"line":105,"column":1}},"locations":[{"start":{"line":83,"column":0},"end":{"line":105,"column":1}}]},"5":{"type":"branch","line":91,"loc":{"start":{"line":91,"column":4},"end":{"line":105,"column":1}},"locations":[{"start":{"line":91,"column":4},"end":{"line":105,"column":1}}]},"6":{"type":"branch","line":88,"loc":{"start":{"line":88,"column":32},"end":{"line":88,"column":63}},"locations":[{"start":{"line":88,"column":32},"end":{"line":88,"column":63}}]},"7":{"type":"branch","line":110,"loc":{"start":{"line":110,"column":0},"end":{"line":200,"column":1}},"locations":[{"start":{"line":110,"column":0},"end":{"line":200,"column":1}}]},"8":{"type":"branch","line":112,"loc":{"start":{"line":112,"column":28},"end":{"line":112,"column":58}},"locations":[{"start":{"line":112,"column":28},"end":{"line":112,"column":58}}]},"9":{"type":"branch","line":113,"loc":{"start":{"line":113,"column":23},"end":{"line":113,"column":44}},"locations":[{"start":{"line":113,"column":23},"end":{"line":113,"column":44}}]},"10":{"type":"branch","line":127,"loc":{"start":{"line":127,"column":25},"end":{"line":130,"column":5}},"locations":[{"start":{"line":127,"column":25},"end":{"line":130,"column":5}}]},"11":{"type":"branch","line":130,"loc":{"start":{"line":130,"column":4},"end":{"line":132,"column":28}},"locations":[{"start":{"line":130,"column":4},"end":{"line":132,"column":28}}]},"12":{"type":"branch","line":132,"loc":{"start":{"line":132,"column":28},"end":{"line":135,"column":5}},"locations":[{"start":{"line":132,"column":28},"end":{"line":135,"column":5}}]},"13":{"type":"branch","line":135,"loc":{"start":{"line":135,"column":4},"end":{"line":148,"column":36}},"locations":[{"start":{"line":135,"column":4},"end":{"line":148,"column":36}}]},"14":{"type":"branch","line":148,"loc":{"start":{"line":148,"column":36},"end":{"line":151,"column":5}},"locations":[{"start":{"line":148,"column":36},"end":{"line":151,"column":5}}]},"15":{"type":"branch","line":151,"loc":{"start":{"line":151,"column":4},"end":{"line":159,"column":32}},"locations":[{"start":{"line":151,"column":4},"end":{"line":159,"column":32}}]},"16":{"type":"branch","line":159,"loc":{"start":{"line":159,"column":32},"end":{"line":162,"column":5}},"locations":[{"start":{"line":159,"column":32},"end":{"line":162,"column":5}}]},"17":{"type":"branch","line":162,"loc":{"start":{"line":162,"column":4},"end":{"line":178,"column":53}},"locations":[{"start":{"line":162,"column":4},"end":{"line":178,"column":53}}]},"18":{"type":"branch","line":186,"loc":{"start":{"line":186,"column":4},"end":{"line":200,"column":1}},"locations":[{"start":{"line":186,"column":4},"end":{"line":200,"column":1}}]}},"b":{"0":[1],"1":[2],"2":[11],"3":[0],"4":[11],"5":[0],"6":[12],"7":[13],"8":[0],"9":[0],"10":[1],"11":[12],"12":[1],"13":[11],"14":[0],"15":[11],"16":[0],"17":[11],"18":[11]},"fnMap":{"0":{"name":"showHelp","decl":{"start":{"line":20,"column":0},"end":{"line":50,"column":1}},"loc":{"start":{"line":20,"column":0},"end":{"line":50,"column":1}},"line":20},"1":{"name":"getProjectName","decl":{"start":{"line":55,"column":0},"end":{"line":78,"column":1}},"loc":{"start":{"line":55,"column":0},"end":{"line":78,"column":1}},"line":55},"2":{"name":"validate","decl":{"start":{"line":67,"column":18},"end":{"line":74,"column":9}},"loc":{"start":{"line":67,"column":18},"end":{"line":74,"column":9}},"line":67},"3":{"name":"getTemplateType","decl":{"start":{"line":83,"column":0},"end":{"line":105,"column":1}},"loc":{"start":{"line":83,"column":0},"end":{"line":105,"column":1}},"line":83},"4":{"name":"cli","decl":{"start":{"line":110,"column":0},"end":{"line":200,"column":1}},"loc":{"start":{"line":110,"column":0},"end":{"line":200,"column":1}},"line":110}},"f":{"0":1,"1":11,"2":0,"3":11,"4":13}}
,"/home/runner/work/esmx/esmx/packages/create-esmx/src/create.ts": {"path":"/home/runner/work/esmx/esmx/packages/create-esmx/src/create.ts","all":true,"statementMap":{"2":{"start":{"line":3,"column":0},"end":{"line":3,"column":28}},"4":{"start":{"line":5,"column":0},"end":{"line":5,"column":24}},"5":{"start":{"line":6,"column":0},"end":{"line":6,"column":52}},"6":{"start":{"line":7,"column":0},"end":{"line":7,"column":20}},"7":{"start":{"line":8,"column":0},"end":{"line":8,"column":3}}},"s":{"2":0,"4":0,"5":0,"6":0,"7":0},"branchMap":{"0":{"type":"branch","line":1,"loc":{"start":{"line":1,"column":153},"end":{"line":8,"column":3}},"locations":[{"start":{"line":1,"column":153},"end":{"line":8,"column":3}}]}},"b":{"0":[1]},"fnMap":{"0":{"name":"(empty-report)","decl":{"start":{"line":1,"column":153},"end":{"line":8,"column":3}},"loc":{"start":{"line":1,"column":153},"end":{"line":8,"column":3}},"line":1}},"f":{"0":1}}
,"/home/runner/work/esmx/esmx/packages/create-esmx/src/index.ts": {"path":"/home/runner/work/esmx/esmx/packages/create-esmx/src/index.ts","all":true,"statementMap":{"0":{"start":{"line":1,"column":0},"end":{"line":1,"column":28}},"1":{"start":{"line":2,"column":0},"end":{"line":2,"column":51}}},"s":{"0":0,"1":0},"branchMap":{"0":{"type":"branch","line":1,"loc":{"start":{"line":1,"column":125},"end":{"line":3,"column":44}},"locations":[{"start":{"line":1,"column":125},"end":{"line":3,"column":44}}]}},"b":{"0":[0]},"fnMap":{"0":{"name":"(empty-report)","decl":{"start":{"line":1,"column":125},"end":{"line":3,"column":44}},"loc":{"start":{"line":1,"column":125},"end":{"line":3,"column":44}},"line":1}},"f":{"0":0}}
,"/home/runner/work/esmx/esmx/packages/create-esmx/src/project.ts": {"path":"/home/runner/work/esmx/esmx/packages/create-esmx/src/project.ts","all":false,"statementMap":{"0":{"start":{"line":1,"column":0},"end":{"line":1,"column":48}},"1":{"start":{"line":2,"column":0},"end":{"line":2,"column":45}},"2":{"start":{"line":3,"column":0},"end":{"line":3,"column":41}},"3":{"start":{"line":4,"column":0},"end":{"line":4,"column":59}},"4":{"start":{"line":5,"column":0},"end":{"line":5,"column":65}},"7":{"start":{"line":8,"column":0},"end":{"line":8,"column":58}},"12":{"start":{"line":13,"column":0},"end":{"line":13,"column":48}},"13":{"start":{"line":14,"column":0},"end":{"line":14,"column":22}},"14":{"start":{"line":15,"column":0},"end":{"line":15,"column":25}},"15":{"start":{"line":16,"column":0},"end":{"line":16,"column":23}},"16":{"start":{"line":17,"column":0},"end":{"line":17,"column":19}},"17":{"start":{"line":18,"column":0},"end":{"line":18,"column":32}},"18":{"start":{"line":19,"column":0},"end":{"line":19,"column":18}},"19":{"start":{"line":20,"column":0},"end":{"line":20,"column":73}},"20":{"start":{"line":21,"column":0},"end":{"line":21,"column":22}},"21":{"start":{"line":22,"column":0},"end":{"line":22,"column":72}},"23":{"start":{"line":24,"column":0},"end":{"line":24,"column":36}},"24":{"start":{"line":25,"column":0},"end":{"line":25,"column":64}},"25":{"start":{"line":26,"column":0},"end":{"line":26,"column":5}},"28":{"start":{"line":29,"column":0},"end":{"line":29,"column":54}},"29":{"start":{"line":30,"column":0},"end":{"line":30,"column":44}},"30":{"start":{"line":31,"column":0},"end":{"line":31,"column":25}},"31":{"start":{"line":32,"column":0},"end":{"line":32,"column":55}},"32":{"start":{"line":33,"column":0},"end":{"line":33,"column":98}},"33":{"start":{"line":34,"column":0},"end":{"line":34,"column":19}},"35":{"start":{"line":36,"column":0},"end":{"line":36,"column":48}},"36":{"start":{"line":37,"column":0},"end":{"line":37,"column":50}},"37":{"start":{"line":38,"column":0},"end":{"line":38,"column":27}},"38":{"start":{"line":39,"column":0},"end":{"line":39,"column":17}},"40":{"start":{"line":41,"column":0},"end":{"line":41,"column":39}},"41":{"start":{"line":42,"column":0},"end":{"line":42,"column":67}},"42":{"start":{"line":43,"column":0},"end":{"line":43,"column":17}},"43":{"start":{"line":44,"column":0},"end":{"line":44,"column":13}},"46":{"start":{"line":47,"column":0},"end":{"line":47,"column":9}},"47":{"start":{"line":48,"column":0},"end":{"line":48,"column":35}},"48":{"start":{"line":49,"column":0},"end":{"line":49,"column":51}},"49":{"start":{"line":50,"column":0},"end":{"line":50,"column":5}},"52":{"start":{"line":53,"column":0},"end":{"line":53,"column":61}},"53":{"start":{"line":54,"column":0},"end":{"line":54,"column":21}},"54":{"start":{"line":55,"column":0},"end":{"line":55,"column":51}},"55":{"start":{"line":56,"column":0},"end":{"line":56,"column":24}},"56":{"start":{"line":57,"column":0},"end":{"line":57,"column":94}},"57":{"start":{"line":58,"column":0},"end":{"line":58,"column":15}},"59":{"start":{"line":60,"column":0},"end":{"line":60,"column":44}},"60":{"start":{"line":61,"column":0},"end":{"line":61,"column":46}},"61":{"start":{"line":62,"column":0},"end":{"line":62,"column":23}},"62":{"start":{"line":63,"column":0},"end":{"line":63,"column":13}},"64":{"start":{"line":65,"column":0},"end":{"line":65,"column":35}},"65":{"start":{"line":66,"column":0},"end":{"line":66,"column":63}},"66":{"start":{"line":67,"column":0},"end":{"line":67,"column":13}},"67":{"start":{"line":68,"column":0},"end":{"line":68,"column":9}},"68":{"start":{"line":69,"column":0},"end":{"line":69,"column":5}},"70":{"start":{"line":71,"column":0},"end":{"line":71,"column":59}},"71":{"start":{"line":72,"column":0},"end":{"line":72,"column":1}}},"s":{"0":1,"1":1,"2":1,"3":1,"4":1,"7":1,"12":19,"13":19,"14":19,"15":19,"16":19,"17":19,"18":19,"19":19,"20":19,"21":19,"23":19,"24":0,"25":0,"28":19,"29":5,"30":3,"31":0,"32":0,"33":0,"35":0,"36":0,"37":0,"38":0,"40":0,"41":0,"42":0,"43":0,"46":3,"47":19,"48":12,"49":12,"52":19,"53":1,"54":0,"55":0,"56":0,"57":0,"59":0,"60":0,"61":0,"62":0,"64":0,"65":0,"66":0,"67":0,"68":1,"70":19,"71":19},"branchMap":{"0":{"type":"branch","line":13,"loc":{"start":{"line":13,"column":0},"end":{"line":72,"column":1}},"locations":[{"start":{"line":13,"column":0},"end":{"line":72,"column":1}}]},"1":{"type":"branch","line":22,"loc":{"start":{"line":22,"column":22},"end":{"line":22,"column":41}},"locations":[{"start":{"line":22,"column":22},"end":{"line":22,"column":41}}]},"2":{"type":"branch","line":22,"loc":{"start":{"line":22,"column":28},"end":{"line":22,"column":72}},"locations":[{"start":{"line":22,"column":28},"end":{"line":22,"column":72}}]},"3":{"type":"branch","line":24,"loc":{"start":{"line":24,"column":35},"end":{"line":26,"column":5}},"locations":[{"start":{"line":24,"column":35},"end":{"line":26,"column":5}}]},"4":{"type":"branch","line":29,"loc":{"start":{"line":29,"column":22},"end":{"line":29,"column":53}},"locations":[{"start":{"line":29,"column":22},"end":{"line":29,"column":53}}]},"5":{"type":"branch","line":29,"loc":{"start":{"line":29,"column":53},"end":{"line":48,"column":15}},"locations":[{"start":{"line":29,"column":53},"end":{"line":48,"column":15}}]},"6":{"type":"branch","line":30,"loc":{"start":{"line":30,"column":43},"end":{"line":47,"column":9}},"locations":[{"start":{"line":30,"column":43},"end":{"line":47,"column":9}}]},"7":{"type":"branch","line":31,"loc":{"start":{"line":31,"column":24},"end":{"line":44,"column":13}},"locations":[{"start":{"line":31,"column":24},"end":{"line":44,"column":13}}]},"8":{"type":"branch","line":48,"loc":{"start":{"line":48,"column":4},"end":{"line":50,"column":5}},"locations":[{"start":{"line":48,"column":4},"end":{"line":50,"column":5}}]},"9":{"type":"branch","line":48,"loc":{"start":{"line":48,"column":34},"end":{"line":50,"column":5}},"locations":[{"start":{"line":48,"column":34},"end":{"line":50,"column":5}}]},"10":{"type":"branch","line":53,"loc":{"start":{"line":53,"column":22},"end":{"line":53,"column":60}},"locations":[{"start":{"line":53,"column":22},"end":{"line":53,"column":60}}]},"11":{"type":"branch","line":53,"loc":{"start":{"line":53,"column":60},"end":{"line":69,"column":5}},"locations":[{"start":{"line":53,"column":60},"end":{"line":69,"column":5}}]},"12":{"type":"branch","line":54,"loc":{"start":{"line":54,"column":20},"end":{"line":68,"column":9}},"locations":[{"start":{"line":54,"column":20},"end":{"line":68,"column":9}}]}},"b":{"0":[19],"1":[2],"2":[17],"3":[0],"4":[17],"5":[5],"6":[3],"7":[0],"8":[14],"9":[12],"10":[2],"11":[1],"12":[0]},"fnMap":{"0":{"name":"createProjectFromTemplate","decl":{"start":{"line":13,"column":0},"end":{"line":72,"column":1}},"loc":{"start":{"line":13,"column":0},"end":{"line":72,"column":1}},"line":13}},"f":{"0":19}}
,"/home/runner/work/esmx/esmx/packages/create-esmx/src/template.ts": {"path":"/home/runner/work/esmx/esmx/packages/create-esmx/src/template.ts","all":false,"statementMap":{"0":{"start":{"line":1,"column":0},"end":{"line":1,"column":8}},"8":{"start":{"line":9,"column":0},"end":{"line":9,"column":51}},"9":{"start":{"line":10,"column":0},"end":{"line":10,"column":41}},"11":{"start":{"line":12,"column":0},"end":{"line":12,"column":57}},"13":{"start":{"line":14,"column":0},"end":{"line":14,"column":58}},"18":{"start":{"line":19,"column":0},"end":{"line":19,"column":42}},"19":{"start":{"line":20,"column":0},"end":{"line":20,"column":9}},"20":{"start":{"line":21,"column":0},"end":{"line":21,"column":70}},"21":{"start":{"line":22,"column":0},"end":{"line":22,"column":79}},"23":{"start":{"line":24,"column":0},"end":{"line":24,"column":47}},"24":{"start":{"line":25,"column":0},"end":{"line":25,"column":21}},"25":{"start":{"line":26,"column":0},"end":{"line":26,"column":74}},"26":{"start":{"line":27,"column":0},"end":{"line":27,"column":24}},"27":{"start":{"line":28,"column":0},"end":{"line":28,"column":5}},"28":{"start":{"line":29,"column":0},"end":{"line":29,"column":1}},"33":{"start":{"line":34,"column":0},"end":{"line":34,"column":57}},"34":{"start":{"line":35,"column":0},"end":{"line":35,"column":58}},"36":{"start":{"line":37,"column":0},"end":{"line":37,"column":41}},"37":{"start":{"line":38,"column":0},"end":{"line":38,"column":77}},"38":{"start":{"line":39,"column":0},"end":{"line":39,"column":49}},"39":{"start":{"line":40,"column":0},"end":{"line":40,"column":38}},"41":{"start":{"line":42,"column":0},"end":{"line":42,"column":43}},"43":{"start":{"line":44,"column":0},"end":{"line":44,"column":28}},"46":{"start":{"line":47,"column":0},"end":{"line":47,"column":77}},"47":{"start":{"line":48,"column":0},"end":{"line":48,"column":45}},"49":{"start":{"line":50,"column":0},"end":{"line":50,"column":42}},"50":{"start":{"line":51,"column":0},"end":{"line":51,"column":17}},"51":{"start":{"line":52,"column":0},"end":{"line":52,"column":47}},"52":{"start":{"line":53,"column":0},"end":{"line":53,"column":58}},"53":{"start":{"line":54,"column":0},"end":{"line":54,"column":18}},"54":{"start":{"line":55,"column":0},"end":{"line":55,"column":46}},"55":{"start":{"line":56,"column":0},"end":{"line":56,"column":58}},"56":{"start":{"line":57,"column":0},"end":{"line":57,"column":17}},"57":{"start":{"line":58,"column":0},"end":{"line":58,"column":32}},"58":{"start":{"line":59,"column":0},"end":{"line":59,"column":27}},"59":{"start":{"line":60,"column":0},"end":{"line":60,"column":25}},"60":{"start":{"line":61,"column":0},"end":{"line":61,"column":31}},"61":{"start":{"line":62,"column":0},"end":{"line":62,"column":19}},"62":{"start":{"line":63,"column":0},"end":{"line":63,"column":29}},"64":{"start":{"line":65,"column":0},"end":{"line":65,"column":29}},"65":{"start":{"line":66,"column":0},"end":{"line":66,"column":95}},"66":{"start":{"line":67,"column":0},"end":{"line":67,"column":18}},"67":{"start":{"line":68,"column":0},"end":{"line":68,"column":13}},"68":{"start":{"line":69,"column":0},"end":{"line":69,"column":9}},"69":{"start":{"line":70,"column":0},"end":{"line":70,"column":5}},"72":{"start":{"line":73,"column":0},"end":{"line":73,"column":66}},"73":{"start":{"line":74,"column":0},"end":{"line":74,"column":1}},"78":{"start":{"line":79,"column":0},"end":{"line":79,"column":60}},"79":{"start":{"line":80,"column":0},"end":{"line":80,"column":31}},"80":{"start":{"line":81,"column":0},"end":{"line":81,"column":20}},"81":{"start":{"line":82,"column":0},"end":{"line":82,"column":5}},"83":{"start":{"line":84,"column":0},"end":{"line":84,"column":39}},"85":{"start":{"line":86,"column":0},"end":{"line":86,"column":73}},"86":{"start":{"line":87,"column":0},"end":{"line":87,"column":39}},"87":{"start":{"line":88,"column":0},"end":{"line":88,"column":1}},"92":{"start":{"line":93,"column":0},"end":{"line":93,"column":34}},"93":{"start":{"line":94,"column":0},"end":{"line":94,"column":25}},"94":{"start":{"line":95,"column":0},"end":{"line":95,"column":23}},"95":{"start":{"line":96,"column":0},"end":{"line":96,"column":32}},"96":{"start":{"line":97,"column":0},"end":{"line":97,"column":9}},"97":{"start":{"line":98,"column":0},"end":{"line":98,"column":44}},"99":{"start":{"line":100,"column":0},"end":{"line":100,"column":31}},"100":{"start":{"line":101,"column":0},"end":{"line":101,"column":50}},"101":{"start":{"line":102,"column":0},"end":{"line":102,"column":54}},"102":{"start":{"line":103,"column":0},"end":{"line":103,"column":40}},"104":{"start":{"line":105,"column":0},"end":{"line":105,"column":33}},"105":{"start":{"line":106,"column":0},"end":{"line":106,"column":59}},"106":{"start":{"line":107,"column":0},"end":{"line":107,"column":67}},"107":{"start":{"line":108,"column":0},"end":{"line":108,"column":16}},"108":{"start":{"line":109,"column":0},"end":{"line":109,"column":58}},"111":{"start":{"line":112,"column":0},"end":{"line":112,"column":67}},"113":{"start":{"line":114,"column":0},"end":{"line":114,"column":51}},"114":{"start":{"line":115,"column":0},"end":{"line":115,"column":9}},"115":{"start":{"line":116,"column":0},"end":{"line":116,"column":5}},"116":{"start":{"line":117,"column":0},"end":{"line":117,"column":1}}},"s":{"0":1,"8":1,"9":1,"11":1,"13":1,"18":1,"19":21,"20":21,"21":21,"23":21,"24":21,"25":0,"26":0,"27":0,"28":21,"33":1,"34":14,"36":14,"37":14,"38":14,"39":14,"41":14,"43":28,"46":28,"47":28,"49":28,"50":28,"51":28,"52":28,"53":28,"54":28,"55":28,"56":28,"57":28,"58":28,"59":28,"60":28,"61":28,"62":28,"64":0,"65":0,"66":0,"67":0,"68":28,"69":28,"72":14,"73":14,"78":1,"79":10,"80":0,"81":0,"83":10,"85":10,"86":10,"87":10,"92":1,"93":59,"94":59,"95":59,"96":59,"97":59,"99":59,"100":212,"101":212,"102":212,"104":212,"105":39,"106":39,"107":212,"108":173,"111":173,"113":173,"114":173,"115":212,"116":59},"branchMap":{"0":{"type":"branch","line":19,"loc":{"start":{"line":19,"column":7},"end":{"line":29,"column":1}},"locations":[{"start":{"line":19,"column":7},"end":{"line":29,"column":1}}]},"1":{"type":"branch","line":24,"loc":{"start":{"line":24,"column":27},"end":{"line":24,"column":47}},"locations":[{"start":{"line":24,"column":27},"end":{"line":24,"column":47}}]},"2":{"type":"branch","line":25,"loc":{"start":{"line":25,"column":4},"end":{"line":28,"column":5}},"locations":[{"start":{"line":25,"column":4},"end":{"line":28,"column":5}}]},"3":{"type":"branch","line":34,"loc":{"start":{"line":34,"column":7},"end":{"line":74,"column":1}},"locations":[{"start":{"line":34,"column":7},"end":{"line":74,"column":1}}]},"4":{"type":"branch","line":42,"loc":{"start":{"line":42,"column":42},"end":{"line":70,"column":5}},"locations":[{"start":{"line":42,"column":42},"end":{"line":70,"column":5}}]},"5":{"type":"branch","line":63,"loc":{"start":{"line":63,"column":12},"end":{"line":68,"column":13}},"locations":[{"start":{"line":63,"column":12},"end":{"line":68,"column":13}}]},"6":{"type":"branch","line":39,"loc":{"start":{"line":39,"column":16},"end":{"line":39,"column":48}},"locations":[{"start":{"line":39,"column":16},"end":{"line":39,"column":48}}]},"7":{"type":"branch","line":40,"loc":{"start":{"line":40,"column":13},"end":{"line":40,"column":36}},"locations":[{"start":{"line":40,"column":13},"end":{"line":40,"column":36}}]},"8":{"type":"branch","line":73,"loc":{"start":{"line":73,"column":26},"end":{"line":73,"column":64}},"locations":[{"start":{"line":73,"column":26},"end":{"line":73,"column":64}}]},"9":{"type":"branch","line":79,"loc":{"start":{"line":79,"column":7},"end":{"line":88,"column":1}},"locations":[{"start":{"line":79,"column":7},"end":{"line":88,"column":1}}]},"10":{"type":"branch","line":80,"loc":{"start":{"line":80,"column":30},"end":{"line":82,"column":5}},"locations":[{"start":{"line":80,"column":30},"end":{"line":82,"column":5}}]},"11":{"type":"branch","line":86,"loc":{"start":{"line":86,"column":40},"end":{"line":86,"column":71}},"locations":[{"start":{"line":86,"column":40},"end":{"line":86,"column":71}}]},"12":{"type":"branch","line":93,"loc":{"start":{"line":93,"column":7},"end":{"line":117,"column":1}},"locations":[{"start":{"line":93,"column":7},"end":{"line":117,"column":1}}]},"13":{"type":"branch","line":100,"loc":{"start":{"line":100,"column":30},"end":{"line":116,"column":5}},"locations":[{"start":{"line":100,"column":30},"end":{"line":116,"column":5}}]},"14":{"type":"branch","line":105,"loc":{"start":{"line":105,"column":32},"end":{"line":108,"column":15}},"locations":[{"start":{"line":105,"column":32},"end":{"line":108,"column":15}}]},"15":{"type":"branch","line":108,"loc":{"start":{"line":108,"column":8},"end":{"line":115,"column":9}},"locations":[{"start":{"line":108,"column":8},"end":{"line":115,"column":9}}]}},"b":{"0":[21],"1":[0],"2":[0],"3":[14],"4":[28],"5":[0],"6":[28],"7":[28],"8":[14],"9":[10],"10":[0],"11":[12],"12":[59],"13":[212],"14":[39],"15":[173]},"fnMap":{"0":{"name":"getEsmxVersion","decl":{"start":{"line":19,"column":7},"end":{"line":29,"column":1}},"loc":{"start":{"line":19,"column":7},"end":{"line":29,"column":1}},"line":19},"1":{"name":"getAvailableTemplates","decl":{"start":{"line":34,"column":7},"end":{"line":74,"column":1}},"loc":{"start":{"line":34,"column":7},"end":{"line":74,"column":1}},"line":34},"2":{"name":"isDirectoryEmpty","decl":{"start":{"line":79,"column":7},"end":{"line":88,"column":1}},"loc":{"start":{"line":79,"column":7},"end":{"line":88,"column":1}},"line":79},"3":{"name":"copyTemplateFiles","decl":{"start":{"line":93,"column":7},"end":{"line":117,"column":1}},"loc":{"start":{"line":93,"column":7},"end":{"line":117,"column":1}},"line":93}},"f":{"0":21,"1":14,"2":10,"3":59}}
,"/home/runner/work/esmx/esmx/packages/create-esmx/src/types.ts": {"path":"/home/runner/work/esmx/esmx/packages/create-esmx/src/types.ts","all":true,"statementMap":{},"s":{},"branchMap":{"0":{"type":"branch","line":1,"loc":{"start":{"line":1,"column":737},"end":{"line":32,"column":1}},"locations":[{"start":{"line":1,"column":737},"end":{"line":32,"column":1}}]}},"b":{"0":[1]},"fnMap":{"0":{"name":"(empty-report)","decl":{"start":{"line":1,"column":737},"end":{"line":32,"column":1}},"loc":{"start":{"line":1,"column":737},"end":{"line":32,"column":1}},"line":1}},"f":{"0":1}}
,"/home/runner/work/esmx/esmx/packages/create-esmx/src/utils/index.ts": {"path":"/home/runner/work/esmx/esmx/packages/create-esmx/src/utils/index.ts","all":false,"statementMap":{"0":{"start":{"line":1,"column":0},"end":{"line":1,"column":8}},"5":{"start":{"line":6,"column":0},"end":{"line":6,"column":8}},"10":{"start":{"line":11,"column":0},"end":{"line":11,"column":54}}},"s":{"0":1,"5":1,"10":1},"branchMap":{},"b":{},"fnMap":{},"f":{}}
,"/home/runner/work/esmx/esmx/packages/create-esmx/src/utils/package-manager.ts": {"path":"/home/runner/work/esmx/esmx/packages/create-esmx/src/utils/package-manager.ts","all":false,"statementMap":{"28":{"start":{"line":29,"column":0},"end":{"line":29,"column":80}},"29":{"start":{"line":30,"column":0},"end":{"line":30,"column":10}},"30":{"start":{"line":31,"column":0},"end":{"line":31,"column":31}},"31":{"start":{"line":32,"column":0},"end":{"line":32,"column":27}},"32":{"start":{"line":33,"column":0},"end":{"line":33,"column":31}},"33":{"start":{"line":34,"column":0},"end":{"line":34,"column":27}},"34":{"start":{"line":35,"column":0},"end":{"line":35,"column":41}},"35":{"start":{"line":36,"column":0},"end":{"line":36,"column":43}},"36":{"start":{"line":37,"column":0},"end":{"line":37,"column":40}},"37":{"start":{"line":38,"column":0},"end":{"line":38,"column":6}},"38":{"start":{"line":39,"column":0},"end":{"line":39,"column":11}},"39":{"start":{"line":40,"column":0},"end":{"line":40,"column":32}},"40":{"start":{"line":41,"column":0},"end":{"line":41,"column":24}},"41":{"start":{"line":42,"column":0},"end":{"line":42,"column":28}},"42":{"start":{"line":43,"column":0},"end":{"line":43,"column":28}},"43":{"start":{"line":44,"column":0},"end":{"line":44,"column":35}},"44":{"start":{"line":45,"column":0},"end":{"line":45,"column":40}},"45":{"start":{"line":46,"column":0},"end":{"line":46,"column":37}},"46":{"start":{"line":47,"column":0},"end":{"line":47,"column":6}},"47":{"start":{"line":48,"column":0},"end":{"line":48,"column":11}},"48":{"start":{"line":49,"column":0},"end":{"line":49,"column":32}},"49":{"start":{"line":50,"column":0},"end":{"line":50,"column":24}},"50":{"start":{"line":51,"column":0},"end":{"line":51,"column":28}},"51":{"start":{"line":52,"column":0},"end":{"line":52,"column":28}},"52":{"start":{"line":53,"column":0},"end":{"line":53,"column":35}},"53":{"start":{"line":54,"column":0},"end":{"line":54,"column":40}},"54":{"start":{"line":55,"column":0},"end":{"line":55,"column":37}},"55":{"start":{"line":56,"column":0},"end":{"line":56,"column":6}},"56":{"start":{"line":57,"column":0},"end":{"line":57,"column":10}},"57":{"start":{"line":58,"column":0},"end":{"line":58,"column":31}},"58":{"start":{"line":59,"column":0},"end":{"line":59,"column":23}},"59":{"start":{"line":60,"column":0},"end":{"line":60,"column":31}},"60":{"start":{"line":61,"column":0},"end":{"line":61,"column":27}},"61":{"start":{"line":62,"column":0},"end":{"line":62,"column":34}},"62":{"start":{"line":63,"column":0},"end":{"line":63,"column":43}},"63":{"start":{"line":64,"column":0},"end":{"line":64,"column":40}},"64":{"start":{"line":65,"column":0},"end":{"line":65,"column":5}},"65":{"start":{"line":66,"column":0},"end":{"line":66,"column":2}},"70":{"start":{"line":71,"column":0},"end":{"line":71,"column":67}},"71":{"start":{"line":72,"column":0},"end":{"line":72,"column":71}},"73":{"start":{"line":74,"column":0},"end":{"line":74,"column":46}},"74":{"start":{"line":75,"column":0},"end":{"line":75,"column":46}},"75":{"start":{"line":76,"column":0},"end":{"line":76,"column":44}},"78":{"start":{"line":79,"column":0},"end":{"line":79,"column":17}},"79":{"start":{"line":80,"column":0},"end":{"line":80,"column":1}},"85":{"start":{"line":86,"column":0},"end":{"line":86,"column":27}},"86":{"start":{"line":87,"column":0},"end":{"line":87,"column":29}},"87":{"start":{"line":88,"column":0},"end":{"line":88,"column":22}},"88":{"start":{"line":89,"column":0},"end":{"line":89,"column":11}},"89":{"start":{"line":90,"column":0},"end":{"line":90,"column":59}},"90":{"start":{"line":91,"column":0},"end":{"line":91,"column":63}},"91":{"start":{"line":92,"column":0},"end":{"line":92,"column":1}}},"s":{"28":1,"29":1,"30":1,"31":1,"32":1,"33":1,"34":1,"35":1,"36":1,"37":1,"38":1,"39":1,"40":1,"41":1,"42":1,"43":1,"44":1,"45":1,"46":1,"47":1,"48":1,"49":1,"50":1,"51":1,"52":1,"53":1,"54":1,"55":1,"56":1,"57":1,"58":1,"59":1,"60":1,"61":1,"62":1,"63":1,"64":1,"65":1,"70":119,"71":119,"73":119,"74":119,"75":119,"78":80,"79":80,"85":1,"86":119,"87":119,"88":119,"89":119,"90":119,"91":119},"branchMap":{"0":{"type":"branch","line":71,"loc":{"start":{"line":71,"column":0},"end":{"line":80,"column":1}},"locations":[{"start":{"line":71,"column":0},"end":{"line":80,"column":1}}]},"1":{"type":"branch","line":72,"loc":{"start":{"line":72,"column":18},"end":{"line":72,"column":68}},"locations":[{"start":{"line":72,"column":18},"end":{"line":72,"column":68}}]},"2":{"type":"branch","line":72,"loc":{"start":{"line":72,"column":43},"end":{"line":72,"column":71}},"locations":[{"start":{"line":72,"column":43},"end":{"line":72,"column":71}}]},"3":{"type":"branch","line":74,"loc":{"start":{"line":74,"column":32},"end":{"line":74,"column":46}},"locations":[{"start":{"line":74,"column":32},"end":{"line":74,"column":46}}]},"4":{"type":"branch","line":74,"loc":{"start":{"line":74,"column":39},"end":{"line":75,"column":39}},"locations":[{"start":{"line":74,"column":39},"end":{"line":75,"column":39}}]},"5":{"type":"branch","line":75,"loc":{"start":{"line":75,"column":32},"end":{"line":75,"column":46}},"locations":[{"start":{"line":75,"column":32},"end":{"line":75,"column":46}}]},"6":{"type":"branch","line":75,"loc":{"start":{"line":75,"column":39},"end":{"line":76,"column":38}},"locations":[{"start":{"line":75,"column":39},"end":{"line":76,"column":38}}]},"7":{"type":"branch","line":76,"loc":{"start":{"line":76,"column":31},"end":{"line":76,"column":44}},"locations":[{"start":{"line":76,"column":31},"end":{"line":76,"column":44}}]},"8":{"type":"branch","line":76,"loc":{"start":{"line":76,"column":38},"end":{"line":80,"column":1}},"locations":[{"start":{"line":76,"column":38},"end":{"line":80,"column":1}}]},"9":{"type":"branch","line":86,"loc":{"start":{"line":86,"column":7},"end":{"line":92,"column":1}},"locations":[{"start":{"line":86,"column":7},"end":{"line":92,"column":1}}]}},"b":{"0":[119],"1":[33],"2":[1],"3":[18],"4":[101],"5":[11],"6":[90],"7":[10],"8":[80],"9":[119]},"fnMap":{"0":{"name":"detectPackageManager","decl":{"start":{"line":71,"column":0},"end":{"line":80,"column":1}},"loc":{"start":{"line":71,"column":0},"end":{"line":80,"column":1}},"line":71},"1":{"name":"getCommand","decl":{"start":{"line":86,"column":7},"end":{"line":92,"column":1}},"loc":{"start":{"line":86,"column":7},"end":{"line":92,"column":1}},"line":86}},"f":{"0":119,"1":119}}
,"/home/runner/work/esmx/esmx/packages/create-esmx/src/utils/project-name.ts": {"path":"/home/runner/work/esmx/esmx/packages/create-esmx/src/utils/project-name.ts","all":false,"statementMap":{"4":{"start":{"line":5,"column":0},"end":{"line":5,"column":37}},"33":{"start":{"line":34,"column":0},"end":{"line":34,"column":34}},"34":{"start":{"line":35,"column":0},"end":{"line":35,"column":18}},"35":{"start":{"line":36,"column":0},"end":{"line":36,"column":16}},"36":{"start":{"line":37,"column":0},"end":{"line":37,"column":22}},"37":{"start":{"line":38,"column":0},"end":{"line":38,"column":49}},"39":{"start":{"line":40,"column":0},"end":{"line":40,"column":28}},"40":{"start":{"line":41,"column":0},"end":{"line":41,"column":28}},"42":{"start":{"line":43,"column":0},"end":{"line":43,"column":48}},"43":{"start":{"line":44,"column":0},"end":{"line":44,"column":43}},"44":{"start":{"line":45,"column":0},"end":{"line":45,"column":43}},"45":{"start":{"line":46,"column":0},"end":{"line":46,"column":32}},"46":{"start":{"line":47,"column":0},"end":{"line":47,"column":12}},"47":{"start":{"line":48,"column":0},"end":{"line":48,"column":67}},"48":{"start":{"line":49,"column":0},"end":{"line":49,"column":5}},"50":{"start":{"line":51,"column":0},"end":{"line":51,"column":12}},"51":{"start":{"line":52,"column":0},"end":{"line":52,"column":20}},"52":{"start":{"line":53,"column":0},"end":{"line":53,"column":17}},"53":{"start":{"line":54,"column":0},"end":{"line":54,"column":6}},"54":{"start":{"line":55,"column":0},"end":{"line":55,"column":1}}},"s":{"4":1,"33":1,"34":44,"35":44,"36":44,"37":44,"39":44,"40":44,"42":7,"43":7,"44":44,"45":3,"46":37,"47":34,"48":34,"50":44,"51":44,"52":44,"53":44,"54":44},"branchMap":{"0":{"type":"branch","line":34,"loc":{"start":{"line":34,"column":7},"end":{"line":55,"column":1}},"locations":[{"start":{"line":34,"column":7},"end":{"line":55,"column":1}}]},"1":{"type":"branch","line":41,"loc":{"start":{"line":41,"column":27},"end":{"line":45,"column":15}},"locations":[{"start":{"line":41,"column":27},"end":{"line":45,"column":15}}]},"2":{"type":"branch","line":43,"loc":{"start":{"line":43,"column":27},"end":{"line":43,"column":48}},"locations":[{"start":{"line":43,"column":27},"end":{"line":43,"column":48}}]},"3":{"type":"branch","line":45,"loc":{"start":{"line":45,"column":4},"end":{"line":49,"column":5}},"locations":[{"start":{"line":45,"column":4},"end":{"line":49,"column":5}}]},"4":{"type":"branch","line":45,"loc":{"start":{"line":45,"column":42},"end":{"line":47,"column":11}},"locations":[{"start":{"line":45,"column":42},"end":{"line":47,"column":11}}]},"5":{"type":"branch","line":47,"loc":{"start":{"line":47,"column":4},"end":{"line":49,"column":5}},"locations":[{"start":{"line":47,"column":4},"end":{"line":49,"column":5}}]},"6":{"type":"branch","line":48,"loc":{"start":{"line":48,"column":47},"end":{"line":48,"column":67}},"locations":[{"start":{"line":48,"column":47},"end":{"line":48,"column":67}}]}},"b":{"0":[44],"1":[7],"2":[2],"3":[37],"4":[3],"5":[34],"6":[1]},"fnMap":{"0":{"name":"formatProjectName","decl":{"start":{"line":34,"column":7},"end":{"line":55,"column":1}},"loc":{"start":{"line":34,"column":7},"end":{"line":55,"column":1}},"line":34}},"f":{"0":44}}
,"/home/runner/work/esmx/esmx/packages/create-esmx/src/utils/template.ts": {"path":"/home/runner/work/esmx/esmx/packages/create-esmx/src/utils/template.ts","all":false,"statementMap":{"19":{"start":{"line":20,"column":0},"end":{"line":20,"column":41}},"20":{"start":{"line":21,"column":0},"end":{"line":21,"column":20}},"21":{"start":{"line":22,"column":0},"end":{"line":22,"column":37}},"22":{"start":{"line":23,"column":0},"end":{"line":23,"column":11}},"23":{"start":{"line":24,"column":0},"end":{"line":24,"column":25}},"26":{"start":{"line":27,"column":0},"end":{"line":27,"column":59}},"28":{"start":{"line":29,"column":0},"end":{"line":29,"column":62}},"29":{"start":{"line":30,"column":0},"end":{"line":30,"column":48}},"30":{"start":{"line":31,"column":0},"end":{"line":31,"column":5}},"32":{"start":{"line":33,"column":0},"end":{"line":33,"column":18}},"33":{"start":{"line":34,"column":0},"end":{"line":34,"column":1}}},"s":{"19":1,"20":186,"21":186,"22":186,"23":186,"26":186,"28":1405,"29":1405,"30":1405,"32":186,"33":186},"branchMap":{"0":{"type":"branch","line":20,"loc":{"start":{"line":20,"column":7},"end":{"line":34,"column":1}},"locations":[{"start":{"line":20,"column":7},"end":{"line":34,"column":1}}]},"1":{"type":"branch","line":27,"loc":{"start":{"line":27,"column":58},"end":{"line":31,"column":5}},"locations":[{"start":{"line":27,"column":58},"end":{"line":31,"column":5}}]}},"b":{"0":[186],"1":[1405]},"fnMap":{"0":{"name":"replaceTemplateVariables","decl":{"start":{"line":20,"column":7},"end":{"line":34,"column":1}},"loc":{"start":{"line":20,"column":7},"end":{"line":34,"column":1}},"line":20}},"f":{"0":186}}
}
