<?xml version="1.0" encoding="UTF-8"?>
<coverage generated="1750731133050" clover="3.2.0">
  <project timestamp="1750731133050" name="All files">
    <metrics statements="1571" coveredstatements="1283" conditionals="451" coveredconditionals="435" methods="132" coveredmethods="116" elements="2154" coveredelements="1834" complexity="0" loc="1571" ncloc="1571" packages="1" files="15" classes="15"/>
    <file name="error.ts" path="/home/runner/work/esmx/esmx/packages/router/src/error.ts">
      <metrics statements="65" coveredstatements="58" conditionals="10" coveredconditionals="9" methods="10" coveredmethods="9"/>
      <line num="3" count="2" type="cond" truecount="1" falsecount="0"/>
      <line num="4" count="51" type="stmt"/>
      <line num="5" count="51" type="stmt"/>
      <line num="7" count="51" type="cond" truecount="1" falsecount="0"/>
      <line num="8" count="51" type="stmt"/>
      <line num="9" count="51" type="stmt"/>
      <line num="10" count="51" type="stmt"/>
      <line num="11" count="51" type="stmt"/>
      <line num="12" count="51" type="stmt"/>
      <line num="13" count="51" type="stmt"/>
      <line num="15" count="2" type="cond" truecount="1" falsecount="0"/>
      <line num="16" count="24" type="stmt"/>
      <line num="18" count="24" type="cond" truecount="1" falsecount="0"/>
      <line num="19" count="24" type="stmt"/>
      <line num="20" count="24" type="stmt"/>
      <line num="21" count="24" type="stmt"/>
      <line num="22" count="24" type="stmt"/>
      <line num="23" count="24" type="stmt"/>
      <line num="24" count="24" type="stmt"/>
      <line num="25" count="24" type="stmt"/>
      <line num="26" count="24" type="stmt"/>
      <line num="27" count="24" type="stmt"/>
      <line num="29" count="2" type="cond" truecount="1" falsecount="0"/>
      <line num="30" count="13" type="stmt"/>
      <line num="31" count="13" type="stmt"/>
      <line num="33" count="13" type="cond" truecount="1" falsecount="0"/>
      <line num="34" count="13" type="cond" truecount="0" falsecount="1"/>
      <line num="35" count="13" type="stmt"/>
      <line num="36" count="13" type="stmt"/>
      <line num="37" count="13" type="stmt"/>
      <line num="38" count="13" type="stmt"/>
      <line num="39" count="13" type="stmt"/>
      <line num="40" count="13" type="stmt"/>
      <line num="42" count="2" type="cond" truecount="1" falsecount="0"/>
      <line num="43" count="10" type="stmt"/>
      <line num="45" count="10" type="cond" truecount="1" falsecount="0"/>
      <line num="46" count="10" type="stmt"/>
      <line num="47" count="10" type="stmt"/>
      <line num="48" count="10" type="stmt"/>
      <line num="49" count="10" type="stmt"/>
      <line num="50" count="10" type="stmt"/>
      <line num="51" count="10" type="stmt"/>
      <line num="52" count="10" type="stmt"/>
      <line num="53" count="10" type="stmt"/>
      <line num="54" count="10" type="stmt"/>
      <line num="56" count="2" type="stmt"/>
      <line num="57" count="2" type="stmt"/>
      <line num="58" count="0" type="stmt"/>
      <line num="59" count="0" type="stmt"/>
      <line num="60" count="0" type="stmt"/>
      <line num="61" count="0" type="stmt"/>
      <line num="62" count="0" type="stmt"/>
      <line num="63" count="0" type="stmt"/>
      <line num="64" count="0" type="stmt"/>
      <line num="65" count="2" type="stmt"/>
      <line num="67" count="2" type="stmt"/>
      <line num="68" count="2" type="cond" truecount="1" falsecount="0"/>
      <line num="69" count="4" type="stmt"/>
      <line num="70" count="4" type="stmt"/>
      <line num="71" count="4" type="stmt"/>
      <line num="72" count="4" type="stmt"/>
      <line num="73" count="4" type="stmt"/>
      <line num="74" count="4" type="stmt"/>
      <line num="75" count="4" type="stmt"/>
      <line num="76" count="2" type="stmt"/>
    </file>
    <file name="increment-id.ts" path="/home/runner/work/esmx/esmx/packages/router/src/increment-id.ts">
      <metrics statements="11" coveredstatements="11" conditionals="3" coveredconditionals="3" methods="3" coveredmethods="3"/>
      <line num="1" count="2" type="cond" truecount="1" falsecount="0"/>
      <line num="2" count="51" type="stmt"/>
      <line num="3" count="51" type="cond" truecount="1" falsecount="0"/>
      <line num="4" count="1047" type="stmt"/>
      <line num="5" count="1047" type="stmt"/>
      <line num="6" count="51" type="cond" truecount="1" falsecount="0"/>
      <line num="7" count="11564" type="stmt"/>
      <line num="8" count="11564" type="stmt"/>
      <line num="9" count="51" type="stmt"/>
      <line num="11" count="2" type="stmt"/>
      <line num="12" count="2" type="stmt"/>
    </file>
    <file name="index.ts" path="/home/runner/work/esmx/esmx/packages/router/src/index.ts">
      <metrics statements="4" coveredstatements="4" conditionals="0" coveredconditionals="0" methods="0" coveredmethods="0"/>
      <line num="1" count="2" type="stmt"/>
      <line num="2" count="2" type="stmt"/>
      <line num="4" count="2" type="stmt"/>
      <line num="48" count="2" type="stmt"/>
    </file>
    <file name="location.ts" path="/home/runner/work/esmx/esmx/packages/router/src/location.ts">
      <metrics statements="42" coveredstatements="42" conditionals="25" coveredconditionals="25" methods="2" coveredmethods="2"/>
      <line num="2" count="2" type="stmt"/>
      <line num="10" count="2" type="cond" truecount="1" falsecount="0"/>
      <line num="11" count="2339" type="cond" truecount="1" falsecount="0"/>
      <line num="12" count="1" type="stmt"/>
      <line num="13" count="1" type="cond" truecount="1" falsecount="0"/>
      <line num="16" count="2339" type="cond" truecount="1" falsecount="0"/>
      <line num="18" count="1" type="stmt"/>
      <line num="19" count="1" type="cond" truecount="1" falsecount="0"/>
      <line num="22" count="2339" type="cond" truecount="1" falsecount="0"/>
      <line num="23" count="2018" type="stmt"/>
      <line num="24" count="2018" type="stmt"/>
      <line num="26" count="2018" type="stmt"/>
      <line num="27" count="2018" type="stmt"/>
      <line num="28" count="2018" type="cond" truecount="2" falsecount="0"/>
      <line num="30" count="319" type="stmt"/>
      <line num="39" count="319" type="stmt"/>
      <line num="40" count="1849" type="cond" truecount="1" falsecount="0"/>
      <line num="42" count="283" type="stmt"/>
      <line num="43" count="283" type="stmt"/>
      <line num="44" count="2339" type="stmt"/>
      <line num="52" count="2" type="cond" truecount="1" falsecount="0"/>
      <line num="53" count="2003" type="cond" truecount="2" falsecount="0"/>
      <line num="54" count="1831" type="stmt"/>
      <line num="55" count="1831" type="cond" truecount="2" falsecount="0"/>
      <line num="56" count="2003" type="cond" truecount="2" falsecount="0"/>
      <line num="57" count="2003" type="stmt"/>
      <line num="60" count="2003" type="stmt"/>
      <line num="61" count="2003" type="stmt"/>
      <line num="62" count="2003" type="cond" truecount="1" falsecount="0"/>
      <line num="63" count="33" type="stmt"/>
      <line num="64" count="33" type="cond" truecount="2" falsecount="0"/>
      <line num="65" count="33" type="stmt"/>
      <line num="66" count="33" type="cond" truecount="2" falsecount="0"/>
      <line num="67" count="33" type="cond" truecount="1" falsecount="0"/>
      <line num="68" count="32" type="stmt"/>
      <line num="69" count="33" type="stmt"/>
      <line num="70" count="2003" type="stmt"/>
      <line num="73" count="2003" type="cond" truecount="2" falsecount="0"/>
      <line num="74" count="9" type="stmt"/>
      <line num="75" count="9" type="cond" truecount="1" falsecount="0"/>
      <line num="77" count="172" type="stmt"/>
      <line num="78" count="172" type="stmt"/>
    </file>
    <file name="matcher.ts" path="/home/runner/work/esmx/esmx/packages/router/src/matcher.ts">
      <metrics statements="54" coveredstatements="54" conditionals="15" coveredconditionals="15" methods="4" coveredmethods="4"/>
      <line num="1" count="2" type="stmt"/>
      <line num="4" count="2" type="cond" truecount="1" falsecount="0"/>
      <line num="5" count="2555" type="stmt"/>
      <line num="6" count="2555" type="cond" truecount="1" falsecount="0"/>
      <line num="7" count="2068" type="stmt"/>
      <line num="8" count="2068" type="stmt"/>
      <line num="9" count="2068" type="stmt"/>
      <line num="10" count="2068" type="cond" truecount="1" falsecount="0"/>
      <line num="11" count="2120" type="stmt"/>
      <line num="12" count="2120" type="stmt"/>
      <line num="13" count="2120" type="cond" truecount="1" falsecount="0"/>
      <line num="15" count="3082" type="stmt"/>
      <line num="16" count="3082" type="cond" truecount="1" falsecount="0"/>
      <line num="17" count="52" type="stmt"/>
      <line num="18" count="3082" type="cond" truecount="1" falsecount="0"/>
      <line num="19" count="26" type="stmt"/>
      <line num="20" count="26" type="stmt"/>
      <line num="21" count="26" type="cond" truecount="1" falsecount="0"/>
      <line num="22" count="3056" type="stmt"/>
      <line num="23" count="3082" type="cond" truecount="1" falsecount="0"/>
      <line num="24" count="1963" type="stmt"/>
      <line num="25" count="1963" type="stmt"/>
      <line num="26" count="1963" type="stmt"/>
      <line num="27" count="1963" type="stmt"/>
      <line num="28" count="1963" type="stmt"/>
      <line num="29" count="1963" type="stmt"/>
      <line num="30" count="3082" type="cond" truecount="1" falsecount="0"/>
      <line num="31" count="131" type="stmt"/>
      <line num="32" count="2120" type="stmt"/>
      <line num="33" count="2068" type="stmt"/>
      <line num="34" count="2068" type="stmt"/>
      <line num="35" count="2068" type="stmt"/>
      <line num="36" count="2555" type="stmt"/>
      <line num="38" count="2652" type="cond" truecount="1" falsecount="0"/>
      <line num="39" count="2652" type="stmt"/>
      <line num="40" count="2652" type="stmt"/>
      <line num="41" count="2652" type="stmt"/>
      <line num="42" count="2652" type="cond" truecount="1" falsecount="0"/>
      <line num="43" count="1894" type="stmt"/>
      <line num="44" count="1894" type="stmt"/>
      <line num="45" count="1894" type="stmt"/>
      <line num="46" count="1894" type="stmt"/>
      <line num="47" count="1894" type="stmt"/>
      <line num="48" count="1894" type="stmt"/>
      <line num="49" count="1894" type="cond" truecount="1" falsecount="0"/>
      <line num="50" count="1894" type="cond" truecount="1" falsecount="0"/>
      <line num="51" count="97" type="cond" truecount="1" falsecount="0"/>
      <line num="52" count="1796" type="stmt"/>
      <line num="53" count="1894" type="stmt"/>
      <line num="54" count="2652" type="stmt"/>
      <line num="55" count="2652" type="stmt"/>
      <line num="57" count="2" type="cond" truecount="1" falsecount="0"/>
      <line num="58" count="2002" type="stmt"/>
      <line num="59" count="2002" type="stmt"/>
    </file>
    <file name="micro-app.ts" path="/home/runner/work/esmx/esmx/packages/router/src/micro-app.ts">
      <metrics statements="85" coveredstatements="83" conditionals="38" coveredconditionals="37" methods="5" coveredmethods="5"/>
      <line num="3" count="2" type="stmt"/>
      <line num="12" count="2" type="cond" truecount="1" falsecount="0"/>
      <line num="13" count="85" type="stmt"/>
      <line num="14" count="85" type="stmt"/>
      <line num="15" count="85" type="stmt"/>
      <line num="17" count="85" type="cond" truecount="1" falsecount="0"/>
      <line num="18" count="1" type="stmt"/>
      <line num="19" count="1" type="stmt"/>
      <line num="20" count="85" type="cond" truecount="2" falsecount="0"/>
      <line num="21" count="23" type="stmt"/>
      <line num="22" count="23" type="stmt"/>
      <line num="23" count="23" type="cond" truecount="0" falsecount="1"/>
      <line num="24" count="0" type="stmt"/>
      <line num="25" count="0" type="stmt"/>
      <line num="26" count="23" type="stmt"/>
      <line num="27" count="85" type="cond" truecount="1" falsecount="0"/>
      <line num="28" count="74" type="stmt"/>
      <line num="29" count="74" type="stmt"/>
      <line num="30" count="85" type="stmt"/>
      <line num="31" count="85" type="stmt"/>
      <line num="33" count="2" type="cond" truecount="1" falsecount="0"/>
      <line num="34" count="381" type="stmt"/>
      <line num="35" count="381" type="stmt"/>
      <line num="36" count="381" type="stmt"/>
      <line num="38" count="381" type="cond" truecount="1" falsecount="0"/>
      <line num="39" count="611" type="stmt"/>
      <line num="40" count="611" type="cond" truecount="2" falsecount="0"/>
      <line num="41" count="422" type="stmt"/>
      <line num="42" count="422" type="cond" truecount="2" falsecount="0"/>
      <line num="43" count="189" type="stmt"/>
      <line num="45" count="611" type="cond" truecount="2" falsecount="0"/>
      <line num="46" count="611" type="cond" truecount="3" falsecount="0"/>
      <line num="47" count="166" type="stmt"/>
      <line num="48" count="166" type="cond" truecount="1" falsecount="0"/>
      <line num="49" count="68" type="stmt"/>
      <line num="50" count="68" type="stmt"/>
      <line num="51" count="68" type="cond" truecount="1" falsecount="0"/>
      <line num="52" count="1" type="stmt"/>
      <line num="53" count="1" type="stmt"/>
      <line num="54" count="68" type="stmt"/>
      <line num="55" count="166" type="stmt"/>
      <line num="56" count="166" type="stmt"/>
      <line num="57" count="166" type="cond" truecount="1" falsecount="0"/>
      <line num="58" count="66" type="stmt"/>
      <line num="59" count="66" type="stmt"/>
      <line num="60" count="166" type="stmt"/>
      <line num="61" count="166" type="stmt"/>
      <line num="62" count="166" type="cond" truecount="1" falsecount="0"/>
      <line num="63" count="97" type="stmt"/>
      <line num="64" count="97" type="stmt"/>
      <line num="65" count="166" type="cond" truecount="1" falsecount="0"/>
      <line num="66" count="188" type="stmt"/>
      <line num="67" count="188" type="stmt"/>
      <line num="68" count="611" type="stmt"/>
      <line num="70" count="381" type="cond" truecount="1" falsecount="0"/>
      <line num="71" count="617" type="stmt"/>
      <line num="72" count="617" type="stmt"/>
      <line num="73" count="617" type="stmt"/>
      <line num="74" count="617" type="cond" truecount="1" falsecount="0"/>
      <line num="75" count="3" type="stmt"/>
      <line num="76" count="3" type="cond" truecount="1" falsecount="0"/>
      <line num="77" count="614" type="stmt"/>
      <line num="78" count="614" type="stmt"/>
      <line num="79" count="614" type="cond" truecount="1" falsecount="0"/>
      <line num="80" count="194" type="cond" truecount="1" falsecount="0"/>
      <line num="81" count="193" type="stmt"/>
      <line num="82" count="617" type="cond" truecount="1" falsecount="0"/>
      <line num="83" count="192" type="cond" truecount="1" falsecount="0"/>
      <line num="84" count="192" type="cond" truecount="2" falsecount="0"/>
      <line num="85" count="447" type="cond" truecount="2" falsecount="0"/>
      <line num="86" count="2" type="stmt"/>
      <line num="87" count="2" type="stmt"/>
      <line num="88" count="447" type="cond" truecount="2" falsecount="0"/>
      <line num="89" count="1" type="stmt"/>
      <line num="90" count="1" type="stmt"/>
      <line num="91" count="419" type="stmt"/>
      <line num="92" count="617" type="stmt"/>
      <line num="94" count="381" type="cond" truecount="1" falsecount="0"/>
      <line num="95" count="289" type="cond" truecount="1" falsecount="0"/>
      <line num="96" count="289" type="stmt"/>
      <line num="97" count="289" type="cond" truecount="1" falsecount="0"/>
      <line num="98" count="289" type="stmt"/>
      <line num="99" count="289" type="stmt"/>
      <line num="100" count="289" type="stmt"/>
      <line num="101" count="381" type="stmt"/>
    </file>
    <file name="navigation.ts" path="/home/runner/work/esmx/esmx/packages/router/src/navigation.ts">
      <metrics statements="141" coveredstatements="141" conditionals="62" coveredconditionals="61" methods="25" coveredmethods="25"/>
      <line num="1" count="2" type="stmt"/>
      <line num="2" count="2" type="stmt"/>
      <line num="12" count="2" type="stmt"/>
      <line num="14" count="2" type="cond" truecount="1" falsecount="0"/>
      <line num="15" count="363" type="stmt"/>
      <line num="16" count="363" type="stmt"/>
      <line num="17" count="363" type="stmt"/>
      <line num="18" count="363" type="stmt"/>
      <line num="20" count="363" type="stmt"/>
      <line num="22" count="363" type="cond" truecount="1" falsecount="0"/>
      <line num="23" count="363" type="stmt"/>
      <line num="24" count="363" type="stmt"/>
      <line num="25" count="363" type="stmt"/>
      <line num="26" count="363" type="stmt"/>
      <line num="27" count="363" type="cond" truecount="1" falsecount="0"/>
      <line num="28" count="81" type="cond" truecount="1" falsecount="0"/>
      <line num="29" count="282" type="stmt"/>
      <line num="30" count="363" type="cond" truecount="1" falsecount="0"/>
      <line num="31" count="87" type="cond" truecount="1" falsecount="0"/>
      <line num="32" count="87" type="stmt"/>
      <line num="33" count="87" type="stmt"/>
      <line num="34" count="363" type="stmt"/>
      <line num="35" count="363" type="stmt"/>
      <line num="36" count="363" type="stmt"/>
      <line num="37" count="363" type="cond" truecount="1" falsecount="0"/>
      <line num="38" count="283" type="cond" truecount="1" falsecount="0"/>
      <line num="39" count="80" type="stmt"/>
      <line num="40" count="363" type="stmt"/>
      <line num="41" count="363" type="cond" truecount="1" falsecount="0"/>
      <line num="42" count="4" type="stmt"/>
      <line num="43" count="4" type="stmt"/>
      <line num="44" count="363" type="cond" truecount="1" falsecount="0"/>
      <line num="45" count="315" type="stmt"/>
      <line num="46" count="315" type="stmt"/>
      <line num="47" count="315" type="stmt"/>
      <line num="48" count="315" type="stmt"/>
      <line num="49" count="315" type="stmt"/>
      <line num="50" count="315" type="stmt"/>
      <line num="51" count="315" type="stmt"/>
      <line num="53" count="363" type="cond" truecount="1" falsecount="0"/>
      <line num="54" count="300" type="cond" truecount="1" falsecount="0"/>
      <line num="55" count="300" type="stmt"/>
      <line num="56" count="300" type="cond" truecount="0" falsecount="1"/>
      <line num="57" count="300" type="cond" truecount="2" falsecount="0"/>
      <line num="58" count="300" type="stmt"/>
      <line num="59" count="300" type="stmt"/>
      <line num="60" count="300" type="stmt"/>
      <line num="61" count="300" type="stmt"/>
      <line num="63" count="363" type="cond" truecount="1" falsecount="0"/>
      <line num="64" count="111" type="cond" truecount="1" falsecount="0"/>
      <line num="65" count="6" type="stmt"/>
      <line num="66" count="6" type="cond" truecount="1" falsecount="0"/>
      <line num="67" count="105" type="cond" truecount="1" falsecount="0"/>
      <line num="68" count="105" type="cond" truecount="1" falsecount="0"/>
      <line num="69" count="185" type="stmt"/>
      <line num="70" count="185" type="cond" truecount="2" falsecount="0"/>
      <line num="71" count="185" type="cond" truecount="1" falsecount="0"/>
      <line num="72" count="185" type="stmt"/>
      <line num="73" count="105" type="stmt"/>
      <line num="74" count="105" type="stmt"/>
      <line num="75" count="105" type="stmt"/>
      <line num="76" count="111" type="stmt"/>
      <line num="77" count="363" type="cond" truecount="1" falsecount="0"/>
      <line num="78" count="1" type="stmt"/>
      <line num="79" count="1" type="stmt"/>
      <line num="80" count="363" type="cond" truecount="1" falsecount="0"/>
      <line num="81" count="1" type="stmt"/>
      <line num="82" count="1" type="stmt"/>
      <line num="84" count="363" type="cond" truecount="1" falsecount="0"/>
      <line num="85" count="296" type="cond" truecount="1" falsecount="0"/>
      <line num="86" count="296" type="stmt"/>
      <line num="87" count="296" type="stmt"/>
      <line num="88" count="363" type="stmt"/>
      <line num="90" count="2" type="cond" truecount="1" falsecount="0"/>
      <line num="91" count="310" type="stmt"/>
      <line num="92" count="310" type="stmt"/>
      <line num="93" count="310" type="cond" truecount="1" falsecount="0"/>
      <line num="94" count="557" type="stmt"/>
      <line num="95" count="557" type="cond" truecount="3" falsecount="0"/>
      <line num="96" count="554" type="stmt"/>
      <line num="97" count="557" type="stmt"/>
      <line num="98" count="310" type="stmt"/>
      <line num="99" count="310" type="stmt"/>
      <line num="102" count="310" type="cond" truecount="1" falsecount="0"/>
      <line num="103" count="223" type="cond" truecount="1" falsecount="0"/>
      <line num="104" count="223" type="stmt"/>
      <line num="105" count="310" type="cond" truecount="1" falsecount="0"/>
      <line num="106" count="8" type="cond" truecount="1" falsecount="0"/>
      <line num="107" count="8" type="stmt"/>
      <line num="109" count="310" type="cond" truecount="1" falsecount="0"/>
      <line num="110" count="310" type="stmt"/>
      <line num="111" count="310" type="stmt"/>
      <line num="112" count="310" type="cond" truecount="1" falsecount="0"/>
      <line num="113" count="687" type="stmt"/>
      <line num="114" count="687" type="stmt"/>
      <line num="116" count="310" type="cond" truecount="1" falsecount="0"/>
      <line num="117" count="591" type="stmt"/>
      <line num="118" count="591" type="stmt"/>
      <line num="119" count="591" type="stmt"/>
      <line num="120" count="591" type="stmt"/>
      <line num="122" count="591" type="stmt"/>
      <line num="123" count="591" type="cond" truecount="2" falsecount="0"/>
      <line num="124" count="591" type="stmt"/>
      <line num="125" count="591" type="stmt"/>
      <line num="127" count="310" type="cond" truecount="1" falsecount="0"/>
      <line num="128" count="211" type="stmt"/>
      <line num="129" count="211" type="stmt"/>
      <line num="130" count="211" type="stmt"/>
      <line num="131" count="211" type="stmt"/>
      <line num="132" count="211" type="stmt"/>
      <line num="133" count="211" type="cond" truecount="2" falsecount="0"/>
      <line num="134" count="210" type="stmt"/>
      <line num="135" count="210" type="stmt"/>
      <line num="136" count="211" type="stmt"/>
      <line num="138" count="310" type="cond" truecount="1" falsecount="0"/>
      <line num="139" count="6" type="stmt"/>
      <line num="140" count="6" type="stmt"/>
      <line num="141" count="310" type="cond" truecount="1" falsecount="0"/>
      <line num="142" count="2" type="stmt"/>
      <line num="143" count="2" type="stmt"/>
      <line num="144" count="310" type="cond" truecount="1" falsecount="0"/>
      <line num="145" count="139" type="cond" truecount="2" falsecount="0"/>
      <line num="146" count="135" type="stmt"/>
      <line num="147" count="139" type="cond" truecount="3" falsecount="0"/>
      <line num="148" count="113" type="stmt"/>
      <line num="149" count="113" type="stmt"/>
      <line num="151" count="113" type="cond" truecount="1" falsecount="0"/>
      <line num="152" count="113" type="cond" truecount="1" falsecount="0"/>
      <line num="153" count="113" type="stmt"/>
      <line num="154" count="139" type="stmt"/>
      <line num="156" count="310" type="cond" truecount="1" falsecount="0"/>
      <line num="157" count="316" type="cond" truecount="3" falsecount="0"/>
      <line num="158" count="312" type="stmt"/>
      <line num="159" count="312" type="cond" truecount="1" falsecount="0"/>
      <line num="160" count="316" type="stmt"/>
      <line num="161" count="310" type="stmt"/>
      <line num="163" count="80" type="cond" truecount="1" falsecount="0"/>
      <line num="166" count="80" type="cond" truecount="1" falsecount="0"/>
      <line num="167" count="80" type="stmt"/>
      <line num="168" count="80" type="cond" truecount="1" falsecount="0"/>
      <line num="169" count="80" type="stmt"/>
    </file>
    <file name="options.ts" path="/home/runner/work/esmx/esmx/packages/router/src/options.ts">
      <metrics statements="101" coveredstatements="94" conditionals="52" coveredconditionals="50" methods="6" coveredmethods="6"/>
      <line num="1" count="2" type="stmt"/>
      <line num="3" count="2" type="stmt"/>
      <line num="5" count="2" type="stmt"/>
      <line num="12" count="2497" type="cond" truecount="1" falsecount="0"/>
      <line num="14" count="2497" type="stmt"/>
      <line num="16" count="2497" type="cond" truecount="2" falsecount="0"/>
      <line num="17" count="354" type="stmt"/>
      <line num="18" count="2447" type="cond" truecount="2" falsecount="0"/>
      <line num="19" count="293" type="stmt"/>
      <line num="20" count="2143" type="cond" truecount="2" falsecount="0"/>
      <line num="22" count="13" type="stmt"/>
      <line num="23" count="13" type="stmt"/>
      <line num="24" count="13" type="cond" truecount="1" falsecount="0"/>
      <line num="25" count="7" type="cond" truecount="1" falsecount="0"/>
      <line num="26" count="7" type="cond" truecount="1" falsecount="0"/>
      <line num="27" count="1" type="cond" truecount="1" falsecount="0"/>
      <line num="28" count="6" type="stmt"/>
      <line num="29" count="13" type="stmt"/>
      <line num="30" count="13" type="cond" truecount="1" falsecount="0"/>
      <line num="31" count="12" type="cond" truecount="1" falsecount="0"/>
      <line num="32" count="2" type="cond" truecount="1" falsecount="0"/>
      <line num="33" count="1" type="stmt"/>
      <line num="34" count="13" type="stmt"/>
      <line num="35" count="13" type="cond" truecount="1" falsecount="0"/>
      <line num="37" count="13" type="cond" truecount="2" falsecount="0"/>
      <line num="38" count="1850" type="cond" truecount="1" falsecount="0"/>
      <line num="39" count="1837" type="stmt"/>
      <line num="40" count="1837" type="stmt"/>
      <line num="44" count="2497" type="stmt"/>
      <line num="45" count="2497" type="stmt"/>
      <line num="46" count="2497" type="stmt"/>
      <line num="47" count="2497" type="cond" truecount="0" falsecount="1"/>
      <line num="48" count="0" type="stmt"/>
      <line num="49" count="0" type="stmt"/>
      <line num="50" count="0" type="stmt"/>
      <line num="51" count="0" type="stmt"/>
      <line num="52" count="0" type="stmt"/>
      <line num="55" count="2497" type="stmt"/>
      <line num="56" count="2497" type="stmt"/>
      <line num="57" count="2497" type="stmt"/>
      <line num="59" count="2" type="cond" truecount="1" falsecount="0"/>
      <line num="60" count="2497" type="stmt"/>
      <line num="61" count="2497" type="stmt"/>
      <line num="62" count="2497" type="stmt"/>
      <line num="63" count="2497" type="cond" truecount="1" falsecount="0"/>
      <line num="64" count="2497" type="stmt"/>
      <line num="65" count="2497" type="stmt"/>
      <line num="66" count="2497" type="cond" truecount="1" falsecount="0"/>
      <line num="67" count="2497" type="cond" truecount="1" falsecount="0"/>
      <line num="68" count="2497" type="cond" truecount="1" falsecount="0"/>
      <line num="69" count="2497" type="cond" truecount="1" falsecount="0"/>
      <line num="70" count="2497" type="stmt"/>
      <line num="71" count="2497" type="stmt"/>
      <line num="72" count="2497" type="stmt"/>
      <line num="73" count="2497" type="cond" truecount="1" falsecount="0"/>
      <line num="74" count="332" type="cond" truecount="2" falsecount="0"/>
      <line num="75" count="2165" type="stmt"/>
      <line num="76" count="2497" type="stmt"/>
      <line num="77" count="2497" type="stmt"/>
      <line num="78" count="2497" type="cond" truecount="1" falsecount="0"/>
      <line num="79" count="1" type="cond" truecount="1" falsecount="0"/>
      <line num="80" count="2496" type="stmt"/>
      <line num="81" count="2497" type="stmt"/>
      <line num="82" count="2497" type="cond" truecount="2" falsecount="0"/>
      <line num="83" count="2497" type="cond" truecount="1" falsecount="0"/>
      <line num="84" count="2497" type="cond" truecount="2" falsecount="0"/>
      <line num="85" count="2497" type="cond" truecount="2" falsecount="0"/>
      <line num="86" count="2497" type="stmt"/>
      <line num="87" count="2497" type="stmt"/>
      <line num="89" count="2" type="cond" truecount="1" falsecount="0"/>
      <line num="90" count="74" type="stmt"/>
      <line num="93" count="74" type="cond" truecount="2" falsecount="0"/>
      <line num="95" count="15" type="stmt"/>
      <line num="98" count="15" type="stmt"/>
      <line num="99" count="15" type="cond" truecount="2" falsecount="0"/>
      <line num="100" count="10" type="stmt"/>
      <line num="101" count="15" type="cond" truecount="2" falsecount="0"/>
      <line num="102" count="1" type="stmt"/>
      <line num="103" count="1" type="stmt"/>
      <line num="104" count="1" type="stmt"/>
      <line num="105" count="1" type="stmt"/>
      <line num="108" count="15" type="stmt"/>
      <line num="109" count="15" type="stmt"/>
      <line num="110" count="15" type="stmt"/>
      <line num="111" count="15" type="stmt"/>
      <line num="112" count="15" type="cond" truecount="1" falsecount="0"/>
      <line num="115" count="74" type="cond" truecount="1" falsecount="0"/>
      <line num="116" count="13" type="cond" truecount="1" falsecount="0"/>
      <line num="117" count="4" type="stmt"/>
      <line num="118" count="4" type="stmt"/>
      <line num="119" count="4" type="cond" truecount="1" falsecount="0"/>
      <line num="120" count="3" type="stmt"/>
      <line num="121" count="4" type="cond" truecount="0" falsecount="1"/>
      <line num="122" count="0" type="stmt"/>
      <line num="123" count="0" type="cond" truecount="1" falsecount="0"/>
      <line num="124" count="3" type="stmt"/>
      <line num="125" count="4" type="cond" truecount="1" falsecount="0"/>
      <line num="126" count="4" type="cond" truecount="1" falsecount="0"/>
      <line num="127" count="10" type="stmt"/>
      <line num="128" count="10" type="stmt"/>
      <line num="131" count="74" type="stmt"/>
    </file>
    <file name="route-task.ts" path="/home/runner/work/esmx/esmx/packages/router/src/route-task.ts">
      <metrics statements="69" coveredstatements="67" conditionals="33" coveredconditionals="31" methods="4" coveredmethods="4"/>
      <line num="1" count="2" type="stmt"/>
      <line num="8" count="2" type="stmt"/>
      <line num="15" count="2" type="stmt"/>
      <line num="20" count="2" type="cond" truecount="1" falsecount="0"/>
      <line num="21" count="697" type="stmt"/>
      <line num="26" count="697" type="cond" truecount="1" falsecount="0"/>
      <line num="27" count="637" type="stmt"/>
      <line num="28" count="637" type="stmt"/>
      <line num="30" count="697" type="cond" truecount="1" falsecount="0"/>
      <line num="31" count="9699" type="cond" truecount="1" falsecount="0"/>
      <line num="32" count="24" type="stmt"/>
      <line num="33" count="24" type="cond" truecount="1" falsecount="0"/>
      <line num="34" count="9675" type="stmt"/>
      <line num="35" count="9699" type="stmt"/>
      <line num="36" count="697" type="stmt"/>
      <line num="50" count="716" type="cond" truecount="1" falsecount="0"/>
      <line num="51" count="716" type="stmt"/>
      <line num="53" count="716" type="cond" truecount="1" falsecount="0"/>
      <line num="54" count="4871" type="cond" truecount="2" falsecount="0"/>
      <line num="55" count="2" type="stmt"/>
      <line num="56" count="2" type="cond" truecount="1" falsecount="0"/>
      <line num="58" count="4869" type="stmt"/>
      <line num="59" count="4869" type="stmt"/>
      <line num="60" count="4869" type="cond" truecount="1" falsecount="0"/>
      <line num="61" count="4871" type="cond" truecount="1" falsecount="0"/>
      <line num="62" count="13" type="stmt"/>
      <line num="63" count="13" type="stmt"/>
      <line num="64" count="13" type="cond" truecount="0" falsecount="1"/>
      <line num="65" count="13" type="stmt"/>
      <line num="66" count="13" type="stmt"/>
      <line num="67" count="13" type="cond" truecount="2" falsecount="0"/>
      <line num="69" count="4871" type="cond" truecount="2" falsecount="0"/>
      <line num="70" count="22" type="stmt"/>
      <line num="71" count="22" type="cond" truecount="1" falsecount="0"/>
      <line num="73" count="4834" type="cond" truecount="3" falsecount="0"/>
      <line num="74" count="3815" type="cond" truecount="1" falsecount="0"/>
      <line num="75" count="659" type="stmt"/>
      <line num="76" count="659" type="stmt"/>
      <line num="77" count="659" type="cond" truecount="3" falsecount="0"/>
      <line num="78" count="3113" type="cond" truecount="2" falsecount="0"/>
      <line num="79" count="10" type="stmt"/>
      <line num="80" count="10" type="cond" truecount="2" falsecount="0"/>
      <line num="81" count="6" type="stmt"/>
      <line num="82" count="6" type="stmt"/>
      <line num="83" count="6" type="stmt"/>
      <line num="84" count="6" type="stmt"/>
      <line num="85" count="6" type="stmt"/>
      <line num="86" count="6" type="stmt"/>
      <line num="87" count="3110" type="cond" truecount="0" falsecount="1"/>
      <line num="88" count="0" type="stmt"/>
      <line num="89" count="0" type="cond" truecount="1" falsecount="0"/>
      <line num="90" count="6" type="stmt"/>
      <line num="91" count="6" type="stmt"/>
      <line num="92" count="6" type="stmt"/>
      <line num="93" count="6" type="stmt"/>
      <line num="94" count="6" type="stmt"/>
      <line num="95" count="6" type="stmt"/>
      <line num="96" count="6" type="cond" truecount="1" falsecount="0"/>
      <line num="99" count="4" type="stmt"/>
      <line num="100" count="4" type="stmt"/>
      <line num="102" count="2" type="cond" truecount="1" falsecount="0"/>
      <line num="103" count="2" type="stmt"/>
      <line num="104" count="2" type="stmt"/>
      <line num="105" count="2" type="stmt"/>
      <line num="106" count="2" type="stmt"/>
      <line num="107" count="2" type="stmt"/>
      <line num="108" count="2" type="stmt"/>
      <line num="109" count="2" type="stmt"/>
      <line num="110" count="2" type="stmt"/>
    </file>
    <file name="route-transition.ts" path="/home/runner/work/esmx/esmx/packages/router/src/route-transition.ts">
      <metrics statements="327" coveredstatements="312" conditionals="88" coveredconditionals="80" methods="18" coveredmethods="18"/>
      <line num="1" count="2" type="stmt"/>
      <line num="2" count="2" type="stmt"/>
      <line num="8" count="2" type="stmt"/>
      <line num="16" count="2" type="stmt"/>
      <line num="23" count="618" type="cond" truecount="1" falsecount="0"/>
      <line num="24" count="618" type="stmt"/>
      <line num="25" count="618" type="stmt"/>
      <line num="26" count="618" type="stmt"/>
      <line num="27" count="618" type="stmt"/>
      <line num="28" count="618" type="cond" truecount="1" falsecount="0"/>
      <line num="29" count="15" type="stmt"/>
      <line num="30" count="15" type="stmt"/>
      <line num="31" count="618" type="stmt"/>
      <line num="33" count="484" type="cond" truecount="1" falsecount="0"/>
      <line num="34" count="484" type="stmt"/>
      <line num="35" count="484" type="stmt"/>
      <line num="36" count="484" type="stmt"/>
      <line num="37" count="484" type="stmt"/>
      <line num="38" count="484" type="stmt"/>
      <line num="39" count="484" type="stmt"/>
      <line num="40" count="484" type="cond" truecount="0" falsecount="1"/>
      <line num="42" count="0" type="stmt"/>
      <line num="43" count="0" type="stmt"/>
      <line num="44" count="0" type="stmt"/>
      <line num="45" count="0" type="stmt"/>
      <line num="46" count="0" type="stmt"/>
      <line num="47" count="0" type="stmt"/>
      <line num="48" count="0" type="stmt"/>
      <line num="49" count="484" type="stmt"/>
      <line num="51" count="600" type="cond" truecount="1" falsecount="0"/>
      <line num="52" count="600" type="stmt"/>
      <line num="53" count="600" type="stmt"/>
      <line num="54" count="600" type="stmt"/>
      <line num="55" count="600" type="stmt"/>
      <line num="56" count="600" type="stmt"/>
      <line num="57" count="600" type="cond" truecount="1" falsecount="0"/>
      <line num="58" count="602" type="stmt"/>
      <line num="59" count="602" type="cond" truecount="2" falsecount="0"/>
      <line num="60" count="12" type="stmt"/>
      <line num="61" count="12" type="cond" truecount="1" falsecount="0"/>
      <line num="62" count="6" type="stmt"/>
      <line num="63" count="6" type="stmt"/>
      <line num="64" count="6" type="stmt"/>
      <line num="65" count="6" type="stmt"/>
      <line num="66" count="6" type="stmt"/>
      <line num="67" count="6" type="stmt"/>
      <line num="68" count="12" type="stmt"/>
      <line num="69" count="600" type="stmt"/>
      <line num="70" count="600" type="cond" truecount="1" falsecount="0"/>
      <line num="71" count="594" type="stmt"/>
      <line num="73" count="637" type="cond" truecount="1" falsecount="0"/>
      <line num="74" count="637" type="stmt"/>
      <line num="75" count="637" type="stmt"/>
      <line num="76" count="637" type="stmt"/>
      <line num="77" count="637" type="stmt"/>
      <line num="78" count="637" type="cond" truecount="5" falsecount="0"/>
      <line num="81" count="349" type="stmt"/>
      <line num="82" count="349" type="cond" truecount="2" falsecount="0"/>
      <line num="83" count="349" type="stmt"/>
      <line num="86" count="536" type="cond" truecount="1" falsecount="0"/>
      <line num="87" count="280" type="stmt"/>
      <line num="88" count="280" type="cond" truecount="1" falsecount="0"/>
      <line num="89" count="2" type="stmt"/>
      <line num="90" count="2" type="cond" truecount="0" falsecount="1"/>
      <line num="91" count="0" type="stmt"/>
      <line num="92" count="0" type="stmt"/>
      <line num="93" count="2" type="stmt"/>
      <line num="94" count="280" type="cond" truecount="1" falsecount="0"/>
      <line num="95" count="349" type="stmt"/>
      <line num="97" count="607" type="cond" truecount="1" falsecount="0"/>
      <line num="98" count="607" type="stmt"/>
      <line num="99" count="607" type="stmt"/>
      <line num="100" count="607" type="stmt"/>
      <line num="101" count="607" type="stmt"/>
      <line num="102" count="607" type="cond" truecount="0" falsecount="1"/>
      <line num="105" count="607" type="stmt"/>
      <line num="106" count="607" type="cond" truecount="3" falsecount="0"/>
      <line num="107" count="607" type="stmt"/>
      <line num="110" count="607" type="cond" truecount="1" falsecount="0"/>
      <line num="111" count="542" type="cond" truecount="1" falsecount="0"/>
      <line num="112" count="36" type="stmt"/>
      <line num="113" count="36" type="cond" truecount="1" falsecount="0"/>
      <line num="114" count="7" type="stmt"/>
      <line num="115" count="7" type="stmt"/>
      <line num="116" count="36" type="stmt"/>
      <line num="117" count="542" type="cond" truecount="1" falsecount="0"/>
      <line num="118" count="600" type="stmt"/>
      <line num="120" count="607" type="cond" truecount="1" falsecount="0"/>
      <line num="121" count="607" type="stmt"/>
      <line num="122" count="607" type="stmt"/>
      <line num="123" count="607" type="stmt"/>
      <line num="124" count="607" type="stmt"/>
      <line num="127" count="607" type="cond" truecount="2" falsecount="0"/>
      <line num="130" count="607" type="cond" truecount="2" falsecount="1"/>
      <line num="131" count="66" type="stmt"/>
      <line num="132" count="66" type="cond" truecount="1" falsecount="0"/>
      <line num="133" count="66" type="stmt"/>
      <line num="134" count="66" type="cond" truecount="2" falsecount="1"/>
      <line num="137" count="209" type="cond" truecount="1" falsecount="0"/>
      <line num="139" count="55" type="stmt"/>
      <line num="140" count="55" type="cond" truecount="1" falsecount="0"/>
      <line num="141" count="1" type="stmt"/>
      <line num="142" count="1" type="cond" truecount="0" falsecount="1"/>
      <line num="143" count="0" type="stmt"/>
      <line num="144" count="0" type="stmt"/>
      <line num="145" count="1" type="stmt"/>
      <line num="146" count="55" type="stmt"/>
      <line num="147" count="55" type="stmt"/>
      <line num="148" count="607" type="stmt"/>
      <line num="150" count="662" type="cond" truecount="1" falsecount="0"/>
      <line num="151" count="662" type="stmt"/>
      <line num="152" count="662" type="stmt"/>
      <line num="153" count="662" type="stmt"/>
      <line num="154" count="662" type="stmt"/>
      <line num="156" count="662" type="stmt"/>
      <line num="157" count="662" type="cond" truecount="1" falsecount="0"/>
      <line num="158" count="70" type="cond" truecount="1" falsecount="0"/>
      <line num="159" count="70" type="cond" truecount="1" falsecount="0"/>
      <line num="160" count="6" type="stmt"/>
      <line num="161" count="6" type="stmt"/>
      <line num="162" count="70" type="cond" truecount="1" falsecount="0"/>
      <line num="163" count="651" type="stmt"/>
      <line num="165" count="638" type="cond" truecount="1" falsecount="0"/>
      <line num="166" count="638" type="stmt"/>
      <line num="167" count="638" type="stmt"/>
      <line num="168" count="638" type="stmt"/>
      <line num="169" count="638" type="stmt"/>
      <line num="171" count="638" type="stmt"/>
      <line num="173" count="638" type="stmt"/>
      <line num="174" count="638" type="cond" truecount="1" falsecount="0"/>
      <line num="175" count="299" type="cond" truecount="1" falsecount="0"/>
      <line num="176" count="299" type="stmt"/>
      <line num="177" count="299" type="stmt"/>
      <line num="178" count="299" type="cond" truecount="2" falsecount="0"/>
      <line num="179" count="297" type="stmt"/>
      <line num="180" count="297" type="stmt"/>
      <line num="181" count="299" type="cond" truecount="1" falsecount="0"/>
      <line num="182" count="2" type="stmt"/>
      <line num="183" count="2" type="stmt"/>
      <line num="184" count="2" type="stmt"/>
      <line num="185" count="299" type="stmt"/>
      <line num="186" count="638" type="cond" truecount="1" falsecount="0"/>
      <line num="187" count="123" type="cond" truecount="1" falsecount="0"/>
      <line num="188" count="123" type="stmt"/>
      <line num="189" count="123" type="stmt"/>
      <line num="190" count="123" type="stmt"/>
      <line num="191" count="123" type="stmt"/>
      <line num="192" count="123" type="stmt"/>
      <line num="193" count="638" type="cond" truecount="1" falsecount="0"/>
      <line num="194" count="638" type="cond" truecount="1" falsecount="0"/>
      <line num="195" count="638" type="cond" truecount="1" falsecount="0"/>
      <line num="196" count="78" type="cond" truecount="1" falsecount="0"/>
      <line num="197" count="78" type="stmt"/>
      <line num="198" count="78" type="stmt"/>
      <line num="199" count="78" type="stmt"/>
      <line num="200" count="78" type="stmt"/>
      <line num="201" count="78" type="stmt"/>
      <line num="202" count="78" type="stmt"/>
      <line num="203" count="78" type="stmt"/>
      <line num="204" count="638" type="cond" truecount="1" falsecount="0"/>
      <line num="205" count="94" type="cond" truecount="1" falsecount="0"/>
      <line num="206" count="94" type="stmt"/>
      <line num="207" count="94" type="stmt"/>
      <line num="208" count="94" type="stmt"/>
      <line num="209" count="94" type="stmt"/>
      <line num="210" count="94" type="stmt"/>
      <line num="211" count="638" type="cond" truecount="1" falsecount="0"/>
      <line num="212" count="22" type="stmt"/>
      <line num="213" count="638" type="cond" truecount="1" falsecount="0"/>
      <line num="214" count="22" type="stmt"/>
      <line num="215" count="638" type="cond" truecount="0" falsecount="1"/>
      <line num="216" count="0" type="stmt"/>
      <line num="217" count="0" type="stmt"/>
      <line num="218" count="0" type="stmt"/>
      <line num="219" count="638" type="cond" truecount="0" falsecount="1"/>
      <line num="220" count="0" type="stmt"/>
      <line num="221" count="638" type="stmt"/>
      <line num="222" count="638" type="stmt"/>
      <line num="224" count="2" type="stmt"/>
      <line num="225" count="2" type="stmt"/>
      <line num="226" count="2" type="stmt"/>
      <line num="227" count="2" type="stmt"/>
      <line num="228" count="2" type="stmt"/>
      <line num="229" count="2" type="stmt"/>
      <line num="230" count="2" type="stmt"/>
      <line num="231" count="2" type="stmt"/>
      <line num="232" count="2" type="stmt"/>
      <line num="233" count="2" type="stmt"/>
      <line num="234" count="2" type="stmt"/>
      <line num="236" count="2" type="stmt"/>
      <line num="237" count="2" type="stmt"/>
      <line num="238" count="2" type="stmt"/>
      <line num="239" count="2" type="stmt"/>
      <line num="240" count="2" type="stmt"/>
      <line num="241" count="2" type="stmt"/>
      <line num="242" count="2" type="stmt"/>
      <line num="243" count="2" type="stmt"/>
      <line num="244" count="2" type="stmt"/>
      <line num="245" count="2" type="stmt"/>
      <line num="247" count="2" type="stmt"/>
      <line num="250" count="2" type="stmt"/>
      <line num="251" count="2" type="stmt"/>
      <line num="252" count="2" type="stmt"/>
      <line num="253" count="2" type="stmt"/>
      <line num="254" count="2" type="stmt"/>
      <line num="255" count="2" type="stmt"/>
      <line num="256" count="2" type="stmt"/>
      <line num="258" count="2" type="stmt"/>
      <line num="261" count="2" type="stmt"/>
      <line num="262" count="2" type="stmt"/>
      <line num="263" count="2" type="stmt"/>
      <line num="264" count="2" type="stmt"/>
      <line num="265" count="2" type="stmt"/>
      <line num="266" count="2" type="stmt"/>
      <line num="267" count="2" type="stmt"/>
      <line num="269" count="2" type="stmt"/>
      <line num="272" count="2" type="stmt"/>
      <line num="273" count="2" type="stmt"/>
      <line num="274" count="2" type="stmt"/>
      <line num="275" count="2" type="stmt"/>
      <line num="276" count="2" type="stmt"/>
      <line num="277" count="2" type="stmt"/>
      <line num="278" count="2" type="stmt"/>
      <line num="280" count="2" type="stmt"/>
      <line num="281" count="2" type="stmt"/>
      <line num="282" count="2" type="stmt"/>
      <line num="284" count="2" type="stmt"/>
      <line num="288" count="2" type="stmt"/>
      <line num="289" count="2" type="stmt"/>
      <line num="291" count="2" type="stmt"/>
      <line num="292" count="2" type="stmt"/>
      <line num="293" count="2" type="stmt"/>
      <line num="294" count="2" type="stmt"/>
      <line num="295" count="2" type="stmt"/>
      <line num="299" count="2" type="stmt"/>
      <line num="300" count="2" type="stmt"/>
      <line num="301" count="2" type="stmt"/>
      <line num="302" count="2" type="stmt"/>
      <line num="303" count="2" type="stmt"/>
      <line num="305" count="2" type="stmt"/>
      <line num="309" count="2" type="stmt"/>
      <line num="310" count="2" type="stmt"/>
      <line num="311" count="2" type="stmt"/>
      <line num="312" count="2" type="stmt"/>
      <line num="314" count="2" type="stmt"/>
      <line num="315" count="2" type="stmt"/>
      <line num="316" count="2" type="stmt"/>
      <line num="317" count="2" type="stmt"/>
      <line num="318" count="2" type="stmt"/>
      <line num="319" count="2" type="stmt"/>
      <line num="320" count="2" type="stmt"/>
      <line num="322" count="2" type="stmt"/>
      <line num="323" count="2" type="stmt"/>
      <line num="330" count="2" type="cond" truecount="1" falsecount="0"/>
      <line num="331" count="365" type="stmt"/>
      <line num="332" count="365" type="stmt"/>
      <line num="334" count="365" type="stmt"/>
      <line num="337" count="365" type="stmt"/>
      <line num="340" count="365" type="stmt"/>
      <line num="341" count="365" type="stmt"/>
      <line num="342" count="365" type="stmt"/>
      <line num="343" count="365" type="stmt"/>
      <line num="345" count="365" type="cond" truecount="1" falsecount="0"/>
      <line num="346" count="352" type="stmt"/>
      <line num="347" count="352" type="stmt"/>
      <line num="349" count="365" type="cond" truecount="1" falsecount="0"/>
      <line num="350" count="206" type="stmt"/>
      <line num="351" count="206" type="cond" truecount="1" falsecount="0"/>
      <line num="352" count="212" type="stmt"/>
      <line num="353" count="212" type="stmt"/>
      <line num="354" count="206" type="stmt"/>
      <line num="356" count="365" type="cond" truecount="1" falsecount="0"/>
      <line num="357" count="16" type="stmt"/>
      <line num="358" count="16" type="cond" truecount="1" falsecount="0"/>
      <line num="359" count="11" type="stmt"/>
      <line num="360" count="11" type="stmt"/>
      <line num="361" count="16" type="stmt"/>
      <line num="363" count="365" type="cond" truecount="1" falsecount="0"/>
      <line num="364" count="285" type="cond" truecount="1" falsecount="0"/>
      <line num="365" count="285" type="stmt"/>
      <line num="366" count="285" type="stmt"/>
      <line num="368" count="365" type="cond" truecount="1" falsecount="0"/>
      <line num="369" count="693" type="stmt"/>
      <line num="370" count="693" type="stmt"/>
      <line num="371" count="693" type="stmt"/>
      <line num="372" count="693" type="stmt"/>
      <line num="373" count="693" type="stmt"/>
      <line num="374" count="693" type="stmt"/>
      <line num="375" count="693" type="stmt"/>
      <line num="376" count="693" type="stmt"/>
      <line num="377" count="693" type="stmt"/>
      <line num="378" count="693" type="stmt"/>
      <line num="379" count="693" type="cond" truecount="2" falsecount="0"/>
      <line num="380" count="693" type="stmt"/>
      <line num="381" count="693" type="stmt"/>
      <line num="382" count="693" type="cond" truecount="2" falsecount="0"/>
      <line num="383" count="653" type="stmt"/>
      <line num="384" count="653" type="cond" truecount="1" falsecount="0"/>
      <line num="385" count="649" type="cond" truecount="2" falsecount="0"/>
      <line num="387" count="649" type="stmt"/>
      <line num="388" count="649" type="cond" truecount="1" falsecount="0"/>
      <line num="389" count="23" type="stmt"/>
      <line num="390" count="23" type="stmt"/>
      <line num="391" count="649" type="cond" truecount="1" falsecount="0"/>
      <line num="393" count="649" type="stmt"/>
      <line num="394" count="693" type="stmt"/>
      <line num="396" count="365" type="cond" truecount="1" falsecount="0"/>
      <line num="397" count="693" type="stmt"/>
      <line num="398" count="693" type="stmt"/>
      <line num="399" count="693" type="stmt"/>
      <line num="400" count="693" type="stmt"/>
      <line num="401" count="693" type="cond" truecount="1" falsecount="0"/>
      <line num="402" count="693" type="stmt"/>
      <line num="404" count="693" type="stmt"/>
      <line num="405" count="693" type="cond" truecount="1" falsecount="0"/>
      <line num="406" count="5054" type="stmt"/>
      <line num="407" count="5054" type="stmt"/>
      <line num="408" count="693" type="stmt"/>
      <line num="410" count="693" type="stmt"/>
      <line num="411" count="693" type="stmt"/>
      <line num="412" count="693" type="stmt"/>
      <line num="413" count="693" type="stmt"/>
      <line num="414" count="693" type="stmt"/>
      <line num="415" count="693" type="stmt"/>
      <line num="416" count="693" type="stmt"/>
      <line num="417" count="693" type="stmt"/>
      <line num="418" count="365" type="stmt"/>
    </file>
    <file name="route.ts" path="/home/runner/work/esmx/esmx/packages/router/src/route.ts">
      <metrics statements="197" coveredstatements="197" conditionals="53" coveredconditionals="53" methods="16" coveredmethods="16"/>
      <line num="2" count="2" type="stmt"/>
      <line num="3" count="2" type="stmt"/>
      <line num="6" count="2" type="stmt"/>
      <line num="18" count="2" type="stmt"/>
      <line num="24" count="2" type="stmt"/>
      <line num="26" count="2" type="stmt"/>
      <line num="27" count="2" type="stmt"/>
      <line num="28" count="2" type="stmt"/>
      <line num="29" count="2" type="stmt"/>
      <line num="32" count="2" type="stmt"/>
      <line num="33" count="2" type="stmt"/>
      <line num="36" count="2" type="stmt"/>
      <line num="39" count="2" type="stmt"/>
      <line num="40" count="2" type="stmt"/>
      <line num="45" count="1985" type="cond" truecount="1" falsecount="0"/>
      <line num="46" count="1985" type="stmt"/>
      <line num="47" count="1985" type="stmt"/>
      <line num="48" count="1985" type="stmt"/>
      <line num="49" count="1985" type="stmt"/>
      <line num="50" count="1985" type="stmt"/>
      <line num="51" count="1985" type="stmt"/>
      <line num="52" count="1985" type="stmt"/>
      <line num="61" count="2" type="cond" truecount="1" falsecount="0"/>
      <line num="62" count="1981" type="stmt"/>
      <line num="63" count="1981" type="stmt"/>
      <line num="64" count="1981" type="stmt"/>
      <line num="65" count="1981" type="stmt"/>
      <line num="66" count="1981" type="stmt"/>
      <line num="67" count="1981" type="stmt"/>
      <line num="68" count="1981" type="cond" truecount="1" falsecount="0"/>
      <line num="69" count="155" type="cond" truecount="1" falsecount="0"/>
      <line num="70" count="6" type="stmt"/>
      <line num="71" count="1981" type="cond" truecount="1" falsecount="0"/>
      <line num="72" count="1976" type="stmt"/>
      <line num="73" count="1976" type="cond" truecount="1" falsecount="0"/>
      <line num="76" count="5" type="stmt"/>
      <line num="79" count="5" type="stmt"/>
      <line num="82" count="5" type="stmt"/>
      <line num="83" count="5" type="stmt"/>
      <line num="84" count="5" type="stmt"/>
      <line num="85" count="5" type="stmt"/>
      <line num="88" count="5" type="cond" truecount="1" falsecount="0"/>
      <line num="89" count="24" type="cond" truecount="1" falsecount="0"/>
      <line num="90" count="5" type="stmt"/>
      <line num="93" count="5" type="stmt"/>
      <line num="96" count="5" type="stmt"/>
      <line num="97" count="5" type="stmt"/>
      <line num="102" count="2" type="cond" truecount="1" falsecount="0"/>
      <line num="104" count="1985" type="stmt"/>
      <line num="105" count="1985" type="stmt"/>
      <line num="106" count="1985" type="stmt"/>
      <line num="107" count="1985" type="stmt"/>
      <line num="110" count="1985" type="stmt"/>
      <line num="111" count="1985" type="stmt"/>
      <line num="112" count="1985" type="stmt"/>
      <line num="115" count="1985" type="stmt"/>
      <line num="116" count="1985" type="stmt"/>
      <line num="117" count="1985" type="stmt"/>
      <line num="118" count="1985" type="stmt"/>
      <line num="119" count="1985" type="stmt"/>
      <line num="120" count="1985" type="stmt"/>
      <line num="121" count="1985" type="stmt"/>
      <line num="122" count="1985" type="stmt"/>
      <line num="123" count="1985" type="stmt"/>
      <line num="124" count="1985" type="stmt"/>
      <line num="125" count="1985" type="stmt"/>
      <line num="126" count="1985" type="stmt"/>
      <line num="127" count="1985" type="stmt"/>
      <line num="128" count="1985" type="stmt"/>
      <line num="130" count="1985" type="cond" truecount="1" falsecount="0"/>
      <line num="132" count="1985" type="stmt"/>
      <line num="133" count="1985" type="stmt"/>
      <line num="135" count="1985" type="stmt"/>
      <line num="138" count="1985" type="stmt"/>
      <line num="139" count="1985" type="stmt"/>
      <line num="140" count="1985" type="stmt"/>
      <line num="141" count="1985" type="stmt"/>
      <line num="142" count="1985" type="stmt"/>
      <line num="144" count="1985" type="stmt"/>
      <line num="145" count="1985" type="stmt"/>
      <line num="146" count="1985" type="stmt"/>
      <line num="147" count="1985" type="stmt"/>
      <line num="148" count="1985" type="stmt"/>
      <line num="149" count="1985" type="cond" truecount="3" falsecount="0"/>
      <line num="151" count="1985" type="stmt"/>
      <line num="152" count="1985" type="cond" truecount="1" falsecount="0"/>
      <line num="153" count="1965" type="cond" truecount="1" falsecount="0"/>
      <line num="154" count="20" type="stmt"/>
      <line num="155" count="1985" type="cond" truecount="1" falsecount="0"/>
      <line num="156" count="1965" type="cond" truecount="1" falsecount="0"/>
      <line num="157" count="20" type="stmt"/>
      <line num="158" count="1985" type="cond" truecount="2" falsecount="0"/>
      <line num="159" count="1985" type="cond" truecount="1" falsecount="0"/>
      <line num="160" count="155" type="cond" truecount="1" falsecount="0"/>
      <line num="161" count="1830" type="stmt"/>
      <line num="162" count="1985" type="stmt"/>
      <line num="163" count="1985" type="cond" truecount="1" falsecount="0"/>
      <line num="164" count="1871" type="cond" truecount="1" falsecount="0"/>
      <line num="165" count="114" type="stmt"/>
      <line num="166" count="1985" type="cond" truecount="2" falsecount="0"/>
      <line num="169" count="1985" type="stmt"/>
      <line num="170" count="1985" type="cond" truecount="2" falsecount="0"/>
      <line num="171" count="121" type="stmt"/>
      <line num="172" count="121" type="stmt"/>
      <line num="173" count="1985" type="stmt"/>
      <line num="176" count="1985" type="stmt"/>
      <line num="177" count="1985" type="stmt"/>
      <line num="180" count="1985" type="cond" truecount="1" falsecount="0"/>
      <line num="181" count="173" type="cond" truecount="1" falsecount="0"/>
      <line num="182" count="166" type="stmt"/>
      <line num="183" count="166" type="stmt"/>
      <line num="184" count="166" type="stmt"/>
      <line num="185" count="173" type="stmt"/>
      <line num="186" count="1985" type="stmt"/>
      <line num="187" count="1985" type="stmt"/>
      <line num="188" count="1985" type="stmt"/>
      <line num="191" count="1985" type="cond" truecount="1" falsecount="0"/>
      <line num="192" count="1965" type="stmt"/>
      <line num="194" count="1965" type="stmt"/>
      <line num="195" count="1965" type="stmt"/>
      <line num="199" count="1985" type="cond" truecount="2" falsecount="0"/>
      <line num="200" count="15" type="stmt"/>
      <line num="201" count="1985" type="cond" truecount="3" falsecount="0"/>
      <line num="202" count="2" type="stmt"/>
      <line num="203" count="2" type="stmt"/>
      <line num="207" count="1985" type="stmt"/>
      <line num="208" count="1985" type="stmt"/>
      <line num="209" count="1985" type="cond" truecount="1" falsecount="0"/>
      <line num="210" count="73" type="stmt"/>
      <line num="211" count="73" type="stmt"/>
      <line num="214" count="1985" type="cond" truecount="1" falsecount="0"/>
      <line num="215" count="2046" type="stmt"/>
      <line num="216" count="2046" type="stmt"/>
      <line num="218" count="1985" type="cond" truecount="1" falsecount="0"/>
      <line num="219" count="668" type="stmt"/>
      <line num="220" count="668" type="stmt"/>
      <line num="222" count="1985" type="cond" truecount="1" falsecount="0"/>
      <line num="223" count="11" type="stmt"/>
      <line num="224" count="11" type="stmt"/>
      <line num="226" count="1985" type="cond" truecount="1" falsecount="0"/>
      <line num="227" count="651" type="stmt"/>
      <line num="228" count="651" type="stmt"/>
      <line num="234" count="1985" type="cond" truecount="1" falsecount="0"/>
      <line num="236" count="1985" type="cond" truecount="1" falsecount="0"/>
      <line num="237" count="15880" type="stmt"/>
      <line num="238" count="15880" type="stmt"/>
      <line num="239" count="1985" type="stmt"/>
      <line num="244" count="1985" type="cond" truecount="1" falsecount="0"/>
      <line num="245" count="674" type="cond" truecount="1" falsecount="0"/>
      <line num="246" count="7" type="stmt"/>
      <line num="247" count="7" type="stmt"/>
      <line num="248" count="7" type="cond" truecount="1" falsecount="0"/>
      <line num="249" count="667" type="stmt"/>
      <line num="250" count="667" type="cond" truecount="1" falsecount="0"/>
      <line num="252" count="661" type="stmt"/>
      <line num="253" count="661" type="stmt"/>
      <line num="254" count="661" type="stmt"/>
      <line num="255" count="661" type="stmt"/>
      <line num="256" count="661" type="cond" truecount="1" falsecount="0"/>
      <line num="257" count="2" type="stmt"/>
      <line num="258" count="2" type="stmt"/>
      <line num="259" count="2" type="stmt"/>
      <line num="260" count="2" type="cond" truecount="1" falsecount="0"/>
      <line num="261" count="659" type="stmt"/>
      <line num="262" count="659" type="stmt"/>
      <line num="263" count="661" type="stmt"/>
      <line num="264" count="674" type="stmt"/>
      <line num="270" count="1985" type="cond" truecount="1" falsecount="0"/>
      <line num="272" count="594" type="stmt"/>
      <line num="273" count="594" type="stmt"/>
      <line num="280" count="1985" type="cond" truecount="1" falsecount="0"/>
      <line num="281" count="1006" type="stmt"/>
      <line num="282" count="1006" type="stmt"/>
      <line num="289" count="1985" type="cond" truecount="1" falsecount="0"/>
      <line num="291" count="5" type="stmt"/>
      <line num="294" count="5" type="cond" truecount="1" falsecount="0"/>
      <line num="295" count="40" type="stmt"/>
      <line num="297" count="40" type="stmt"/>
      <line num="298" count="40" type="stmt"/>
      <line num="299" count="40" type="stmt"/>
      <line num="300" count="40" type="stmt"/>
      <line num="301" count="5" type="stmt"/>
      <line num="307" count="1985" type="cond" truecount="1" falsecount="0"/>
      <line num="309" count="8" type="stmt"/>
      <line num="310" count="8" type="stmt"/>
      <line num="311" count="8" type="stmt"/>
      <line num="312" count="8" type="stmt"/>
      <line num="315" count="8" type="stmt"/>
      <line num="317" count="8" type="stmt"/>
      <line num="318" count="8" type="stmt"/>
      <line num="319" count="8" type="stmt"/>
      <line num="320" count="8" type="stmt"/>
      <line num="321" count="8" type="stmt"/>
      <line num="324" count="8" type="stmt"/>
      <line num="326" count="8" type="stmt"/>
      <line num="327" count="8" type="stmt"/>
      <line num="328" count="1985" type="stmt"/>
    </file>
    <file name="router-link.ts" path="/home/runner/work/esmx/esmx/packages/router/src/router-link.ts">
      <metrics statements="156" coveredstatements="6" conditionals="0" coveredconditionals="0" methods="8" coveredmethods="0"/>
      <line num="10" count="2" type="stmt"/>
      <line num="11" count="2" type="stmt"/>
      <line num="12" count="2" type="stmt"/>
      <line num="13" count="2" type="stmt"/>
      <line num="14" count="2" type="stmt"/>
      <line num="18" count="0" type="stmt"/>
      <line num="19" count="0" type="stmt"/>
      <line num="20" count="0" type="stmt"/>
      <line num="21" count="0" type="stmt"/>
      <line num="25" count="0" type="stmt"/>
      <line num="26" count="0" type="stmt"/>
      <line num="27" count="0" type="stmt"/>
      <line num="28" count="0" type="stmt"/>
      <line num="29" count="0" type="stmt"/>
      <line num="34" count="0" type="stmt"/>
      <line num="35" count="0" type="stmt"/>
      <line num="36" count="0" type="stmt"/>
      <line num="37" count="0" type="stmt"/>
      <line num="38" count="0" type="stmt"/>
      <line num="39" count="0" type="stmt"/>
      <line num="40" count="0" type="stmt"/>
      <line num="41" count="0" type="stmt"/>
      <line num="52" count="0" type="stmt"/>
      <line num="54" count="0" type="stmt"/>
      <line num="56" count="0" type="stmt"/>
      <line num="58" count="0" type="stmt"/>
      <line num="61" count="0" type="stmt"/>
      <line num="63" count="0" type="stmt"/>
      <line num="64" count="0" type="stmt"/>
      <line num="69" count="0" type="stmt"/>
      <line num="70" count="0" type="stmt"/>
      <line num="71" count="0" type="stmt"/>
      <line num="72" count="0" type="stmt"/>
      <line num="73" count="0" type="stmt"/>
      <line num="74" count="0" type="stmt"/>
      <line num="76" count="0" type="stmt"/>
      <line num="77" count="0" type="stmt"/>
      <line num="78" count="0" type="stmt"/>
      <line num="79" count="0" type="stmt"/>
      <line num="80" count="0" type="stmt"/>
      <line num="81" count="0" type="stmt"/>
      <line num="82" count="0" type="stmt"/>
      <line num="83" count="0" type="stmt"/>
      <line num="84" count="0" type="stmt"/>
      <line num="85" count="0" type="stmt"/>
      <line num="86" count="0" type="stmt"/>
      <line num="87" count="0" type="stmt"/>
      <line num="88" count="0" type="stmt"/>
      <line num="89" count="0" type="stmt"/>
      <line num="90" count="0" type="stmt"/>
      <line num="91" count="0" type="stmt"/>
      <line num="92" count="0" type="stmt"/>
      <line num="93" count="0" type="stmt"/>
      <line num="94" count="0" type="stmt"/>
      <line num="95" count="0" type="stmt"/>
      <line num="96" count="0" type="stmt"/>
      <line num="97" count="0" type="stmt"/>
      <line num="98" count="0" type="stmt"/>
      <line num="99" count="0" type="stmt"/>
      <line num="100" count="0" type="stmt"/>
      <line num="101" count="0" type="stmt"/>
      <line num="106" count="0" type="stmt"/>
      <line num="107" count="0" type="stmt"/>
      <line num="108" count="0" type="stmt"/>
      <line num="109" count="0" type="stmt"/>
      <line num="110" count="0" type="stmt"/>
      <line num="111" count="0" type="stmt"/>
      <line num="112" count="0" type="stmt"/>
      <line num="113" count="0" type="stmt"/>
      <line num="114" count="0" type="stmt"/>
      <line num="116" count="0" type="stmt"/>
      <line num="117" count="0" type="stmt"/>
      <line num="118" count="0" type="stmt"/>
      <line num="123" count="0" type="stmt"/>
      <line num="124" count="0" type="stmt"/>
      <line num="125" count="0" type="stmt"/>
      <line num="126" count="0" type="stmt"/>
      <line num="127" count="0" type="stmt"/>
      <line num="128" count="0" type="stmt"/>
      <line num="129" count="0" type="stmt"/>
      <line num="130" count="0" type="stmt"/>
      <line num="132" count="0" type="stmt"/>
      <line num="135" count="0" type="stmt"/>
      <line num="136" count="0" type="stmt"/>
      <line num="137" count="0" type="stmt"/>
      <line num="138" count="0" type="stmt"/>
      <line num="139" count="0" type="stmt"/>
      <line num="140" count="0" type="stmt"/>
      <line num="141" count="0" type="stmt"/>
      <line num="143" count="0" type="stmt"/>
      <line num="144" count="0" type="stmt"/>
      <line num="145" count="0" type="stmt"/>
      <line num="146" count="0" type="stmt"/>
      <line num="149" count="0" type="stmt"/>
      <line num="150" count="0" type="stmt"/>
      <line num="151" count="0" type="stmt"/>
      <line num="154" count="0" type="stmt"/>
      <line num="155" count="0" type="stmt"/>
      <line num="156" count="0" type="stmt"/>
      <line num="157" count="0" type="stmt"/>
      <line num="158" count="0" type="stmt"/>
      <line num="159" count="0" type="stmt"/>
      <line num="160" count="0" type="stmt"/>
      <line num="161" count="0" type="stmt"/>
      <line num="162" count="0" type="stmt"/>
      <line num="163" count="0" type="stmt"/>
      <line num="165" count="0" type="stmt"/>
      <line num="166" count="0" type="stmt"/>
      <line num="171" count="0" type="stmt"/>
      <line num="172" count="0" type="stmt"/>
      <line num="173" count="0" type="stmt"/>
      <line num="176" count="0" type="stmt"/>
      <line num="177" count="0" type="stmt"/>
      <line num="178" count="0" type="stmt"/>
      <line num="180" count="0" type="stmt"/>
      <line num="181" count="0" type="stmt"/>
      <line num="182" count="0" type="stmt"/>
      <line num="183" count="0" type="stmt"/>
      <line num="184" count="0" type="stmt"/>
      <line num="185" count="0" type="stmt"/>
      <line num="187" count="0" type="stmt"/>
      <line num="188" count="0" type="stmt"/>
      <line num="189" count="0" type="stmt"/>
      <line num="198" count="2" type="stmt"/>
      <line num="199" count="0" type="stmt"/>
      <line num="200" count="0" type="stmt"/>
      <line num="201" count="0" type="stmt"/>
      <line num="202" count="0" type="stmt"/>
      <line num="203" count="0" type="stmt"/>
      <line num="204" count="0" type="stmt"/>
      <line num="206" count="0" type="stmt"/>
      <line num="207" count="0" type="stmt"/>
      <line num="208" count="0" type="stmt"/>
      <line num="210" count="0" type="stmt"/>
      <line num="212" count="0" type="stmt"/>
      <line num="213" count="0" type="stmt"/>
      <line num="214" count="0" type="stmt"/>
      <line num="215" count="0" type="stmt"/>
      <line num="216" count="0" type="stmt"/>
      <line num="217" count="0" type="stmt"/>
      <line num="218" count="0" type="stmt"/>
      <line num="219" count="0" type="stmt"/>
      <line num="221" count="0" type="stmt"/>
      <line num="222" count="0" type="stmt"/>
      <line num="224" count="0" type="stmt"/>
      <line num="225" count="0" type="stmt"/>
      <line num="226" count="0" type="stmt"/>
      <line num="227" count="0" type="stmt"/>
      <line num="228" count="0" type="stmt"/>
      <line num="229" count="0" type="stmt"/>
      <line num="230" count="0" type="stmt"/>
      <line num="231" count="0" type="stmt"/>
      <line num="232" count="0" type="stmt"/>
      <line num="233" count="0" type="stmt"/>
      <line num="234" count="0" type="stmt"/>
      <line num="235" count="0" type="stmt"/>
    </file>
    <file name="router.ts" path="/home/runner/work/esmx/esmx/packages/router/src/router.ts">
      <metrics statements="234" coveredstatements="129" conditionals="33" coveredconditionals="32" methods="24" coveredmethods="17"/>
      <line num="1" count="2" type="stmt"/>
      <line num="2" count="2" type="stmt"/>
      <line num="3" count="2" type="stmt"/>
      <line num="4" count="2" type="stmt"/>
      <line num="5" count="2" type="stmt"/>
      <line num="6" count="2" type="stmt"/>
      <line num="7" count="2" type="stmt"/>
      <line num="8" count="2" type="stmt"/>
      <line num="23" count="2" type="stmt"/>
      <line num="25" count="2" type="cond" truecount="1" falsecount="0"/>
      <line num="26" count="352" type="stmt"/>
      <line num="27" count="352" type="stmt"/>
      <line num="28" count="352" type="stmt"/>
      <line num="29" count="352" type="stmt"/>
      <line num="30" count="352" type="stmt"/>
      <line num="33" count="352" type="stmt"/>
      <line num="34" count="352" type="cond" truecount="1" falsecount="0"/>
      <line num="35" count="687" type="stmt"/>
      <line num="36" count="687" type="cond" truecount="0" falsecount="1"/>
      <line num="37" count="0" type="stmt"/>
      <line num="38" count="0" type="stmt"/>
      <line num="39" count="0" type="stmt"/>
      <line num="40" count="0" type="stmt"/>
      <line num="41" count="687" type="stmt"/>
      <line num="42" count="687" type="stmt"/>
      <line num="44" count="352" type="cond" truecount="1" falsecount="0"/>
      <line num="45" count="56" type="stmt"/>
      <line num="46" count="56" type="stmt"/>
      <line num="47" count="352" type="stmt"/>
      <line num="48" count="0" type="stmt"/>
      <line num="49" count="0" type="stmt"/>
      <line num="50" count="352" type="cond" truecount="1" falsecount="0"/>
      <line num="51" count="106" type="cond" truecount="1" falsecount="0"/>
      <line num="52" count="106" type="stmt"/>
      <line num="54" count="352" type="cond" truecount="1" falsecount="0"/>
      <line num="55" count="352" type="stmt"/>
      <line num="56" count="352" type="stmt"/>
      <line num="57" count="352" type="stmt"/>
      <line num="59" count="352" type="stmt"/>
      <line num="60" count="352" type="stmt"/>
      <line num="61" count="352" type="stmt"/>
      <line num="62" count="0" type="stmt"/>
      <line num="63" count="0" type="stmt"/>
      <line num="64" count="0" type="stmt"/>
      <line num="65" count="0" type="stmt"/>
      <line num="66" count="0" type="stmt"/>
      <line num="67" count="352" type="stmt"/>
      <line num="68" count="352" type="stmt"/>
      <line num="69" count="352" type="cond" truecount="1" falsecount="0"/>
      <line num="70" count="313" type="stmt"/>
      <line num="71" count="313" type="stmt"/>
      <line num="72" count="352" type="cond" truecount="1" falsecount="0"/>
      <line num="73" count="125" type="stmt"/>
      <line num="74" count="125" type="stmt"/>
      <line num="75" count="352" type="cond" truecount="1" falsecount="0"/>
      <line num="76" count="31" type="stmt"/>
      <line num="77" count="31" type="stmt"/>
      <line num="78" count="31" type="cond" truecount="1" falsecount="0"/>
      <line num="79" count="31" type="stmt"/>
      <line num="80" count="31" type="stmt"/>
      <line num="81" count="352" type="cond" truecount="1" falsecount="0"/>
      <line num="82" count="31" type="stmt"/>
      <line num="83" count="31" type="stmt"/>
      <line num="84" count="31" type="cond" truecount="1" falsecount="0"/>
      <line num="85" count="31" type="stmt"/>
      <line num="86" count="31" type="stmt"/>
      <line num="89" count="352" type="cond" truecount="1" falsecount="0"/>
      <line num="90" count="113" type="stmt"/>
      <line num="91" count="113" type="stmt"/>
      <line num="92" count="113" type="stmt"/>
      <line num="93" count="113" type="stmt"/>
      <line num="94" count="113" type="cond" truecount="1" falsecount="0"/>
      <line num="95" count="113" type="stmt"/>
      <line num="96" count="113" type="stmt"/>
      <line num="97" count="352" type="cond" truecount="1" falsecount="0"/>
      <line num="98" count="59" type="stmt"/>
      <line num="99" count="59" type="cond" truecount="1" falsecount="0"/>
      <line num="100" count="7" type="stmt"/>
      <line num="101" count="7" type="stmt"/>
      <line num="102" count="7" type="cond" truecount="1" falsecount="0"/>
      <line num="103" count="52" type="stmt"/>
      <line num="104" count="52" type="stmt"/>
      <line num="105" count="52" type="stmt"/>
      <line num="106" count="52" type="stmt"/>
      <line num="107" count="59" type="stmt"/>
      <line num="108" count="352" type="cond" truecount="1" falsecount="0"/>
      <line num="110" count="12" type="cond" truecount="1" falsecount="0"/>
      <line num="111" count="1" type="stmt"/>
      <line num="112" count="1" type="cond" truecount="1" falsecount="0"/>
      <line num="114" count="11" type="stmt"/>
      <line num="115" count="12" type="cond" truecount="1" falsecount="0"/>
      <line num="117" count="6" type="cond" truecount="1" falsecount="0"/>
      <line num="118" count="4" type="stmt"/>
      <line num="119" count="4" type="stmt"/>
      <line num="120" count="6" type="stmt"/>
      <line num="121" count="6" type="cond" truecount="1" falsecount="0"/>
      <line num="122" count="5" type="stmt"/>
      <line num="123" count="5" type="stmt"/>
      <line num="124" count="5" type="stmt"/>
      <line num="125" count="5" type="stmt"/>
      <line num="126" count="12" type="stmt"/>
      <line num="127" count="352" type="cond" truecount="1" falsecount="0"/>
      <line num="128" count="32" type="stmt"/>
      <line num="129" count="32" type="cond" truecount="1" falsecount="0"/>
      <line num="130" count="9" type="stmt"/>
      <line num="131" count="9" type="cond" truecount="1" falsecount="0"/>
      <line num="132" count="23" type="stmt"/>
      <line num="133" count="23" type="stmt"/>
      <line num="134" count="23" type="stmt"/>
      <line num="135" count="23" type="stmt"/>
      <line num="136" count="32" type="stmt"/>
      <line num="170" count="352" type="cond" truecount="1" falsecount="0"/>
      <line num="171" count="75" type="stmt"/>
      <line num="172" count="75" type="stmt"/>
      <line num="173" count="75" type="stmt"/>
      <line num="174" count="75" type="stmt"/>
      <line num="175" count="75" type="stmt"/>
      <line num="176" count="75" type="stmt"/>
      <line num="177" count="75" type="stmt"/>
      <line num="178" count="75" type="cond" truecount="2" falsecount="0"/>
      <line num="179" count="75" type="stmt"/>
      <line num="180" count="75" type="stmt"/>
      <line num="192" count="352" type="stmt"/>
      <line num="193" count="0" type="stmt"/>
      <line num="194" count="0" type="stmt"/>
      <line num="195" count="0" type="stmt"/>
      <line num="196" count="0" type="stmt"/>
      <line num="197" count="0" type="stmt"/>
      <line num="199" count="0" type="stmt"/>
      <line num="200" count="0" type="stmt"/>
      <line num="237" count="352" type="stmt"/>
      <line num="238" count="0" type="stmt"/>
      <line num="239" count="0" type="stmt"/>
      <line num="241" count="352" type="stmt"/>
      <line num="242" count="0" type="stmt"/>
      <line num="243" count="0" type="stmt"/>
      <line num="244" count="0" type="stmt"/>
      <line num="245" count="0" type="stmt"/>
      <line num="246" count="0" type="stmt"/>
      <line num="247" count="0" type="stmt"/>
      <line num="248" count="0" type="stmt"/>
      <line num="249" count="0" type="stmt"/>
      <line num="250" count="0" type="stmt"/>
      <line num="251" count="0" type="stmt"/>
      <line num="252" count="0" type="stmt"/>
      <line num="253" count="0" type="stmt"/>
      <line num="254" count="0" type="stmt"/>
      <line num="255" count="0" type="stmt"/>
      <line num="256" count="0" type="stmt"/>
      <line num="257" count="0" type="stmt"/>
      <line num="258" count="0" type="stmt"/>
      <line num="260" count="0" type="stmt"/>
      <line num="262" count="0" type="stmt"/>
      <line num="263" count="0" type="stmt"/>
      <line num="264" count="0" type="stmt"/>
      <line num="265" count="0" type="stmt"/>
      <line num="266" count="0" type="stmt"/>
      <line num="267" count="0" type="stmt"/>
      <line num="268" count="0" type="stmt"/>
      <line num="269" count="0" type="stmt"/>
      <line num="271" count="0" type="stmt"/>
      <line num="272" count="0" type="stmt"/>
      <line num="273" count="0" type="stmt"/>
      <line num="274" count="0" type="stmt"/>
      <line num="275" count="0" type="stmt"/>
      <line num="276" count="0" type="stmt"/>
      <line num="277" count="0" type="stmt"/>
      <line num="278" count="0" type="stmt"/>
      <line num="279" count="0" type="stmt"/>
      <line num="280" count="0" type="stmt"/>
      <line num="281" count="0" type="stmt"/>
      <line num="282" count="0" type="stmt"/>
      <line num="283" count="0" type="stmt"/>
      <line num="284" count="0" type="stmt"/>
      <line num="285" count="0" type="stmt"/>
      <line num="286" count="0" type="stmt"/>
      <line num="287" count="0" type="stmt"/>
      <line num="288" count="0" type="stmt"/>
      <line num="289" count="0" type="stmt"/>
      <line num="290" count="0" type="stmt"/>
      <line num="291" count="0" type="stmt"/>
      <line num="292" count="0" type="stmt"/>
      <line num="293" count="0" type="stmt"/>
      <line num="294" count="0" type="stmt"/>
      <line num="295" count="0" type="stmt"/>
      <line num="296" count="0" type="stmt"/>
      <line num="297" count="0" type="stmt"/>
      <line num="298" count="0" type="stmt"/>
      <line num="299" count="0" type="stmt"/>
      <line num="300" count="0" type="stmt"/>
      <line num="301" count="0" type="stmt"/>
      <line num="302" count="0" type="stmt"/>
      <line num="303" count="0" type="stmt"/>
      <line num="304" count="0" type="stmt"/>
      <line num="305" count="0" type="stmt"/>
      <line num="306" count="0" type="stmt"/>
      <line num="307" count="0" type="stmt"/>
      <line num="308" count="0" type="stmt"/>
      <line num="309" count="0" type="stmt"/>
      <line num="310" count="0" type="stmt"/>
      <line num="311" count="352" type="stmt"/>
      <line num="312" count="0" type="stmt"/>
      <line num="313" count="0" type="stmt"/>
      <line num="314" count="0" type="stmt"/>
      <line num="315" count="0" type="stmt"/>
      <line num="316" count="0" type="stmt"/>
      <line num="317" count="0" type="stmt"/>
      <line num="318" count="352" type="stmt"/>
      <line num="319" count="0" type="stmt"/>
      <line num="320" count="0" type="stmt"/>
      <line num="321" count="0" type="stmt"/>
      <line num="322" count="0" type="stmt"/>
      <line num="323" count="352" type="stmt"/>
      <line num="324" count="0" type="stmt"/>
      <line num="325" count="0" type="stmt"/>
      <line num="326" count="0" type="stmt"/>
      <line num="327" count="0" type="stmt"/>
      <line num="328" count="0" type="stmt"/>
      <line num="329" count="0" type="stmt"/>
      <line num="330" count="0" type="stmt"/>
      <line num="331" count="0" type="stmt"/>
      <line num="332" count="0" type="stmt"/>
      <line num="333" count="352" type="cond" truecount="1" falsecount="0"/>
      <line num="334" count="206" type="stmt"/>
      <line num="335" count="206" type="stmt"/>
      <line num="337" count="352" type="cond" truecount="1" falsecount="0"/>
      <line num="338" count="16" type="stmt"/>
      <line num="339" count="16" type="stmt"/>
      <line num="341" count="352" type="cond" truecount="1" falsecount="0"/>
      <line num="342" count="285" type="stmt"/>
      <line num="344" count="285" type="stmt"/>
      <line num="345" count="285" type="stmt"/>
      <line num="346" count="285" type="stmt"/>
      <line num="347" count="352" type="stmt"/>
    </file>
    <file name="types.ts" path="/home/runner/work/esmx/esmx/packages/router/src/types.ts">
      <metrics statements="14" coveredstatements="14" conditionals="2" coveredconditionals="2" methods="0" coveredmethods="0"/>
      <line num="17" count="2" type="cond" truecount="1" falsecount="0"/>
      <line num="18" count="2" type="stmt"/>
      <line num="19" count="2" type="stmt"/>
      <line num="22" count="2" type="cond" truecount="1" falsecount="0"/>
      <line num="23" count="2" type="stmt"/>
      <line num="24" count="2" type="stmt"/>
      <line num="25" count="2" type="stmt"/>
      <line num="26" count="2" type="stmt"/>
      <line num="27" count="2" type="stmt"/>
      <line num="28" count="2" type="stmt"/>
      <line num="29" count="2" type="stmt"/>
      <line num="30" count="2" type="stmt"/>
      <line num="31" count="2" type="stmt"/>
      <line num="32" count="2" type="stmt"/>
    </file>
    <file name="util.ts" path="/home/runner/work/esmx/esmx/packages/router/src/util.ts">
      <metrics statements="71" coveredstatements="71" conditionals="37" coveredconditionals="37" methods="7" coveredmethods="7"/>
      <line num="2" count="2" type="stmt"/>
      <line num="4" count="2" type="cond" truecount="1" falsecount="0"/>
      <line num="5" count="1125" type="stmt"/>
      <line num="6" count="1125" type="cond" truecount="1" falsecount="0"/>
      <line num="7" count="1123" type="cond" truecount="1" falsecount="0"/>
      <line num="8" count="1121" type="stmt"/>
      <line num="9" count="1121" type="cond" truecount="1" falsecount="0"/>
      <line num="10" count="11" type="cond" truecount="1" falsecount="0"/>
      <line num="11" count="1110" type="stmt"/>
      <line num="12" count="1121" type="stmt"/>
      <line num="14" count="1125" type="stmt"/>
      <line num="16" count="2" type="cond" truecount="1" falsecount="0"/>
      <line num="17" count="15553" type="stmt"/>
      <line num="18" count="15553" type="cond" truecount="2" falsecount="0"/>
      <line num="19" count="13738" type="stmt"/>
      <line num="21" count="15553" type="stmt"/>
      <line num="29" count="2" type="cond" truecount="1" falsecount="0"/>
      <line num="30" count="201" type="stmt"/>
      <line num="31" count="201" type="stmt"/>
      <line num="32" count="201" type="cond" truecount="1" falsecount="0"/>
      <line num="33" count="171" type="stmt"/>
      <line num="34" count="171" type="cond" truecount="1" falsecount="0"/>
      <line num="36" count="30" type="stmt"/>
      <line num="37" count="30" type="stmt"/>
      <line num="39" count="2" type="cond" truecount="1" falsecount="0"/>
      <line num="40" count="260" type="cond" truecount="2" falsecount="0"/>
      <line num="41" count="254" type="cond" truecount="1" falsecount="0"/>
      <line num="43" count="2" type="cond" truecount="2" falsecount="0"/>
      <line num="44" count="252" type="stmt"/>
      <line num="45" count="260" type="cond" truecount="2" falsecount="0"/>
      <line num="46" count="237" type="stmt"/>
      <line num="47" count="237" type="stmt"/>
      <line num="49" count="2" type="cond" truecount="1" falsecount="0"/>
      <line num="50" count="6020" type="stmt"/>
      <line num="51" count="6020" type="stmt"/>
      <line num="52" count="6020" type="stmt"/>
      <line num="53" count="6020" type="cond" truecount="1" falsecount="0"/>
      <line num="54" count="5001" type="cond" truecount="1" falsecount="0"/>
      <line num="55" count="4327" type="cond" truecount="1" falsecount="0"/>
      <line num="56" count="4312" type="stmt"/>
      <line num="58" count="6020" type="stmt"/>
      <line num="60" count="2" type="cond" truecount="1" falsecount="0"/>
      <line num="62" count="424" type="cond" truecount="1" falsecount="0"/>
      <line num="63" count="163" type="stmt"/>
      <line num="64" count="163" type="cond" truecount="2" falsecount="0"/>
      <line num="67" count="404" type="cond" truecount="1" falsecount="0"/>
      <line num="68" count="1" type="stmt"/>
      <line num="69" count="1" type="cond" truecount="1" falsecount="0"/>
      <line num="72" count="260" type="stmt"/>
      <line num="73" count="260" type="stmt"/>
      <line num="76" count="260" type="stmt"/>
      <line num="78" count="260" type="stmt"/>
      <line num="79" count="260" type="stmt"/>
      <line num="80" count="260" type="stmt"/>
      <line num="93" count="2" type="cond" truecount="1" falsecount="0"/>
      <line num="94" count="689" type="stmt"/>
      <line num="95" count="689" type="stmt"/>
      <line num="96" count="689" type="stmt"/>
      <line num="97" count="689" type="stmt"/>
      <line num="98" count="689" type="cond" truecount="3" falsecount="0"/>
      <line num="100" count="421" type="stmt"/>
      <line num="101" count="577" type="cond" truecount="1" falsecount="0"/>
      <line num="103" count="344" type="stmt"/>
      <line num="105" count="689" type="cond" truecount="1" falsecount="0"/>
      <line num="107" count="71" type="stmt"/>
      <line num="109" count="689" type="cond" truecount="1" falsecount="0"/>
      <line num="111" count="5" type="stmt"/>
      <line num="113" count="689" type="cond" truecount="1" falsecount="0"/>
      <line num="114" count="1" type="stmt"/>
      <line num="115" count="689" type="stmt"/>
      <line num="116" count="689" type="stmt"/>
    </file>
  </project>
</coverage>
