<?xml version="1.0" encoding="UTF-8"?>
<coverage generated="1753085435858" clover="3.2.0">
  <project timestamp="1753085435858" name="All files">
    <metrics statements="1611" coveredstatements="1452" conditionals="529" coveredconditionals="507" methods="137" coveredmethods="124" elements="2277" coveredelements="2083" complexity="0" loc="1611" ncloc="1611" packages="1" files="15" classes="15"/>
    <file name="error.ts" path="/home/runner/work/esmx/esmx/packages/router/src/error.ts">
      <metrics statements="74" coveredstatements="66" conditionals="11" coveredconditionals="10" methods="9" coveredmethods="8"/>
      <line num="3" count="2" type="stmt"/>
      <line num="4" count="2" type="cond" truecount="1" falsecount="0"/>
      <line num="5" count="50" type="stmt"/>
      <line num="6" count="50" type="stmt"/>
      <line num="8" count="2" type="cond" truecount="1" falsecount="0"/>
      <line num="9" count="50" type="stmt"/>
      <line num="10" count="50" type="stmt"/>
      <line num="11" count="50" type="stmt"/>
      <line num="12" count="50" type="stmt"/>
      <line num="13" count="50" type="stmt"/>
      <line num="14" count="50" type="stmt"/>
      <line num="15" count="50" type="stmt"/>
      <line num="16" count="50" type="stmt"/>
      <line num="17" count="50" type="stmt"/>
      <line num="18" count="50" type="stmt"/>
      <line num="19" count="50" type="stmt"/>
      <line num="20" count="2" type="stmt"/>
      <line num="22" count="2" type="stmt"/>
      <line num="23" count="2" type="cond" truecount="1" falsecount="0"/>
      <line num="25" count="2" type="cond" truecount="1" falsecount="0"/>
      <line num="26" count="24" type="stmt"/>
      <line num="27" count="24" type="stmt"/>
      <line num="28" count="24" type="stmt"/>
      <line num="29" count="24" type="stmt"/>
      <line num="30" count="24" type="stmt"/>
      <line num="31" count="24" type="stmt"/>
      <line num="32" count="24" type="stmt"/>
      <line num="33" count="24" type="stmt"/>
      <line num="34" count="24" type="stmt"/>
      <line num="35" count="2" type="stmt"/>
      <line num="37" count="2" type="stmt"/>
      <line num="38" count="2" type="cond" truecount="1" falsecount="0"/>
      <line num="39" count="16" type="stmt"/>
      <line num="41" count="2" type="cond" truecount="1" falsecount="0"/>
      <line num="42" count="16" type="stmt"/>
      <line num="43" count="16" type="stmt"/>
      <line num="44" count="16" type="stmt"/>
      <line num="45" count="16" type="stmt"/>
      <line num="46" count="16" type="stmt"/>
      <line num="47" count="16" type="stmt"/>
      <line num="48" count="16" type="cond" truecount="1" falsecount="0"/>
      <line num="49" count="13" type="cond" truecount="1" falsecount="0"/>
      <line num="50" count="3" type="stmt"/>
      <line num="51" count="16" type="cond" truecount="0" falsecount="1"/>
      <line num="52" count="16" type="stmt"/>
      <line num="53" count="16" type="stmt"/>
      <line num="54" count="16" type="stmt"/>
      <line num="55" count="16" type="stmt"/>
      <line num="56" count="16" type="stmt"/>
      <line num="57" count="2" type="stmt"/>
      <line num="59" count="2" type="stmt"/>
      <line num="60" count="2" type="cond" truecount="1" falsecount="0"/>
      <line num="62" count="2" type="cond" truecount="1" falsecount="0"/>
      <line num="63" count="10" type="stmt"/>
      <line num="64" count="10" type="stmt"/>
      <line num="65" count="10" type="stmt"/>
      <line num="66" count="10" type="stmt"/>
      <line num="67" count="10" type="stmt"/>
      <line num="68" count="10" type="stmt"/>
      <line num="69" count="10" type="stmt"/>
      <line num="70" count="10" type="stmt"/>
      <line num="71" count="10" type="stmt"/>
      <line num="72" count="2" type="stmt"/>
      <line num="74" count="2" type="stmt"/>
      <line num="75" count="2" type="stmt"/>
      <line num="76" count="0" type="stmt"/>
      <line num="77" count="0" type="stmt"/>
      <line num="78" count="0" type="stmt"/>
      <line num="79" count="0" type="stmt"/>
      <line num="80" count="0" type="stmt"/>
      <line num="81" count="0" type="stmt"/>
      <line num="82" count="0" type="stmt"/>
      <line num="83" count="0" type="stmt"/>
      <line num="84" count="2" type="stmt"/>
    </file>
    <file name="increment-id.ts" path="/home/runner/work/esmx/esmx/packages/router/src/increment-id.ts">
      <metrics statements="11" coveredstatements="11" conditionals="3" coveredconditionals="3" methods="3" coveredmethods="3"/>
      <line num="1" count="2" type="stmt"/>
      <line num="2" count="2" type="cond" truecount="1" falsecount="0"/>
      <line num="3" count="2" type="cond" truecount="1" falsecount="0"/>
      <line num="4" count="1047" type="stmt"/>
      <line num="5" count="1047" type="stmt"/>
      <line num="6" count="2" type="cond" truecount="1" falsecount="0"/>
      <line num="7" count="11623" type="stmt"/>
      <line num="8" count="11623" type="stmt"/>
      <line num="9" count="2" type="stmt"/>
      <line num="11" count="2" type="stmt"/>
      <line num="12" count="2" type="stmt"/>
    </file>
    <file name="index.ts" path="/home/runner/work/esmx/esmx/packages/router/src/index.ts">
      <metrics statements="4" coveredstatements="4" conditionals="0" coveredconditionals="0" methods="0" coveredmethods="0"/>
      <line num="1" count="2" type="stmt"/>
      <line num="2" count="2" type="stmt"/>
      <line num="3" count="2" type="stmt"/>
      <line num="45" count="2" type="stmt"/>
    </file>
    <file name="location.ts" path="/home/runner/work/esmx/esmx/packages/router/src/location.ts">
      <metrics statements="55" coveredstatements="55" conditionals="32" coveredconditionals="32" methods="2" coveredmethods="2"/>
      <line num="2" count="2" type="stmt"/>
      <line num="10" count="2" type="cond" truecount="1" falsecount="0"/>
      <line num="11" count="2861" type="cond" truecount="1" falsecount="0"/>
      <line num="12" count="1" type="stmt"/>
      <line num="13" count="1" type="cond" truecount="1" falsecount="0"/>
      <line num="16" count="2861" type="cond" truecount="1" falsecount="0"/>
      <line num="18" count="2" type="stmt"/>
      <line num="19" count="2" type="cond" truecount="1" falsecount="0"/>
      <line num="22" count="2861" type="cond" truecount="1" falsecount="0"/>
      <line num="23" count="2461" type="stmt"/>
      <line num="24" count="2461" type="stmt"/>
      <line num="26" count="2461" type="stmt"/>
      <line num="27" count="2461" type="stmt"/>
      <line num="28" count="2461" type="cond" truecount="2" falsecount="0"/>
      <line num="30" count="397" type="stmt"/>
      <line num="39" count="397" type="stmt"/>
      <line num="40" count="2567" type="cond" truecount="1" falsecount="0"/>
      <line num="42" count="284" type="stmt"/>
      <line num="43" count="284" type="stmt"/>
      <line num="44" count="2861" type="stmt"/>
      <line num="52" count="2" type="cond" truecount="1" falsecount="0"/>
      <line num="53" count="2525" type="cond" truecount="2" falsecount="0"/>
      <line num="54" count="1954" type="stmt"/>
      <line num="55" count="1954" type="cond" truecount="2" falsecount="0"/>
      <line num="56" count="2525" type="cond" truecount="2" falsecount="0"/>
      <line num="57" count="2525" type="stmt"/>
      <line num="60" count="2525" type="stmt"/>
      <line num="63" count="2525" type="cond" truecount="2" falsecount="0"/>
      <line num="64" count="18" type="cond" truecount="1" falsecount="0"/>
      <line num="65" count="34" type="cond" truecount="1" falsecount="0"/>
      <line num="66" count="33" type="stmt"/>
      <line num="67" count="33" type="stmt"/>
      <line num="68" count="18" type="stmt"/>
      <line num="69" count="18" type="cond" truecount="1" falsecount="0"/>
      <line num="72" count="2418" type="cond" truecount="1" falsecount="0"/>
      <line num="73" count="6" type="cond" truecount="1" falsecount="0"/>
      <line num="74" count="6" type="stmt"/>
      <line num="75" count="6" type="stmt"/>
      <line num="76" count="6" type="stmt"/>
      <line num="77" count="6" type="stmt"/>
      <line num="78" count="6" type="cond" truecount="1" falsecount="0"/>
      <line num="80" count="571" type="cond" truecount="1" falsecount="0"/>
      <line num="81" count="37" type="stmt"/>
      <line num="82" count="37" type="cond" truecount="2" falsecount="0"/>
      <line num="83" count="37" type="stmt"/>
      <line num="84" count="37" type="cond" truecount="2" falsecount="0"/>
      <line num="85" count="37" type="cond" truecount="1" falsecount="0"/>
      <line num="86" count="37" type="stmt"/>
      <line num="87" count="37" type="stmt"/>
      <line num="88" count="571" type="stmt"/>
      <line num="91" count="2418" type="cond" truecount="1" falsecount="0"/>
      <line num="92" count="11" type="stmt"/>
      <line num="93" count="11" type="cond" truecount="1" falsecount="0"/>
      <line num="95" count="571" type="stmt"/>
      <line num="96" count="571" type="stmt"/>
    </file>
    <file name="matcher.ts" path="/home/runner/work/esmx/esmx/packages/router/src/matcher.ts">
      <metrics statements="54" coveredstatements="54" conditionals="15" coveredconditionals="15" methods="4" coveredmethods="4"/>
      <line num="1" count="2" type="stmt"/>
      <line num="4" count="2" type="cond" truecount="1" falsecount="0"/>
      <line num="5" count="630" type="stmt"/>
      <line num="6" count="630" type="cond" truecount="1" falsecount="0"/>
      <line num="7" count="2587" type="stmt"/>
      <line num="8" count="2587" type="stmt"/>
      <line num="9" count="2587" type="stmt"/>
      <line num="10" count="2587" type="cond" truecount="1" falsecount="0"/>
      <line num="11" count="2641" type="stmt"/>
      <line num="12" count="2641" type="stmt"/>
      <line num="13" count="2641" type="cond" truecount="1" falsecount="0"/>
      <line num="15" count="4020" type="stmt"/>
      <line num="16" count="4020" type="cond" truecount="1" falsecount="0"/>
      <line num="17" count="54" type="stmt"/>
      <line num="18" count="4020" type="cond" truecount="1" falsecount="0"/>
      <line num="19" count="26" type="stmt"/>
      <line num="20" count="26" type="stmt"/>
      <line num="21" count="26" type="cond" truecount="1" falsecount="0"/>
      <line num="22" count="3994" type="stmt"/>
      <line num="23" count="4020" type="cond" truecount="1" falsecount="0"/>
      <line num="24" count="2470" type="stmt"/>
      <line num="25" count="2470" type="stmt"/>
      <line num="26" count="2470" type="stmt"/>
      <line num="27" count="2470" type="stmt"/>
      <line num="28" count="2470" type="stmt"/>
      <line num="29" count="2470" type="stmt"/>
      <line num="30" count="4020" type="cond" truecount="1" falsecount="0"/>
      <line num="31" count="145" type="stmt"/>
      <line num="32" count="2641" type="stmt"/>
      <line num="33" count="2587" type="stmt"/>
      <line num="34" count="2587" type="stmt"/>
      <line num="35" count="2587" type="stmt"/>
      <line num="36" count="630" type="stmt"/>
      <line num="38" count="727" type="cond" truecount="1" falsecount="0"/>
      <line num="39" count="727" type="stmt"/>
      <line num="40" count="727" type="stmt"/>
      <line num="41" count="727" type="stmt"/>
      <line num="42" count="727" type="cond" truecount="1" falsecount="0"/>
      <line num="43" count="2196" type="stmt"/>
      <line num="44" count="2196" type="stmt"/>
      <line num="45" count="2196" type="stmt"/>
      <line num="46" count="2196" type="stmt"/>
      <line num="47" count="2196" type="stmt"/>
      <line num="48" count="2196" type="stmt"/>
      <line num="49" count="2196" type="cond" truecount="1" falsecount="0"/>
      <line num="50" count="2196" type="cond" truecount="1" falsecount="0"/>
      <line num="51" count="97" type="cond" truecount="1" falsecount="0"/>
      <line num="52" count="2098" type="stmt"/>
      <line num="53" count="2196" type="stmt"/>
      <line num="54" count="727" type="stmt"/>
      <line num="55" count="727" type="stmt"/>
      <line num="57" count="2" type="cond" truecount="1" falsecount="0"/>
      <line num="58" count="2304" type="stmt"/>
      <line num="59" count="2304" type="stmt"/>
    </file>
    <file name="micro-app.ts" path="/home/runner/work/esmx/esmx/packages/router/src/micro-app.ts">
      <metrics statements="85" coveredstatements="83" conditionals="38" coveredconditionals="37" methods="5" coveredmethods="5"/>
      <line num="3" count="2" type="stmt"/>
      <line num="12" count="2" type="cond" truecount="1" falsecount="0"/>
      <line num="13" count="85" type="stmt"/>
      <line num="14" count="85" type="stmt"/>
      <line num="15" count="85" type="stmt"/>
      <line num="17" count="85" type="cond" truecount="1" falsecount="0"/>
      <line num="18" count="1" type="stmt"/>
      <line num="19" count="1" type="stmt"/>
      <line num="20" count="85" type="cond" truecount="2" falsecount="0"/>
      <line num="21" count="23" type="stmt"/>
      <line num="22" count="23" type="stmt"/>
      <line num="23" count="23" type="cond" truecount="0" falsecount="1"/>
      <line num="24" count="0" type="stmt"/>
      <line num="25" count="0" type="stmt"/>
      <line num="26" count="23" type="stmt"/>
      <line num="27" count="85" type="cond" truecount="1" falsecount="0"/>
      <line num="28" count="74" type="stmt"/>
      <line num="29" count="74" type="stmt"/>
      <line num="30" count="85" type="stmt"/>
      <line num="31" count="85" type="stmt"/>
      <line num="33" count="2" type="stmt"/>
      <line num="34" count="2" type="cond" truecount="1" falsecount="0"/>
      <line num="35" count="433" type="stmt"/>
      <line num="36" count="433" type="stmt"/>
      <line num="38" count="2" type="cond" truecount="1" falsecount="0"/>
      <line num="39" count="670" type="stmt"/>
      <line num="40" count="670" type="cond" truecount="2" falsecount="0"/>
      <line num="41" count="481" type="stmt"/>
      <line num="42" count="481" type="cond" truecount="2" falsecount="0"/>
      <line num="43" count="189" type="stmt"/>
      <line num="45" count="670" type="cond" truecount="2" falsecount="0"/>
      <line num="46" count="670" type="cond" truecount="3" falsecount="0"/>
      <line num="47" count="166" type="stmt"/>
      <line num="48" count="166" type="cond" truecount="1" falsecount="0"/>
      <line num="49" count="68" type="stmt"/>
      <line num="50" count="68" type="stmt"/>
      <line num="51" count="68" type="cond" truecount="1" falsecount="0"/>
      <line num="52" count="1" type="stmt"/>
      <line num="53" count="1" type="stmt"/>
      <line num="54" count="68" type="stmt"/>
      <line num="55" count="166" type="stmt"/>
      <line num="56" count="166" type="stmt"/>
      <line num="57" count="166" type="cond" truecount="1" falsecount="0"/>
      <line num="58" count="66" type="stmt"/>
      <line num="59" count="66" type="stmt"/>
      <line num="60" count="166" type="stmt"/>
      <line num="61" count="166" type="stmt"/>
      <line num="62" count="166" type="cond" truecount="1" falsecount="0"/>
      <line num="63" count="97" type="stmt"/>
      <line num="64" count="97" type="stmt"/>
      <line num="65" count="166" type="cond" truecount="1" falsecount="0"/>
      <line num="66" count="188" type="stmt"/>
      <line num="67" count="188" type="stmt"/>
      <line num="68" count="670" type="stmt"/>
      <line num="70" count="2" type="cond" truecount="1" falsecount="0"/>
      <line num="71" count="676" type="stmt"/>
      <line num="72" count="676" type="stmt"/>
      <line num="73" count="676" type="stmt"/>
      <line num="74" count="676" type="cond" truecount="1" falsecount="0"/>
      <line num="75" count="3" type="stmt"/>
      <line num="76" count="3" type="cond" truecount="1" falsecount="0"/>
      <line num="77" count="673" type="stmt"/>
      <line num="78" count="673" type="stmt"/>
      <line num="79" count="673" type="cond" truecount="1" falsecount="0"/>
      <line num="80" count="194" type="cond" truecount="1" falsecount="0"/>
      <line num="81" count="193" type="stmt"/>
      <line num="82" count="676" type="cond" truecount="1" falsecount="0"/>
      <line num="83" count="192" type="cond" truecount="1" falsecount="0"/>
      <line num="84" count="192" type="cond" truecount="2" falsecount="0"/>
      <line num="85" count="506" type="cond" truecount="2" falsecount="0"/>
      <line num="86" count="2" type="stmt"/>
      <line num="87" count="2" type="stmt"/>
      <line num="88" count="506" type="cond" truecount="2" falsecount="0"/>
      <line num="89" count="1" type="stmt"/>
      <line num="90" count="1" type="stmt"/>
      <line num="91" count="478" type="stmt"/>
      <line num="92" count="676" type="stmt"/>
      <line num="94" count="2" type="cond" truecount="1" falsecount="0"/>
      <line num="95" count="341" type="cond" truecount="1" falsecount="0"/>
      <line num="96" count="341" type="stmt"/>
      <line num="97" count="341" type="cond" truecount="1" falsecount="0"/>
      <line num="98" count="341" type="stmt"/>
      <line num="99" count="341" type="stmt"/>
      <line num="100" count="341" type="stmt"/>
      <line num="101" count="2" type="stmt"/>
    </file>
    <file name="navigation.ts" path="/home/runner/work/esmx/esmx/packages/router/src/navigation.ts">
      <metrics statements="168" coveredstatements="162" conditionals="68" coveredconditionals="65" methods="31" coveredmethods="28"/>
      <line num="1" count="2" type="stmt"/>
      <line num="2" count="2" type="stmt"/>
      <line num="12" count="2" type="stmt"/>
      <line num="14" count="2" type="stmt"/>
      <line num="15" count="2" type="cond" truecount="1" falsecount="0"/>
      <line num="16" count="415" type="stmt"/>
      <line num="17" count="415" type="stmt"/>
      <line num="18" count="415" type="stmt"/>
      <line num="20" count="415" type="stmt"/>
      <line num="22" count="2" type="cond" truecount="1" falsecount="0"/>
      <line num="23" count="415" type="stmt"/>
      <line num="24" count="415" type="stmt"/>
      <line num="25" count="415" type="stmt"/>
      <line num="26" count="415" type="stmt"/>
      <line num="27" count="415" type="cond" truecount="1" falsecount="0"/>
      <line num="28" count="133" type="cond" truecount="1" falsecount="0"/>
      <line num="29" count="282" type="stmt"/>
      <line num="30" count="415" type="cond" truecount="1" falsecount="0"/>
      <line num="31" count="87" type="cond" truecount="1" falsecount="0"/>
      <line num="32" count="87" type="stmt"/>
      <line num="33" count="87" type="stmt"/>
      <line num="34" count="415" type="stmt"/>
      <line num="35" count="415" type="cond" truecount="1" falsecount="0"/>
      <line num="36" count="283" type="cond" truecount="1" falsecount="0"/>
      <line num="37" count="132" type="stmt"/>
      <line num="38" count="415" type="stmt"/>
      <line num="39" count="415" type="stmt"/>
      <line num="40" count="415" type="stmt"/>
      <line num="41" count="415" type="stmt"/>
      <line num="42" count="2" type="cond" truecount="1" falsecount="0"/>
      <line num="43" count="4" type="stmt"/>
      <line num="44" count="4" type="stmt"/>
      <line num="46" count="2" type="cond" truecount="1" falsecount="0"/>
      <line num="47" count="374" type="stmt"/>
      <line num="48" count="374" type="stmt"/>
      <line num="49" count="374" type="stmt"/>
      <line num="50" count="374" type="stmt"/>
      <line num="51" count="374" type="stmt"/>
      <line num="52" count="374" type="cond" truecount="0" falsecount="1"/>
      <line num="53" count="374" type="stmt"/>
      <line num="54" count="374" type="stmt"/>
      <line num="55" count="374" type="stmt"/>
      <line num="56" count="374" type="stmt"/>
      <line num="57" count="374" type="stmt"/>
      <line num="59" count="2" type="cond" truecount="1" falsecount="0"/>
      <line num="60" count="300" type="stmt"/>
      <line num="61" count="300" type="stmt"/>
      <line num="62" count="300" type="stmt"/>
      <line num="63" count="300" type="stmt"/>
      <line num="64" count="300" type="cond" truecount="1" falsecount="0"/>
      <line num="65" count="300" type="stmt"/>
      <line num="66" count="300" type="cond" truecount="0" falsecount="1"/>
      <line num="67" count="300" type="cond" truecount="2" falsecount="0"/>
      <line num="68" count="300" type="stmt"/>
      <line num="69" count="300" type="stmt"/>
      <line num="70" count="300" type="stmt"/>
      <line num="71" count="300" type="stmt"/>
      <line num="73" count="2" type="cond" truecount="1" falsecount="0"/>
      <line num="74" count="374" type="stmt"/>
      <line num="75" count="374" type="stmt"/>
      <line num="77" count="2" type="cond" truecount="1" falsecount="0"/>
      <line num="78" count="300" type="stmt"/>
      <line num="79" count="300" type="stmt"/>
      <line num="81" count="2" type="stmt"/>
      <line num="82" count="0" type="stmt"/>
      <line num="83" count="0" type="stmt"/>
      <line num="85" count="2" type="stmt"/>
      <line num="86" count="0" type="stmt"/>
      <line num="87" count="0" type="stmt"/>
      <line num="89" count="2" type="stmt"/>
      <line num="90" count="0" type="stmt"/>
      <line num="91" count="0" type="stmt"/>
      <line num="93" count="2" type="cond" truecount="1" falsecount="0"/>
      <line num="94" count="111" type="cond" truecount="1" falsecount="0"/>
      <line num="95" count="6" type="stmt"/>
      <line num="96" count="6" type="cond" truecount="1" falsecount="0"/>
      <line num="97" count="105" type="cond" truecount="1" falsecount="0"/>
      <line num="98" count="105" type="cond" truecount="1" falsecount="0"/>
      <line num="99" count="185" type="stmt"/>
      <line num="100" count="185" type="cond" truecount="2" falsecount="0"/>
      <line num="101" count="185" type="cond" truecount="1" falsecount="0"/>
      <line num="102" count="185" type="stmt"/>
      <line num="103" count="105" type="stmt"/>
      <line num="104" count="105" type="stmt"/>
      <line num="105" count="105" type="stmt"/>
      <line num="106" count="111" type="stmt"/>
      <line num="107" count="2" type="cond" truecount="1" falsecount="0"/>
      <line num="108" count="111" type="cond" truecount="0" falsecount="1"/>
      <line num="109" count="111" type="stmt"/>
      <line num="110" count="2" type="cond" truecount="1" falsecount="0"/>
      <line num="111" count="1" type="stmt"/>
      <line num="112" count="1" type="stmt"/>
      <line num="113" count="2" type="cond" truecount="1" falsecount="0"/>
      <line num="114" count="1" type="stmt"/>
      <line num="115" count="1" type="stmt"/>
      <line num="117" count="2" type="cond" truecount="1" falsecount="0"/>
      <line num="118" count="348" type="cond" truecount="1" falsecount="0"/>
      <line num="119" count="348" type="stmt"/>
      <line num="120" count="348" type="stmt"/>
      <line num="121" count="2" type="stmt"/>
      <line num="123" count="2" type="stmt"/>
      <line num="124" count="2" type="cond" truecount="1" falsecount="0"/>
      <line num="125" count="310" type="stmt"/>
      <line num="126" count="310" type="cond" truecount="1" falsecount="0"/>
      <line num="127" count="568" type="stmt"/>
      <line num="128" count="568" type="cond" truecount="3" falsecount="0"/>
      <line num="129" count="565" type="stmt"/>
      <line num="130" count="568" type="stmt"/>
      <line num="131" count="310" type="stmt"/>
      <line num="132" count="310" type="stmt"/>
      <line num="135" count="2" type="cond" truecount="1" falsecount="0"/>
      <line num="136" count="223" type="cond" truecount="1" falsecount="0"/>
      <line num="137" count="223" type="stmt"/>
      <line num="138" count="2" type="cond" truecount="1" falsecount="0"/>
      <line num="139" count="19" type="cond" truecount="1" falsecount="0"/>
      <line num="140" count="19" type="stmt"/>
      <line num="142" count="2" type="cond" truecount="1" falsecount="0"/>
      <line num="143" count="310" type="stmt"/>
      <line num="144" count="310" type="stmt"/>
      <line num="145" count="2" type="cond" truecount="1" falsecount="0"/>
      <line num="146" count="698" type="stmt"/>
      <line num="147" count="698" type="stmt"/>
      <line num="149" count="2" type="cond" truecount="1" falsecount="0"/>
      <line num="150" count="591" type="stmt"/>
      <line num="151" count="591" type="stmt"/>
      <line num="152" count="591" type="stmt"/>
      <line num="153" count="591" type="stmt"/>
      <line num="155" count="591" type="stmt"/>
      <line num="156" count="591" type="cond" truecount="2" falsecount="0"/>
      <line num="157" count="591" type="stmt"/>
      <line num="158" count="591" type="stmt"/>
      <line num="160" count="2" type="cond" truecount="1" falsecount="0"/>
      <line num="161" count="211" type="stmt"/>
      <line num="162" count="211" type="stmt"/>
      <line num="163" count="211" type="stmt"/>
      <line num="164" count="211" type="stmt"/>
      <line num="165" count="211" type="stmt"/>
      <line num="166" count="211" type="cond" truecount="2" falsecount="0"/>
      <line num="167" count="210" type="stmt"/>
      <line num="168" count="211" type="cond" truecount="1" falsecount="0"/>
      <line num="169" count="211" type="stmt"/>
      <line num="171" count="2" type="cond" truecount="1" falsecount="0"/>
      <line num="172" count="6" type="stmt"/>
      <line num="173" count="6" type="stmt"/>
      <line num="174" count="2" type="cond" truecount="1" falsecount="0"/>
      <line num="175" count="2" type="stmt"/>
      <line num="176" count="2" type="stmt"/>
      <line num="177" count="2" type="cond" truecount="1" falsecount="0"/>
      <line num="178" count="139" type="cond" truecount="2" falsecount="0"/>
      <line num="179" count="135" type="stmt"/>
      <line num="180" count="139" type="cond" truecount="3" falsecount="0"/>
      <line num="181" count="113" type="stmt"/>
      <line num="182" count="113" type="stmt"/>
      <line num="184" count="113" type="cond" truecount="1" falsecount="0"/>
      <line num="185" count="113" type="cond" truecount="1" falsecount="0"/>
      <line num="186" count="113" type="stmt"/>
      <line num="187" count="139" type="stmt"/>
      <line num="189" count="2" type="cond" truecount="1" falsecount="0"/>
      <line num="190" count="316" type="cond" truecount="3" falsecount="0"/>
      <line num="191" count="312" type="stmt"/>
      <line num="192" count="312" type="cond" truecount="1" falsecount="0"/>
      <line num="193" count="316" type="stmt"/>
      <line num="194" count="2" type="stmt"/>
      <line num="196" count="132" type="cond" truecount="1" falsecount="0"/>
      <line num="199" count="132" type="cond" truecount="1" falsecount="0"/>
      <line num="200" count="132" type="stmt"/>
      <line num="201" count="132" type="cond" truecount="1" falsecount="0"/>
      <line num="202" count="132" type="stmt"/>
    </file>
    <file name="options.ts" path="/home/runner/work/esmx/esmx/packages/router/src/options.ts">
      <metrics statements="101" coveredstatements="96" conditionals="51" coveredconditionals="50" methods="3" coveredmethods="3"/>
      <line num="1" count="2" type="stmt"/>
      <line num="3" count="2" type="stmt"/>
      <line num="5" count="2" type="stmt"/>
      <line num="12" count="572" type="cond" truecount="1" falsecount="0"/>
      <line num="14" count="572" type="stmt"/>
      <line num="16" count="572" type="cond" truecount="1" falsecount="0"/>
      <line num="17" count="361" type="stmt"/>
      <line num="18" count="572" type="cond" truecount="2" falsecount="0"/>
      <line num="19" count="119" type="stmt"/>
      <line num="20" count="211" type="cond" truecount="2" falsecount="0"/>
      <line num="22" count="13" type="stmt"/>
      <line num="23" count="13" type="stmt"/>
      <line num="24" count="13" type="cond" truecount="1" falsecount="0"/>
      <line num="25" count="7" type="cond" truecount="1" falsecount="0"/>
      <line num="26" count="7" type="cond" truecount="1" falsecount="0"/>
      <line num="27" count="1" type="cond" truecount="1" falsecount="0"/>
      <line num="28" count="6" type="stmt"/>
      <line num="29" count="13" type="stmt"/>
      <line num="30" count="13" type="cond" truecount="1" falsecount="0"/>
      <line num="31" count="12" type="cond" truecount="1" falsecount="0"/>
      <line num="32" count="2" type="cond" truecount="1" falsecount="0"/>
      <line num="33" count="1" type="stmt"/>
      <line num="34" count="13" type="stmt"/>
      <line num="35" count="13" type="cond" truecount="1" falsecount="0"/>
      <line num="37" count="13" type="cond" truecount="2" falsecount="0"/>
      <line num="38" count="92" type="cond" truecount="1" falsecount="0"/>
      <line num="39" count="79" type="stmt"/>
      <line num="40" count="79" type="stmt"/>
      <line num="44" count="572" type="stmt"/>
      <line num="45" count="572" type="stmt"/>
      <line num="46" count="572" type="stmt"/>
      <line num="47" count="572" type="cond" truecount="0" falsecount="1"/>
      <line num="48" count="0" type="stmt"/>
      <line num="49" count="0" type="stmt"/>
      <line num="50" count="0" type="stmt"/>
      <line num="51" count="0" type="stmt"/>
      <line num="52" count="0" type="stmt"/>
      <line num="55" count="572" type="stmt"/>
      <line num="56" count="572" type="stmt"/>
      <line num="57" count="572" type="stmt"/>
      <line num="59" count="2" type="cond" truecount="1" falsecount="0"/>
      <line num="60" count="572" type="stmt"/>
      <line num="61" count="572" type="stmt"/>
      <line num="62" count="572" type="stmt"/>
      <line num="63" count="572" type="cond" truecount="1" falsecount="0"/>
      <line num="64" count="572" type="stmt"/>
      <line num="65" count="572" type="stmt"/>
      <line num="66" count="572" type="cond" truecount="1" falsecount="0"/>
      <line num="67" count="572" type="cond" truecount="1" falsecount="0"/>
      <line num="68" count="572" type="cond" truecount="1" falsecount="0"/>
      <line num="69" count="572" type="cond" truecount="1" falsecount="0"/>
      <line num="70" count="572" type="stmt"/>
      <line num="71" count="572" type="stmt"/>
      <line num="72" count="572" type="stmt"/>
      <line num="73" count="572" type="cond" truecount="1" falsecount="0"/>
      <line num="74" count="158" type="cond" truecount="2" falsecount="0"/>
      <line num="75" count="414" type="stmt"/>
      <line num="76" count="572" type="stmt"/>
      <line num="77" count="572" type="stmt"/>
      <line num="78" count="572" type="cond" truecount="1" falsecount="0"/>
      <line num="79" count="1" type="cond" truecount="1" falsecount="0"/>
      <line num="80" count="571" type="stmt"/>
      <line num="81" count="572" type="stmt"/>
      <line num="82" count="572" type="cond" truecount="2" falsecount="0"/>
      <line num="83" count="572" type="cond" truecount="1" falsecount="0"/>
      <line num="84" count="572" type="cond" truecount="2" falsecount="0"/>
      <line num="85" count="572" type="cond" truecount="2" falsecount="0"/>
      <line num="86" count="572" type="stmt"/>
      <line num="87" count="572" type="stmt"/>
      <line num="89" count="2" type="cond" truecount="1" falsecount="0"/>
      <line num="90" count="74" type="stmt"/>
      <line num="93" count="74" type="cond" truecount="2" falsecount="0"/>
      <line num="95" count="15" type="stmt"/>
      <line num="98" count="15" type="stmt"/>
      <line num="99" count="15" type="cond" truecount="2" falsecount="0"/>
      <line num="100" count="10" type="stmt"/>
      <line num="101" count="15" type="cond" truecount="2" falsecount="0"/>
      <line num="102" count="1" type="stmt"/>
      <line num="103" count="1" type="stmt"/>
      <line num="104" count="1" type="stmt"/>
      <line num="105" count="1" type="stmt"/>
      <line num="108" count="15" type="stmt"/>
      <line num="109" count="15" type="stmt"/>
      <line num="110" count="15" type="stmt"/>
      <line num="111" count="15" type="stmt"/>
      <line num="112" count="15" type="cond" truecount="1" falsecount="0"/>
      <line num="115" count="74" type="cond" truecount="1" falsecount="0"/>
      <line num="116" count="13" type="cond" truecount="1" falsecount="0"/>
      <line num="117" count="10" type="stmt"/>
      <line num="118" count="10" type="stmt"/>
      <line num="119" count="10" type="cond" truecount="1" falsecount="0"/>
      <line num="120" count="7" type="stmt"/>
      <line num="121" count="10" type="cond" truecount="1" falsecount="0"/>
      <line num="122" count="2" type="stmt"/>
      <line num="123" count="2" type="cond" truecount="1" falsecount="0"/>
      <line num="124" count="7" type="stmt"/>
      <line num="125" count="10" type="cond" truecount="1" falsecount="0"/>
      <line num="126" count="10" type="cond" truecount="1" falsecount="0"/>
      <line num="127" count="6" type="stmt"/>
      <line num="128" count="6" type="stmt"/>
      <line num="131" count="74" type="stmt"/>
    </file>
    <file name="route-task.ts" path="/home/runner/work/esmx/esmx/packages/router/src/route-task.ts">
      <metrics statements="65" coveredstatements="63" conditionals="32" coveredconditionals="31" methods="4" coveredmethods="4"/>
      <line num="1" count="2" type="stmt"/>
      <line num="7" count="2" type="stmt"/>
      <line num="10" count="2" type="stmt"/>
      <line num="15" count="2" type="stmt"/>
      <line num="16" count="2" type="cond" truecount="1" falsecount="0"/>
      <line num="21" count="2" type="cond" truecount="1" falsecount="0"/>
      <line num="22" count="696" type="stmt"/>
      <line num="23" count="696" type="stmt"/>
      <line num="25" count="2" type="cond" truecount="1" falsecount="0"/>
      <line num="26" count="10803" type="cond" truecount="1" falsecount="0"/>
      <line num="27" count="24" type="stmt"/>
      <line num="28" count="24" type="cond" truecount="1" falsecount="0"/>
      <line num="29" count="10779" type="stmt"/>
      <line num="30" count="10803" type="stmt"/>
      <line num="31" count="2" type="stmt"/>
      <line num="45" count="778" type="cond" truecount="1" falsecount="0"/>
      <line num="46" count="778" type="stmt"/>
      <line num="48" count="778" type="cond" truecount="1" falsecount="0"/>
      <line num="49" count="5426" type="cond" truecount="2" falsecount="0"/>
      <line num="50" count="2" type="stmt"/>
      <line num="51" count="2" type="cond" truecount="1" falsecount="0"/>
      <line num="53" count="5424" type="stmt"/>
      <line num="54" count="5424" type="stmt"/>
      <line num="55" count="5424" type="cond" truecount="1" falsecount="0"/>
      <line num="56" count="5426" type="cond" truecount="1" falsecount="0"/>
      <line num="57" count="16" type="stmt"/>
      <line num="58" count="16" type="cond" truecount="2" falsecount="0"/>
      <line num="60" count="5426" type="cond" truecount="2" falsecount="0"/>
      <line num="61" count="22" type="stmt"/>
      <line num="62" count="22" type="cond" truecount="1" falsecount="0"/>
      <line num="64" count="5386" type="cond" truecount="3" falsecount="0"/>
      <line num="65" count="3953" type="cond" truecount="1" falsecount="0"/>
      <line num="66" count="718" type="stmt"/>
      <line num="67" count="718" type="stmt"/>
      <line num="68" count="718" type="cond" truecount="3" falsecount="0"/>
      <line num="69" count="3190" type="cond" truecount="2" falsecount="0"/>
      <line num="70" count="10" type="stmt"/>
      <line num="71" count="10" type="cond" truecount="2" falsecount="0"/>
      <line num="72" count="6" type="stmt"/>
      <line num="73" count="6" type="stmt"/>
      <line num="74" count="6" type="stmt"/>
      <line num="75" count="6" type="stmt"/>
      <line num="76" count="6" type="stmt"/>
      <line num="77" count="6" type="stmt"/>
      <line num="78" count="3187" type="cond" truecount="0" falsecount="1"/>
      <line num="79" count="0" type="stmt"/>
      <line num="80" count="0" type="cond" truecount="1" falsecount="0"/>
      <line num="81" count="6" type="stmt"/>
      <line num="82" count="6" type="stmt"/>
      <line num="83" count="6" type="stmt"/>
      <line num="84" count="6" type="stmt"/>
      <line num="85" count="6" type="stmt"/>
      <line num="86" count="6" type="stmt"/>
      <line num="87" count="6" type="cond" truecount="1" falsecount="0"/>
      <line num="88" count="4" type="stmt"/>
      <line num="89" count="4" type="stmt"/>
      <line num="91" count="2" type="cond" truecount="1" falsecount="0"/>
      <line num="92" count="2" type="stmt"/>
      <line num="93" count="2" type="stmt"/>
      <line num="94" count="2" type="stmt"/>
      <line num="95" count="2" type="stmt"/>
      <line num="96" count="2" type="stmt"/>
      <line num="97" count="2" type="stmt"/>
      <line num="98" count="2" type="stmt"/>
      <line num="99" count="2" type="stmt"/>
    </file>
    <file name="route-transition.ts" path="/home/runner/work/esmx/esmx/packages/router/src/route-transition.ts">
      <metrics statements="319" coveredstatements="304" conditionals="91" coveredconditionals="82" methods="22" coveredmethods="21"/>
      <line num="1" count="2" type="stmt"/>
      <line num="2" count="2" type="stmt"/>
      <line num="8" count="2" type="stmt"/>
      <line num="17" count="2" type="stmt"/>
      <line num="28" count="2" type="stmt"/>
      <line num="29" count="2" type="cond" truecount="1" falsecount="0"/>
      <line num="30" count="757" type="stmt"/>
      <line num="31" count="757" type="stmt"/>
      <line num="32" count="757" type="stmt"/>
      <line num="33" count="757" type="stmt"/>
      <line num="34" count="757" type="cond" truecount="1" falsecount="0"/>
      <line num="35" count="15" type="stmt"/>
      <line num="36" count="15" type="stmt"/>
      <line num="37" count="757" type="stmt"/>
      <line num="39" count="2" type="cond" truecount="1" falsecount="0"/>
      <line num="40" count="543" type="stmt"/>
      <line num="41" count="543" type="stmt"/>
      <line num="42" count="543" type="stmt"/>
      <line num="43" count="543" type="stmt"/>
      <line num="44" count="543" type="cond" truecount="0" falsecount="1"/>
      <line num="45" count="543" type="cond" truecount="0" falsecount="1"/>
      <line num="46" count="0" type="stmt"/>
      <line num="47" count="0" type="stmt"/>
      <line num="48" count="543" type="stmt"/>
      <line num="50" count="2" type="cond" truecount="1" falsecount="0"/>
      <line num="51" count="659" type="stmt"/>
      <line num="52" count="659" type="stmt"/>
      <line num="53" count="659" type="stmt"/>
      <line num="54" count="659" type="stmt"/>
      <line num="55" count="659" type="stmt"/>
      <line num="56" count="659" type="cond" truecount="1" falsecount="0"/>
      <line num="57" count="661" type="stmt"/>
      <line num="58" count="661" type="cond" truecount="2" falsecount="0"/>
      <line num="59" count="12" type="stmt"/>
      <line num="60" count="12" type="cond" truecount="1" falsecount="0"/>
      <line num="61" count="6" type="stmt"/>
      <line num="62" count="6" type="stmt"/>
      <line num="63" count="6" type="stmt"/>
      <line num="64" count="6" type="stmt"/>
      <line num="65" count="6" type="stmt"/>
      <line num="66" count="6" type="stmt"/>
      <line num="67" count="12" type="stmt"/>
      <line num="68" count="659" type="stmt"/>
      <line num="69" count="659" type="cond" truecount="1" falsecount="0"/>
      <line num="70" count="659" type="stmt"/>
      <line num="72" count="2" type="cond" truecount="1" falsecount="0"/>
      <line num="73" count="696" type="stmt"/>
      <line num="74" count="696" type="stmt"/>
      <line num="75" count="696" type="stmt"/>
      <line num="76" count="696" type="stmt"/>
      <line num="77" count="696" type="cond" truecount="4" falsecount="0"/>
      <line num="80" count="356" type="stmt"/>
      <line num="81" count="356" type="cond" truecount="2" falsecount="0"/>
      <line num="82" count="356" type="stmt"/>
      <line num="85" count="543" type="cond" truecount="1" falsecount="0"/>
      <line num="86" count="287" type="stmt"/>
      <line num="87" count="287" type="cond" truecount="1" falsecount="0"/>
      <line num="88" count="2" type="stmt"/>
      <line num="89" count="2" type="cond" truecount="0" falsecount="1"/>
      <line num="90" count="0" type="stmt"/>
      <line num="91" count="0" type="stmt"/>
      <line num="92" count="2" type="stmt"/>
      <line num="93" count="287" type="cond" truecount="1" falsecount="0"/>
      <line num="94" count="696" type="stmt"/>
      <line num="96" count="2" type="cond" truecount="1" falsecount="0"/>
      <line num="97" count="666" type="stmt"/>
      <line num="98" count="666" type="stmt"/>
      <line num="99" count="666" type="stmt"/>
      <line num="100" count="666" type="stmt"/>
      <line num="101" count="666" type="cond" truecount="0" falsecount="1"/>
      <line num="104" count="666" type="stmt"/>
      <line num="105" count="666" type="cond" truecount="1" falsecount="0"/>
      <line num="106" count="668" type="cond" truecount="2" falsecount="0"/>
      <line num="107" count="666" type="stmt"/>
      <line num="110" count="666" type="cond" truecount="1" falsecount="0"/>
      <line num="111" count="601" type="cond" truecount="1" falsecount="0"/>
      <line num="112" count="36" type="stmt"/>
      <line num="113" count="36" type="cond" truecount="1" falsecount="0"/>
      <line num="114" count="7" type="stmt"/>
      <line num="115" count="7" type="stmt"/>
      <line num="116" count="36" type="stmt"/>
      <line num="117" count="601" type="cond" truecount="1" falsecount="0"/>
      <line num="118" count="666" type="stmt"/>
      <line num="120" count="2" type="cond" truecount="1" falsecount="0"/>
      <line num="121" count="666" type="stmt"/>
      <line num="122" count="666" type="stmt"/>
      <line num="123" count="666" type="stmt"/>
      <line num="124" count="666" type="stmt"/>
      <line num="127" count="666" type="cond" truecount="2" falsecount="0"/>
      <line num="130" count="666" type="cond" truecount="2" falsecount="1"/>
      <line num="131" count="66" type="stmt"/>
      <line num="132" count="66" type="cond" truecount="1" falsecount="0"/>
      <line num="133" count="66" type="stmt"/>
      <line num="134" count="66" type="cond" truecount="2" falsecount="1"/>
      <line num="137" count="209" type="cond" truecount="1" falsecount="0"/>
      <line num="139" count="55" type="stmt"/>
      <line num="140" count="55" type="cond" truecount="1" falsecount="0"/>
      <line num="141" count="1" type="stmt"/>
      <line num="142" count="1" type="cond" truecount="0" falsecount="1"/>
      <line num="143" count="0" type="stmt"/>
      <line num="144" count="0" type="stmt"/>
      <line num="145" count="1" type="stmt"/>
      <line num="146" count="55" type="stmt"/>
      <line num="147" count="55" type="stmt"/>
      <line num="148" count="666" type="stmt"/>
      <line num="150" count="2" type="cond" truecount="1" falsecount="0"/>
      <line num="151" count="721" type="stmt"/>
      <line num="152" count="721" type="stmt"/>
      <line num="153" count="721" type="stmt"/>
      <line num="154" count="721" type="stmt"/>
      <line num="156" count="721" type="stmt"/>
      <line num="157" count="721" type="cond" truecount="1" falsecount="0"/>
      <line num="158" count="70" type="cond" truecount="1" falsecount="0"/>
      <line num="159" count="70" type="cond" truecount="1" falsecount="0"/>
      <line num="160" count="6" type="stmt"/>
      <line num="161" count="6" type="stmt"/>
      <line num="162" count="70" type="cond" truecount="1" falsecount="0"/>
      <line num="163" count="721" type="stmt"/>
      <line num="165" count="2" type="cond" truecount="1" falsecount="0"/>
      <line num="166" count="697" type="stmt"/>
      <line num="167" count="697" type="stmt"/>
      <line num="168" count="697" type="stmt"/>
      <line num="169" count="697" type="stmt"/>
      <line num="170" count="697" type="cond" truecount="0" falsecount="1"/>
      <line num="171" count="0" type="stmt"/>
      <line num="172" count="0" type="stmt"/>
      <line num="173" count="0" type="stmt"/>
      <line num="174" count="0" type="stmt"/>
      <line num="175" count="0" type="stmt"/>
      <line num="177" count="697" type="stmt"/>
      <line num="178" count="697" type="cond" truecount="1" falsecount="0"/>
      <line num="179" count="358" type="stmt"/>
      <line num="180" count="697" type="cond" truecount="1" falsecount="0"/>
      <line num="181" count="123" type="stmt"/>
      <line num="182" count="697" type="cond" truecount="1" falsecount="0"/>
      <line num="183" count="94" type="stmt"/>
      <line num="184" count="697" type="cond" truecount="1" falsecount="0"/>
      <line num="185" count="22" type="stmt"/>
      <line num="186" count="697" type="cond" truecount="1" falsecount="0"/>
      <line num="187" count="22" type="stmt"/>
      <line num="188" count="697" type="cond" truecount="0" falsecount="1"/>
      <line num="189" count="0" type="stmt"/>
      <line num="190" count="697" type="cond" truecount="1" falsecount="0"/>
      <line num="191" count="78" type="stmt"/>
      <line num="192" count="697" type="stmt"/>
      <line num="193" count="697" type="stmt"/>
      <line num="194" count="2" type="stmt"/>
      <line num="202" count="2" type="stmt"/>
      <line num="203" count="2" type="cond" truecount="1" falsecount="0"/>
      <line num="204" count="358" type="stmt"/>
      <line num="205" count="358" type="stmt"/>
      <line num="206" count="358" type="cond" truecount="2" falsecount="0"/>
      <line num="207" count="356" type="stmt"/>
      <line num="208" count="356" type="stmt"/>
      <line num="209" count="358" type="cond" truecount="1" falsecount="0"/>
      <line num="210" count="2" type="stmt"/>
      <line num="211" count="2" type="stmt"/>
      <line num="212" count="2" type="stmt"/>
      <line num="213" count="358" type="stmt"/>
      <line num="214" count="2" type="cond" truecount="1" falsecount="0"/>
      <line num="215" count="123" type="stmt"/>
      <line num="216" count="123" type="stmt"/>
      <line num="217" count="123" type="stmt"/>
      <line num="218" count="123" type="stmt"/>
      <line num="219" count="123" type="stmt"/>
      <line num="220" count="2" type="cond" truecount="1" falsecount="0"/>
      <line num="221" count="94" type="stmt"/>
      <line num="222" count="94" type="stmt"/>
      <line num="223" count="94" type="stmt"/>
      <line num="224" count="94" type="stmt"/>
      <line num="225" count="94" type="stmt"/>
      <line num="226" count="2" type="cond" truecount="1" falsecount="0"/>
      <line num="227" count="22" type="stmt"/>
      <line num="228" count="22" type="stmt"/>
      <line num="229" count="2" type="cond" truecount="1" falsecount="0"/>
      <line num="230" count="22" type="stmt"/>
      <line num="231" count="22" type="stmt"/>
      <line num="232" count="2" type="stmt"/>
      <line num="233" count="0" type="stmt"/>
      <line num="234" count="0" type="stmt"/>
      <line num="235" count="0" type="stmt"/>
      <line num="236" count="2" type="cond" truecount="1" falsecount="0"/>
      <line num="237" count="78" type="stmt"/>
      <line num="238" count="78" type="stmt"/>
      <line num="239" count="78" type="stmt"/>
      <line num="240" count="78" type="stmt"/>
      <line num="241" count="78" type="stmt"/>
      <line num="242" count="78" type="stmt"/>
      <line num="243" count="78" type="stmt"/>
      <line num="244" count="2" type="stmt"/>
      <line num="261" count="2" type="stmt"/>
      <line num="262" count="2" type="stmt"/>
      <line num="263" count="2" type="stmt"/>
      <line num="264" count="2" type="stmt"/>
      <line num="265" count="2" type="stmt"/>
      <line num="266" count="2" type="stmt"/>
      <line num="267" count="2" type="stmt"/>
      <line num="268" count="2" type="stmt"/>
      <line num="269" count="2" type="stmt"/>
      <line num="270" count="2" type="stmt"/>
      <line num="271" count="2" type="stmt"/>
      <line num="273" count="2" type="stmt"/>
      <line num="274" count="2" type="stmt"/>
      <line num="275" count="2" type="stmt"/>
      <line num="276" count="2" type="stmt"/>
      <line num="277" count="2" type="stmt"/>
      <line num="278" count="2" type="stmt"/>
      <line num="279" count="2" type="stmt"/>
      <line num="280" count="2" type="stmt"/>
      <line num="281" count="2" type="stmt"/>
      <line num="282" count="2" type="stmt"/>
      <line num="283" count="2" type="stmt"/>
      <line num="284" count="2" type="stmt"/>
      <line num="285" count="2" type="stmt"/>
      <line num="287" count="2" type="stmt"/>
      <line num="291" count="2" type="stmt"/>
      <line num="292" count="2" type="stmt"/>
      <line num="294" count="2" type="stmt"/>
      <line num="295" count="2" type="stmt"/>
      <line num="296" count="2" type="stmt"/>
      <line num="297" count="2" type="stmt"/>
      <line num="298" count="2" type="stmt"/>
      <line num="302" count="2" type="stmt"/>
      <line num="303" count="2" type="stmt"/>
      <line num="304" count="2" type="stmt"/>
      <line num="305" count="2" type="stmt"/>
      <line num="306" count="2" type="stmt"/>
      <line num="308" count="2" type="stmt"/>
      <line num="312" count="2" type="stmt"/>
      <line num="313" count="2" type="stmt"/>
      <line num="314" count="2" type="stmt"/>
      <line num="315" count="2" type="stmt"/>
      <line num="317" count="2" type="stmt"/>
      <line num="318" count="2" type="stmt"/>
      <line num="319" count="2" type="stmt"/>
      <line num="320" count="2" type="stmt"/>
      <line num="321" count="2" type="stmt"/>
      <line num="322" count="2" type="stmt"/>
      <line num="323" count="2" type="stmt"/>
      <line num="325" count="2" type="stmt"/>
      <line num="326" count="2" type="stmt"/>
      <line num="328" count="2" type="stmt"/>
      <line num="329" count="2" type="stmt"/>
      <line num="330" count="2" type="stmt"/>
      <line num="331" count="2" type="stmt"/>
      <line num="332" count="2" type="stmt"/>
      <line num="333" count="2" type="stmt"/>
      <line num="334" count="2" type="stmt"/>
      <line num="335" count="2" type="stmt"/>
      <line num="342" count="2" type="stmt"/>
      <line num="343" count="2" type="cond" truecount="1" falsecount="0"/>
      <line num="345" count="404" type="stmt"/>
      <line num="348" count="404" type="stmt"/>
      <line num="351" count="404" type="stmt"/>
      <line num="352" count="404" type="stmt"/>
      <line num="353" count="404" type="stmt"/>
      <line num="354" count="404" type="stmt"/>
      <line num="356" count="2" type="cond" truecount="1" falsecount="0"/>
      <line num="357" count="404" type="stmt"/>
      <line num="358" count="404" type="stmt"/>
      <line num="360" count="2" type="cond" truecount="1" falsecount="0"/>
      <line num="361" count="206" type="stmt"/>
      <line num="362" count="206" type="cond" truecount="1" falsecount="0"/>
      <line num="363" count="212" type="stmt"/>
      <line num="364" count="212" type="stmt"/>
      <line num="365" count="206" type="stmt"/>
      <line num="367" count="2" type="cond" truecount="1" falsecount="0"/>
      <line num="368" count="16" type="stmt"/>
      <line num="369" count="16" type="cond" truecount="1" falsecount="0"/>
      <line num="370" count="11" type="stmt"/>
      <line num="371" count="11" type="stmt"/>
      <line num="372" count="16" type="stmt"/>
      <line num="374" count="2" type="cond" truecount="1" falsecount="0"/>
      <line num="375" count="337" type="cond" truecount="1" falsecount="0"/>
      <line num="376" count="337" type="stmt"/>
      <line num="377" count="337" type="stmt"/>
      <line num="379" count="2" type="cond" truecount="1" falsecount="0"/>
      <line num="380" count="752" type="stmt"/>
      <line num="381" count="752" type="stmt"/>
      <line num="382" count="752" type="stmt"/>
      <line num="383" count="752" type="cond" truecount="2" falsecount="0"/>
      <line num="384" count="752" type="stmt"/>
      <line num="385" count="752" type="stmt"/>
      <line num="386" count="752" type="stmt"/>
      <line num="387" count="752" type="stmt"/>
      <line num="388" count="752" type="stmt"/>
      <line num="389" count="752" type="cond" truecount="2" falsecount="0"/>
      <line num="390" count="752" type="stmt"/>
      <line num="391" count="752" type="stmt"/>
      <line num="392" count="752" type="cond" truecount="2" falsecount="0"/>
      <line num="393" count="712" type="stmt"/>
      <line num="394" count="712" type="cond" truecount="1" falsecount="0"/>
      <line num="395" count="708" type="cond" truecount="2" falsecount="0"/>
      <line num="397" count="708" type="stmt"/>
      <line num="398" count="708" type="cond" truecount="1" falsecount="0"/>
      <line num="399" count="23" type="stmt"/>
      <line num="400" count="23" type="stmt"/>
      <line num="401" count="708" type="cond" truecount="1" falsecount="0"/>
      <line num="403" count="708" type="stmt"/>
      <line num="404" count="752" type="stmt"/>
      <line num="406" count="2" type="cond" truecount="1" falsecount="0"/>
      <line num="407" count="752" type="cond" truecount="1" falsecount="0"/>
      <line num="408" count="752" type="stmt"/>
      <line num="409" count="752" type="stmt"/>
      <line num="410" count="752" type="cond" truecount="1" falsecount="0"/>
      <line num="411" count="80" type="stmt"/>
      <line num="412" count="752" type="cond" truecount="1" falsecount="0"/>
      <line num="413" count="5606" type="stmt"/>
      <line num="414" count="5606" type="stmt"/>
      <line num="415" count="752" type="stmt"/>
      <line num="417" count="752" type="stmt"/>
      <line num="418" count="752" type="stmt"/>
      <line num="419" count="752" type="stmt"/>
      <line num="420" count="752" type="stmt"/>
      <line num="421" count="752" type="stmt"/>
      <line num="422" count="752" type="stmt"/>
      <line num="423" count="752" type="stmt"/>
      <line num="424" count="752" type="stmt"/>
      <line num="425" count="2" type="stmt"/>
    </file>
    <file name="route.ts" path="/home/runner/work/esmx/esmx/packages/router/src/route.ts">
      <metrics statements="195" coveredstatements="191" conditionals="57" coveredconditionals="56" methods="15" coveredmethods="13"/>
      <line num="2" count="2" type="stmt"/>
      <line num="3" count="2" type="stmt"/>
      <line num="6" count="2" type="stmt"/>
      <line num="20" count="2" type="stmt"/>
      <line num="26" count="2" type="stmt"/>
      <line num="28" count="2" type="stmt"/>
      <line num="29" count="2" type="stmt"/>
      <line num="30" count="2" type="stmt"/>
      <line num="31" count="2" type="stmt"/>
      <line num="34" count="2" type="stmt"/>
      <line num="35" count="2" type="stmt"/>
      <line num="38" count="2" type="stmt"/>
      <line num="41" count="2" type="stmt"/>
      <line num="44" count="2" type="stmt"/>
      <line num="47" count="2" type="stmt"/>
      <line num="48" count="2" type="stmt"/>
      <line num="57" count="2" type="cond" truecount="1" falsecount="0"/>
      <line num="58" count="2500" type="stmt"/>
      <line num="59" count="2500" type="stmt"/>
      <line num="60" count="2500" type="stmt"/>
      <line num="61" count="2500" type="stmt"/>
      <line num="62" count="2500" type="stmt"/>
      <line num="63" count="2500" type="stmt"/>
      <line num="64" count="2500" type="cond" truecount="1" falsecount="0"/>
      <line num="65" count="554" type="cond" truecount="1" falsecount="0"/>
      <line num="66" count="6" type="stmt"/>
      <line num="67" count="2500" type="cond" truecount="1" falsecount="0"/>
      <line num="68" count="2495" type="stmt"/>
      <line num="69" count="2495" type="cond" truecount="1" falsecount="0"/>
      <line num="72" count="5" type="stmt"/>
      <line num="75" count="5" type="stmt"/>
      <line num="78" count="5" type="stmt"/>
      <line num="79" count="5" type="stmt"/>
      <line num="80" count="5" type="stmt"/>
      <line num="81" count="5" type="stmt"/>
      <line num="84" count="5" type="cond" truecount="1" falsecount="0"/>
      <line num="85" count="24" type="cond" truecount="1" falsecount="0"/>
      <line num="86" count="5" type="stmt"/>
      <line num="89" count="5" type="stmt"/>
      <line num="92" count="5" type="stmt"/>
      <line num="93" count="5" type="stmt"/>
      <line num="98" count="2" type="stmt"/>
      <line num="100" count="2" type="cond" truecount="1" falsecount="0"/>
      <line num="101" count="2507" type="stmt"/>
      <line num="102" count="2507" type="stmt"/>
      <line num="103" count="2507" type="stmt"/>
      <line num="106" count="2507" type="stmt"/>
      <line num="107" count="2507" type="stmt"/>
      <line num="108" count="2507" type="stmt"/>
      <line num="110" count="2507" type="stmt"/>
      <line num="112" count="2507" type="stmt"/>
      <line num="115" count="2507" type="stmt"/>
      <line num="116" count="2507" type="stmt"/>
      <line num="117" count="2507" type="stmt"/>
      <line num="118" count="2507" type="stmt"/>
      <line num="119" count="2507" type="stmt"/>
      <line num="120" count="2507" type="stmt"/>
      <line num="121" count="2507" type="stmt"/>
      <line num="122" count="2507" type="stmt"/>
      <line num="123" count="2507" type="stmt"/>
      <line num="124" count="2507" type="stmt"/>
      <line num="125" count="2507" type="stmt"/>
      <line num="126" count="2507" type="stmt"/>
      <line num="127" count="2507" type="stmt"/>
      <line num="128" count="2507" type="stmt"/>
      <line num="131" count="2" type="stmt"/>
      <line num="132" count="0" type="stmt"/>
      <line num="133" count="0" type="stmt"/>
      <line num="136" count="2" type="stmt"/>
      <line num="137" count="0" type="stmt"/>
      <line num="138" count="0" type="stmt"/>
      <line num="140" count="2" type="cond" truecount="1" falsecount="0"/>
      <line num="141" count="2507" type="stmt"/>
      <line num="142" count="2507" type="stmt"/>
      <line num="143" count="2507" type="stmt"/>
      <line num="144" count="2507" type="stmt"/>
      <line num="145" count="2507" type="stmt"/>
      <line num="146" count="2507" type="stmt"/>
      <line num="148" count="2507" type="stmt"/>
      <line num="149" count="2507" type="stmt"/>
      <line num="150" count="2507" type="stmt"/>
      <line num="151" count="2507" type="stmt"/>
      <line num="152" count="2507" type="stmt"/>
      <line num="154" count="2507" type="stmt"/>
      <line num="155" count="2507" type="stmt"/>
      <line num="156" count="2507" type="stmt"/>
      <line num="157" count="2507" type="stmt"/>
      <line num="158" count="2507" type="stmt"/>
      <line num="159" count="2507" type="cond" truecount="3" falsecount="0"/>
      <line num="161" count="2507" type="stmt"/>
      <line num="162" count="2507" type="cond" truecount="1" falsecount="0"/>
      <line num="163" count="2484" type="cond" truecount="1" falsecount="0"/>
      <line num="164" count="23" type="stmt"/>
      <line num="165" count="2507" type="cond" truecount="2" falsecount="0"/>
      <line num="166" count="2507" type="cond" truecount="2" falsecount="0"/>
      <line num="167" count="2507" type="cond" truecount="1" falsecount="0"/>
      <line num="168" count="554" type="cond" truecount="1" falsecount="0"/>
      <line num="169" count="1953" type="stmt"/>
      <line num="170" count="2507" type="stmt"/>
      <line num="171" count="2507" type="cond" truecount="3" falsecount="0"/>
      <line num="172" count="2507" type="stmt"/>
      <line num="173" count="2507" type="cond" truecount="1" falsecount="0"/>
      <line num="174" count="9" type="cond" truecount="1" falsecount="0"/>
      <line num="175" count="6" type="cond" truecount="1" falsecount="0"/>
      <line num="176" count="6" type="cond" truecount="1" falsecount="0"/>
      <line num="177" count="2501" type="stmt"/>
      <line num="178" count="2507" type="stmt"/>
      <line num="179" count="2507" type="cond" truecount="1" falsecount="0"/>
      <line num="180" count="2378" type="cond" truecount="1" falsecount="0"/>
      <line num="181" count="129" type="stmt"/>
      <line num="182" count="2507" type="cond" truecount="2" falsecount="0"/>
      <line num="185" count="2507" type="stmt"/>
      <line num="186" count="2507" type="cond" truecount="2" falsecount="0"/>
      <line num="187" count="500" type="stmt"/>
      <line num="188" count="500" type="stmt"/>
      <line num="189" count="2507" type="stmt"/>
      <line num="192" count="2507" type="cond" truecount="1" falsecount="0"/>
      <line num="193" count="173" type="stmt"/>
      <line num="194" count="173" type="stmt"/>
      <line num="195" count="173" type="stmt"/>
      <line num="196" count="2507" type="stmt"/>
      <line num="199" count="2507" type="cond" truecount="1" falsecount="0"/>
      <line num="200" count="2484" type="stmt"/>
      <line num="202" count="2484" type="stmt"/>
      <line num="203" count="2484" type="stmt"/>
      <line num="207" count="2507" type="cond" truecount="2" falsecount="0"/>
      <line num="208" count="17" type="stmt"/>
      <line num="209" count="17" type="stmt"/>
      <line num="215" count="2507" type="cond" truecount="1" falsecount="0"/>
      <line num="216" count="25070" type="stmt"/>
      <line num="217" count="25070" type="stmt"/>
      <line num="218" count="2507" type="stmt"/>
      <line num="220" count="2" type="cond" truecount="1" falsecount="0"/>
      <line num="221" count="73" type="stmt"/>
      <line num="222" count="73" type="stmt"/>
      <line num="225" count="2" type="cond" truecount="1" falsecount="0"/>
      <line num="226" count="2223" type="stmt"/>
      <line num="227" count="2223" type="stmt"/>
      <line num="229" count="2" type="cond" truecount="1" falsecount="0"/>
      <line num="230" count="727" type="stmt"/>
      <line num="231" count="727" type="stmt"/>
      <line num="233" count="2" type="cond" truecount="1" falsecount="0"/>
      <line num="234" count="11" type="stmt"/>
      <line num="235" count="11" type="stmt"/>
      <line num="237" count="2" type="cond" truecount="1" falsecount="0"/>
      <line num="238" count="710" type="stmt"/>
      <line num="239" count="710" type="stmt"/>
      <line num="244" count="2" type="cond" truecount="1" falsecount="0"/>
      <line num="245" count="733" type="cond" truecount="1" falsecount="0"/>
      <line num="246" count="7" type="stmt"/>
      <line num="247" count="7" type="stmt"/>
      <line num="248" count="7" type="cond" truecount="1" falsecount="0"/>
      <line num="249" count="726" type="stmt"/>
      <line num="250" count="726" type="cond" truecount="1" falsecount="0"/>
      <line num="252" count="720" type="stmt"/>
      <line num="253" count="720" type="stmt"/>
      <line num="254" count="720" type="stmt"/>
      <line num="255" count="720" type="stmt"/>
      <line num="256" count="720" type="cond" truecount="1" falsecount="0"/>
      <line num="257" count="2" type="stmt"/>
      <line num="258" count="2" type="stmt"/>
      <line num="259" count="2" type="stmt"/>
      <line num="260" count="2" type="cond" truecount="1" falsecount="0"/>
      <line num="261" count="718" type="stmt"/>
      <line num="262" count="718" type="stmt"/>
      <line num="263" count="720" type="stmt"/>
      <line num="264" count="733" type="stmt"/>
      <line num="271" count="2" type="cond" truecount="1" falsecount="0"/>
      <line num="272" count="653" type="stmt"/>
      <line num="273" count="653" type="stmt"/>
      <line num="280" count="2" type="cond" truecount="1" falsecount="0"/>
      <line num="282" count="6" type="stmt"/>
      <line num="285" count="6" type="cond" truecount="1" falsecount="0"/>
      <line num="286" count="60" type="cond" truecount="0" falsecount="1"/>
      <line num="288" count="60" type="stmt"/>
      <line num="289" count="60" type="stmt"/>
      <line num="290" count="60" type="stmt"/>
      <line num="291" count="6" type="stmt"/>
      <line num="297" count="2" type="cond" truecount="1" falsecount="0"/>
      <line num="299" count="395" type="stmt"/>
      <line num="300" count="395" type="stmt"/>
      <line num="301" count="395" type="stmt"/>
      <line num="302" count="395" type="cond" truecount="1" falsecount="0"/>
      <line num="303" count="395" type="cond" truecount="1" falsecount="0"/>
      <line num="304" count="395" type="cond" truecount="1" falsecount="0"/>
      <line num="305" count="395" type="stmt"/>
      <line num="308" count="395" type="stmt"/>
      <line num="310" count="395" type="stmt"/>
      <line num="311" count="395" type="stmt"/>
      <line num="312" count="395" type="stmt"/>
      <line num="313" count="395" type="stmt"/>
      <line num="314" count="395" type="stmt"/>
      <line num="316" count="395" type="stmt"/>
      <line num="317" count="395" type="stmt"/>
      <line num="318" count="2" type="stmt"/>
    </file>
    <file name="router-link.ts" path="/home/runner/work/esmx/esmx/packages/router/src/router-link.ts">
      <metrics statements="157" coveredstatements="157" conditionals="59" coveredconditionals="56" methods="8" coveredmethods="8"/>
      <line num="10" count="2" type="stmt"/>
      <line num="11" count="2" type="stmt"/>
      <line num="12" count="2" type="stmt"/>
      <line num="13" count="2" type="stmt"/>
      <line num="14" count="2" type="stmt"/>
      <line num="18" count="59" type="cond" truecount="1" falsecount="0"/>
      <line num="19" count="59" type="cond" truecount="1" falsecount="0"/>
      <line num="20" count="3" type="stmt"/>
      <line num="21" count="3" type="stmt"/>
      <line num="25" count="3" type="stmt"/>
      <line num="26" count="3" type="stmt"/>
      <line num="27" count="3" type="cond" truecount="1" falsecount="0"/>
      <line num="28" count="59" type="cond" truecount="1" falsecount="0"/>
      <line num="29" count="59" type="stmt"/>
      <line num="34" count="59" type="cond" truecount="1" falsecount="0"/>
      <line num="35" count="59" type="cond" truecount="2" falsecount="0"/>
      <line num="36" count="59" type="stmt"/>
      <line num="37" count="59" type="cond" truecount="1" falsecount="0"/>
      <line num="38" count="59" type="cond" truecount="1" falsecount="0"/>
      <line num="39" count="59" type="stmt"/>
      <line num="40" count="59" type="cond" truecount="2" falsecount="0"/>
      <line num="41" count="59" type="stmt"/>
      <line num="52" count="19" type="cond" truecount="1" falsecount="0"/>
      <line num="53" count="19" type="cond" truecount="0" falsecount="1"/>
      <line num="55" count="19" type="cond" truecount="5" falsecount="0"/>
      <line num="57" count="15" type="cond" truecount="2" falsecount="0"/>
      <line num="59" count="19" type="cond" truecount="2" falsecount="0"/>
      <line num="62" count="19" type="cond" truecount="1" falsecount="1"/>
      <line num="63" count="19" type="cond" truecount="1" falsecount="1"/>
      <line num="66" count="19" type="cond" truecount="2" falsecount="0"/>
      <line num="68" count="13" type="stmt"/>
      <line num="69" count="13" type="stmt"/>
      <line num="74" count="13" type="cond" truecount="1" falsecount="0"/>
      <line num="75" count="13" type="stmt"/>
      <line num="76" count="13" type="stmt"/>
      <line num="77" count="13" type="stmt"/>
      <line num="78" count="13" type="stmt"/>
      <line num="79" count="13" type="stmt"/>
      <line num="81" count="13" type="stmt"/>
      <line num="82" count="13" type="cond" truecount="1" falsecount="0"/>
      <line num="83" count="5" type="stmt"/>
      <line num="84" count="5" type="stmt"/>
      <line num="85" count="13" type="cond" truecount="1" falsecount="0"/>
      <line num="86" count="1" type="stmt"/>
      <line num="87" count="1" type="stmt"/>
      <line num="88" count="13" type="cond" truecount="1" falsecount="0"/>
      <line num="89" count="1" type="stmt"/>
      <line num="90" count="1" type="stmt"/>
      <line num="91" count="13" type="cond" truecount="1" falsecount="0"/>
      <line num="92" count="1" type="stmt"/>
      <line num="93" count="1" type="stmt"/>
      <line num="94" count="13" type="cond" truecount="1" falsecount="0"/>
      <line num="95" count="4" type="stmt"/>
      <line num="96" count="4" type="cond" truecount="1" falsecount="0"/>
      <line num="97" count="3" type="cond" truecount="1" falsecount="0"/>
      <line num="98" count="1" type="cond" truecount="1" falsecount="0"/>
      <line num="99" count="2" type="cond" truecount="1" falsecount="0"/>
      <line num="100" count="1" type="stmt"/>
      <line num="101" count="4" type="stmt"/>
      <line num="102" count="4" type="stmt"/>
      <line num="103" count="13" type="cond" truecount="1" falsecount="0"/>
      <line num="104" count="1" type="stmt"/>
      <line num="105" count="1" type="stmt"/>
      <line num="106" count="1" type="stmt"/>
      <line num="111" count="59" type="cond" truecount="1" falsecount="0"/>
      <line num="112" count="59" type="stmt"/>
      <line num="113" count="59" type="stmt"/>
      <line num="114" count="59" type="stmt"/>
      <line num="115" count="59" type="stmt"/>
      <line num="116" count="59" type="cond" truecount="1" falsecount="0"/>
      <line num="117" count="19" type="stmt"/>
      <line num="118" count="19" type="cond" truecount="2" falsecount="0"/>
      <line num="120" count="13" type="stmt"/>
      <line num="121" count="19" type="stmt"/>
      <line num="122" count="59" type="stmt"/>
      <line num="127" count="59" type="cond" truecount="1" falsecount="0"/>
      <line num="128" count="59" type="stmt"/>
      <line num="129" count="59" type="stmt"/>
      <line num="130" count="59" type="stmt"/>
      <line num="131" count="59" type="stmt"/>
      <line num="132" count="59" type="stmt"/>
      <line num="133" count="59" type="stmt"/>
      <line num="134" count="59" type="stmt"/>
      <line num="136" count="59" type="stmt"/>
      <line num="139" count="59" type="stmt"/>
      <line num="140" count="59" type="cond" truecount="1" falsecount="0"/>
      <line num="141" count="9" type="cond" truecount="1" falsecount="0"/>
      <line num="142" count="9" type="stmt"/>
      <line num="143" count="59" type="cond" truecount="1" falsecount="0"/>
      <line num="144" count="8" type="stmt"/>
      <line num="145" count="8" type="stmt"/>
      <line num="147" count="59" type="stmt"/>
      <line num="148" count="59" type="stmt"/>
      <line num="149" count="59" type="stmt"/>
      <line num="150" count="59" type="stmt"/>
      <line num="153" count="59" type="cond" truecount="1" falsecount="0"/>
      <line num="154" count="4" type="stmt"/>
      <line num="155" count="4" type="stmt"/>
      <line num="158" count="59" type="stmt"/>
      <line num="159" count="59" type="cond" truecount="1" falsecount="0"/>
      <line num="160" count="4" type="stmt"/>
      <line num="161" count="4" type="stmt"/>
      <line num="162" count="59" type="cond" truecount="1" falsecount="0"/>
      <line num="163" count="3" type="stmt"/>
      <line num="164" count="3" type="stmt"/>
      <line num="165" count="59" type="cond" truecount="1" falsecount="0"/>
      <line num="166" count="6" type="stmt"/>
      <line num="167" count="6" type="stmt"/>
      <line num="169" count="59" type="stmt"/>
      <line num="170" count="59" type="stmt"/>
      <line num="175" count="59" type="cond" truecount="1" falsecount="0"/>
      <line num="176" count="59" type="stmt"/>
      <line num="177" count="59" type="stmt"/>
      <line num="180" count="59" type="stmt"/>
      <line num="181" count="59" type="cond" truecount="1" falsecount="0"/>
      <line num="182" count="11" type="stmt"/>
      <line num="184" count="11" type="cond" truecount="1" falsecount="0"/>
      <line num="185" count="117" type="stmt"/>
      <line num="186" count="117" type="cond" truecount="2" falsecount="0"/>
      <line num="187" count="117" type="stmt"/>
      <line num="188" count="11" type="stmt"/>
      <line num="190" count="11" type="stmt"/>
      <line num="191" count="11" type="stmt"/>
      <line num="192" count="59" type="stmt"/>
      <line num="201" count="2" type="cond" truecount="1" falsecount="0"/>
      <line num="202" count="59" type="stmt"/>
      <line num="203" count="59" type="stmt"/>
      <line num="204" count="59" type="stmt"/>
      <line num="205" count="59" type="stmt"/>
      <line num="206" count="59" type="stmt"/>
      <line num="207" count="59" type="stmt"/>
      <line num="209" count="59" type="stmt"/>
      <line num="210" count="59" type="stmt"/>
      <line num="211" count="59" type="stmt"/>
      <line num="213" count="59" type="stmt"/>
      <line num="215" count="59" type="stmt"/>
      <line num="216" count="59" type="stmt"/>
      <line num="217" count="59" type="stmt"/>
      <line num="218" count="59" type="stmt"/>
      <line num="219" count="59" type="stmt"/>
      <line num="220" count="59" type="stmt"/>
      <line num="221" count="59" type="stmt"/>
      <line num="222" count="59" type="stmt"/>
      <line num="224" count="59" type="cond" truecount="1" falsecount="0"/>
      <line num="225" count="59" type="stmt"/>
      <line num="227" count="59" type="stmt"/>
      <line num="228" count="59" type="stmt"/>
      <line num="229" count="59" type="stmt"/>
      <line num="230" count="59" type="stmt"/>
      <line num="231" count="59" type="stmt"/>
      <line num="232" count="59" type="stmt"/>
      <line num="233" count="59" type="cond" truecount="1" falsecount="0"/>
      <line num="234" count="59" type="stmt"/>
      <line num="235" count="59" type="stmt"/>
      <line num="236" count="59" type="stmt"/>
      <line num="237" count="59" type="stmt"/>
      <line num="238" count="59" type="stmt"/>
    </file>
    <file name="router.ts" path="/home/runner/work/esmx/esmx/packages/router/src/router.ts">
      <metrics statements="238" coveredstatements="121" conditionals="33" coveredconditionals="31" methods="24" coveredmethods="18"/>
      <line num="1" count="2" type="stmt"/>
      <line num="2" count="2" type="stmt"/>
      <line num="3" count="2" type="stmt"/>
      <line num="4" count="2" type="stmt"/>
      <line num="5" count="2" type="stmt"/>
      <line num="6" count="2" type="stmt"/>
      <line num="7" count="2" type="stmt"/>
      <line num="8" count="2" type="stmt"/>
      <line num="22" count="2" type="stmt"/>
      <line num="24" count="2" type="stmt"/>
      <line num="25" count="2" type="cond" truecount="1" falsecount="0"/>
      <line num="26" count="404" type="stmt"/>
      <line num="27" count="404" type="stmt"/>
      <line num="28" count="404" type="stmt"/>
      <line num="29" count="404" type="stmt"/>
      <line num="32" count="404" type="stmt"/>
      <line num="33" count="2" type="cond" truecount="1" falsecount="0"/>
      <line num="34" count="821" type="stmt"/>
      <line num="35" count="821" type="cond" truecount="0" falsecount="1"/>
      <line num="36" count="0" type="stmt"/>
      <line num="37" count="0" type="stmt"/>
      <line num="38" count="0" type="stmt"/>
      <line num="39" count="0" type="stmt"/>
      <line num="40" count="821" type="stmt"/>
      <line num="41" count="821" type="stmt"/>
      <line num="43" count="2" type="cond" truecount="1" falsecount="0"/>
      <line num="44" count="56" type="stmt"/>
      <line num="45" count="56" type="stmt"/>
      <line num="46" count="2" type="stmt"/>
      <line num="47" count="0" type="stmt"/>
      <line num="48" count="0" type="stmt"/>
      <line num="49" count="2" type="cond" truecount="1" falsecount="0"/>
      <line num="50" count="106" type="cond" truecount="1" falsecount="0"/>
      <line num="51" count="106" type="stmt"/>
      <line num="53" count="2" type="cond" truecount="1" falsecount="0"/>
      <line num="54" count="404" type="stmt"/>
      <line num="55" count="404" type="stmt"/>
      <line num="56" count="404" type="stmt"/>
      <line num="58" count="404" type="stmt"/>
      <line num="59" count="404" type="stmt"/>
      <line num="60" count="404" type="stmt"/>
      <line num="61" count="0" type="stmt"/>
      <line num="62" count="0" type="stmt"/>
      <line num="63" count="0" type="stmt"/>
      <line num="64" count="0" type="stmt"/>
      <line num="65" count="0" type="stmt"/>
      <line num="66" count="404" type="stmt"/>
      <line num="67" count="404" type="stmt"/>
      <line num="69" count="2" type="cond" truecount="1" falsecount="0"/>
      <line num="70" count="372" type="stmt"/>
      <line num="71" count="372" type="stmt"/>
      <line num="72" count="2" type="cond" truecount="1" falsecount="0"/>
      <line num="73" count="125" type="stmt"/>
      <line num="74" count="125" type="stmt"/>
      <line num="75" count="2" type="cond" truecount="1" falsecount="0"/>
      <line num="76" count="31" type="stmt"/>
      <line num="77" count="31" type="stmt"/>
      <line num="78" count="2" type="cond" truecount="1" falsecount="0"/>
      <line num="79" count="31" type="stmt"/>
      <line num="80" count="31" type="stmt"/>
      <line num="81" count="2" type="cond" truecount="1" falsecount="0"/>
      <line num="82" count="113" type="stmt"/>
      <line num="83" count="113" type="stmt"/>
      <line num="84" count="113" type="cond" truecount="1" falsecount="0"/>
      <line num="85" count="113" type="stmt"/>
      <line num="86" count="113" type="stmt"/>
      <line num="88" count="2" type="cond" truecount="1" falsecount="0"/>
      <line num="89" count="59" type="stmt"/>
      <line num="90" count="59" type="cond" truecount="1" falsecount="0"/>
      <line num="91" count="7" type="stmt"/>
      <line num="92" count="7" type="stmt"/>
      <line num="93" count="7" type="cond" truecount="1" falsecount="0"/>
      <line num="94" count="52" type="stmt"/>
      <line num="95" count="52" type="stmt"/>
      <line num="96" count="52" type="stmt"/>
      <line num="97" count="52" type="stmt"/>
      <line num="98" count="59" type="stmt"/>
      <line num="99" count="2" type="cond" truecount="1" falsecount="0"/>
      <line num="101" count="12" type="cond" truecount="2" falsecount="0"/>
      <line num="103" count="11" type="stmt"/>
      <line num="104" count="12" type="cond" truecount="1" falsecount="0"/>
      <line num="106" count="6" type="cond" truecount="1" falsecount="0"/>
      <line num="107" count="4" type="stmt"/>
      <line num="108" count="4" type="stmt"/>
      <line num="109" count="6" type="stmt"/>
      <line num="110" count="6" type="cond" truecount="1" falsecount="0"/>
      <line num="111" count="5" type="stmt"/>
      <line num="112" count="5" type="stmt"/>
      <line num="113" count="5" type="stmt"/>
      <line num="114" count="5" type="stmt"/>
      <line num="115" count="12" type="stmt"/>
      <line num="116" count="2" type="cond" truecount="1" falsecount="0"/>
      <line num="117" count="32" type="stmt"/>
      <line num="118" count="32" type="cond" truecount="2" falsecount="0"/>
      <line num="119" count="23" type="stmt"/>
      <line num="120" count="23" type="stmt"/>
      <line num="121" count="23" type="stmt"/>
      <line num="122" count="23" type="stmt"/>
      <line num="123" count="32" type="stmt"/>
      <line num="158" count="2" type="cond" truecount="1" falsecount="0"/>
      <line num="159" count="134" type="stmt"/>
      <line num="160" count="134" type="stmt"/>
      <line num="161" count="134" type="stmt"/>
      <line num="162" count="134" type="stmt"/>
      <line num="163" count="134" type="cond" truecount="2" falsecount="0"/>
      <line num="164" count="134" type="stmt"/>
      <line num="165" count="134" type="stmt"/>
      <line num="177" count="2" type="cond" truecount="1" falsecount="0"/>
      <line num="178" count="118" type="stmt"/>
      <line num="179" count="118" type="stmt"/>
      <line num="180" count="118" type="stmt"/>
      <line num="181" count="118" type="stmt"/>
      <line num="182" count="118" type="cond" truecount="0" falsecount="1"/>
      <line num="184" count="118" type="stmt"/>
      <line num="185" count="118" type="stmt"/>
      <line num="222" count="2" type="stmt"/>
      <line num="223" count="0" type="stmt"/>
      <line num="224" count="0" type="stmt"/>
      <line num="226" count="2" type="stmt"/>
      <line num="227" count="0" type="stmt"/>
      <line num="228" count="0" type="stmt"/>
      <line num="229" count="0" type="stmt"/>
      <line num="230" count="0" type="stmt"/>
      <line num="232" count="0" type="stmt"/>
      <line num="233" count="0" type="stmt"/>
      <line num="235" count="0" type="stmt"/>
      <line num="236" count="0" type="stmt"/>
      <line num="237" count="0" type="stmt"/>
      <line num="238" count="0" type="stmt"/>
      <line num="240" count="0" type="stmt"/>
      <line num="241" count="0" type="stmt"/>
      <line num="242" count="0" type="stmt"/>
      <line num="243" count="0" type="stmt"/>
      <line num="244" count="0" type="stmt"/>
      <line num="245" count="0" type="stmt"/>
      <line num="246" count="0" type="stmt"/>
      <line num="247" count="0" type="stmt"/>
      <line num="248" count="0" type="stmt"/>
      <line num="249" count="0" type="stmt"/>
      <line num="250" count="0" type="stmt"/>
      <line num="251" count="0" type="stmt"/>
      <line num="252" count="0" type="stmt"/>
      <line num="253" count="0" type="stmt"/>
      <line num="254" count="0" type="stmt"/>
      <line num="255" count="0" type="stmt"/>
      <line num="256" count="0" type="stmt"/>
      <line num="257" count="0" type="stmt"/>
      <line num="258" count="0" type="stmt"/>
      <line num="259" count="0" type="stmt"/>
      <line num="260" count="0" type="stmt"/>
      <line num="261" count="0" type="stmt"/>
      <line num="262" count="0" type="stmt"/>
      <line num="263" count="0" type="stmt"/>
      <line num="264" count="0" type="stmt"/>
      <line num="265" count="0" type="stmt"/>
      <line num="266" count="0" type="stmt"/>
      <line num="267" count="0" type="stmt"/>
      <line num="268" count="0" type="stmt"/>
      <line num="269" count="0" type="stmt"/>
      <line num="270" count="0" type="stmt"/>
      <line num="271" count="0" type="stmt"/>
      <line num="272" count="0" type="stmt"/>
      <line num="273" count="0" type="stmt"/>
      <line num="274" count="0" type="stmt"/>
      <line num="275" count="0" type="stmt"/>
      <line num="276" count="0" type="stmt"/>
      <line num="277" count="0" type="stmt"/>
      <line num="278" count="0" type="stmt"/>
      <line num="279" count="0" type="stmt"/>
      <line num="280" count="0" type="stmt"/>
      <line num="281" count="0" type="stmt"/>
      <line num="283" count="0" type="stmt"/>
      <line num="284" count="0" type="stmt"/>
      <line num="285" count="0" type="stmt"/>
      <line num="286" count="0" type="stmt"/>
      <line num="287" count="0" type="stmt"/>
      <line num="288" count="0" type="stmt"/>
      <line num="289" count="0" type="stmt"/>
      <line num="290" count="0" type="stmt"/>
      <line num="291" count="0" type="stmt"/>
      <line num="292" count="0" type="stmt"/>
      <line num="293" count="0" type="stmt"/>
      <line num="294" count="0" type="stmt"/>
      <line num="295" count="0" type="stmt"/>
      <line num="296" count="0" type="stmt"/>
      <line num="297" count="0" type="stmt"/>
      <line num="298" count="0" type="stmt"/>
      <line num="299" count="0" type="stmt"/>
      <line num="300" count="0" type="stmt"/>
      <line num="301" count="0" type="stmt"/>
      <line num="302" count="0" type="stmt"/>
      <line num="303" count="0" type="stmt"/>
      <line num="304" count="0" type="stmt"/>
      <line num="305" count="0" type="stmt"/>
      <line num="306" count="0" type="stmt"/>
      <line num="307" count="0" type="stmt"/>
      <line num="308" count="0" type="stmt"/>
      <line num="309" count="0" type="stmt"/>
      <line num="310" count="0" type="stmt"/>
      <line num="311" count="0" type="stmt"/>
      <line num="312" count="0" type="stmt"/>
      <line num="313" count="0" type="stmt"/>
      <line num="314" count="0" type="stmt"/>
      <line num="315" count="0" type="stmt"/>
      <line num="316" count="0" type="stmt"/>
      <line num="317" count="0" type="stmt"/>
      <line num="318" count="2" type="stmt"/>
      <line num="319" count="0" type="stmt"/>
      <line num="320" count="0" type="stmt"/>
      <line num="321" count="0" type="stmt"/>
      <line num="322" count="0" type="stmt"/>
      <line num="323" count="0" type="stmt"/>
      <line num="324" count="2" type="stmt"/>
      <line num="325" count="0" type="stmt"/>
      <line num="326" count="0" type="stmt"/>
      <line num="327" count="0" type="stmt"/>
      <line num="329" count="2" type="stmt"/>
      <line num="330" count="0" type="stmt"/>
      <line num="331" count="0" type="stmt"/>
      <line num="332" count="0" type="stmt"/>
      <line num="333" count="0" type="stmt"/>
      <line num="334" count="0" type="stmt"/>
      <line num="335" count="0" type="stmt"/>
      <line num="336" count="0" type="stmt"/>
      <line num="337" count="0" type="stmt"/>
      <line num="338" count="0" type="stmt"/>
      <line num="340" count="2" type="cond" truecount="1" falsecount="0"/>
      <line num="341" count="206" type="stmt"/>
      <line num="342" count="206" type="stmt"/>
      <line num="343" count="2" type="cond" truecount="1" falsecount="0"/>
      <line num="344" count="16" type="stmt"/>
      <line num="345" count="16" type="stmt"/>
      <line num="347" count="2" type="cond" truecount="1" falsecount="0"/>
      <line num="348" count="337" type="stmt"/>
      <line num="349" count="337" type="stmt"/>
      <line num="350" count="337" type="stmt"/>
      <line num="351" count="337" type="stmt"/>
      <line num="352" count="2" type="stmt"/>
    </file>
    <file name="types.ts" path="/home/runner/work/esmx/esmx/packages/router/src/types.ts">
      <metrics statements="14" coveredstatements="14" conditionals="2" coveredconditionals="2" methods="0" coveredmethods="0"/>
      <line num="17" count="2" type="cond" truecount="1" falsecount="0"/>
      <line num="18" count="2" type="stmt"/>
      <line num="19" count="2" type="stmt"/>
      <line num="22" count="2" type="cond" truecount="1" falsecount="0"/>
      <line num="23" count="2" type="stmt"/>
      <line num="24" count="2" type="stmt"/>
      <line num="25" count="2" type="stmt"/>
      <line num="26" count="2" type="stmt"/>
      <line num="27" count="2" type="stmt"/>
      <line num="28" count="2" type="stmt"/>
      <line num="29" count="2" type="stmt"/>
      <line num="30" count="2" type="stmt"/>
      <line num="31" count="2" type="stmt"/>
      <line num="32" count="2" type="stmt"/>
    </file>
    <file name="util.ts" path="/home/runner/work/esmx/esmx/packages/router/src/util.ts">
      <metrics statements="71" coveredstatements="71" conditionals="37" coveredconditionals="37" methods="7" coveredmethods="7"/>
      <line num="2" count="2" type="stmt"/>
      <line num="4" count="2" type="cond" truecount="1" falsecount="0"/>
      <line num="5" count="1129" type="stmt"/>
      <line num="6" count="1129" type="cond" truecount="1" falsecount="0"/>
      <line num="7" count="1128" type="cond" truecount="1" falsecount="0"/>
      <line num="8" count="1126" type="stmt"/>
      <line num="9" count="1126" type="cond" truecount="1" falsecount="0"/>
      <line num="10" count="11" type="cond" truecount="1" falsecount="0"/>
      <line num="11" count="1115" type="stmt"/>
      <line num="12" count="1126" type="stmt"/>
      <line num="14" count="1129" type="stmt"/>
      <line num="16" count="2" type="cond" truecount="1" falsecount="0"/>
      <line num="17" count="19619" type="stmt"/>
      <line num="18" count="19619" type="cond" truecount="2" falsecount="0"/>
      <line num="19" count="15788" type="stmt"/>
      <line num="21" count="19619" type="stmt"/>
      <line num="29" count="2" type="cond" truecount="1" falsecount="0"/>
      <line num="30" count="600" type="stmt"/>
      <line num="31" count="600" type="stmt"/>
      <line num="32" count="600" type="cond" truecount="1" falsecount="0"/>
      <line num="33" count="570" type="stmt"/>
      <line num="34" count="570" type="cond" truecount="1" falsecount="0"/>
      <line num="36" count="30" type="stmt"/>
      <line num="37" count="30" type="stmt"/>
      <line num="39" count="2" type="cond" truecount="1" falsecount="0"/>
      <line num="40" count="260" type="cond" truecount="2" falsecount="0"/>
      <line num="41" count="254" type="cond" truecount="1" falsecount="0"/>
      <line num="43" count="2" type="cond" truecount="2" falsecount="0"/>
      <line num="44" count="252" type="stmt"/>
      <line num="45" count="260" type="cond" truecount="2" falsecount="0"/>
      <line num="46" count="237" type="stmt"/>
      <line num="47" count="237" type="stmt"/>
      <line num="49" count="2" type="cond" truecount="1" falsecount="0"/>
      <line num="50" count="7115" type="stmt"/>
      <line num="51" count="7115" type="stmt"/>
      <line num="52" count="7115" type="stmt"/>
      <line num="53" count="7115" type="cond" truecount="1" falsecount="0"/>
      <line num="54" count="6096" type="cond" truecount="1" falsecount="0"/>
      <line num="55" count="5363" type="cond" truecount="1" falsecount="0"/>
      <line num="56" count="5348" type="stmt"/>
      <line num="58" count="7115" type="stmt"/>
      <line num="60" count="2" type="cond" truecount="1" falsecount="0"/>
      <line num="62" count="483" type="cond" truecount="1" falsecount="0"/>
      <line num="63" count="215" type="stmt"/>
      <line num="64" count="215" type="cond" truecount="2" falsecount="0"/>
      <line num="67" count="463" type="cond" truecount="1" falsecount="0"/>
      <line num="68" count="1" type="stmt"/>
      <line num="69" count="1" type="cond" truecount="1" falsecount="0"/>
      <line num="72" count="267" type="stmt"/>
      <line num="73" count="267" type="stmt"/>
      <line num="76" count="267" type="stmt"/>
      <line num="78" count="267" type="stmt"/>
      <line num="79" count="267" type="stmt"/>
      <line num="80" count="267" type="stmt"/>
      <line num="93" count="2" type="cond" truecount="1" falsecount="0"/>
      <line num="94" count="866" type="stmt"/>
      <line num="95" count="866" type="stmt"/>
      <line num="96" count="866" type="stmt"/>
      <line num="97" count="866" type="stmt"/>
      <line num="98" count="866" type="cond" truecount="3" falsecount="0"/>
      <line num="100" count="546" type="stmt"/>
      <line num="101" count="754" type="cond" truecount="1" falsecount="0"/>
      <line num="103" count="351" type="stmt"/>
      <line num="105" count="866" type="cond" truecount="1" falsecount="0"/>
      <line num="107" count="130" type="stmt"/>
      <line num="109" count="866" type="cond" truecount="1" falsecount="0"/>
      <line num="111" count="64" type="stmt"/>
      <line num="113" count="866" type="cond" truecount="1" falsecount="0"/>
      <line num="114" count="1" type="stmt"/>
      <line num="115" count="866" type="stmt"/>
      <line num="116" count="866" type="stmt"/>
    </file>
  </project>
</coverage>
