{"/home/runner/work/esmx/esmx/packages/router/src/error.ts": {"path":"/home/runner/work/esmx/esmx/packages/router/src/error.ts","all":false,"statementMap":{"0":{"start":{"line":3,"column":0},"end":{"line":3,"column":39}},"1":{"start":{"line":4,"column":0},"end":{"line":4,"column":33}},"2":{"start":{"line":5,"column":0},"end":{"line":5,"column":30}},"3":{"start":{"line":6,"column":0},"end":{"line":6,"column":39}},"4":{"start":{"line":8,"column":0},"end":{"line":8,"column":16}},"5":{"start":{"line":9,"column":0},"end":{"line":9,"column":24}},"6":{"start":{"line":10,"column":0},"end":{"line":10,"column":21}},"7":{"start":{"line":11,"column":0},"end":{"line":11,"column":18}},"8":{"start":{"line":12,"column":0},"end":{"line":12,"column":33}},"9":{"start":{"line":13,"column":0},"end":{"line":13,"column":7}},"10":{"start":{"line":14,"column":0},"end":{"line":14,"column":23}},"11":{"start":{"line":15,"column":0},"end":{"line":15,"column":33}},"12":{"start":{"line":16,"column":0},"end":{"line":16,"column":25}},"13":{"start":{"line":17,"column":0},"end":{"line":17,"column":21}},"14":{"start":{"line":18,"column":0},"end":{"line":18,"column":25}},"15":{"start":{"line":19,"column":0},"end":{"line":19,"column":5}},"16":{"start":{"line":20,"column":0},"end":{"line":20,"column":1}},"17":{"start":{"line":22,"column":0},"end":{"line":22,"column":57}},"18":{"start":{"line":23,"column":0},"end":{"line":23,"column":37}},"19":{"start":{"line":25,"column":0},"end":{"line":25,"column":73}},"20":{"start":{"line":26,"column":0},"end":{"line":26,"column":14}},"21":{"start":{"line":27,"column":0},"end":{"line":27,"column":53}},"22":{"start":{"line":28,"column":0},"end":{"line":28,"column":35}},"23":{"start":{"line":29,"column":0},"end":{"line":29,"column":15}},"24":{"start":{"line":30,"column":0},"end":{"line":30,"column":16}},"25":{"start":{"line":31,"column":0},"end":{"line":31,"column":10}},"26":{"start":{"line":32,"column":0},"end":{"line":32,"column":46}},"27":{"start":{"line":33,"column":0},"end":{"line":33,"column":33}},"28":{"start":{"line":34,"column":0},"end":{"line":34,"column":5}},"29":{"start":{"line":35,"column":0},"end":{"line":35,"column":1}},"30":{"start":{"line":37,"column":0},"end":{"line":37,"column":57}},"31":{"start":{"line":38,"column":0},"end":{"line":38,"column":37}},"32":{"start":{"line":39,"column":0},"end":{"line":39,"column":41}},"33":{"start":{"line":41,"column":0},"end":{"line":41,"column":16}},"34":{"start":{"line":42,"column":0},"end":{"line":42,"column":25}},"35":{"start":{"line":43,"column":0},"end":{"line":43,"column":18}},"36":{"start":{"line":44,"column":0},"end":{"line":44,"column":34}},"37":{"start":{"line":45,"column":0},"end":{"line":45,"column":31}},"38":{"start":{"line":46,"column":0},"end":{"line":46,"column":7}},"39":{"start":{"line":47,"column":0},"end":{"line":47,"column":21}},"40":{"start":{"line":48,"column":0},"end":{"line":48,"column":42}},"41":{"start":{"line":49,"column":0},"end":{"line":49,"column":31}},"42":{"start":{"line":50,"column":0},"end":{"line":50,"column":51}},"43":{"start":{"line":51,"column":0},"end":{"line":51,"column":102}},"44":{"start":{"line":52,"column":0},"end":{"line":52,"column":63}},"45":{"start":{"line":53,"column":0},"end":{"line":53,"column":46}},"46":{"start":{"line":54,"column":0},"end":{"line":54,"column":33}},"47":{"start":{"line":55,"column":0},"end":{"line":55,"column":35}},"48":{"start":{"line":56,"column":0},"end":{"line":56,"column":5}},"49":{"start":{"line":57,"column":0},"end":{"line":57,"column":1}},"50":{"start":{"line":59,"column":0},"end":{"line":59,"column":61}},"51":{"start":{"line":60,"column":0},"end":{"line":60,"column":37}},"52":{"start":{"line":62,"column":0},"end":{"line":62,"column":73}},"53":{"start":{"line":63,"column":0},"end":{"line":63,"column":14}},"54":{"start":{"line":64,"column":0},"end":{"line":64,"column":59}},"55":{"start":{"line":65,"column":0},"end":{"line":65,"column":39}},"56":{"start":{"line":66,"column":0},"end":{"line":66,"column":15}},"57":{"start":{"line":67,"column":0},"end":{"line":67,"column":16}},"58":{"start":{"line":68,"column":0},"end":{"line":68,"column":10}},"59":{"start":{"line":69,"column":0},"end":{"line":69,"column":50}},"60":{"start":{"line":70,"column":0},"end":{"line":70,"column":33}},"61":{"start":{"line":71,"column":0},"end":{"line":71,"column":5}},"62":{"start":{"line":72,"column":0},"end":{"line":72,"column":1}},"63":{"start":{"line":74,"column":0},"end":{"line":74,"column":59}},"64":{"start":{"line":75,"column":0},"end":{"line":75,"column":73}},"65":{"start":{"line":76,"column":0},"end":{"line":76,"column":14}},"66":{"start":{"line":77,"column":0},"end":{"line":77,"column":81}},"67":{"start":{"line":78,"column":0},"end":{"line":78,"column":37}},"68":{"start":{"line":79,"column":0},"end":{"line":79,"column":15}},"69":{"start":{"line":80,"column":0},"end":{"line":80,"column":16}},"70":{"start":{"line":81,"column":0},"end":{"line":81,"column":10}},"71":{"start":{"line":82,"column":0},"end":{"line":82,"column":48}},"72":{"start":{"line":83,"column":0},"end":{"line":83,"column":5}},"73":{"start":{"line":84,"column":0},"end":{"line":84,"column":1}}},"s":{"0":2,"1":50,"2":50,"3":50,"4":50,"5":50,"6":50,"7":50,"8":50,"9":50,"10":50,"11":50,"12":50,"13":50,"14":50,"15":50,"16":50,"17":2,"18":24,"19":24,"20":24,"21":24,"22":24,"23":24,"24":24,"25":24,"26":24,"27":24,"28":24,"29":24,"30":2,"31":16,"32":16,"33":16,"34":16,"35":16,"36":16,"37":16,"38":16,"39":16,"40":16,"41":13,"42":3,"43":16,"44":16,"45":16,"46":16,"47":16,"48":16,"49":16,"50":2,"51":10,"52":10,"53":10,"54":10,"55":10,"56":10,"57":10,"58":10,"59":10,"60":10,"61":10,"62":10,"63":2,"64":2,"65":0,"66":0,"67":0,"68":0,"69":0,"70":0,"71":0,"72":0,"73":2},"branchMap":{"0":{"type":"branch","line":3,"loc":{"start":{"line":3,"column":38},"end":{"line":20,"column":1}},"locations":[{"start":{"line":3,"column":38},"end":{"line":20,"column":1}}]},"1":{"type":"branch","line":8,"loc":{"start":{"line":8,"column":4},"end":{"line":19,"column":5}},"locations":[{"start":{"line":8,"column":4},"end":{"line":19,"column":5}}]},"2":{"type":"branch","line":22,"loc":{"start":{"line":22,"column":56},"end":{"line":35,"column":1}},"locations":[{"start":{"line":22,"column":56},"end":{"line":35,"column":1}}]},"3":{"type":"branch","line":25,"loc":{"start":{"line":25,"column":4},"end":{"line":34,"column":5}},"locations":[{"start":{"line":25,"column":4},"end":{"line":34,"column":5}}]},"4":{"type":"branch","line":37,"loc":{"start":{"line":37,"column":56},"end":{"line":57,"column":1}},"locations":[{"start":{"line":37,"column":56},"end":{"line":57,"column":1}}]},"5":{"type":"branch","line":41,"loc":{"start":{"line":41,"column":4},"end":{"line":56,"column":5}},"locations":[{"start":{"line":41,"column":4},"end":{"line":56,"column":5}}]},"6":{"type":"branch","line":49,"loc":{"start":{"line":49,"column":18},"end":{"line":50,"column":51}},"locations":[{"start":{"line":49,"column":18},"end":{"line":50,"column":51}}]},"7":{"type":"branch","line":51,"loc":{"start":{"line":51,"column":92},"end":{"line":51,"column":99}},"locations":[{"start":{"line":51,"column":92},"end":{"line":51,"column":99}}]},"8":{"type":"branch","line":59,"loc":{"start":{"line":59,"column":60},"end":{"line":72,"column":1}},"locations":[{"start":{"line":59,"column":60},"end":{"line":72,"column":1}}]},"9":{"type":"branch","line":62,"loc":{"start":{"line":62,"column":4},"end":{"line":71,"column":5}},"locations":[{"start":{"line":62,"column":4},"end":{"line":71,"column":5}}]},"10":{"type":"branch","line":48,"loc":{"start":{"line":48,"column":37},"end":{"line":49,"column":31}},"locations":[{"start":{"line":48,"column":37},"end":{"line":49,"column":31}}]}},"b":{"0":[50],"1":[50],"2":[24],"3":[24],"4":[16],"5":[16],"6":[3],"7":[0],"8":[10],"9":[10],"10":[13]},"fnMap":{"0":{"name":"<instance_members_initializer>","decl":{"start":{"line":3,"column":38},"end":{"line":20,"column":1}},"loc":{"start":{"line":3,"column":38},"end":{"line":20,"column":1}},"line":3},"1":{"name":"RouteError","decl":{"start":{"line":8,"column":4},"end":{"line":19,"column":5}},"loc":{"start":{"line":8,"column":4},"end":{"line":19,"column":5}},"line":8},"2":{"name":"<instance_members_initializer>","decl":{"start":{"line":22,"column":56},"end":{"line":35,"column":1}},"loc":{"start":{"line":22,"column":56},"end":{"line":35,"column":1}},"line":22},"3":{"name":"RouteTaskCancelledError","decl":{"start":{"line":25,"column":4},"end":{"line":34,"column":5}},"loc":{"start":{"line":25,"column":4},"end":{"line":34,"column":5}},"line":25},"4":{"name":"<instance_members_initializer>","decl":{"start":{"line":37,"column":56},"end":{"line":57,"column":1}},"loc":{"start":{"line":37,"column":56},"end":{"line":57,"column":1}},"line":37},"5":{"name":"RouteTaskExecutionError","decl":{"start":{"line":41,"column":4},"end":{"line":56,"column":5}},"loc":{"start":{"line":41,"column":4},"end":{"line":56,"column":5}},"line":41},"6":{"name":"<instance_members_initializer>","decl":{"start":{"line":59,"column":60},"end":{"line":72,"column":1}},"loc":{"start":{"line":59,"column":60},"end":{"line":72,"column":1}},"line":59},"7":{"name":"RouteNavigationAbortedError","decl":{"start":{"line":62,"column":4},"end":{"line":71,"column":5}},"loc":{"start":{"line":62,"column":4},"end":{"line":71,"column":5}},"line":62},"8":{"name":"RouteSelfRedirectionError","decl":{"start":{"line":75,"column":4},"end":{"line":83,"column":5}},"loc":{"start":{"line":75,"column":4},"end":{"line":83,"column":5}},"line":75}},"f":{"0":50,"1":50,"2":24,"3":24,"4":16,"5":16,"6":10,"7":10,"8":0}}
,"/home/runner/work/esmx/esmx/packages/router/src/increment-id.ts": {"path":"/home/runner/work/esmx/esmx/packages/router/src/increment-id.ts","all":false,"statementMap":{"0":{"start":{"line":1,"column":0},"end":{"line":1,"column":26}},"1":{"start":{"line":2,"column":0},"end":{"line":2,"column":22}},"2":{"start":{"line":3,"column":0},"end":{"line":3,"column":30}},"3":{"start":{"line":4,"column":0},"end":{"line":4,"column":33}},"4":{"start":{"line":5,"column":0},"end":{"line":5,"column":5}},"5":{"start":{"line":6,"column":0},"end":{"line":6,"column":19}},"6":{"start":{"line":7,"column":0},"end":{"line":7,"column":28}},"7":{"start":{"line":8,"column":0},"end":{"line":8,"column":5}},"8":{"start":{"line":9,"column":0},"end":{"line":9,"column":1}},"9":{"start":{"line":11,"column":0},"end":{"line":11,"column":41}},"10":{"start":{"line":12,"column":0},"end":{"line":12,"column":42}}},"s":{"0":2,"1":51,"2":51,"3":1047,"4":1047,"5":51,"6":11564,"7":11564,"8":51,"9":2,"10":2},"branchMap":{"0":{"type":"branch","line":1,"loc":{"start":{"line":1,"column":25},"end":{"line":9,"column":1}},"locations":[{"start":{"line":1,"column":25},"end":{"line":9,"column":1}}]},"1":{"type":"branch","line":6,"loc":{"start":{"line":6,"column":11},"end":{"line":8,"column":5}},"locations":[{"start":{"line":6,"column":11},"end":{"line":8,"column":5}}]},"2":{"type":"branch","line":3,"loc":{"start":{"line":3,"column":11},"end":{"line":5,"column":5}},"locations":[{"start":{"line":3,"column":11},"end":{"line":5,"column":5}}]}},"b":{"0":[51],"1":[11564],"2":[1051]},"fnMap":{"0":{"name":"<instance_members_initializer>","decl":{"start":{"line":1,"column":25},"end":{"line":9,"column":1}},"loc":{"start":{"line":1,"column":25},"end":{"line":9,"column":1}},"line":1},"1":{"name":"equal","decl":{"start":{"line":3,"column":11},"end":{"line":5,"column":5}},"loc":{"start":{"line":3,"column":11},"end":{"line":5,"column":5}},"line":3},"2":{"name":"next","decl":{"start":{"line":6,"column":11},"end":{"line":8,"column":5}},"loc":{"start":{"line":6,"column":11},"end":{"line":8,"column":5}},"line":6}},"f":{"0":51,"1":1047,"2":11564}}
,"/home/runner/work/esmx/esmx/packages/router/src/index.ts": {"path":"/home/runner/work/esmx/esmx/packages/router/src/index.ts","all":false,"statementMap":{"0":{"start":{"line":1,"column":0},"end":{"line":1,"column":34}},"1":{"start":{"line":2,"column":0},"end":{"line":2,"column":32}},"2":{"start":{"line":3,"column":0},"end":{"line":3,"column":74}},"3":{"start":{"line":4,"column":0},"end":{"line":4,"column":8}},"4":{"start":{"line":48,"column":0},"end":{"line":48,"column":8}}},"s":{"0":2,"1":2,"2":2,"3":2,"4":2},"branchMap":{},"b":{},"fnMap":{},"f":{}}
,"/home/runner/work/esmx/esmx/packages/router/src/location.ts": {"path":"/home/runner/work/esmx/esmx/packages/router/src/location.ts","all":false,"statementMap":{"0":{"start":{"line":2,"column":0},"end":{"line":2,"column":38}},"1":{"start":{"line":10,"column":0},"end":{"line":10,"column":65}},"2":{"start":{"line":11,"column":0},"end":{"line":11,"column":29}},"3":{"start":{"line":12,"column":0},"end":{"line":12,"column":19}},"4":{"start":{"line":13,"column":0},"end":{"line":13,"column":5}},"5":{"start":{"line":16,"column":0},"end":{"line":16,"column":31}},"6":{"start":{"line":18,"column":0},"end":{"line":18,"column":38}},"7":{"start":{"line":19,"column":0},"end":{"line":19,"column":5}},"8":{"start":{"line":22,"column":0},"end":{"line":22,"column":30}},"9":{"start":{"line":23,"column":0},"end":{"line":23,"column":43}},"10":{"start":{"line":24,"column":0},"end":{"line":24,"column":45}},"11":{"start":{"line":26,"column":0},"end":{"line":26,"column":74}},"12":{"start":{"line":27,"column":0},"end":{"line":27,"column":22}},"13":{"start":{"line":28,"column":0},"end":{"line":28,"column":5}},"14":{"start":{"line":30,"column":0},"end":{"line":30,"column":9}},"15":{"start":{"line":39,"column":0},"end":{"line":39,"column":28}},"16":{"start":{"line":40,"column":0},"end":{"line":40,"column":17}},"17":{"start":{"line":42,"column":0},"end":{"line":42,"column":34}},"18":{"start":{"line":43,"column":0},"end":{"line":43,"column":5}},"19":{"start":{"line":44,"column":0},"end":{"line":44,"column":1}},"20":{"start":{"line":52,"column":0},"end":{"line":52,"column":79}},"21":{"start":{"line":53,"column":0},"end":{"line":53,"column":38}},"22":{"start":{"line":54,"column":0},"end":{"line":54,"column":46}},"23":{"start":{"line":55,"column":0},"end":{"line":55,"column":5}},"24":{"start":{"line":56,"column":0},"end":{"line":56,"column":73}},"25":{"start":{"line":57,"column":0},"end":{"line":57,"column":42}},"26":{"start":{"line":60,"column":0},"end":{"line":60,"column":62}},"27":{"start":{"line":63,"column":0},"end":{"line":63,"column":24}},"28":{"start":{"line":64,"column":0},"end":{"line":64,"column":65}},"29":{"start":{"line":65,"column":0},"end":{"line":65,"column":47}},"30":{"start":{"line":66,"column":0},"end":{"line":66,"column":41}},"31":{"start":{"line":67,"column":0},"end":{"line":67,"column":13}},"32":{"start":{"line":68,"column":0},"end":{"line":68,"column":11}},"33":{"start":{"line":69,"column":0},"end":{"line":69,"column":5}},"34":{"start":{"line":72,"column":0},"end":{"line":72,"column":29}},"35":{"start":{"line":73,"column":0},"end":{"line":73,"column":70}},"36":{"start":{"line":74,"column":0},"end":{"line":74,"column":47}},"37":{"start":{"line":75,"column":0},"end":{"line":75,"column":41}},"38":{"start":{"line":76,"column":0},"end":{"line":76,"column":13}},"39":{"start":{"line":77,"column":0},"end":{"line":77,"column":11}},"40":{"start":{"line":78,"column":0},"end":{"line":78,"column":5}},"41":{"start":{"line":80,"column":0},"end":{"line":80,"column":59}},"42":{"start":{"line":81,"column":0},"end":{"line":81,"column":77}},"43":{"start":{"line":82,"column":0},"end":{"line":82,"column":55}},"44":{"start":{"line":83,"column":0},"end":{"line":83,"column":13}},"45":{"start":{"line":84,"column":0},"end":{"line":84,"column":63}},"46":{"start":{"line":85,"column":0},"end":{"line":85,"column":29}},"47":{"start":{"line":86,"column":0},"end":{"line":86,"column":52}},"48":{"start":{"line":87,"column":0},"end":{"line":87,"column":15}},"49":{"start":{"line":88,"column":0},"end":{"line":88,"column":7}},"50":{"start":{"line":91,"column":0},"end":{"line":91,"column":23}},"51":{"start":{"line":92,"column":0},"end":{"line":92,"column":32}},"52":{"start":{"line":93,"column":0},"end":{"line":93,"column":5}},"53":{"start":{"line":95,"column":0},"end":{"line":95,"column":15}},"54":{"start":{"line":96,"column":0},"end":{"line":96,"column":1}}},"s":{"0":2,"1":2,"2":2360,"3":1,"4":1,"5":2360,"6":1,"7":1,"8":2360,"9":1964,"10":1964,"11":1964,"12":1964,"13":1964,"14":394,"15":394,"16":2137,"17":283,"18":283,"19":2360,"20":2,"21":2024,"22":1840,"23":1840,"24":2024,"25":2024,"26":2024,"27":2024,"28":14,"29":29,"30":28,"31":28,"32":14,"33":14,"34":1794,"35":6,"36":6,"37":6,"38":6,"39":6,"40":6,"41":184,"42":32,"43":32,"44":32,"45":32,"46":32,"47":32,"48":32,"49":184,"50":1717,"51":9,"52":9,"53":184,"54":184},"branchMap":{"0":{"type":"branch","line":10,"loc":{"start":{"line":10,"column":7},"end":{"line":44,"column":1}},"locations":[{"start":{"line":10,"column":7},"end":{"line":44,"column":1}}]},"1":{"type":"branch","line":11,"loc":{"start":{"line":11,"column":28},"end":{"line":13,"column":5}},"locations":[{"start":{"line":11,"column":28},"end":{"line":13,"column":5}}]},"2":{"type":"branch","line":16,"loc":{"start":{"line":16,"column":30},"end":{"line":19,"column":5}},"locations":[{"start":{"line":16,"column":30},"end":{"line":19,"column":5}}]},"3":{"type":"branch","line":22,"loc":{"start":{"line":22,"column":29},"end":{"line":28,"column":5}},"locations":[{"start":{"line":22,"column":29},"end":{"line":28,"column":5}}]},"4":{"type":"branch","line":28,"loc":{"start":{"line":28,"column":4},"end":{"line":43,"column":5}},"locations":[{"start":{"line":28,"column":4},"end":{"line":43,"column":5}}]},"5":{"type":"branch","line":28,"loc":{"start":{"line":28,"column":4},"end":{"line":40,"column":13}},"locations":[{"start":{"line":28,"column":4},"end":{"line":40,"column":13}}]},"6":{"type":"branch","line":40,"loc":{"start":{"line":40,"column":4},"end":{"line":43,"column":5}},"locations":[{"start":{"line":40,"column":4},"end":{"line":43,"column":5}}]},"7":{"type":"branch","line":52,"loc":{"start":{"line":52,"column":7},"end":{"line":96,"column":1}},"locations":[{"start":{"line":52,"column":7},"end":{"line":96,"column":1}}]},"8":{"type":"branch","line":53,"loc":{"start":{"line":53,"column":37},"end":{"line":55,"column":5}},"locations":[{"start":{"line":53,"column":37},"end":{"line":55,"column":5}}]},"9":{"type":"branch","line":55,"loc":{"start":{"line":55,"column":4},"end":{"line":56,"column":60}},"locations":[{"start":{"line":55,"column":4},"end":{"line":56,"column":60}}]},"10":{"type":"branch","line":55,"loc":{"start":{"line":55,"column":4},"end":{"line":56,"column":45}},"locations":[{"start":{"line":55,"column":4},"end":{"line":56,"column":45}}]},"11":{"type":"branch","line":56,"loc":{"start":{"line":56,"column":37},"end":{"line":56,"column":60}},"locations":[{"start":{"line":56,"column":37},"end":{"line":56,"column":60}}]},"12":{"type":"branch","line":56,"loc":{"start":{"line":56,"column":53},"end":{"line":56,"column":64}},"locations":[{"start":{"line":56,"column":53},"end":{"line":56,"column":64}}]},"13":{"type":"branch","line":63,"loc":{"start":{"line":63,"column":23},"end":{"line":96,"column":1}},"locations":[{"start":{"line":63,"column":23},"end":{"line":96,"column":1}}]},"14":{"type":"branch","line":63,"loc":{"start":{"line":63,"column":23},"end":{"line":69,"column":5}},"locations":[{"start":{"line":63,"column":23},"end":{"line":69,"column":5}}]},"15":{"type":"branch","line":69,"loc":{"start":{"line":69,"column":4},"end":{"line":72,"column":28}},"locations":[{"start":{"line":69,"column":4},"end":{"line":72,"column":28}}]},"16":{"type":"branch","line":72,"loc":{"start":{"line":72,"column":28},"end":{"line":78,"column":5}},"locations":[{"start":{"line":72,"column":28},"end":{"line":78,"column":5}}]},"17":{"type":"branch","line":78,"loc":{"start":{"line":78,"column":4},"end":{"line":91,"column":22}},"locations":[{"start":{"line":78,"column":4},"end":{"line":91,"column":22}}]},"18":{"type":"branch","line":91,"loc":{"start":{"line":91,"column":22},"end":{"line":93,"column":5}},"locations":[{"start":{"line":91,"column":22},"end":{"line":93,"column":5}}]},"19":{"type":"branch","line":93,"loc":{"start":{"line":93,"column":4},"end":{"line":96,"column":1}},"locations":[{"start":{"line":93,"column":4},"end":{"line":96,"column":1}}]},"20":{"type":"branch","line":64,"loc":{"start":{"line":64,"column":46},"end":{"line":68,"column":9}},"locations":[{"start":{"line":64,"column":46},"end":{"line":68,"column":9}}]},"21":{"type":"branch","line":80,"loc":{"start":{"line":80,"column":40},"end":{"line":88,"column":5}},"locations":[{"start":{"line":80,"column":40},"end":{"line":88,"column":5}}]},"22":{"type":"branch","line":82,"loc":{"start":{"line":82,"column":35},"end":{"line":82,"column":47}},"locations":[{"start":{"line":82,"column":35},"end":{"line":82,"column":47}}]},"23":{"type":"branch","line":84,"loc":{"start":{"line":84,"column":20},"end":{"line":84,"column":62}},"locations":[{"start":{"line":84,"column":20},"end":{"line":84,"column":62}}]},"24":{"type":"branch","line":85,"loc":{"start":{"line":85,"column":21},"end":{"line":87,"column":13}},"locations":[{"start":{"line":85,"column":21},"end":{"line":87,"column":13}}]},"25":{"type":"branch","line":13,"loc":{"start":{"line":13,"column":4},"end":{"line":16,"column":30}},"locations":[{"start":{"line":13,"column":4},"end":{"line":16,"column":30}}]},"26":{"type":"branch","line":19,"loc":{"start":{"line":19,"column":4},"end":{"line":22,"column":29}},"locations":[{"start":{"line":19,"column":4},"end":{"line":22,"column":29}}]},"27":{"type":"branch","line":53,"loc":{"start":{"line":53,"column":37},"end":{"line":56,"column":45}},"locations":[{"start":{"line":53,"column":37},"end":{"line":56,"column":45}}]},"28":{"type":"branch","line":63,"loc":{"start":{"line":63,"column":23},"end":{"line":72,"column":28}},"locations":[{"start":{"line":63,"column":23},"end":{"line":72,"column":28}}]},"29":{"type":"branch","line":78,"loc":{"start":{"line":78,"column":4},"end":{"line":96,"column":1}},"locations":[{"start":{"line":78,"column":4},"end":{"line":96,"column":1}}]},"30":{"type":"branch","line":65,"loc":{"start":{"line":65,"column":46},"end":{"line":67,"column":13}},"locations":[{"start":{"line":65,"column":46},"end":{"line":67,"column":13}}]},"31":{"type":"branch","line":73,"loc":{"start":{"line":73,"column":51},"end":{"line":77,"column":9}},"locations":[{"start":{"line":73,"column":51},"end":{"line":77,"column":9}}]},"32":{"type":"branch","line":82,"loc":{"start":{"line":82,"column":39},"end":{"line":82,"column":55}},"locations":[{"start":{"line":82,"column":39},"end":{"line":82,"column":55}}]},"33":{"type":"branch","line":84,"loc":{"start":{"line":84,"column":41},"end":{"line":84,"column":62}},"locations":[{"start":{"line":84,"column":41},"end":{"line":84,"column":62}}]}},"b":{"0":[2360],"1":[1],"2":[1],"3":[1964],"4":[2137],"5":[394],"6":[283],"7":[2024],"8":[1840],"9":[1977],"10":[184],"11":[93],"12":[1],"13":[1794],"14":[14],"15":[184],"16":[6],"17":[184],"18":[9],"19":[184],"20":[29],"21":[32],"22":[6],"23":[34],"24":[32],"25":[2359],"26":[2358],"27":[2011],"28":[1717],"29":[1717],"30":[28],"31":[6],"32":[26],"33":[32]},"fnMap":{"0":{"name":"normalizeURL","decl":{"start":{"line":10,"column":7},"end":{"line":44,"column":1}},"loc":{"start":{"line":10,"column":7},"end":{"line":44,"column":1}},"line":10},"1":{"name":"parseLocation","decl":{"start":{"line":52,"column":7},"end":{"line":96,"column":1}},"loc":{"start":{"line":52,"column":7},"end":{"line":96,"column":1}},"line":52}},"f":{"0":2360,"1":2024}}
,"/home/runner/work/esmx/esmx/packages/router/src/matcher.ts": {"path":"/home/runner/work/esmx/esmx/packages/router/src/matcher.ts","all":false,"statementMap":{"0":{"start":{"line":1,"column":0},"end":{"line":1,"column":48}},"1":{"start":{"line":4,"column":0},"end":{"line":4,"column":68}},"2":{"start":{"line":5,"column":0},"end":{"line":5,"column":54}},"3":{"start":{"line":6,"column":0},"end":{"line":6,"column":42}},"4":{"start":{"line":7,"column":0},"end":{"line":7,"column":80}},"5":{"start":{"line":8,"column":0},"end":{"line":8,"column":48}},"6":{"start":{"line":9,"column":0},"end":{"line":9,"column":61}},"7":{"start":{"line":10,"column":0},"end":{"line":10,"column":39}},"8":{"start":{"line":11,"column":0},"end":{"line":11,"column":39}},"9":{"start":{"line":12,"column":0},"end":{"line":12,"column":23}},"10":{"start":{"line":13,"column":0},"end":{"line":13,"column":40}},"11":{"start":{"line":15,"column":0},"end":{"line":15,"column":20}},"12":{"start":{"line":16,"column":0},"end":{"line":16,"column":43}},"13":{"start":{"line":17,"column":0},"end":{"line":17,"column":56}},"14":{"start":{"line":18,"column":0},"end":{"line":18,"column":19}},"15":{"start":{"line":19,"column":0},"end":{"line":19,"column":42}},"16":{"start":{"line":20,"column":0},"end":{"line":20,"column":32}},"17":{"start":{"line":21,"column":0},"end":{"line":21,"column":17}},"18":{"start":{"line":22,"column":0},"end":{"line":22,"column":53}},"19":{"start":{"line":23,"column":0},"end":{"line":23,"column":29}},"20":{"start":{"line":24,"column":0},"end":{"line":24,"column":42}},"21":{"start":{"line":25,"column":0},"end":{"line":25,"column":53}},"22":{"start":{"line":26,"column":0},"end":{"line":26,"column":61}},"23":{"start":{"line":27,"column":0},"end":{"line":27,"column":21}},"24":{"start":{"line":28,"column":0},"end":{"line":28,"column":32}},"25":{"start":{"line":29,"column":0},"end":{"line":29,"column":17}},"26":{"start":{"line":30,"column":0},"end":{"line":30,"column":13}},"27":{"start":{"line":31,"column":0},"end":{"line":31,"column":25}},"28":{"start":{"line":32,"column":0},"end":{"line":32,"column":10}},"29":{"start":{"line":33,"column":0},"end":{"line":33,"column":46}},"30":{"start":{"line":34,"column":0},"end":{"line":34,"column":59}},"31":{"start":{"line":35,"column":0},"end":{"line":35,"column":6}},"32":{"start":{"line":36,"column":0},"end":{"line":36,"column":1}},"33":{"start":{"line":38,"column":0},"end":{"line":38,"column":28}},"34":{"start":{"line":39,"column":0},"end":{"line":39,"column":26}},"35":{"start":{"line":40,"column":0},"end":{"line":40,"column":13}},"36":{"start":{"line":41,"column":0},"end":{"line":41,"column":24}},"37":{"start":{"line":42,"column":0},"end":{"line":42,"column":66}},"38":{"start":{"line":43,"column":0},"end":{"line":43,"column":59}},"39":{"start":{"line":44,"column":0},"end":{"line":44,"column":16}},"40":{"start":{"line":45,"column":0},"end":{"line":45,"column":21}},"41":{"start":{"line":46,"column":0},"end":{"line":46,"column":24}},"42":{"start":{"line":47,"column":0},"end":{"line":47,"column":38}},"43":{"start":{"line":48,"column":0},"end":{"line":48,"column":42}},"44":{"start":{"line":49,"column":0},"end":{"line":49,"column":35}},"45":{"start":{"line":50,"column":0},"end":{"line":50,"column":51}},"46":{"start":{"line":51,"column":0},"end":{"line":51,"column":65}},"47":{"start":{"line":52,"column":0},"end":{"line":52,"column":20}},"48":{"start":{"line":53,"column":0},"end":{"line":53,"column":10}},"49":{"start":{"line":54,"column":0},"end":{"line":54,"column":7}},"50":{"start":{"line":55,"column":0},"end":{"line":55,"column":1}},"51":{"start":{"line":57,"column":0},"end":{"line":57,"column":59}},"52":{"start":{"line":58,"column":0},"end":{"line":58,"column":76}},"53":{"start":{"line":59,"column":0},"end":{"line":59,"column":1}}},"s":{"0":2,"1":2,"2":578,"3":578,"4":2089,"5":2089,"6":2089,"7":2089,"8":2141,"9":2141,"10":2141,"11":3137,"12":3137,"13":52,"14":3137,"15":26,"16":26,"17":26,"18":3111,"19":3137,"20":1973,"21":1973,"22":1973,"23":1973,"24":1973,"25":1973,"26":3137,"27":142,"28":2141,"29":2089,"30":2089,"31":2089,"32":578,"33":675,"34":675,"35":675,"36":675,"37":675,"38":1936,"39":1936,"40":1936,"41":1936,"42":1936,"43":1936,"44":1936,"45":1936,"46":97,"47":1838,"48":1936,"49":675,"50":675,"51":2,"52":2044,"53":2044},"branchMap":{"0":{"type":"branch","line":4,"loc":{"start":{"line":4,"column":7},"end":{"line":36,"column":1}},"locations":[{"start":{"line":4,"column":7},"end":{"line":36,"column":1}}]},"1":{"type":"branch","line":6,"loc":{"start":{"line":6,"column":11},"end":{"line":35,"column":6}},"locations":[{"start":{"line":6,"column":11},"end":{"line":35,"column":6}}]},"2":{"type":"branch","line":10,"loc":{"start":{"line":10,"column":38},"end":{"line":32,"column":10}},"locations":[{"start":{"line":10,"column":38},"end":{"line":32,"column":10}}]},"3":{"type":"branch","line":13,"loc":{"start":{"line":13,"column":39},"end":{"line":30,"column":13}},"locations":[{"start":{"line":13,"column":39},"end":{"line":30,"column":13}}]},"4":{"type":"branch","line":16,"loc":{"start":{"line":16,"column":34},"end":{"line":17,"column":56}},"locations":[{"start":{"line":16,"column":34},"end":{"line":17,"column":56}}]},"5":{"type":"branch","line":18,"loc":{"start":{"line":18,"column":18},"end":{"line":21,"column":17}},"locations":[{"start":{"line":18,"column":18},"end":{"line":21,"column":17}}]},"6":{"type":"branch","line":21,"loc":{"start":{"line":21,"column":16},"end":{"line":23,"column":28}},"locations":[{"start":{"line":21,"column":16},"end":{"line":23,"column":28}}]},"7":{"type":"branch","line":23,"loc":{"start":{"line":23,"column":28},"end":{"line":29,"column":17}},"locations":[{"start":{"line":23,"column":28},"end":{"line":29,"column":17}}]},"8":{"type":"branch","line":30,"loc":{"start":{"line":30,"column":12},"end":{"line":31,"column":25}},"locations":[{"start":{"line":30,"column":12},"end":{"line":31,"column":25}}]},"9":{"type":"branch","line":38,"loc":{"start":{"line":38,"column":0},"end":{"line":55,"column":1}},"locations":[{"start":{"line":38,"column":0},"end":{"line":55,"column":1}}]},"10":{"type":"branch","line":42,"loc":{"start":{"line":42,"column":22},"end":{"line":54,"column":5}},"locations":[{"start":{"line":42,"column":22},"end":{"line":54,"column":5}}]},"11":{"type":"branch","line":50,"loc":{"start":{"line":50,"column":50},"end":{"line":51,"column":65}},"locations":[{"start":{"line":50,"column":50},"end":{"line":51,"column":65}}]},"12":{"type":"branch","line":51,"loc":{"start":{"line":51,"column":64},"end":{"line":52,"column":20}},"locations":[{"start":{"line":51,"column":64},"end":{"line":52,"column":20}}]},"13":{"type":"branch","line":57,"loc":{"start":{"line":57,"column":7},"end":{"line":59,"column":1}},"locations":[{"start":{"line":57,"column":7},"end":{"line":59,"column":1}}]},"14":{"type":"branch","line":49,"loc":{"start":{"line":49,"column":24},"end":{"line":49,"column":35}},"locations":[{"start":{"line":49,"column":24},"end":{"line":49,"column":35}}]}},"b":{"0":[578],"1":[2089],"2":[2141],"3":[3137],"4":[52],"5":[26],"6":[3111],"7":[1973],"8":[142],"9":[675],"10":[1936],"11":[97],"12":[1838],"13":[2044],"14":[1334]},"fnMap":{"0":{"name":"createMatcher","decl":{"start":{"line":4,"column":7},"end":{"line":36,"column":1}},"loc":{"start":{"line":4,"column":7},"end":{"line":36,"column":1}},"line":4},"1":{"name":"collectMatchingRoutes","decl":{"start":{"line":10,"column":38},"end":{"line":32,"column":10}},"loc":{"start":{"line":10,"column":38},"end":{"line":32,"column":10}},"line":10},"2":{"name":"createRouteMatches","decl":{"start":{"line":38,"column":0},"end":{"line":55,"column":1}},"loc":{"start":{"line":38,"column":0},"end":{"line":55,"column":1}},"line":38},"3":{"name":"joinPathname","decl":{"start":{"line":57,"column":7},"end":{"line":59,"column":1}},"loc":{"start":{"line":57,"column":7},"end":{"line":59,"column":1}},"line":57}},"f":{"0":578,"1":2141,"2":675,"3":2044}}
,"/home/runner/work/esmx/esmx/packages/router/src/micro-app.ts": {"path":"/home/runner/work/esmx/esmx/packages/router/src/micro-app.ts","all":false,"statementMap":{"0":{"start":{"line":3,"column":0},"end":{"line":3,"column":50}},"1":{"start":{"line":12,"column":0},"end":{"line":12,"column":35}},"2":{"start":{"line":13,"column":0},"end":{"line":13,"column":37}},"3":{"start":{"line":14,"column":0},"end":{"line":14,"column":16}},"4":{"start":{"line":15,"column":0},"end":{"line":15,"column":38}},"5":{"start":{"line":17,"column":0},"end":{"line":17,"column":44}},"6":{"start":{"line":18,"column":0},"end":{"line":18,"column":24}},"7":{"start":{"line":19,"column":0},"end":{"line":19,"column":5}},"8":{"start":{"line":20,"column":0},"end":{"line":20,"column":55}},"9":{"start":{"line":21,"column":0},"end":{"line":21,"column":13}},"10":{"start":{"line":22,"column":0},"end":{"line":22,"column":52}},"11":{"start":{"line":23,"column":0},"end":{"line":23,"column":25}},"12":{"start":{"line":24,"column":0},"end":{"line":24,"column":74}},"13":{"start":{"line":25,"column":0},"end":{"line":25,"column":9}},"14":{"start":{"line":26,"column":0},"end":{"line":26,"column":5}},"15":{"start":{"line":27,"column":0},"end":{"line":27,"column":22}},"16":{"start":{"line":28,"column":0},"end":{"line":28,"column":43}},"17":{"start":{"line":29,"column":0},"end":{"line":29,"column":5}},"18":{"start":{"line":30,"column":0},"end":{"line":30,"column":14}},"19":{"start":{"line":31,"column":0},"end":{"line":31,"column":1}},"20":{"start":{"line":33,"column":0},"end":{"line":33,"column":23}},"21":{"start":{"line":34,"column":0},"end":{"line":34,"column":52}},"22":{"start":{"line":35,"column":0},"end":{"line":35,"column":43}},"23":{"start":{"line":36,"column":0},"end":{"line":36,"column":59}},"24":{"start":{"line":38,"column":0},"end":{"line":38,"column":51}},"25":{"start":{"line":39,"column":0},"end":{"line":39,"column":53}},"26":{"start":{"line":40,"column":0},"end":{"line":40,"column":50}},"27":{"start":{"line":41,"column":0},"end":{"line":41,"column":19}},"28":{"start":{"line":42,"column":0},"end":{"line":42,"column":9}},"29":{"start":{"line":43,"column":0},"end":{"line":43,"column":32}},"30":{"start":{"line":45,"column":0},"end":{"line":45,"column":53}},"31":{"start":{"line":46,"column":0},"end":{"line":46,"column":31}},"32":{"start":{"line":47,"column":0},"end":{"line":47,"column":53}},"33":{"start":{"line":48,"column":0},"end":{"line":48,"column":32}},"34":{"start":{"line":49,"column":0},"end":{"line":49,"column":55}},"35":{"start":{"line":50,"column":0},"end":{"line":50,"column":59}},"36":{"start":{"line":51,"column":0},"end":{"line":51,"column":55}},"37":{"start":{"line":52,"column":0},"end":{"line":52,"column":78}},"38":{"start":{"line":53,"column":0},"end":{"line":53,"column":17}},"39":{"start":{"line":54,"column":0},"end":{"line":54,"column":13}},"40":{"start":{"line":55,"column":0},"end":{"line":55,"column":23}},"41":{"start":{"line":56,"column":0},"end":{"line":56,"column":32}},"42":{"start":{"line":57,"column":0},"end":{"line":57,"column":47}},"43":{"start":{"line":58,"column":0},"end":{"line":58,"column":52}},"44":{"start":{"line":59,"column":0},"end":{"line":59,"column":17}},"45":{"start":{"line":60,"column":0},"end":{"line":60,"column":33}},"46":{"start":{"line":61,"column":0},"end":{"line":61,"column":13}},"47":{"start":{"line":62,"column":0},"end":{"line":62,"column":25}},"48":{"start":{"line":63,"column":0},"end":{"line":63,"column":33}},"49":{"start":{"line":64,"column":0},"end":{"line":64,"column":13}},"50":{"start":{"line":65,"column":0},"end":{"line":65,"column":9}},"51":{"start":{"line":66,"column":0},"end":{"line":66,"column":23}},"52":{"start":{"line":67,"column":0},"end":{"line":67,"column":32}},"53":{"start":{"line":68,"column":0},"end":{"line":68,"column":5}},"54":{"start":{"line":70,"column":0},"end":{"line":70,"column":29}},"55":{"start":{"line":71,"column":0},"end":{"line":71,"column":14}},"56":{"start":{"line":72,"column":0},"end":{"line":72,"column":15}},"57":{"start":{"line":73,"column":0},"end":{"line":73,"column":47}},"58":{"start":{"line":74,"column":0},"end":{"line":74,"column":59}},"59":{"start":{"line":75,"column":0},"end":{"line":75,"column":24}},"60":{"start":{"line":76,"column":0},"end":{"line":76,"column":9}},"61":{"start":{"line":77,"column":0},"end":{"line":77,"column":42}},"62":{"start":{"line":78,"column":0},"end":{"line":78,"column":12}},"63":{"start":{"line":79,"column":0},"end":{"line":79,"column":39}},"64":{"start":{"line":80,"column":0},"end":{"line":80,"column":27}},"65":{"start":{"line":81,"column":0},"end":{"line":81,"column":44}},"66":{"start":{"line":82,"column":0},"end":{"line":82,"column":11}},"67":{"start":{"line":83,"column":0},"end":{"line":83,"column":46}},"68":{"start":{"line":84,"column":0},"end":{"line":84,"column":9}},"69":{"start":{"line":85,"column":0},"end":{"line":85,"column":41}},"70":{"start":{"line":86,"column":0},"end":{"line":86,"column":24}},"71":{"start":{"line":87,"column":0},"end":{"line":87,"column":9}},"72":{"start":{"line":88,"column":0},"end":{"line":88,"column":49}},"73":{"start":{"line":89,"column":0},"end":{"line":89,"column":32}},"74":{"start":{"line":90,"column":0},"end":{"line":90,"column":9}},"75":{"start":{"line":91,"column":0},"end":{"line":91,"column":20}},"76":{"start":{"line":92,"column":0},"end":{"line":92,"column":5}},"77":{"start":{"line":94,"column":0},"end":{"line":94,"column":22}},"78":{"start":{"line":95,"column":0},"end":{"line":95,"column":28}},"79":{"start":{"line":96,"column":0},"end":{"line":96,"column":24}},"80":{"start":{"line":97,"column":0},"end":{"line":97,"column":28}},"81":{"start":{"line":98,"column":0},"end":{"line":98,"column":25}},"82":{"start":{"line":99,"column":0},"end":{"line":99,"column":29}},"83":{"start":{"line":100,"column":0},"end":{"line":100,"column":5}},"84":{"start":{"line":101,"column":0},"end":{"line":101,"column":1}}},"s":{"0":2,"1":2,"2":85,"3":85,"4":85,"5":85,"6":1,"7":1,"8":85,"9":23,"10":23,"11":23,"12":0,"13":0,"14":23,"15":85,"16":74,"17":74,"18":85,"19":85,"20":2,"21":381,"22":381,"23":381,"24":381,"25":611,"26":611,"27":422,"28":422,"29":189,"30":611,"31":611,"32":166,"33":166,"34":68,"35":68,"36":68,"37":1,"38":1,"39":68,"40":166,"41":166,"42":166,"43":66,"44":66,"45":166,"46":166,"47":166,"48":97,"49":97,"50":166,"51":188,"52":188,"53":611,"54":381,"55":617,"56":617,"57":617,"58":617,"59":3,"60":3,"61":614,"62":614,"63":614,"64":194,"65":193,"66":617,"67":192,"68":192,"69":447,"70":2,"71":2,"72":447,"73":1,"74":1,"75":419,"76":617,"77":381,"78":289,"79":289,"80":289,"81":289,"82":289,"83":289,"84":381},"branchMap":{"0":{"type":"branch","line":12,"loc":{"start":{"line":12,"column":7},"end":{"line":31,"column":1}},"locations":[{"start":{"line":12,"column":7},"end":{"line":31,"column":1}}]},"1":{"type":"branch","line":17,"loc":{"start":{"line":17,"column":43},"end":{"line":19,"column":5}},"locations":[{"start":{"line":17,"column":43},"end":{"line":19,"column":5}}]},"2":{"type":"branch","line":20,"loc":{"start":{"line":20,"column":30},"end":{"line":20,"column":54}},"locations":[{"start":{"line":20,"column":30},"end":{"line":20,"column":54}}]},"3":{"type":"branch","line":20,"loc":{"start":{"line":20,"column":54},"end":{"line":26,"column":5}},"locations":[{"start":{"line":20,"column":54},"end":{"line":26,"column":5}}]},"4":{"type":"branch","line":23,"loc":{"start":{"line":23,"column":8},"end":{"line":25,"column":9}},"locations":[{"start":{"line":23,"column":8},"end":{"line":25,"column":9}}]},"5":{"type":"branch","line":27,"loc":{"start":{"line":27,"column":21},"end":{"line":29,"column":5}},"locations":[{"start":{"line":27,"column":21},"end":{"line":29,"column":5}}]},"6":{"type":"branch","line":33,"loc":{"start":{"line":33,"column":22},"end":{"line":101,"column":1}},"locations":[{"start":{"line":33,"column":22},"end":{"line":101,"column":1}}]},"7":{"type":"branch","line":38,"loc":{"start":{"line":38,"column":11},"end":{"line":68,"column":5}},"locations":[{"start":{"line":38,"column":11},"end":{"line":68,"column":5}}]},"8":{"type":"branch","line":40,"loc":{"start":{"line":40,"column":13},"end":{"line":40,"column":49}},"locations":[{"start":{"line":40,"column":13},"end":{"line":40,"column":49}}]},"9":{"type":"branch","line":40,"loc":{"start":{"line":40,"column":49},"end":{"line":42,"column":9}},"locations":[{"start":{"line":40,"column":49},"end":{"line":42,"column":9}}]},"10":{"type":"branch","line":42,"loc":{"start":{"line":42,"column":8},"end":{"line":45,"column":48}},"locations":[{"start":{"line":42,"column":8},"end":{"line":45,"column":48}}]},"11":{"type":"branch","line":42,"loc":{"start":{"line":42,"column":8},"end":{"line":45,"column":30}},"locations":[{"start":{"line":42,"column":8},"end":{"line":45,"column":30}}]},"12":{"type":"branch","line":45,"loc":{"start":{"line":45,"column":20},"end":{"line":45,"column":48}},"locations":[{"start":{"line":45,"column":20},"end":{"line":45,"column":48}}]},"13":{"type":"branch","line":45,"loc":{"start":{"line":45,"column":44},"end":{"line":45,"column":53}},"locations":[{"start":{"line":45,"column":44},"end":{"line":45,"column":53}}]},"14":{"type":"branch","line":46,"loc":{"start":{"line":46,"column":12},"end":{"line":46,"column":30}},"locations":[{"start":{"line":46,"column":12},"end":{"line":46,"column":30}}]},"15":{"type":"branch","line":46,"loc":{"start":{"line":46,"column":30},"end":{"line":67,"column":32}},"locations":[{"start":{"line":46,"column":30},"end":{"line":67,"column":32}}]},"16":{"type":"branch","line":46,"loc":{"start":{"line":46,"column":30},"end":{"line":65,"column":9}},"locations":[{"start":{"line":46,"column":30},"end":{"line":65,"column":9}}]},"17":{"type":"branch","line":48,"loc":{"start":{"line":48,"column":31},"end":{"line":54,"column":13}},"locations":[{"start":{"line":48,"column":31},"end":{"line":54,"column":13}}]},"18":{"type":"branch","line":51,"loc":{"start":{"line":51,"column":54},"end":{"line":53,"column":17}},"locations":[{"start":{"line":51,"column":54},"end":{"line":53,"column":17}}]},"19":{"type":"branch","line":57,"loc":{"start":{"line":57,"column":46},"end":{"line":59,"column":17}},"locations":[{"start":{"line":57,"column":46},"end":{"line":59,"column":17}}]},"20":{"type":"branch","line":62,"loc":{"start":{"line":62,"column":24},"end":{"line":64,"column":13}},"locations":[{"start":{"line":62,"column":24},"end":{"line":64,"column":13}}]},"21":{"type":"branch","line":65,"loc":{"start":{"line":65,"column":8},"end":{"line":67,"column":32}},"locations":[{"start":{"line":65,"column":8},"end":{"line":67,"column":32}}]},"22":{"type":"branch","line":70,"loc":{"start":{"line":70,"column":12},"end":{"line":92,"column":5}},"locations":[{"start":{"line":70,"column":12},"end":{"line":92,"column":5}}]},"23":{"type":"branch","line":74,"loc":{"start":{"line":74,"column":58},"end":{"line":76,"column":9}},"locations":[{"start":{"line":74,"column":58},"end":{"line":76,"column":9}}]},"24":{"type":"branch","line":76,"loc":{"start":{"line":76,"column":8},"end":{"line":79,"column":39}},"locations":[{"start":{"line":76,"column":8},"end":{"line":79,"column":39}}]},"25":{"type":"branch","line":79,"loc":{"start":{"line":79,"column":28},"end":{"line":80,"column":27}},"locations":[{"start":{"line":79,"column":28},"end":{"line":80,"column":27}}]},"26":{"type":"branch","line":80,"loc":{"start":{"line":80,"column":20},"end":{"line":81,"column":44}},"locations":[{"start":{"line":80,"column":20},"end":{"line":81,"column":44}}]},"27":{"type":"branch","line":82,"loc":{"start":{"line":82,"column":10},"end":{"line":84,"column":9}},"locations":[{"start":{"line":82,"column":10},"end":{"line":84,"column":9}}]},"28":{"type":"branch","line":83,"loc":{"start":{"line":83,"column":36},"end":{"line":83,"column":46}},"locations":[{"start":{"line":83,"column":36},"end":{"line":83,"column":46}}]},"29":{"type":"branch","line":84,"loc":{"start":{"line":84,"column":8},"end":{"line":91,"column":20}},"locations":[{"start":{"line":84,"column":8},"end":{"line":91,"column":20}}]},"30":{"type":"branch","line":84,"loc":{"start":{"line":84,"column":8},"end":{"line":85,"column":40}},"locations":[{"start":{"line":84,"column":8},"end":{"line":85,"column":40}}]},"31":{"type":"branch","line":85,"loc":{"start":{"line":85,"column":40},"end":{"line":88,"column":48}},"locations":[{"start":{"line":85,"column":40},"end":{"line":88,"column":48}}]},"32":{"type":"branch","line":85,"loc":{"start":{"line":85,"column":40},"end":{"line":87,"column":9}},"locations":[{"start":{"line":85,"column":40},"end":{"line":87,"column":9}}]},"33":{"type":"branch","line":88,"loc":{"start":{"line":88,"column":48},"end":{"line":91,"column":20}},"locations":[{"start":{"line":88,"column":48},"end":{"line":91,"column":20}}]},"34":{"type":"branch","line":88,"loc":{"start":{"line":88,"column":48},"end":{"line":90,"column":9}},"locations":[{"start":{"line":88,"column":48},"end":{"line":90,"column":9}}]},"35":{"type":"branch","line":94,"loc":{"start":{"line":94,"column":11},"end":{"line":100,"column":5}},"locations":[{"start":{"line":94,"column":11},"end":{"line":100,"column":5}}]},"36":{"type":"branch","line":95,"loc":{"start":{"line":95,"column":13},"end":{"line":95,"column":26}},"locations":[{"start":{"line":95,"column":13},"end":{"line":95,"column":26}}]},"37":{"type":"branch","line":97,"loc":{"start":{"line":97,"column":13},"end":{"line":97,"column":26}},"locations":[{"start":{"line":97,"column":13},"end":{"line":97,"column":26}}]}},"b":{"0":[85],"1":[1],"2":[79],"3":[23],"4":[0],"5":[74],"6":[381],"7":[611],"8":[516],"9":[422],"10":[193],"11":[189],"12":[181],"13":[8],"14":[175],"15":[193],"16":[166],"17":[68],"18":[1],"19":[66],"20":[97],"21":[188],"22":[617],"23":[3],"24":[614],"25":[194],"26":[193],"27":[192],"28":[10],"29":[447],"30":[422],"31":[420],"32":[2],"33":[419],"34":[1],"35":[289],"36":[58],"37":[58]},"fnMap":{"0":{"name":"resolveRootElement","decl":{"start":{"line":12,"column":7},"end":{"line":31,"column":1}},"loc":{"start":{"line":12,"column":7},"end":{"line":31,"column":1}},"line":12},"1":{"name":"<instance_members_initializer>","decl":{"start":{"line":33,"column":22},"end":{"line":101,"column":1}},"loc":{"start":{"line":33,"column":22},"end":{"line":101,"column":1}},"line":33},"2":{"name":"_update","decl":{"start":{"line":38,"column":11},"end":{"line":68,"column":5}},"loc":{"start":{"line":38,"column":11},"end":{"line":68,"column":5}},"line":38},"3":{"name":"_getNextFactory","decl":{"start":{"line":70,"column":12},"end":{"line":92,"column":5}},"loc":{"start":{"line":70,"column":12},"end":{"line":92,"column":5}},"line":70},"4":{"name":"destroy","decl":{"start":{"line":94,"column":11},"end":{"line":100,"column":5}},"loc":{"start":{"line":94,"column":11},"end":{"line":100,"column":5}},"line":94}},"f":{"0":85,"1":381,"2":611,"3":617,"4":289}}
,"/home/runner/work/esmx/esmx/packages/router/src/navigation.ts": {"path":"/home/runner/work/esmx/esmx/packages/router/src/navigation.ts","all":false,"statementMap":{"0":{"start":{"line":1,"column":0},"end":{"line":1,"column":41}},"1":{"start":{"line":2,"column":0},"end":{"line":2,"column":37}},"2":{"start":{"line":12,"column":0},"end":{"line":12,"column":33}},"3":{"start":{"line":14,"column":0},"end":{"line":14,"column":25}},"4":{"start":{"line":15,"column":0},"end":{"line":15,"column":49}},"5":{"start":{"line":16,"column":0},"end":{"line":16,"column":55}},"6":{"start":{"line":17,"column":0},"end":{"line":17,"column":54}},"7":{"start":{"line":18,"column":0},"end":{"line":18,"column":28}},"8":{"start":{"line":20,"column":0},"end":{"line":20,"column":22}},"9":{"start":{"line":22,"column":0},"end":{"line":22,"column":23}},"10":{"start":{"line":23,"column":0},"end":{"line":23,"column":37}},"11":{"start":{"line":24,"column":0},"end":{"line":24,"column":39}},"12":{"start":{"line":25,"column":0},"end":{"line":25,"column":7}},"13":{"start":{"line":26,"column":0},"end":{"line":26,"column":32}},"14":{"start":{"line":27,"column":0},"end":{"line":27,"column":47}},"15":{"start":{"line":28,"column":0},"end":{"line":28,"column":32}},"16":{"start":{"line":29,"column":0},"end":{"line":29,"column":38}},"17":{"start":{"line":30,"column":0},"end":{"line":30,"column":71}},"18":{"start":{"line":31,"column":0},"end":{"line":31,"column":68}},"19":{"start":{"line":32,"column":0},"end":{"line":32,"column":40}},"20":{"start":{"line":33,"column":0},"end":{"line":33,"column":10}},"21":{"start":{"line":34,"column":0},"end":{"line":34,"column":33}},"22":{"start":{"line":35,"column":0},"end":{"line":35,"column":44}},"23":{"start":{"line":36,"column":0},"end":{"line":36,"column":54}},"24":{"start":{"line":37,"column":0},"end":{"line":37,"column":57}},"25":{"start":{"line":38,"column":0},"end":{"line":38,"column":31}},"26":{"start":{"line":39,"column":0},"end":{"line":39,"column":32}},"27":{"start":{"line":40,"column":0},"end":{"line":40,"column":54}},"28":{"start":{"line":41,"column":0},"end":{"line":41,"column":5}},"29":{"start":{"line":42,"column":0},"end":{"line":42,"column":33}},"30":{"start":{"line":43,"column":0},"end":{"line":43,"column":36}},"31":{"start":{"line":44,"column":0},"end":{"line":44,"column":5}},"32":{"start":{"line":46,"column":0},"end":{"line":46,"column":18}},"33":{"start":{"line":47,"column":0},"end":{"line":47,"column":25}},"34":{"start":{"line":48,"column":0},"end":{"line":48,"column":18}},"35":{"start":{"line":49,"column":0},"end":{"line":49,"column":33}},"36":{"start":{"line":50,"column":0},"end":{"line":50,"column":19}},"37":{"start":{"line":51,"column":0},"end":{"line":51,"column":37}},"38":{"start":{"line":52,"column":0},"end":{"line":52,"column":28}},"39":{"start":{"line":53,"column":0},"end":{"line":53,"column":41}},"40":{"start":{"line":54,"column":0},"end":{"line":54,"column":11}},"41":{"start":{"line":55,"column":0},"end":{"line":55,"column":42}},"42":{"start":{"line":56,"column":0},"end":{"line":56,"column":21}},"43":{"start":{"line":57,"column":0},"end":{"line":57,"column":5}},"44":{"start":{"line":59,"column":0},"end":{"line":59,"column":21}},"45":{"start":{"line":60,"column":0},"end":{"line":60,"column":25}},"46":{"start":{"line":61,"column":0},"end":{"line":61,"column":18}},"47":{"start":{"line":62,"column":0},"end":{"line":62,"column":33}},"48":{"start":{"line":63,"column":0},"end":{"line":63,"column":19}},"49":{"start":{"line":64,"column":0},"end":{"line":64,"column":51}},"50":{"start":{"line":65,"column":0},"end":{"line":65,"column":37}},"51":{"start":{"line":66,"column":0},"end":{"line":66,"column":28}},"52":{"start":{"line":67,"column":0},"end":{"line":67,"column":77}},"53":{"start":{"line":68,"column":0},"end":{"line":68,"column":11}},"54":{"start":{"line":69,"column":0},"end":{"line":69,"column":45}},"55":{"start":{"line":70,"column":0},"end":{"line":70,"column":21}},"56":{"start":{"line":71,"column":0},"end":{"line":71,"column":5}},"57":{"start":{"line":73,"column":0},"end":{"line":73,"column":67}},"58":{"start":{"line":74,"column":0},"end":{"line":74,"column":52}},"59":{"start":{"line":75,"column":0},"end":{"line":75,"column":5}},"60":{"start":{"line":77,"column":0},"end":{"line":77,"column":70}},"61":{"start":{"line":78,"column":0},"end":{"line":78,"column":55}},"62":{"start":{"line":79,"column":0},"end":{"line":79,"column":5}},"63":{"start":{"line":81,"column":0},"end":{"line":81,"column":67}},"64":{"start":{"line":82,"column":0},"end":{"line":82,"column":39}},"65":{"start":{"line":83,"column":0},"end":{"line":83,"column":5}},"66":{"start":{"line":85,"column":0},"end":{"line":85,"column":70}},"67":{"start":{"line":86,"column":0},"end":{"line":86,"column":42}},"68":{"start":{"line":87,"column":0},"end":{"line":87,"column":5}},"69":{"start":{"line":89,"column":0},"end":{"line":89,"column":59}},"70":{"start":{"line":90,"column":0},"end":{"line":90,"column":35}},"71":{"start":{"line":91,"column":0},"end":{"line":91,"column":41}},"72":{"start":{"line":92,"column":0},"end":{"line":92,"column":9}},"73":{"start":{"line":93,"column":0},"end":{"line":93,"column":61}},"74":{"start":{"line":94,"column":0},"end":{"line":94,"column":52}},"75":{"start":{"line":95,"column":0},"end":{"line":95,"column":44}},"76":{"start":{"line":96,"column":0},"end":{"line":96,"column":66}},"77":{"start":{"line":97,"column":0},"end":{"line":97,"column":70}},"78":{"start":{"line":98,"column":0},"end":{"line":98,"column":14}},"79":{"start":{"line":99,"column":0},"end":{"line":99,"column":49}},"80":{"start":{"line":100,"column":0},"end":{"line":100,"column":36}},"81":{"start":{"line":101,"column":0},"end":{"line":101,"column":11}},"82":{"start":{"line":102,"column":0},"end":{"line":102,"column":5}},"83":{"start":{"line":103,"column":0},"end":{"line":103,"column":51}},"84":{"start":{"line":104,"column":0},"end":{"line":104,"column":26}},"85":{"start":{"line":105,"column":0},"end":{"line":105,"column":5}},"86":{"start":{"line":106,"column":0},"end":{"line":106,"column":48}},"87":{"start":{"line":107,"column":0},"end":{"line":107,"column":27}},"88":{"start":{"line":108,"column":0},"end":{"line":108,"column":5}},"89":{"start":{"line":110,"column":0},"end":{"line":110,"column":22}},"90":{"start":{"line":111,"column":0},"end":{"line":111,"column":33}},"91":{"start":{"line":112,"column":0},"end":{"line":112,"column":36}},"92":{"start":{"line":113,"column":0},"end":{"line":113,"column":5}},"93":{"start":{"line":114,"column":0},"end":{"line":114,"column":1}},"94":{"start":{"line":116,"column":0},"end":{"line":116,"column":47}},"95":{"start":{"line":117,"column":0},"end":{"line":117,"column":62}},"96":{"start":{"line":118,"column":0},"end":{"line":118,"column":24}},"97":{"start":{"line":119,"column":0},"end":{"line":119,"column":29}},"98":{"start":{"line":120,"column":0},"end":{"line":120,"column":32}},"99":{"start":{"line":121,"column":0},"end":{"line":121,"column":55}},"100":{"start":{"line":122,"column":0},"end":{"line":122,"column":34}},"101":{"start":{"line":123,"column":0},"end":{"line":123,"column":5}},"102":{"start":{"line":124,"column":0},"end":{"line":124,"column":67}},"103":{"start":{"line":125,"column":0},"end":{"line":125,"column":57}},"104":{"start":{"line":128,"column":0},"end":{"line":128,"column":24}},"105":{"start":{"line":129,"column":0},"end":{"line":129,"column":45}},"106":{"start":{"line":130,"column":0},"end":{"line":130,"column":5}},"107":{"start":{"line":131,"column":0},"end":{"line":131,"column":22}},"108":{"start":{"line":132,"column":0},"end":{"line":132,"column":41}},"109":{"start":{"line":133,"column":0},"end":{"line":133,"column":5}},"110":{"start":{"line":135,"column":0},"end":{"line":135,"column":19}},"111":{"start":{"line":136,"column":0},"end":{"line":136,"column":38}},"112":{"start":{"line":137,"column":0},"end":{"line":137,"column":5}},"113":{"start":{"line":138,"column":0},"end":{"line":138,"column":25}},"114":{"start":{"line":139,"column":0},"end":{"line":139,"column":36}},"115":{"start":{"line":140,"column":0},"end":{"line":140,"column":5}},"116":{"start":{"line":142,"column":0},"end":{"line":142,"column":21}},"117":{"start":{"line":143,"column":0},"end":{"line":143,"column":18}},"118":{"start":{"line":144,"column":0},"end":{"line":144,"column":23}},"119":{"start":{"line":145,"column":0},"end":{"line":145,"column":33}},"120":{"start":{"line":146,"column":0},"end":{"line":146,"column":13}},"121":{"start":{"line":148,"column":0},"end":{"line":148,"column":46}},"122":{"start":{"line":149,"column":0},"end":{"line":149,"column":78}},"123":{"start":{"line":150,"column":0},"end":{"line":150,"column":47}},"124":{"start":{"line":151,"column":0},"end":{"line":151,"column":5}},"125":{"start":{"line":153,"column":0},"end":{"line":153,"column":24}},"126":{"start":{"line":154,"column":0},"end":{"line":154,"column":18}},"127":{"start":{"line":155,"column":0},"end":{"line":155,"column":23}},"128":{"start":{"line":156,"column":0},"end":{"line":156,"column":33}},"129":{"start":{"line":157,"column":0},"end":{"line":157,"column":13}},"130":{"start":{"line":158,"column":0},"end":{"line":158,"column":40}},"131":{"start":{"line":159,"column":0},"end":{"line":159,"column":30}},"132":{"start":{"line":160,"column":0},"end":{"line":160,"column":37}},"133":{"start":{"line":161,"column":0},"end":{"line":161,"column":47}},"134":{"start":{"line":162,"column":0},"end":{"line":162,"column":5}},"135":{"start":{"line":164,"column":0},"end":{"line":164,"column":25}},"136":{"start":{"line":165,"column":0},"end":{"line":165,"column":20}},"137":{"start":{"line":166,"column":0},"end":{"line":166,"column":5}},"138":{"start":{"line":167,"column":0},"end":{"line":167,"column":28}},"139":{"start":{"line":168,"column":0},"end":{"line":168,"column":19}},"140":{"start":{"line":169,"column":0},"end":{"line":169,"column":5}},"141":{"start":{"line":170,"column":0},"end":{"line":170,"column":37}},"142":{"start":{"line":171,"column":0},"end":{"line":171,"column":27}},"143":{"start":{"line":172,"column":0},"end":{"line":172,"column":43}},"144":{"start":{"line":173,"column":0},"end":{"line":173,"column":56}},"145":{"start":{"line":174,"column":0},"end":{"line":174,"column":29}},"146":{"start":{"line":175,"column":0},"end":{"line":175,"column":38}},"147":{"start":{"line":177,"column":0},"end":{"line":177,"column":26}},"148":{"start":{"line":178,"column":0},"end":{"line":178,"column":74}},"149":{"start":{"line":179,"column":0},"end":{"line":179,"column":11}},"150":{"start":{"line":180,"column":0},"end":{"line":180,"column":5}},"151":{"start":{"line":182,"column":0},"end":{"line":182,"column":48}},"152":{"start":{"line":183,"column":0},"end":{"line":183,"column":54}},"153":{"start":{"line":184,"column":0},"end":{"line":184,"column":34}},"154":{"start":{"line":185,"column":0},"end":{"line":185,"column":50}},"155":{"start":{"line":186,"column":0},"end":{"line":186,"column":5}},"156":{"start":{"line":187,"column":0},"end":{"line":187,"column":1}},"157":{"start":{"line":189,"column":0},"end":{"line":189,"column":56}},"158":{"start":{"line":192,"column":0},"end":{"line":192,"column":65}},"159":{"start":{"line":193,"column":0},"end":{"line":193,"column":49}},"160":{"start":{"line":194,"column":0},"end":{"line":194,"column":65}},"161":{"start":{"line":195,"column":0},"end":{"line":195,"column":1}}},"s":{"0":2,"1":2,"2":2,"3":2,"4":363,"5":363,"6":363,"7":363,"8":363,"9":363,"10":363,"11":363,"12":363,"13":363,"14":363,"15":81,"16":282,"17":363,"18":87,"19":87,"20":87,"21":363,"22":363,"23":283,"24":80,"25":363,"26":363,"27":363,"28":363,"29":363,"30":4,"31":4,"32":363,"33":315,"34":315,"35":315,"36":315,"37":315,"38":315,"39":315,"40":315,"41":315,"42":315,"43":315,"44":363,"45":300,"46":300,"47":300,"48":300,"49":300,"50":300,"51":300,"52":300,"53":300,"54":300,"55":300,"56":300,"57":363,"58":315,"59":315,"60":363,"61":300,"62":300,"63":363,"64":0,"65":0,"66":363,"67":0,"68":0,"69":363,"70":111,"71":6,"72":6,"73":105,"74":105,"75":185,"76":185,"77":185,"78":185,"79":105,"80":105,"81":105,"82":111,"83":363,"84":1,"85":1,"86":363,"87":1,"88":1,"89":363,"90":296,"91":296,"92":296,"93":363,"94":2,"95":310,"96":310,"97":310,"98":568,"99":568,"100":565,"101":568,"102":310,"103":310,"104":310,"105":223,"106":223,"107":310,"108":19,"109":19,"110":310,"111":310,"112":310,"113":310,"114":698,"115":698,"116":310,"117":591,"118":591,"119":591,"120":591,"121":591,"122":591,"123":591,"124":591,"125":310,"126":211,"127":211,"128":211,"129":211,"130":211,"131":211,"132":210,"133":211,"134":211,"135":310,"136":6,"137":6,"138":310,"139":2,"140":2,"141":310,"142":139,"143":135,"144":139,"145":113,"146":113,"147":113,"148":113,"149":113,"150":139,"151":310,"152":316,"153":312,"154":312,"155":316,"156":310,"157":80,"158":80,"159":80,"160":80,"161":80},"branchMap":{"0":{"type":"branch","line":14,"loc":{"start":{"line":14,"column":24},"end":{"line":114,"column":1}},"locations":[{"start":{"line":14,"column":24},"end":{"line":114,"column":1}}]},"1":{"type":"branch","line":22,"loc":{"start":{"line":22,"column":11},"end":{"line":41,"column":5}},"locations":[{"start":{"line":22,"column":11},"end":{"line":41,"column":5}}]},"2":{"type":"branch","line":28,"loc":{"start":{"line":28,"column":25},"end":{"line":29,"column":38}},"locations":[{"start":{"line":28,"column":25},"end":{"line":29,"column":38}}]},"3":{"type":"branch","line":35,"loc":{"start":{"line":35,"column":31},"end":{"line":36,"column":54}},"locations":[{"start":{"line":35,"column":31},"end":{"line":36,"column":54}}]},"4":{"type":"branch","line":46,"loc":{"start":{"line":46,"column":12},"end":{"line":57,"column":5}},"locations":[{"start":{"line":46,"column":12},"end":{"line":57,"column":5}}]},"5":{"type":"branch","line":52,"loc":{"start":{"line":52,"column":16},"end":{"line":52,"column":28}},"locations":[{"start":{"line":52,"column":16},"end":{"line":52,"column":28}}]},"6":{"type":"branch","line":59,"loc":{"start":{"line":59,"column":12},"end":{"line":71,"column":5}},"locations":[{"start":{"line":59,"column":12},"end":{"line":71,"column":5}}]},"7":{"type":"branch","line":66,"loc":{"start":{"line":66,"column":16},"end":{"line":66,"column":28}},"locations":[{"start":{"line":66,"column":16},"end":{"line":66,"column":28}}]},"8":{"type":"branch","line":67,"loc":{"start":{"line":67,"column":55},"end":{"line":67,"column":77}},"locations":[{"start":{"line":67,"column":55},"end":{"line":67,"column":77}}]},"9":{"type":"branch","line":73,"loc":{"start":{"line":73,"column":11},"end":{"line":75,"column":5}},"locations":[{"start":{"line":73,"column":11},"end":{"line":75,"column":5}}]},"10":{"type":"branch","line":77,"loc":{"start":{"line":77,"column":11},"end":{"line":79,"column":5}},"locations":[{"start":{"line":77,"column":11},"end":{"line":79,"column":5}}]},"11":{"type":"branch","line":110,"loc":{"start":{"line":110,"column":11},"end":{"line":113,"column":5}},"locations":[{"start":{"line":110,"column":11},"end":{"line":113,"column":5}}]},"12":{"type":"branch","line":111,"loc":{"start":{"line":111,"column":13},"end":{"line":111,"column":33}},"locations":[{"start":{"line":111,"column":13},"end":{"line":111,"column":33}}]},"13":{"type":"branch","line":189,"loc":{"start":{"line":189,"column":0},"end":{"line":195,"column":1}},"locations":[{"start":{"line":189,"column":0},"end":{"line":195,"column":1}}]},"14":{"type":"branch","line":194,"loc":{"start":{"line":194,"column":11},"end":{"line":194,"column":65}},"locations":[{"start":{"line":194,"column":11},"end":{"line":194,"column":65}}]},"15":{"type":"branch","line":27,"loc":{"start":{"line":27,"column":40},"end":{"line":28,"column":32}},"locations":[{"start":{"line":27,"column":40},"end":{"line":28,"column":32}}]},"16":{"type":"branch","line":36,"loc":{"start":{"line":36,"column":53},"end":{"line":37,"column":57}},"locations":[{"start":{"line":36,"column":53},"end":{"line":37,"column":57}}]},"17":{"type":"branch","line":30,"loc":{"start":{"line":30,"column":54},"end":{"line":33,"column":10}},"locations":[{"start":{"line":30,"column":54},"end":{"line":33,"column":10}}]},"18":{"type":"branch","line":31,"loc":{"start":{"line":31,"column":39},"end":{"line":31,"column":68}},"locations":[{"start":{"line":31,"column":39},"end":{"line":31,"column":68}}]},"19":{"type":"branch","line":42,"loc":{"start":{"line":42,"column":4},"end":{"line":44,"column":5}},"locations":[{"start":{"line":42,"column":4},"end":{"line":44,"column":5}}]},"20":{"type":"branch","line":64,"loc":{"start":{"line":64,"column":30},"end":{"line":64,"column":51}},"locations":[{"start":{"line":64,"column":30},"end":{"line":64,"column":51}}]},"21":{"type":"branch","line":67,"loc":{"start":{"line":67,"column":44},"end":{"line":67,"column":63}},"locations":[{"start":{"line":67,"column":44},"end":{"line":67,"column":63}}]},"22":{"type":"branch","line":89,"loc":{"start":{"line":89,"column":11},"end":{"line":102,"column":5}},"locations":[{"start":{"line":89,"column":11},"end":{"line":102,"column":5}}]},"23":{"type":"branch","line":90,"loc":{"start":{"line":90,"column":34},"end":{"line":92,"column":9}},"locations":[{"start":{"line":90,"column":34},"end":{"line":92,"column":9}}]},"24":{"type":"branch","line":92,"loc":{"start":{"line":92,"column":8},"end":{"line":101,"column":11}},"locations":[{"start":{"line":92,"column":8},"end":{"line":101,"column":11}}]},"25":{"type":"branch","line":93,"loc":{"start":{"line":93,"column":47},"end":{"line":101,"column":9}},"locations":[{"start":{"line":93,"column":47},"end":{"line":101,"column":9}}]},"26":{"type":"branch","line":94,"loc":{"start":{"line":94,"column":35},"end":{"line":98,"column":14}},"locations":[{"start":{"line":94,"column":35},"end":{"line":98,"column":14}}]},"27":{"type":"branch","line":96,"loc":{"start":{"line":96,"column":45},"end":{"line":96,"column":66}},"locations":[{"start":{"line":96,"column":45},"end":{"line":96,"column":66}}]},"28":{"type":"branch","line":96,"loc":{"start":{"line":96,"column":64},"end":{"line":97,"column":64}},"locations":[{"start":{"line":96,"column":64},"end":{"line":97,"column":64}}]},"29":{"type":"branch","line":97,"loc":{"start":{"line":97,"column":55},"end":{"line":97,"column":67}},"locations":[{"start":{"line":97,"column":55},"end":{"line":97,"column":67}}]},"30":{"type":"branch","line":103,"loc":{"start":{"line":103,"column":11},"end":{"line":105,"column":5}},"locations":[{"start":{"line":103,"column":11},"end":{"line":105,"column":5}}]},"31":{"type":"branch","line":106,"loc":{"start":{"line":106,"column":11},"end":{"line":108,"column":5}},"locations":[{"start":{"line":106,"column":11},"end":{"line":108,"column":5}}]},"32":{"type":"branch","line":116,"loc":{"start":{"line":116,"column":46},"end":{"line":187,"column":1}},"locations":[{"start":{"line":116,"column":46},"end":{"line":187,"column":1}}]},"33":{"type":"branch","line":119,"loc":{"start":{"line":119,"column":4},"end":{"line":123,"column":5}},"locations":[{"start":{"line":119,"column":4},"end":{"line":123,"column":5}}]},"34":{"type":"branch","line":121,"loc":{"start":{"line":121,"column":18},"end":{"line":121,"column":43}},"locations":[{"start":{"line":121,"column":18},"end":{"line":121,"column":43}}]},"35":{"type":"branch","line":121,"loc":{"start":{"line":121,"column":43},"end":{"line":121,"column":55}},"locations":[{"start":{"line":121,"column":43},"end":{"line":121,"column":55}}]},"36":{"type":"branch","line":121,"loc":{"start":{"line":121,"column":50},"end":{"line":122,"column":34}},"locations":[{"start":{"line":121,"column":50},"end":{"line":122,"column":34}}]},"37":{"type":"branch","line":128,"loc":{"start":{"line":128,"column":4},"end":{"line":130,"column":5}},"locations":[{"start":{"line":128,"column":4},"end":{"line":130,"column":5}}]},"38":{"type":"branch","line":129,"loc":{"start":{"line":129,"column":31},"end":{"line":129,"column":45}},"locations":[{"start":{"line":129,"column":31},"end":{"line":129,"column":45}}]},"39":{"type":"branch","line":131,"loc":{"start":{"line":131,"column":4},"end":{"line":133,"column":5}},"locations":[{"start":{"line":131,"column":4},"end":{"line":133,"column":5}}]},"40":{"type":"branch","line":132,"loc":{"start":{"line":132,"column":31},"end":{"line":132,"column":41}},"locations":[{"start":{"line":132,"column":31},"end":{"line":132,"column":41}}]},"41":{"type":"branch","line":135,"loc":{"start":{"line":135,"column":4},"end":{"line":137,"column":5}},"locations":[{"start":{"line":135,"column":4},"end":{"line":137,"column":5}}]},"42":{"type":"branch","line":138,"loc":{"start":{"line":138,"column":4},"end":{"line":140,"column":5}},"locations":[{"start":{"line":138,"column":4},"end":{"line":140,"column":5}}]},"43":{"type":"branch","line":142,"loc":{"start":{"line":142,"column":11},"end":{"line":151,"column":5}},"locations":[{"start":{"line":142,"column":11},"end":{"line":151,"column":5}}]},"44":{"type":"branch","line":149,"loc":{"start":{"line":149,"column":47},"end":{"line":149,"column":61}},"locations":[{"start":{"line":149,"column":47},"end":{"line":149,"column":61}}]},"45":{"type":"branch","line":149,"loc":{"start":{"line":149,"column":61},"end":{"line":149,"column":75}},"locations":[{"start":{"line":149,"column":61},"end":{"line":149,"column":75}}]},"46":{"type":"branch","line":153,"loc":{"start":{"line":153,"column":11},"end":{"line":162,"column":5}},"locations":[{"start":{"line":153,"column":11},"end":{"line":162,"column":5}}]},"47":{"type":"branch","line":159,"loc":{"start":{"line":159,"column":23},"end":{"line":159,"column":30}},"locations":[{"start":{"line":159,"column":23},"end":{"line":159,"column":30}}]},"48":{"type":"branch","line":159,"loc":{"start":{"line":159,"column":23},"end":{"line":161,"column":26}},"locations":[{"start":{"line":159,"column":23},"end":{"line":161,"column":26}}]},"49":{"type":"branch","line":161,"loc":{"start":{"line":161,"column":17},"end":{"line":161,"column":47}},"locations":[{"start":{"line":161,"column":17},"end":{"line":161,"column":47}}]},"50":{"type":"branch","line":164,"loc":{"start":{"line":164,"column":11},"end":{"line":166,"column":5}},"locations":[{"start":{"line":164,"column":11},"end":{"line":166,"column":5}}]},"51":{"type":"branch","line":167,"loc":{"start":{"line":167,"column":11},"end":{"line":169,"column":5}},"locations":[{"start":{"line":167,"column":11},"end":{"line":169,"column":5}}]},"52":{"type":"branch","line":170,"loc":{"start":{"line":170,"column":11},"end":{"line":180,"column":5}},"locations":[{"start":{"line":170,"column":11},"end":{"line":180,"column":5}}]},"53":{"type":"branch","line":171,"loc":{"start":{"line":171,"column":20},"end":{"line":171,"column":27}},"locations":[{"start":{"line":171,"column":20},"end":{"line":171,"column":27}}]},"54":{"type":"branch","line":171,"loc":{"start":{"line":171,"column":20},"end":{"line":173,"column":26}},"locations":[{"start":{"line":171,"column":20},"end":{"line":173,"column":26}}]},"55":{"type":"branch","line":173,"loc":{"start":{"line":173,"column":21},"end":{"line":173,"column":49}},"locations":[{"start":{"line":173,"column":21},"end":{"line":173,"column":49}}]},"56":{"type":"branch","line":173,"loc":{"start":{"line":173,"column":49},"end":{"line":173,"column":56}},"locations":[{"start":{"line":173,"column":49},"end":{"line":173,"column":56}}]},"57":{"type":"branch","line":173,"loc":{"start":{"line":173,"column":49},"end":{"line":179,"column":11}},"locations":[{"start":{"line":173,"column":49},"end":{"line":179,"column":11}}]},"58":{"type":"branch","line":177,"loc":{"start":{"line":177,"column":19},"end":{"line":179,"column":9}},"locations":[{"start":{"line":177,"column":19},"end":{"line":179,"column":9}}]},"59":{"type":"branch","line":178,"loc":{"start":{"line":178,"column":38},"end":{"line":178,"column":72}},"locations":[{"start":{"line":178,"column":38},"end":{"line":178,"column":72}}]},"60":{"type":"branch","line":182,"loc":{"start":{"line":182,"column":11},"end":{"line":186,"column":5}},"locations":[{"start":{"line":182,"column":11},"end":{"line":186,"column":5}}]},"61":{"type":"branch","line":183,"loc":{"start":{"line":183,"column":38},"end":{"line":183,"column":54}},"locations":[{"start":{"line":183,"column":38},"end":{"line":183,"column":54}}]},"62":{"type":"branch","line":183,"loc":{"start":{"line":183,"column":52},"end":{"line":185,"column":50}},"locations":[{"start":{"line":183,"column":52},"end":{"line":185,"column":50}}]},"63":{"type":"branch","line":183,"loc":{"start":{"line":183,"column":45},"end":{"line":183,"column":54}},"locations":[{"start":{"line":183,"column":45},"end":{"line":183,"column":54}}]},"64":{"type":"branch","line":185,"loc":{"start":{"line":185,"column":15},"end":{"line":185,"column":50}},"locations":[{"start":{"line":185,"column":15},"end":{"line":185,"column":50}}]},"65":{"type":"branch","line":192,"loc":{"start":{"line":192,"column":20},"end":{"line":192,"column":65}},"locations":[{"start":{"line":192,"column":20},"end":{"line":192,"column":65}}]}},"b":{"0":[363],"1":[363],"2":[282],"3":[283],"4":[315],"5":[0],"6":[300],"7":[0],"8":[116],"9":[315],"10":[300],"11":[296],"12":[1],"13":[80],"14":[70],"15":[81],"16":[80],"17":[166],"18":[81],"19":[83],"20":[184],"21":[184],"22":[190],"23":[85],"24":[184],"25":[184],"26":[264],"27":[179],"28":[164],"29":[82],"30":[80],"31":[80],"32":[310],"33":[568],"34":[566],"35":[3],"36":[565],"37":[223],"38":[117],"39":[19],"40":[1],"41":[310],"42":[698],"43":[591],"44":[578],"45":[13],"46":[211],"47":[1],"48":[210],"49":[207],"50":[6],"51":[2],"52":[139],"53":[4],"54":[135],"55":[124],"56":[22],"57":[113],"58":[113],"59":[117],"60":[316],"61":[4],"62":[312],"63":[4],"64":[241],"65":[80]},"fnMap":{"0":{"name":"<instance_members_initializer>","decl":{"start":{"line":14,"column":24},"end":{"line":114,"column":1}},"loc":{"start":{"line":14,"column":24},"end":{"line":114,"column":1}},"line":14},"1":{"name":"Navigation","decl":{"start":{"line":22,"column":11},"end":{"line":41,"column":5}},"loc":{"start":{"line":22,"column":11},"end":{"line":41,"column":5}},"line":22},"2":{"name":"onPopStateChange","decl":{"start":{"line":30,"column":54},"end":{"line":33,"column":10}},"loc":{"start":{"line":30,"column":54},"end":{"line":33,"column":10}},"line":30},"3":{"name":"get length","decl":{"start":{"line":42,"column":4},"end":{"line":44,"column":5}},"loc":{"start":{"line":42,"column":4},"end":{"line":44,"column":5}},"line":42},"4":{"name":"_push","decl":{"start":{"line":46,"column":12},"end":{"line":57,"column":5}},"loc":{"start":{"line":46,"column":12},"end":{"line":57,"column":5}},"line":46},"5":{"name":"_replace","decl":{"start":{"line":59,"column":12},"end":{"line":71,"column":5}},"loc":{"start":{"line":59,"column":12},"end":{"line":71,"column":5}},"line":59},"6":{"name":"push","decl":{"start":{"line":73,"column":11},"end":{"line":75,"column":5}},"loc":{"start":{"line":73,"column":11},"end":{"line":75,"column":5}},"line":73},"7":{"name":"replace","decl":{"start":{"line":77,"column":11},"end":{"line":79,"column":5}},"loc":{"start":{"line":77,"column":11},"end":{"line":79,"column":5}},"line":77},"8":{"name":"pushHistoryState","decl":{"start":{"line":81,"column":11},"end":{"line":83,"column":5}},"loc":{"start":{"line":81,"column":11},"end":{"line":83,"column":5}},"line":81},"9":{"name":"replaceHistoryState","decl":{"start":{"line":85,"column":11},"end":{"line":87,"column":5}},"loc":{"start":{"line":85,"column":11},"end":{"line":87,"column":5}},"line":85},"10":{"name":"go","decl":{"start":{"line":89,"column":11},"end":{"line":102,"column":5}},"loc":{"start":{"line":89,"column":11},"end":{"line":102,"column":5}},"line":89},"11":{"name":"forward","decl":{"start":{"line":103,"column":11},"end":{"line":105,"column":5}},"loc":{"start":{"line":103,"column":11},"end":{"line":105,"column":5}},"line":103},"12":{"name":"back","decl":{"start":{"line":106,"column":11},"end":{"line":108,"column":5}},"loc":{"start":{"line":106,"column":11},"end":{"line":108,"column":5}},"line":106},"13":{"name":"destroy","decl":{"start":{"line":110,"column":11},"end":{"line":113,"column":5}},"loc":{"start":{"line":110,"column":11},"end":{"line":113,"column":5}},"line":110},"14":{"name":"<instance_members_initializer>","decl":{"start":{"line":116,"column":46},"end":{"line":187,"column":1}},"loc":{"start":{"line":116,"column":46},"end":{"line":187,"column":1}},"line":116},"15":{"name":"subscribeHtmlHistory","decl":{"start":{"line":189,"column":0},"end":{"line":195,"column":1}},"loc":{"start":{"line":189,"column":0},"end":{"line":195,"column":1}},"line":189},"16":{"name":"wrapper","decl":{"start":{"line":192,"column":20},"end":{"line":192,"column":65}},"loc":{"start":{"line":192,"column":20},"end":{"line":192,"column":65}},"line":192},"17":{"name":"_promiseResolve","decl":{"start":{"line":94,"column":35},"end":{"line":98,"column":14}},"loc":{"start":{"line":94,"column":35},"end":{"line":98,"column":14}},"line":94},"18":{"name":"get _curEntry","decl":{"start":{"line":119,"column":4},"end":{"line":123,"column":5}},"loc":{"start":{"line":119,"column":4},"end":{"line":123,"column":5}},"line":119},"19":{"name":"get state","decl":{"start":{"line":128,"column":4},"end":{"line":130,"column":5}},"loc":{"start":{"line":128,"column":4},"end":{"line":130,"column":5}},"line":128},"20":{"name":"get url","decl":{"start":{"line":131,"column":4},"end":{"line":133,"column":5}},"loc":{"start":{"line":131,"column":4},"end":{"line":133,"column":5}},"line":131},"21":{"name":"MemoryHistory","decl":{"start":{"line":135,"column":4},"end":{"line":137,"column":5}},"loc":{"start":{"line":135,"column":4},"end":{"line":137,"column":5}},"line":135},"22":{"name":"get length","decl":{"start":{"line":138,"column":4},"end":{"line":140,"column":5}},"loc":{"start":{"line":138,"column":4},"end":{"line":140,"column":5}},"line":138},"23":{"name":"pushState","decl":{"start":{"line":142,"column":11},"end":{"line":151,"column":5}},"loc":{"start":{"line":142,"column":11},"end":{"line":151,"column":5}},"line":142},"24":{"name":"replaceState","decl":{"start":{"line":153,"column":11},"end":{"line":162,"column":5}},"loc":{"start":{"line":153,"column":11},"end":{"line":162,"column":5}},"line":153},"25":{"name":"back","decl":{"start":{"line":164,"column":11},"end":{"line":166,"column":5}},"loc":{"start":{"line":164,"column":11},"end":{"line":166,"column":5}},"line":164},"26":{"name":"forward","decl":{"start":{"line":167,"column":11},"end":{"line":169,"column":5}},"loc":{"start":{"line":167,"column":11},"end":{"line":169,"column":5}},"line":167},"27":{"name":"go","decl":{"start":{"line":170,"column":11},"end":{"line":180,"column":5}},"loc":{"start":{"line":170,"column":11},"end":{"line":180,"column":5}},"line":170},"28":{"name":"onPopState","decl":{"start":{"line":182,"column":11},"end":{"line":186,"column":5}},"loc":{"start":{"line":182,"column":11},"end":{"line":186,"column":5}},"line":182}},"f":{"0":363,"1":363,"2":87,"3":4,"4":315,"5":300,"6":315,"7":300,"8":0,"9":0,"10":111,"11":1,"12":1,"13":296,"14":310,"15":80,"16":1,"17":185,"18":568,"19":223,"20":19,"21":310,"22":698,"23":591,"24":211,"25":6,"26":2,"27":139,"28":316}}
,"/home/runner/work/esmx/esmx/packages/router/src/options.ts": {"path":"/home/runner/work/esmx/esmx/packages/router/src/options.ts","all":false,"statementMap":{"0":{"start":{"line":1,"column":0},"end":{"line":1,"column":42}},"1":{"start":{"line":3,"column":0},"end":{"line":3,"column":37}},"2":{"start":{"line":5,"column":0},"end":{"line":5,"column":35}},"3":{"start":{"line":12,"column":0},"end":{"line":12,"column":50}},"4":{"start":{"line":14,"column":0},"end":{"line":14,"column":32}},"5":{"start":{"line":16,"column":0},"end":{"line":16,"column":23}},"6":{"start":{"line":17,"column":0},"end":{"line":17,"column":33}},"7":{"start":{"line":18,"column":0},"end":{"line":18,"column":27}},"8":{"start":{"line":19,"column":0},"end":{"line":19,"column":36}},"9":{"start":{"line":20,"column":0},"end":{"line":20,"column":29}},"10":{"start":{"line":22,"column":0},"end":{"line":22,"column":32}},"11":{"start":{"line":23,"column":0},"end":{"line":23,"column":24}},"12":{"start":{"line":24,"column":0},"end":{"line":24,"column":47}},"13":{"start":{"line":25,"column":0},"end":{"line":25,"column":50}},"14":{"start":{"line":26,"column":0},"end":{"line":26,"column":76}},"15":{"start":{"line":27,"column":0},"end":{"line":27,"column":25}},"16":{"start":{"line":28,"column":0},"end":{"line":28,"column":26}},"17":{"start":{"line":29,"column":0},"end":{"line":29,"column":20}},"18":{"start":{"line":30,"column":0},"end":{"line":30,"column":46}},"19":{"start":{"line":31,"column":0},"end":{"line":31,"column":31}},"20":{"start":{"line":32,"column":0},"end":{"line":32,"column":39}},"21":{"start":{"line":33,"column":0},"end":{"line":33,"column":24}},"22":{"start":{"line":34,"column":0},"end":{"line":34,"column":53}},"23":{"start":{"line":35,"column":0},"end":{"line":35,"column":35}},"24":{"start":{"line":37,"column":0},"end":{"line":37,"column":76}},"25":{"start":{"line":38,"column":0},"end":{"line":38,"column":12}},"26":{"start":{"line":39,"column":0},"end":{"line":39,"column":47}},"27":{"start":{"line":40,"column":0},"end":{"line":40,"column":5}},"28":{"start":{"line":44,"column":0},"end":{"line":44,"column":18}},"29":{"start":{"line":45,"column":0},"end":{"line":45,"column":9}},"30":{"start":{"line":46,"column":0},"end":{"line":46,"column":39}},"31":{"start":{"line":47,"column":0},"end":{"line":47,"column":17}},"32":{"start":{"line":48,"column":0},"end":{"line":48,"column":21}},"33":{"start":{"line":49,"column":0},"end":{"line":49,"column":94}},"34":{"start":{"line":50,"column":0},"end":{"line":50,"column":10}},"35":{"start":{"line":51,"column":0},"end":{"line":51,"column":51}},"36":{"start":{"line":52,"column":0},"end":{"line":52,"column":5}},"37":{"start":{"line":55,"column":0},"end":{"line":55,"column":33}},"38":{"start":{"line":56,"col
[...]
nce_members_initializer>","decl":{"start":{"line":24,"column":20},"end":{"line":340,"column":1}},"loc":{"start":{"line":24,"column":20},"end":{"line":340,"column":1}},"line":24},"1":{"name":"get route","decl":{"start":{"line":33,"column":4},"end":{"line":41,"column":5}},"loc":{"start":{"line":33,"column":4},"end":{"line":41,"column":5}},"line":33},"2":{"name":"get root","decl":{"start":{"line":43,"column":4},"end":{"line":45,"column":5}},"loc":{"start":{"line":43,"column":4},"end":{"line":45,"column":5}},"line":43},"3":{"name":"get req","decl":{"start":{"line":46,"column":4},"end":{"line":48,"column":5}},"loc":{"start":{"line":46,"column":4},"end":{"line":48,"column":5}},"line":46},"4":{"name":"get res","decl":{"start":{"line":49,"column":4},"end":{"line":51,"column":5}},"loc":{"start":{"line":49,"column":4},"end":{"line":51,"column":5}},"line":49},"5":{"name":"Router","decl":{"start":{"line":53,"column":11},"end":{"line":67,"column":5}},"loc":{"start":{"line":53,"column":11},"end":{"line":67,"column":5}},"line":53},"6":{"name":"push","decl":{"start":{"line":69,"column":11},"end":{"line":71,"column":5}},"loc":{"start":{"line":69,"column":11},"end":{"line":71,"column":5}},"line":69},"7":{"name":"replace","decl":{"start":{"line":72,"column":11},"end":{"line":74,"column":5}},"loc":{"start":{"line":72,"column":11},"end":{"line":74,"column":5}},"line":72},"8":{"name":"pushWindow","decl":{"start":{"line":75,"column":11},"end":{"line":77,"column":5}},"loc":{"start":{"line":75,"column":11},"end":{"line":77,"column":5}},"line":75},"9":{"name":"replaceWindow","decl":{"start":{"line":78,"column":11},"end":{"line":80,"column":5}},"loc":{"start":{"line":78,"column":11},"end":{"line":80,"column":5}},"line":78},"10":{"name":"restartApp","decl":{"start":{"line":81,"column":11},"end":{"line":86,"column":5}},"loc":{"start":{"line":81,"column":11},"end":{"line":86,"column":5}},"line":81},"11":{"name":"back","decl":{"start":{"line":88,"column":4},"end":{"line":98,"column":5}},"loc":{"start":{"line":88,"column":4},"end":{"line":98,"column":5}},"line":88},"12":{"name":"go","decl":{"start":{"line":99,"column":4},"end":{"line":115,"column":5}},"loc":{"start":{"line":99,"column":4},"end":{"line":115,"column":5}},"line":99},"13":{"name":"forward","decl":{"start":{"line":116,"column":4},"end":{"line":123,"column":5}},"loc":{"start":{"line":116,"column":4},"end":{"line":123,"column":5}},"line":116},"14":{"name":"resolve","decl":{"start":{"line":158,"column":11},"end":{"line":165,"column":5}},"loc":{"start":{"line":158,"column":11},"end":{"line":165,"column":5}},"line":158},"15":{"name":"isRouteMatched","decl":{"start":{"line":177,"column":11},"end":{"line":185,"column":5}},"loc":{"start":{"line":177,"column":11},"end":{"line":185,"column":5}},"line":177},"16":{"name":"resolveLink","decl":{"start":{"line":222,"column":11},"end":{"line":224,"column":5}},"loc":{"start":{"line":222,"column":11},"end":{"line":224,"column":5}},"line":222},"17":{"name":"createLayer","decl":{"start":{"line":226,"column":4},"end":{"line":305,"column":5}},"loc":{"start":{"line":226,"column":4},"end":{"line":305,"column":5}},"line":226},"18":{"name":"pushLayer","decl":{"start":{"line":306,"column":4},"end":{"line":311,"column":5}},"loc":{"start":{"line":306,"column":4},"end":{"line":311,"column":5}},"line":306},"19":{"name":"closeLayer","decl":{"start":{"line":312,"column":11},"end":{"line":315,"column":5}},"loc":{"start":{"line":312,"column":11},"end":{"line":315,"column":5}},"line":312},"20":{"name":"renderToString","decl":{"start":{"line":317,"column":4},"end":{"line":326,"column":5}},"loc":{"start":{"line":317,"column":4},"end":{"line":326,"column":5}},"line":317},"21":{"name":"beforeEach","decl":{"start":{"line":328,"column":11},"end":{"line":330,"column":5}},"loc":{"start":{"line":328,"column":11},"end":{"line":330,"column":5}},"line":328},"22":{"name":"afterEach","decl":{"start":{"line":331,"column":11},"end":{"line":333,"column":5}},"loc":{"start":{"line":331,"column":11},"end":{"line":333,"column":5}},"line":331},"23":{"name":"destroy","decl":{"start":{"line":335,"column":11},"end":{"line":339,"column":5}},"loc":{"start":{"line":335,"column":11},"end":{"line":339,"column":5}},"line":335}},"f":{"0":352,"1":685,"2":56,"3":0,"4":106,"5":352,"6":313,"7":125,"8":31,"9":31,"10":113,"11":59,"12":12,"13":32,"14":75,"15":0,"16":0,"17":0,"18":0,"19":0,"20":0,"21":206,"22":16,"23":285}}
,"/home/runner/work/esmx/esmx/packages/router/src/types.ts": {"path":"/home/runner/work/esmx/esmx/packages/router/src/types.ts","all":false,"statementMap":{"0":{"start":{"line":17,"column":0},"end":{"line":17,"column":24}},"1":{"start":{"line":18,"column":0},"end":{"line":18,"column":24}},"2":{"start":{"line":19,"column":0},"end":{"line":19,"column":21}},"3":{"start":{"line":22,"column":0},"end":{"line":22,"column":23}},"4":{"start":{"line":23,"column":0},"end":{"line":23,"column":18}},"5":{"start":{"line":24,"column":0},"end":{"line":24,"column":24}},"6":{"start":{"line":25,"column":0},"end":{"line":25,"column":30}},"7":{"start":{"line":26,"column":0},"end":{"line":26,"column":14}},"8":{"start":{"line":27,"column":0},"end":{"line":27,"column":24}},"9":{"start":{"line":28,"column":0},"end":{"line":28,"column":18}},"10":{"start":{"line":29,"column":0},"end":{"line":29,"column":24}},"11":{"start":{"line":30,"column":0},"end":{"line":30,"column":30}},"12":{"start":{"line":31,"column":0},"end":{"line":31,"column":36}},"13":{"start":{"line":32,"column":0},"end":{"line":32,"column":27}}},"s":{"0":2,"1":2,"2":2,"3":2,"4":2,"5":2,"6":2,"7":2,"8":2,"9":2,"10":2,"11":2,"12":2,"13":2},"branchMap":{"0":{"type":"branch","line":17,"loc":{"start":{"line":17,"column":7},"end":{"line":17,"column":24}},"locations":[{"start":{"line":17,"column":7},"end":{"line":17,"column":24}}]},"1":{"type":"branch","line":22,"loc":{"start":{"line":22,"column":7},"end":{"line":22,"column":23}},"locations":[{"start":{"line":22,"column":7},"end":{"line":22,"column":23}}]}},"b":{"0":[18],"1":[18]},"fnMap":{},"f":{}}
,"/home/runner/work/esmx/esmx/packages/router/src/util.ts": {"path":"/home/runner/work/esmx/esmx/packages/router/src/util.ts","all":false,"statementMap":{"0":{"start":{"line":2,"column":0},"end":{"line":2,"column":52}},"1":{"start":{"line":4,"column":0},"end":{"line":4,"column":55}},"2":{"start":{"line":5,"column":0},"end":{"line":5,"column":12}},"3":{"start":{"line":6,"column":0},"end":{"line":6,"column":30}},"4":{"start":{"line":7,"column":0},"end":{"line":7,"column":25}},"5":{"start":{"line":8,"column":0},"end":{"line":8,"column":22}},"6":{"start":{"line":9,"column":0},"end":{"line":9,"column":35}},"7":{"start":{"line":10,"column":0},"end":{"line":10,"column":59}},"8":{"start":{"line":11,"column":0},"end":{"line":11,"column":23}},"9":{"start":{"line":12,"column":0},"end":{"line":12,"column":9}},"10":{"start":{"line":14,"column":0},"end":{"line":14,"column":1}},"11":{"start":{"line":16,"column":0},"end":{"line":16,"column":69}},"12":{"start":{"line":17,"column":0},"end":{"line":17,"column":12}},"13":{"start":{"line":18,"column":0},"end":{"line":18,"column":36}},"14":{"start":{"line":19,"column":0},"end":{"line":19,"column":63}},"15":{"start":{"line":21,"column":0},"end":{"line":21,"column":1}},"16":{"start":{"line":29,"column":0},"end":{"line":29,"column":38}},"17":{"start":{"line":30,"column":0},"end":{"line":30,"column":18}},"18":{"start":{"line":31,"column":0},"end":{"line":31,"column":33}},"19":{"start":{"line":32,"column":0},"end":{"line":32,"column":32}},"20":{"start":{"line":33,"column":0},"end":{"line":33,"column":21}},"21":{"start":{"line":34,"column":0},"end":{"line":34,"column":5}},"22":{"start":{"line":36,"column":0},"end":{"line":36,"column":64}},"23":{"start":{"line":37,"column":0},"end":{"line":37,"column":1}},"24":{"start":{"line":39,"column":0},"end":{"line":39,"column":57}},"25":{"start":{"line":40,"column":0},"end":{"line":40,"column":56}},"26":{"start":{"line":41,"column":0},"end":{"line":41,"column":31}},"27":{"start":{"line":43,"column":0},"end":{"line":43,"column":53}},"28":{"start":{"line":44,"column":0},"end":{"line":44,"column":27}},"29":{"start":{"line":45,"column":0},"end":{"line":45,"column":25}},"30":{"start":{"line":46,"column":0},"end":{"line":46,"column":21}},"31":{"start":{"line":47,"column":0},"end":{"line":47,"column":2}},"32":{"start":{"line":49,"column":0},"end":{"line":49,"column":41}},"33":{"start":{"line":50,"column":0},"end":{"line":50,"column":19}},"34":{"start":{"line":51,"column":0},"end":{"line":51,"column":52}},"35":{"start":{"line":52,"column":0},"end":{"line":52,"column":12}},"36":{"start":{"line":53,"column":0},"end":{"line":53,"column":27}},"37":{"start":{"line":54,"column":0},"end":{"line":54,"column":39}},"38":{"start":{"line":55,"column":0},"end":{"line":55,"column":37}},"39":{"start":{"line":56,"column":0},"end":{"line":56,"column":29}},"40":{"start":{"line":58,"column":0},"end":{"line":58,"column":1}},"41":{"start":{"line":60,"column":0},"end":{"line":60,"column":67}},"42":{"start":{"line":62,"column":0},"end":{"line":62,"column":16}},"43":{"start":{"line":63,"column":0},"end":{"line":63,"column":21}},"44":{"start":{"line":64,"column":0},"end":{"line":64,"column":5}},"45":{"start":{"line":67,"column":0},"end":{"line":67,"column":24}},"46":{"start":{"line":68,"column":0},"end":{"line":68,"column":20}},"47":{"start":{"line":69,"column":0},"end":{"line":69,"column":5}},"48":{"start":{"line":72,"column":0},"end":{"line":72,"column":47}},"49":{"start":{"line":73,"column":0},"end":{"line":73,"column":47}},"50":{"start":{"line":76,"column":0},"end":{"line":76,"column":26}},"51":{"start":{"line":78,"column":0},"end":{"line":78,"column":26}},"52":{"start":{"line":79,"column":0},"end":{"line":79,"column":35}},"53":{"start":{"line":80,"column":0},"end":{"line":80,"column":1}},"54":{"start":{"line":93,"column":0},"end":{"line":93,"column":31}},"55":{"start":{"line":94,"column":0},"end":{"line":94,"column":18}},"56":{"start":{"line":95,"column":0},"end":{"line":95,"column":25}},"57":{"start":{"line":96,"column":0},"end":{"line":96,"column":29}},"58":{"start":{"line":97,"column":0},"end":{"line":97,"column":12}},"59":{"start":{"line":98,"column":0},"end":{"line":98,"column":30}},"60":{"start":{"line":100,"column":0},"end":{"line":100,"column":24}},"61":{"start":{"line":101,"column":0},"end":{"line":101,"column":21}},"62":{"start":{"line":103,"column":0},"end":{"line":103,"column":51}},"63":{"start":{"line":105,"column":0},"end":{"line":105,"column":21}},"64":{"start":{"line":107,"column":0},"end":{"line":107,"column":55}},"65":{"start":{"line":109,"column":0},"end":{"line":109,"column":23}},"66":{"start":{"line":111,"column":0},"end":{"line":111,"column":63}},"67":{"start":{"line":113,"column":0},"end":{"line":113,"column":16}},"68":{"start":{"line":114,"column":0},"end":{"line":114,"column":25}},"69":{"start":{"line":115,"column":0},"end":{"line":115,"column":5}},"70":{"start":{"line":116,"column":0},"end":{"line":116,"column":1}}},"s":{"0":2,"1":2,"2":1124,"3":1124,"4":1123,"5":1121,"6":1121,"7":11,"8":1110,"9":1121,"10":1124,"11":2,"12":16258,"13":16258,"14":14362,"15":16258,"16":2,"17":213,"18":213,"19":213,"20":183,"21":183,"22":30,"23":30,"24":2,"25":260,"26":254,"27":2,"28":252,"29":260,"30":237,"31":237,"32":2,"33":6584,"34":6584,"35":6584,"36":6584,"37":5565,"38":4891,"39":4876,"40":6584,"41":2,"42":424,"43":163,"44":163,"45":404,"46":1,"47":1,"48":260,"49":260,"50":260,"51":260,"52":260,"53":260,"54":2,"55":689,"56":689,"57":689,"58":689,"59":689,"60":421,"61":577,"62":344,"63":689,"64":71,"65":689,"66":5,"67":689,"68":1,"69":689,"70":689},"branchMap":{"0":{"type":"branch","line":4,"loc":{"start":{"line":4,"column":7},"end":{"line":14,"column":1}},"locations":[{"start":{"line":4,"column":7},"end":{"line":14,"column":1}}]},"1":{"type":"branch","line":9,"loc":{"start":{"line":9,"column":29},"end":{"line":10,"column":59}},"locations":[{"start":{"line":9,"column":29},"end":{"line":10,"column":59}}]},"2":{"type":"branch","line":16,"loc":{"start":{"line":16,"column":7},"end":{"line":21,"column":1}},"locations":[{"start":{"line":16,"column":7},"end":{"line":21,"column":1}}]},"3":{"type":"branch","line":18,"loc":{"start":{"line":18,"column":8},"end":{"line":18,"column":27}},"locations":[{"start":{"line":18,"column":8},"end":{"line":18,"column":27}}]},"4":{"type":"branch","line":18,"loc":{"start":{"line":18,"column":27},"end":{"line":19,"column":63}},"locations":[{"start":{"line":18,"column":27},"end":{"line":19,"column":63}}]},"5":{"type":"branch","line":29,"loc":{"start":{"line":29,"column":7},"end":{"line":37,"column":1}},"locations":[{"start":{"line":29,"column":7},"end":{"line":37,"column":1}}]},"6":{"type":"branch","line":34,"loc":{"start":{"line":34,"column":4},"end":{"line":37,"column":1}},"locations":[{"start":{"line":34,"column":4},"end":{"line":37,"column":1}}]},"7":{"type":"branch","line":39,"loc":{"start":{"line":39,"column":31},"end":{"line":47,"column":2}},"locations":[{"start":{"line":39,"column":31},"end":{"line":47,"column":2}}]},"8":{"type":"branch","line":40,"loc":{"start":{"line":40,"column":49},"end":{"line":40,"column":56}},"locations":[{"start":{"line":40,"column":49},"end":{"line":40,"column":56}}]},"9":{"type":"branch","line":41,"loc":{"start":{"line":41,"column":30},"end":{"line":43,"column":53}},"locations":[{"start":{"line":41,"column":30},"end":{"line":43,"column":53}}]},"10":{"type":"branch","line":45,"loc":{"start":{"line":45,"column":18},"end":{"line":45,"column":25}},"locations":[{"start":{"line":45,"column":18},"end":{"line":45,"column":25}}]},"11":{"type":"branch","line":49,"loc":{"start":{"line":49,"column":7},"end":{"line":58,"column":1}},"locations":[{"start":{"line":49,"column":7},"end":{"line":58,"column":1}}]},"12":{"type":"branch","line":53,"loc":{"start":{"line":53,"column":19},"end":{"line":54,"column":39}},"locations":[{"start":{"line":53,"column":19},"end":{"line":54,"column":39}}]},"13":{"type":"branch","line":54,"loc":{"start":{"line":54,"column":26},"end":{"line":55,"column":37}},"locations":[{"start":{"line":54,"column":26},"end":{"line":55,"column":37}}]},"14":{"type":"branch","line":55,"loc":{"start":{"line":55,"column":26},"end":{"line":56,"column":29}},"locations":[{"start":{"line":55,"column":26},"end":{"line":56,"column":29}}]},"15":{"type":"branch","line":60,"loc":{"start":{"line":60,"column":7},"end":{"line":80,"column":1}},"locations":[{"start":{"line":60,"column":7},"end":{"line":80,"column":1}}]},"16":{"type":"branch","line":62,"loc":{"start":{"line":62,"column":15},"end":{"line":64,"column":5}},"locations":[{"start":{"line":62,"column":15},"end":{"line":64,"column":5}}]},"17":{"type":"branch","line":64,"loc":{"start":{"line":64,"column":4},"end":{"line":80,"column":1}},"locations":[{"start":{"line":64,"column":4},"end":{"line":80,"column":1}}]},"18":{"type":"branch","line":64,"loc":{"start":{"line":64,"column":4},"end":{"line":67,"column":23}},"locations":[{"start":{"line":64,"column":4},"end":{"line":67,"column":23}}]},"19":{"type":"branch","line":67,"loc":{"start":{"line":67,"column":23},"end":{"line":69,"column":5}},"locations":[{"start":{"line":67,"column":23},"end":{"line":69,"column":5}}]},"20":{"type":"branch","line":69,"loc":{"start":{"line":69,"column":4},"end":{"line":80,"column":1}},"locations":[{"start":{"line":69,"column":4},"end":{"line":80,"column":1}}]},"21":{"type":"branch","line":93,"loc":{"start":{"line":93,"column":7},"end":{"line":116,"column":1}},"locations":[{"start":{"line":93,"column":7},"end":{"line":116,"column":1}}]},"22":{"type":"branch","line":98,"loc":{"start":{"line":98,"column":17},"end":{"line":98,"column":30}},"locations":[{"start":{"line":98,"column":17},"end":{"line":98,"column":30}}]},"23":{"type":"branch","line":98,"loc":{"start":{"line":98,"column":24},"end":{"line":103,"column":51}},"locations":[{"start":{"line":98,"column":24},"end":{"line":103,"column":51}}]},"24":{"type":"branch","line":98,"loc":{"start":{"line":98,"column":24},"end":{"line":100,"column":24}},"locations":[{"start":{"line":98,"column":24},"end":{"line":100,"column":24}}]},"25":{"type":"branch","line":101,"loc":{"start":{"line":101,"column":8},"end":{"line":103,"column":51}},"locations":[{"start":{"line":101,"column":8},"end":{"line":103,"column":51}}]},"26":{"type":"branch","line":105,"loc":{"start":{"line":105,"column":8},"end":{"line":107,"column":55}},"locations":[{"start":{"line":105,"column":8},"end":{"line":107,"column":55}}]},"27":{"type":"branch","line":109,"loc":{"start":{"line":109,"column":8},"end":{"line":111,"column":63}},"locations":[{"start":{"line":109,"column":8},"end":{"line":111,"column":63}}]},"28":{"type":"branch","line":113,"loc":{"start":{"line":113,"column":8},"end":{"line":114,"column":25}},"locations":[{"start":{"line":113,"column":8},"end":{"line":114,"column":25}}]},"29":{"type":"branch","line":6,"loc":{"start":{"line":6,"column":18},"end":{"line":7,"column":25}},"locations":[{"start":{"line":6,"column":18},"end":{"line":7,"column":25}}]},"30":{"type":"branch","line":7,"loc":{"start":{"line":7,"column":18},"end":{"line":12,"column":9}},"locations":[{"start":{"line":7,"column":18},"end":{"line":12,"column":9}}]},"31":{"type":"branch","line":10,"loc":{"start":{"line":10,"column":32},"end":{"line":11,"column":23}},"locations":[{"start":{"line":10,"column":32},"end":{"line":11,"column":23}}]},"32":{"type":"branch","line":32,"loc":{"start":{"line":32,"column":31},"end":{"line":34,"column":5}},"locations":[{"start":{"line":32,"column":31},"end":{"line":34,"column":5}}]},"33":{"type":"branch","line":40,"loc":{"start":{"line":40,"column":49},"end":{"line":41,"column":31}},"locations":[{"start":{"line":40,"column":49},"end":{"line":41,"column":31}}]},"34":{"type":"branch","line":43,"loc":{"start":{"line":43,"column":52},"end":{"line":44,"column":27}},"locations":[{"start":{"line":43,"column":52},"end":{"line":44,"column":27}}]},"35":{"type":"branch","line":45,"loc":{"start":{"line":45,"column":18},"end":{"line":47,"column":2}},"locations":[{"start":{"line":45,"column":18},"end":{"line":47,"column":2}}]},"36":{"type":"branch","line":43,"loc":{"start":{"line":43,"column":24},"end":{"line":43,"column":52}},"locations":[{"start":{"line":43,"column":24},"end":{"line":43,"column":52}}]}},"b":{"0":[1124],"1":[11],"2":[16258],"3":[11275],"4":[14362],"5":[213],"6":[30],"7":[260],"8":[6],"9":[2],"10":[17],"11":[6584],"12":[5565],"13":[4891],"14":[4876],"15":[424],"16":[163],"17":[404],"18":[261],"19":[1],"20":[260],"21":[689],"22":[268],"23":[577],"24":[421],"25":[344],"26":[71],"27":[5],"28":[1],"29":[1123],"30":[1121],"31":[1110],"32":[183],"33":[254],"34":[252],"35":[237],"36":[4]},"fnMap":{"0":{"name":"isNotNullish","decl":{"start":{"line":4,"column":7},"end":{"line":14,"column":1}},"loc":{"start":{"line":4,"column":7},"end":{"line":14,"column":1}},"line":4},"1":{"name":"isPlainObject","decl":{"start":{"line":16,"column":7},"end":{"line":21,"column":1}},"loc":{"start":{"line":16,"column":7},"end":{"line":21,"column":1}},"line":16},"2":{"name":"isNonEmptyPlainObject","decl":{"start":{"line":29,"column":7},"end":{"line":37,"column":1}},"loc":{"start":{"line":29,"column":7},"end":{"line":37,"column":1}},"line":29},"3":{"name":"removeFromArray","decl":{"start":{"line":39,"column":31},"end":{"line":47,"column":2}},"loc":{"start":{"line":39,"column":31},"end":{"line":47,"column":2}},"line":39},"4":{"name":"isValidConfirmHookResult","decl":{"start":{"line":49,"column":7},"end":{"line":58,"column":1}},"loc":{"start":{"line":49,"column":7},"end":{"line":58,"column":1}},"line":49},"5":{"name":"isUrlEqual","decl":{"start":{"line":60,"column":7},"end":{"line":80,"column":1}},"loc":{"start":{"line":60,"column":7},"end":{"line":80,"column":1}},"line":60},"6":{"name":"isRouteMatched","decl":{"start":{"line":93,"column":7},"end":{"line":116,"column":1}},"loc":{"start":{"line":93,"column":7},"end":{"line":116,"column":1}},"line":93}},"f":{"0":1124,"1":16258,"2":213,"3":260,"4":6584,"5":424,"6":689}}
}
