{"/home/runner/work/esmx/esmx/packages/router/src/increment-id.ts": {"path":"/home/runner/work/esmx/esmx/packages/router/src/increment-id.ts","all":false,"statementMap":{"0":{"start":{"line":1,"column":0},"end":{"line":1,"column":26}},"1":{"start":{"line":2,"column":0},"end":{"line":2,"column":22}},"2":{"start":{"line":3,"column":0},"end":{"line":3,"column":30}},"3":{"start":{"line":4,"column":0},"end":{"line":4,"column":33}},"4":{"start":{"line":5,"column":0},"end":{"line":5,"column":5}},"5":{"start":{"line":6,"column":0},"end":{"line":6,"column":19}},"6":{"start":{"line":7,"column":0},"end":{"line":7,"column":28}},"7":{"start":{"line":8,"column":0},"end":{"line":8,"column":5}},"8":{"start":{"line":9,"column":0},"end":{"line":9,"column":1}},"9":{"start":{"line":11,"column":0},"end":{"line":11,"column":41}},"10":{"start":{"line":12,"column":0},"end":{"line":12,"column":42}}},"s":{"0":2,"1":51,"2":51,"3":1047,"4":1047,"5":51,"6":11915,"7":11915,"8":51,"9":2,"10":2},"branchMap":{"0":{"type":"branch","line":1,"loc":{"start":{"line":1,"column":25},"end":{"line":9,"column":1}},"locations":[{"start":{"line":1,"column":25},"end":{"line":9,"column":1}}]},"1":{"type":"branch","line":6,"loc":{"start":{"line":6,"column":11},"end":{"line":8,"column":5}},"locations":[{"start":{"line":6,"column":11},"end":{"line":8,"column":5}}]},"2":{"type":"branch","line":3,"loc":{"start":{"line":3,"column":11},"end":{"line":5,"column":5}},"locations":[{"start":{"line":3,"column":11},"end":{"line":5,"column":5}}]}},"b":{"0":[51],"1":[11915],"2":[1049]},"fnMap":{"0":{"name":"<instance_members_initializer>","decl":{"start":{"line":1,"column":25},"end":{"line":9,"column":1}},"loc":{"start":{"line":1,"column":25},"end":{"line":9,"column":1}},"line":1},"1":{"name":"equal","decl":{"start":{"line":3,"column":11},"end":{"line":5,"column":5}},"loc":{"start":{"line":3,"column":11},"end":{"line":5,"column":5}},"line":3},"2":{"name":"next","decl":{"start":{"line":6,"column":11},"end":{"line":8,"column":5}},"loc":{"start":{"line":6,"column":11},"end":{"line":8,"column":5}},"line":6}},"f":{"0":51,"1":1047,"2":11915}}
,"/home/runner/work/esmx/esmx/packages/router/src/index.ts": {"path":"/home/runner/work/esmx/esmx/packages/router/src/index.ts","all":false,"statementMap":{"0":{"start":{"line":1,"column":0},"end":{"line":1,"column":34}},"2":{"start":{"line":3,"column":0},"end":{"line":3,"column":8}}},"s":{"0":1,"2":1},"branchMap":{},"b":{},"fnMap":{},"f":{}}
,"/home/runner/work/esmx/esmx/packages/router/src/location.ts": {"path":"/home/runner/work/esmx/esmx/packages/router/src/location.ts","all":false,"statementMap":{"0":{"start":{"line":2,"column":0},"end":{"line":2,"column":38}},"1":{"start":{"line":10,"column":0},"end":{"line":10,"column":65}},"2":{"start":{"line":11,"column":0},"end":{"line":11,"column":29}},"3":{"start":{"line":12,"column":0},"end":{"line":12,"column":19}},"4":{"start":{"line":13,"column":0},"end":{"line":13,"column":5}},"5":{"start":{"line":16,"column":0},"end":{"line":16,"column":31}},"6":{"start":{"line":18,"column":0},"end":{"line":18,"column":38}},"7":{"start":{"line":19,"column":0},"end":{"line":19,"column":5}},"8":{"start":{"line":22,"column":0},"end":{"line":22,"column":30}},"9":{"start":{"line":23,"column":0},"end":{"line":23,"column":43}},"10":{"start":{"line":24,"column":0},"end":{"line":24,"column":45}},"11":{"start":{"line":26,"column":0},"end":{"line":26,"column":74}},"12":{"start":{"line":27,"column":0},"end":{"line":27,"column":22}},"13":{"start":{"line":28,"column":0},"end":{"line":28,"column":5}},"14":{"start":{"line":30,"column":0},"end":{"line":30,"column":9}},"15":{"start":{"line":39,"column":0},"end":{"line":39,"column":28}},"16":{"start":{"line":40,"column":0},"end":{"line":40,"column":17}},"17":{"start":{"line":42,"column":0},"end":{"line":42,"column":34}},"18":{"start":{"line":43,"column":0},"end":{"line":43,"column":5}},"19":{"start":{"line":44,"column":0},"end":{"line":44,"column":1}},"20":{"start":{"line":52,"column":0},"end":{"line":52,"column":79}},"21":{"start":{"line":53,"column":0},"end":{"line":53,"column":38}},"22":{"start":{"line":54,"column":0},"end":{"line":54,"column":46}},"23":{"start":{"line":55,"column":0},"end":{"line":55,"column":5}},"24":{"start":{"line":56,"column":0},"end":{"line":56,"column":73}},"25":{"start":{"line":57,"column":0},"end":{"line":57,"column":42}},"26":{"start":{"line":60,"column":0},"end":{"line":60,"column":52}},"27":{"start":{"line":61,"column":0},"end":{"line":61,"column":60}},"28":{"start":{"line":62,"column":0},"end":{"line":62,"column":33}},"29":{"start":{"line":63,"column":0},"end":{"line":63,"column":77}},"30":{"start":{"line":64,"column":0},"end":{"line":64,"column":55}},"31":{"start":{"line":65,"column":0},"end":{"line":65,"column":13}},"32":{"start":{"line":66,"column":0},"end":{"line":66,"column":63}},"33":{"start":{"line":67,"column":0},"end":{"line":67,"column":29}},"34":{"start":{"line":68,"column":0},"end":{"line":68,"column":52}},"35":{"start":{"line":69,"column":0},"end":{"line":69,"column":15}},"36":{"start":{"line":70,"column":0},"end":{"line":70,"column":7}},"37":{"start":{"line":73,"column":0},"end":{"line":73,"column":23}},"38":{"start":{"line":74,"column":0},"end":{"line":74,"column":32}},"39":{"start":{"line":75,"column":0},"end":{"line":75,"column":5}},"40":{"start":{"line":77,"column":0},"end":{"line":77,"column":15}},"41":{"start":{"line":78,"column":0},"end":{"line":78,"column":1}}},"s":{"0":2,"1":2,"2":2943,"3":1,"4":1,"5":2943,"6":1,"7":1,"8":2943,"9":2602,"10":2602,"11":2602,"12":2602,"13":2602,"14":339,"15":339,"16":1976,"17":283,"18":283,"19":2943,"20":2,"21":2607,"22":2363,"23":2363,"24":2607,"25":2607,"26":2607,"27":2607,"28":2607,"29":41,"30":41,"31":41,"32":41,"33":41,"34":40,"35":41,"36":2607,"37":2607,"38":11,"39":11,"40":244,"41":244},"branchMap":{"0":{"type":"branch","line":10,"loc":{"start":{"line":10,"column":7},"end":{"line":44,"column":1}},"locations":[{"start":{"line":10,"column":7},"end":{"line":44,"column":1}}]},"1":{"type":"branch","line":11,"loc":{"start":{"line":11,"column":28},"end":{"line":13,"column":5}},"locations":[{"start":{"line":11,"column":28},"end":{"line":13,"column":5}}]},"2":{"type":"branch","line":16,"loc":{"start":{"line":16,"column":30},"end":{"line":19,"column":5}},"locations":[{"start":{"line":16,"column":30},"end":{"line":19,"column":5}}]},"3":{"type":"branch","line":22,"loc":{"start":{"line":22,"column":29},"end":{"line":28,"column":5}},"locations":[{"start":{"line":22,"column":29},"end":{"line":28,"column":5}}]},"4":{"type":"branch","line":28,"loc":{"start":{"line":28,"column":4},"end":{"line":43,"column":5}},"locations":[{"start":{"line":28,"column":4},"end":{"line":43,"column":5}}]},"5":{"type":"branch","line":28,"loc":{"start":{"line":28,"column":4},"end":{"line":40,"column":13}},"locations":[{"start":{"line":28,"column":4},"end":{"line":40,"column":13}}]},"6":{"type":"branch","line":40,"loc":{"start":{"line":40,"column":4},"end":{"line":43,"column":5}},"locations":[{"start":{"line":40,"column":4},"end":{"line":43,"column":5}}]},"7":{"type":"branch","line":52,"loc":{"start":{"line":52,"column":7},"end":{"line":78,"column":1}},"locations":[{"start":{"line":52,"column":7},"end":{"line":78,"column":1}}]},"8":{"type":"branch","line":53,"loc":{"start":{"line":53,"column":37},"end":{"line":55,"column":5}},"locations":[{"start":{"line":53,"column":37},"end":{"line":55,"column":5}}]},"9":{"type":"branch","line":55,"loc":{"start":{"line":55,"column":4},"end":{"line":56,"column":60}},"locations":[{"start":{"line":55,"column":4},"end":{"line":56,"column":60}}]},"10":{"type":"branch","line":55,"loc":{"start":{"line":55,"column":4},"end":{"line":56,"column":45}},"locations":[{"start":{"line":55,"column":4},"end":{"line":56,"column":45}}]},"11":{"type":"branch","line":56,"loc":{"start":{"line":56,"column":37},"end":{"line":56,"column":60}},"locations":[{"start":{"line":56,"column":37},"end":{"line":56,"column":60}}]},"12":{"type":"branch","line":56,"loc":{"start":{"line":56,"column":53},"end":{"line":56,"column":64}},"locations":[{"start":{"line":56,"column":53},"end":{"line":56,"column":64}}]},"13":{"type":"branch","line":73,"loc":{"start":{"line":73,"column":22},"end":{"line":78,"column":1}},"locations":[{"start":{"line":73,"column":22},"end":{"line":78,"column":1}}]},"14":{"type":"branch","line":73,"loc":{"start":{"line":73,"column":22},"end":{"line":75,"column":5}},"locations":[{"start":{"line":73,"column":22},"end":{"line":75,"column":5}}]},"15":{"type":"branch","line":75,"loc":{"start":{"line":75,"column":4},"end":{"line":78,"column":1}},"locations":[{"start":{"line":75,"column":4},"end":{"line":78,"column":1}}]},"16":{"type":"branch","line":62,"loc":{"start":{"line":62,"column":14},"end":{"line":70,"column":5}},"locations":[{"start":{"line":62,"column":14},"end":{"line":70,"column":5}}]},"17":{"type":"branch","line":64,"loc":{"start":{"line":64,"column":35},"end":{"line":64,"column":47}},"locations":[{"start":{"line":64,"column":35},"end":{"line":64,"column":47}}]},"18":{"type":"branch","line":66,"loc":{"start":{"line":66,"column":20},"end":{"line":66,"column":62}},"locations":[{"start":{"line":66,"column":20},"end":{"line":66,"column":62}}]},"19":{"type":"branch","line":67,"loc":{"start":{"line":67,"column":21},"end":{"line":69,"column":13}},"locations":[{"start":{"line":67,"column":21},"end":{"line":69,"column":13}}]},"20":{"type":"branch","line":13,"loc":{"start":{"line":13,"column":4},"end":{"line":16,"column":30}},"locations":[{"start":{"line":13,"column":4},"end":{"line":16,"column":30}}]},"21":{"type":"branch","line":19,"loc":{"start":{"line":19,"column":4},"end":{"line":22,"column":29}},"locations":[{"start":{"line":19,"column":4},"end":{"line":22,"column":29}}]},"22":{"type":"branch","line":64,"loc":{"start":{"line":64,"column":39},"end":{"line":64,"column":55}},"locations":[{"start":{"line":64,"column":39},"end":{"line":64,"column":55}}]},"23":{"type":"branch","line":66,"loc":{"start":{"line":66,"column":41},"end":{"line":66,"column":62}},"locations":[{"start":{"line":66,"column":41},"end":{"line":66,"column":62}}]}},"b":{"0":[2943],"1":[1],"2":[1],"3":[2602],"4":[1976],"5":[339],"6":[283],"7":[2607],"8":[2363],"9":[1967],"10":[244],"11":[161],"12":[1],"13":[2138],"14":[11],"15":[244],"16":[41],"17":[6],"18":[43],"19":[40],"20":[2942],"21":[2941],"22":[35],"23":[40]},"fnMap":{"0":{"name":"normalizeURL","decl":{"start":{"line":10,"column":7},"end":{"line":44,"column":1}},"loc":{"start":{"line":10,"column":7},"end":{"line":44,"column":1}},"line":10},"1":{"name":"parseLocation","decl":{"start":{"line":52,"column":7},"end":{"line":78,"column":1}},"loc":{"start":{"line":52,"column":7},"end":{"line":78,"column":1}},"line":52}},"f":{"0":2943,"1":2607}}
,"/home/runner/work/esmx/esmx/packages/router/src/matcher.ts": {"path":"/home/runner/work/esmx/esmx/packages/router/src/matcher.ts","all":false,"statementMap":{"0":{"start":{"line":1,"column":0},"end":{"line":1,"column":48}},"1":{"start":{"line":4,"column":0},"end":{"line":4,"column":68}},"2":{"start":{"line":5,"column":0},"end":{"line":5,"column":54}},"3":{"start":{"line":6,"column":0},"end":{"line":6,"column":42}},"4":{"start":{"line":7,"column":0},"end":{"line":7,"column":80}},"5":{"start":{"line":8,"column":0},"end":{"line":8,"column":48}},"6":{"start":{"line":9,"column":0},"end":{"line":9,"column":61}},"7":{"start":{"line":10,"column":0},"end":{"line":10,"column":39}},"8":{"start":{"line":11,"column":0},"end":{"line":11,"column":39}},"9":{"start":{"line":12,"column":0},"end":{"line":12,"column":23}},"10":{"start":{"line":13,"column":0},"end":{"line":13,"column":40}},"11":{"start":{"line":15,"column":0},"end":{"line":15,"column":20}},"12":{"start":{"line":16,"column":0},"end":{"line":16,"column":43}},"13":{"start":{"line":17,"column":0},"end":{"line":17,"column":56}},"14":{"start":{"line":18,"column":0},"end":{"line":18,"column":19}},"15":{"start":{"line":19,"column":0},"end":{"line":19,"column":42}},"16":{"start":{"line":20,"column":0},"end":{"line":20,"column":32}},"17":{"start":{"line":21,"column":0},"end":{"line":21,"column":17}},"18":{"start":{"line":22,"column":0},"end":{"line":22,"column":53}},"19":{"start":{"line":23,"column":0},"end":{"line":23,"column":29}},"20":{"start":{"line":24,"column":0},"end":{"line":24,"column":42}},"21":{"start":{"line":25,"column":0},"end":{"line":25,"column":53}},"22":{"start":{"line":26,"column":0},"end":{"line":26,"column":61}},"23":{"start":{"line":27,"column":0},"end":{"line":27,"column":21}},"24":{"start":{"line":28,"column":0},"end":{"line":28,"column":32}},"25":{"start":{"line":29,"column":0},"end":{"line":29,"column":17}},"26":{"start":{"line":30,"column":0},"end":{"line":30,"column":13}},"27":{"start":{"line":31,"column":0},"end":{"line":31,"column":25}},"28":{"start":{"line":32,"column":0},"end":{"line":32,"column":10}},"29":{"start":{"line":33,"column":0},"end":{"line":33,"column":46}},"30":{"start":{"line":34,"column":0},"end":{"line":34,"column":59}},"31":{"start":{"line":35,"column":0},"end":{"line":35,"column":6}},"32":{"start":{"line":36,"column":0},"end":{"line":36,"column":1}},"33":{"start":{"line":38,"column":0},"end":{"line":38,"column":28}},"34":{"start":{"line":39,"column":0},"end":{"line":39,"column":26}},"35":{"start":{"line":40,"column":0},"end":{"line":40,"column":13}},"36":{"start":{"line":41,"column":0},"end":{"line":41,"column":24}},"37":{"start":{"line":42,"column":0},"end":{"line":42,"column":66}},"38":{"start":{"line":43,"column":0},"end":{"line":43,"column":59}},"39":{"start":{"line":44,"column":0},"end":{"line":44,"column":16}},"40":{"start":{"line":45,"column":0},"end":{"line":45,"column":21}},"41":{"start":{"line":46,"column":0},"end":{"line":46,"column":24}},"42":{"start":{"line":47,"column":0},"end":{"line":47,"column":38}},"43":{"start":{"line":48,"column":0},"end":{"line":48,"column":42}},"44":{"start":{"line":49,"column":0},"end":{"line":49,"column":35}},"45":{"start":{"line":50,"column":0},"end":{"line":50,"column":51}},"46":{"start":{"line":51,"column":0},"end":{"line":51,"column":65}},"47":{"start":{"line":52,"column":0},"end":{"line":52,"column":20}},"48":{"start":{"line":53,"column":0},"end":{"line":53,"column":10}},"49":{"start":{"line":54,"column":0},"end":{"line":54,"column":7}},"50":{"start":{"line":55,"column":0},"end":{"line":55,"column":1}},"51":{"start":{"line":57,"column":0},"end":{"line":57,"column":59}},"52":{"start":{"line":58,"column":0},"end":{"line":58,"column":76}},"53":{"start":{"line":59,"column":0},"end":{"line":59,"column":1}}},"s":{"0":2,"1":2,"2":3397,"3":3397,"4":2664,"5":2664,"6":2664,"7":2664,"8":2839,"9":2839,"10":2839,"11":4497,"12":4497,"13":175,"14":4497,"15":86,"16":86,"17":86,"18":4411,"19":4497,"20":2512,"21":2512,"22":2512,"23":2512,"24":2512,"25":2512,"26":4497,"27":241,"28":2839,"29":2664,"30":2664,"31":2664,"32":3397,"33":3612,"34":3612,"35":3612,"36":3612,"37":3612,"38":3042,"39":3042,"40":3042,"41":3042,"42":3042,"43":3042,"44":3042,"45":3042,"46":215,"47":2826,"48":3042,"49":3612,"50":3612,"51":2,"52":3150,"53":3150},"branchMap":{"0":{"type":"branch","line":4,"loc":{"start":{"line":4,"column":7},"end":{"line":36,"column":1}},"locations":[{"start":{"line":4,"column":7},"end":{"line":36,"column":1}}]},"1":{"type":"branch","line":6,"loc":{"start":{"line":6,"column":11},"end":{"line":35,"column":6}},"locations":[{"start":{"line":6,"column":11},"end":{"line":35,"column":6}}]},"2":{"type":"branch","line":10,"loc":{"start":{"line":10,"column":38},"end":{"line":32,"column":10}},"locations":[{"start":{"line":10,"column":38},"end":{"line":32,"column":10}}]},"3":{"type":"branch","line":13,"loc":{"start":{"line":13,"column":39},"end":{"line":30,"column":13}},"locations":[{"start":{"line":13,"column":39},"end":{"line":30,"column":13}}]},"4":{"type":"branch","line":16,"loc":{"start":{"line":16,"column":34},"end":{"line":17,"column":56}},"locations":[{"start":{"line":16,"column":34},"end":{"line":17,"column":56}}]},"5":{"type":"branch","line":18,"loc":{"start":{"line":18,"column":18},"end":{"line":21,"column":17}},"locations":[{"start":{"line":18,"column":18},"end":{"line":21,"column":17}}]},"6":{"type":"branch","line":21,"loc":{"start":{"line":21,"column":16},"end":{"line":23,"column":28}},"locations":[{"start":{"line":21,"column":16},"end":{"line":23,"column":28}}]},"7":{"type":"branch","line":23,"loc":{"start":{"line":23,"column":28},"end":{"line":29,"column":17}},"locations":[{"start":{"line":23,"column":28},"end":{"line":29,"column":17}}]},"8":{"type":"branch","line":30,"loc":{"start":{"line":30,"column":12},"end":{"line":31,"column":25}},"locations":[{"start":{"line":30,"column":12},"end":{"line":31,"column":25}}]},"9":{"type":"branch","line":38,"loc":{"start":{"line":38,"column":0},"end":{"line":55,"column":1}},"locations":[{"start":{"line":38,"column":0},"end":{"line":55,"column":1}}]},"10":{"type":"branch","line":42,"loc":{"start":{"line":42,"column":22},"end":{"line":54,"column":5}},"locations":[{"start":{"line":42,"column":22},"end":{"line":54,"column":5}}]},"11":{"type":"branch","line":50,"loc":{"start":{"line":50,"column":50},"end":{"line":51,"column":65}},"locations":[{"start":{"line":50,"column":50},"end":{"line":51,"column":65}}]},"12":{"type":"branch","line":51,"loc":{"start":{"line":51,"column":64},"end":{"line":52,"column":20}},"locations":[{"start":{"line":51,"column":64},"end":{"line":52,"column":20}}]},"13":{"type":"branch","line":57,"loc":{"start":{"line":57,"column":7},"end":{"line":59,"column":1}},"locations":[{"start":{"line":57,"column":7},"end":{"line":59,"column":1}}]},"14":{"type":"branch","line":49,"loc":{"start":{"line":49,"column":24},"end":{"line":49,"column":35}},"locations":[{"start":{"line":49,"column":24},"end":{"line":49,"column":35}}]}},"b":{"0":[3397],"1":[2664],"2":[2839],"3":[4497],"4":[175],"5":[86],"6":[4411],"7":[2512],"8":[241],"9":[3612],"10":[3042],"11":[215],"12":[2826],"13":[3150],"14":[1852]},"fnMap":{"0":{"name":"createMatcher","decl":{"start":{"line":4,"column":7},"end":{"line":36,"column":1}},"loc":{"start":{"line":4,"column":7},"end":{"line":36,"column":1}},"line":4},"1":{"name":"collectMatchingRoutes","decl":{"start":{"line":10,"column":38},"end":{"line":32,"column":10}},"loc":{"start":{"line":10,"column":38},"end":{"line":32,"column":10}},"line":10},"2":{"name":"createRouteMatches","decl":{"start":{"line":38,"column":0},"end":{"line":55,"column":1}},"loc":{"start":{"line":38,"column":0},"end":{"line":55,"column":1}},"line":38},"3":{"name":"joinPathname","decl":{"start":{"line":57,"column":7},"end":{"line":59,"column":1}},"loc":{"start":{"line":57,"column":7},"end":{"line":59,"column":1}},"line":57}},"f":{"0":3397,"1":2839,"2":3612,"3":3150}}
,"/home/runner/work/esmx/esmx/packages/router/src/micro-app.ts": {"path":"/home/runner/work/esmx/esmx/packages/router/src/micro-app.ts","all":false,"statementMap":{"0":{"start":{"line":3,"column":0},"end":{"line":3,"column":50}},"1":{"start":{"line":12,"column":0},"end":{"line":12,"column":35}},"2":{"start":{"line":13,"column":0},"end":{"line":13,"column":37}},"3":{"start":{"line":14,"column":0},"end":{"line":14,"column":16}},"4":{"start":{"line":15,"column":0},"end":{"line":15,"column":38}},"5":{"start":{"line":17,"column":0},"end":{"line":17,"column":44}},"6":{"start":{"line":18,"column":0},"end":{"line":18,"column":24}},"7":{"start":{"line":19,"column":0},"end":{"line":19,"column":5}},"8":{"start":{"line":20,"column":0},"end":{"line":20,"column":55}},"9":{"start":{"line":21,"column":0},"end":{"line":21,"column":13}},"10":{"start":{"line":22,"column":0},"end":{"line":22,"column":52}},"11":{"start":{"line":23,"column":0},"end":{"line":23,"column":25}},"12":{"start":{"line":24,"column":0},"end":{"line":24,"column":74}},"13":{"start":{"line":25,"column":0},"end":{"line":25,"column":9}},"14":{"start":{"line":26,"column":0},"end":{"line":26,"column":5}},"15":{"start":{"line":27,"column":0},"end":{"line":27,"column":22}},"16":{"start":{"line":28,"column":0},"end":{"line":28,"column":43}},"17":{"start":{"line":29,"column":0},"end":{"line":29,"column":5}},"18":{"start":{"line":30,"column":0},"end":{"line":30,"column":14}},"19":{"start":{"line":31,"column":0},"end":{"line":31,"column":1}},"20":{"start":{"line":33,"column":0},"end":{"line":33,"column":23}},"21":{"start":{"line":34,"column":0},"end":{"line":34,"column":52}},"22":{"start":{"line":35,"column":0},"end":{"line":35,"column":43}},"23":{"start":{"line":36,"column":0},"end":{"line":36,"column":59}},"24":{"start":{"line":38,"column":0},"end":{"line":38,"column":51}},"25":{"start":{"line":39,"column":0},"end":{"line":39,"column":53}},"26":{"start":{"line":40,"column":0},"end":{"line":40,"column":50}},"27":{"start":{"line":41,"column":0},"end":{"line":41,"column":19}},"28":{"start":{"line":42,"column":0},"end":{"line":42,"column":9}},"29":{"start":{"line":43,"column":0},"end":{"line":43,"column":32}},"30":{"start":{"line":45,"column":0},"end":{"line":45,"column":53}},"31":{"start":{"line":46,"column":0},"end":{"line":46,"column":31}},"32":{"start":{"line":47,"column":0},"end":{"line":47,"column":53}},"33":{"start":{"line":48,"column":0},"end":{"line":48,"column":32}},"34":{"start":{"line":49,"column":0},"end":{"line":49,"column":55}},"35":{"start":{"line":50,"column":0},"end":{"line":50,"column":59}},"36":{"start":{"line":51,"column":0},"end":{"line":51,"column":55}},"37":{"start":{"line":52,"column":0},"end":{"line":52,"column":78}},"38":{"start":{"line":53,"column":0},"end":{"line":53,"column":17}},"39":{"start":{"line":54,"column":0},"end":{"line":54,"column":13}},"40":{"start":{"line":55,"column":0},"end":{"line":55,"column":23}},"41":{"start":{"line":56,"column":0},"end":{"line":56,"column":32}},"42":{"start":{"line":57,"column":0},"end":{"line":57,"column":47}},"43":{"start":{"line":58,"column":0},"end":{"line":58,"column":52}},"44":{"start":{"line":59,"column":0},"end":{"line":59,"column":17}},"45":{"start":{"line":60,"column":0},"end":{"line":60,"column":33}},"46":{"start":{"line":61,"column":0},"end":{"line":61,"column":13}},"47":{"start":{"line":62,"column":0},"end":{"line":62,"column":25}},"48":{"start":{"line":63,"column":0},"end":{"line":63,"column":33}},"49":{"start":{"line":64,"column":0},"end":{"line":64,"column":13}},"50":{"start":{"line":65,"column":0},"end":{"line":65,"column":9}},"51":{"start":{"line":66,"column":0},"end":{"line":66,"column":23}},"52":{"start":{"line":67,"column":0},"end":{"line":67,"column":32}},"53":{"start":{"line":68,"column":0},"end":{"line":68,"column":5}},"54":{"start":{"line":70,"column":0},"end":{"line":70,"column":29}},"55":{"start":{"line":71,"column":0},"end":{"line":71,"column":14}},"56":{"start":{"line":72,"column":0},"end":{"line":72,"column":15}},"57":{"start":{"line":73,"column":0},"end":{"line":73,"column":47}},"58":{"start":{"line":74,"column":0},"end":{"line":74,"column":59}},"59":{"start":{"line":75,"column":0},"end":{"line":75,"column":24}},"60":{"start":{"line":76,"column":0},"end":{"line":76,"column":9}},"61":{"start":{"line":77,"column":0},"end":{"line":77,"column":42}},"62":{"start":{"line":78,"column":0},"end":{"line":78,"column":12}},"63":{"start":{"line":79,"column":0},"end":{"line":79,"column":39}},"64":{"start":{"line":80,"column":0},"end":{"line":80,"column":27}},"65":{"start":{"line":81,"column":0},"end":{"line":81,"column":44}},"66":{"start":{"line":82,"column":0},"end":{"line":82,"column":11}},"67":{"start":{"line":83,"column":0},"end":{"line":83,"column":46}},"68":{"start":{"line":84,"column":0},"end":{"line":84,"column":9}},"69":{"start":{"line":85,"column":0},"end":{"line":85,"column":41}},"70":{"start":{"line":86,"column":0},"end":{"line":86,"column":24}},"71":{"start":{"line":87,"column":0},"end":{"line":87,"column":9}},"72":{"start":{"line":88,"column":0},"end":{"line":88,"column":49}},"73":{"start":{"line":89,"column":0},"end":{"line":89,"column":32}},"74":{"start":{"line":90,"column":0},"end":{"line":90,"column":9}},"75":{"start":{"line":91,"column":0},"end":{"line":91,"column":20}},"76":{"start":{"line":92,"column":0},"end":{"line":92,"column":5}},"77":{"start":{"line":94,"column":0},"end":{"line":94,"column":22}},"78":{"start":{"line":95,"column":0},"end":{"line":95,"column":28}},"79":{"start":{"line":96,"column":0},"end":{"line":96,"column":24}},"80":{"start":{"line":97,"column":0},"end":{"line":97,"column":28}},"81":{"start":{"line":98,"column":0},"end":{"line":98,"column":25}},"82":{"start":{"line":99,"column":0},"end":{"line":99,"column":29}},"83":{"start":{"line":100,"column":0},"end":{"line":100,"column":5}},"84":{"start":{"line":101,"column":0},"end":{"line":101,"column":1}}},"s":{"0":2,"1":2,"2":85,"3":85,"4":85,"5":85,"6":1,"7":1,"8":85,"9":23,"10":23,"11":23,"12":0,"13":0,"14":23,"15":85,"16":74,"17":74,"18":85,"19":85,"20":2,"21":511,"22":511,"23":511,"24":511,"25":1044,"26":1044,"27":855,"28":855,"29":189,"30":1044,"31":1044,"32":166,"33":166,"34":68,"35":68,"36":68,"37":1,"38":1,"39":68,"40":166,"41":166,"42":166,"43":66,"44":66,"45":166,"46":166,"47":166,"48":97,"49":97,"50":166,"51":188,"52":188,"53":1044,"54":511,"55":1050,"56":1050,"57":1050,"58":1050,"59":3,"60":3,"61":1047,"62":1047,"63":1047,"64":194,"65":193,"66":1050,"67":192,"68":192,"69":880,"70":2,"71":2,"72":880,"73":1,"74":1,"75":852,"76":1050,"77":511,"78":380,"79":380,"80":380,"81":380,"82":380,"83":380,"84":511},"branchMap":{"0":{"type":"branch","line":12,"loc":{"start":{"line":12,"column":7},"end":{"line":31,"column":1}},"locations":[{"start":{"line":12,"column":7},"end":{"line":31,"column":1}}]},"1":{"type":"branch","line":17,"loc":{"start":{"line":17,"column":43},"end":{"line":19,"column":5}},"locations":[{"start":{"line":17,"column":43},"end":{"line":19,"column":5}}]},"2":{"type":"branch","line":20,"loc":{"start":{"line":20,"column":30},"end":{"line":20,"column":54}},"locations":[{"start":{"line":20,"column":30},"end":{"line":20,"column":54}}]},"3":{"type":"branch","line":20,"loc":{"start":{"line":20,"column":54},"end":{"line":26,"column":5}},"locations":[{"start":{"line":20,"column":54},"end":{"line":26,"column":5}}]},"4":{"type":"branch","line":23,"loc":{"start":{"line":23,"column":8},"end":{"line":25,"column":9}},"locations":[{"start":{"line":23,"column":8},"end":{"line":25,"column":9}}]},"5":{"type":"branch","line":27,"loc":{"start":{"line":27,"column":21},"end":{"line":29,"column":5}},"locations":[{"start":{"line":27,"column":21},"end":{"line":29,"column":5}}]},"6":{"type":"branch","line":33,"loc":{"start":{"line":33,"column":22},"end":{"line":101,"column":1}},"locations":[{"start":{"line":33,"column":22},"end":{"line":101,"column":1}}]},"7":{"type":"branch","line":38,"loc":{"start":{"line":38,"column":11},"end":{"line":68,"column":5}},"locations":[{"start":{"line":38,"column":11},"end":{"line":68,"column":5}}]},"8":{"type":"branch","line":40,"loc":{"start":{"line":40,"column":13},"end":{"line":40,"column":49}},"locations":[{"start":{"line":40,"column":13},"end":{"line":40,"column":49}}]},"9":{"type":"branch","line":40,"loc":{"start":{"line":40,"column":49},"end":{"line":42,"column":9}},"locations":[{"start":{"line":40,"column":49},"end":{"line":42,"column":9}}]},"10":{"type":"branch","line":42,"loc":{"start":{"line":42,"column":8},"end":{"line":45,"column":30}},"locations":[{"start":{"line":42,"column":8},"end":{"line":45,"column":30}}]},"11":{"type":"branch","line":45,"loc":{"start":{"line":45,"column":20},"end":{"line":45,"column":48}},"locations":[{"start":{"line":45,"column":20},"end":{"line":45,"column":48}}]},"12":{"type":"branch","line":45,"loc":{"start":{"line":45,"column":44},"end":{"line":45,"column":53}},"locations":[{"start":{"line":45,"column":44},"end":{"line":45,"column":53}}]},"13":{"type":"branch","line":46,"loc":{"start":{"line":46,"column":12},"end":{"line":46,"column":30}},"locations":[{"start":{"line":46,"column":12},"end":{"line":46,"column":30}}]},"14":{"type":"branch","line":46,"loc":{"start":{"line":46,"column":30},"end":{"line":65,"column":9}},"locations":[{"start":{"line":46,"column":30},"end":{"line":65,"column":9}}]},"15":{"type":"branch","line":48,"loc":{"start":{"line":48,"column":31},"end":{"line":54,"column":13}},"locations":[{"start":{"line":48,"column":31},"end":{"line":54,"column":13}}]},"16":{"type":"branch","line":51,"loc":{"start":{"line":51,"column":54},"end":{"line":53,"column":17}},"locations":[{"start":{"line":51,"column":54},"end":{"line":53,"column":17}}]},"17":{"type":"branch","line":57,"loc":{"start":{"line":57,"column":46},"end":{"line":59,"column":17}},"locations":[{"start":{"line":57,"column":46},"end":{"line":59,"column":17}}]},"18":{"type":"branch","line":62,"loc":{"start":{"line":62,"column":24},"end":{"line":64,"column":13}},"locations":[{"start":{"line":62,"column":24},"end":{"line":64,"column":13}}]},"19":{"type":"branch","line":65,"loc":{"start":{"line":65,"column":8},"end":{"line":67,"column":32}},"locations":[{"start":{"line":65,"column":8},"end":{"line":67,"column":32}}]},"20":{"type":"branch","line":70,"loc":{"start":{"line":70,"column":12},"end":{"line":92,"column":5}},"locations":[{"start":{"line":70,"column":12},"end":{"line":92,"column":5}}]},"21":{"type":"branch","line":74,"loc":{"start":{"line":74,"column":58},"end":{"line":76,"column":9}},"locations":[{"start":{"line":74,"column":58},"end":{"line":76,"column":9}}]},"22":{"type":"branch","line":76,"loc":{"start":{"line":76,"column":8},"end":{"line":79,"column":39}},"locations":[{"start":{"line":76,"column":8},"end":{"line":79,"column":39}}]},"23":{"type":"branch","line":79,"loc":{"start":{"line":79,"column":28},"end":{"line":80,"column":27}},"locations":[{"start":{"line":79,"column":28},"end":{"line":80,"column":27}}]},"24":{"type":"branch","line":80,"loc":{"start":{"line":80,"column":20},"end":{"line":81,"column":44}},"locations":[{"start":{"line":80,"column":20},"end":{"line":81,"column":44}}]},"25":{"type":"branch","line":82,"loc":{"start":{"line":82,"column":10},"end":{"line":84,"column":9}},"locations":[{"start":{"line":82,"column":10},"end":{"line":84,"column":9}}]},"26":{"type":"branch","line":83,"loc":{"start":{"line":83,"column":36},"end":{"line":83,"column":46}},"locations":[{"start":{"line":83,"column":36},"end":{"line":83,"column":46}}]},"27":{"type":"branch","line":84,"loc":{"start":{"line":84,"column":8},"end":{"line":91,"column":20}},"locations":[{"start":{"line":84,"column":8},"end":{"line":91,"column":20}}]},"28":{"type":"branch","line":84,"loc":{"start":{"line":84,"column":8},"end":{"line":85,"column":40}},"locations":[{"start":{"line":84,"column":8},"end":{"line":85,"column":40}}]},"29":{"type":"branch","line":85,"loc":{"start":{"line":85,"column":40},"end":{"line":88,"column":48}},"locations":[{"start":{"line":85,"column":40},"end":{"line":88,"column":48}}]},"30":{"type":"branch","line":88,"loc":{"start":{"line":88,"column":48},"end":{"line":91,"column":20}},"locations":[{"start":{"line":88,"column":48},"end":{"line":91,"column":20}}]},"31":{"type":"branch","line":94,"loc":{"start":{"line":94,"column":11},"end":{"line":100,"column":5}},"locations":[{"start":{"line":94,"column":11},"end":{"line":100,"column":5}}]},"32":{"type":"branch","line":95,"loc":{"start":{"line":95,"column":13},"end":{"line":95,"column":26}},"locations":[{"start":{"line":95,"column":13},"end":{"line":95,"column":26}}]},"33":{"type":"branch","line":97,"loc":{"start":{"line":97,"column":13},"end":{"line":97,"column":26}},"locations":[{"start":{"line":97,"column":13},"end":{"line":97,"column":26}}]},"34":{"type":"branch","line":42,"loc":{"start":{"line":42,"column":8},"end":{"line":45,"column":48}},"locations":[{"start":{"line":42,"column":8},"end":{"line":45,"column":48}}]},"35":{"type":"branch","line":46,"loc":{"start":{"line":46,"column":30},"end":{"line":67,"column":32}},"locations":[{"start":{"line":46,"column":30},"end":{"line":67,"column":32}}]},"36":{"type":"branch","line":85,"loc":{"start":{"line":85,"column":40},"end":{"line":87,"column":9}},"locations":[{"start":{"line":85,"column":40},"end":{"line":87,"column":9}}]},"37":{"type":"branch","line":88,"loc":{"start":{"line":88,"column":48},"end":{"line":90,"column":9}},"locations":[{"start":{"line":88,"column":48},"end":{"line":90,"column":9}}]}},"b":{"0":[85],"1":[1],"2":[79],"3":[23],"4":[0],"5":[74],"6":[511],"7":[1044],"8":[949],"9":[855],"10":[189],"11":[181],"12":[8],"13":[175],"14":[166],"15":[68],"16":[1],"17":[66],"18":[97],"19":[188],"20":[1050],"21":[3],"22":[1047],"23":[194],"24":[193],"25":[192],"26":[10],"27":[880],"28":[855],"29":[853],"30":[852],"31":[380],"32":[58],"33":[58],"34":[193],"35":[193],"36":[2],"37":[1]},"fnMap":{"0":{"name":"resolveRootElement","decl":{"start":{"line":12,"column":7},"end":{"line":31,"column":1}},"loc":{"start":{"line":12,"column":7},"end":{"line":31,"column":1}},"line":12},"1":{"name":"<instance_members_initializer>","decl":{"start":{"line":33,"column":22},"end":{"line":101,"column":1}},"loc":{"start":{"line":33,"column":22},"end":{"line":101,"column":1}},"line":33},"2":{"name":"_update","decl":{"start":{"line":38,"column":11},"end":{"line":68,"column":5}},"loc":{"start":{"line":38,"column":11},"end":{"line":68,"column":5}},"line":38},"3":{"name":"_getNextFactory","decl":{"start":{"line":70,"column":12},"end":{"line":92,"column":5}},"loc":{"start":{"line":70,"column":12},"end":{"line":92,"column":5}},"line":70},"4":{"name":"destroy","decl":{"start":{"line":94,"column":11},"end":{"line":100,"column":5}},"loc":{"start":{"line":94,"column":11},"end":{"line":100,"column":5}},"line":94}},"f":{"0":85,"1":511,"2":1044,"3":1050,"4":380}}
,"/home/runner/work/esmx/esmx/packages/router/src/navigation.ts": {"path":"/home/runner/work/esmx/esmx/packages/router/src/navigation.ts","all":false,"statementMap":{"0":{"start":{"line":1,"column":0},"end":{"line":1,"column":41}},"1":{"start":{"line":2,"column":0},"end":{"line":2,"column":37}},"2":{"start":{"line":12,"column":0},"end":{"line":12,"column":33}},"3":{"start":{"line":14,"column":0},"end":{"line":14,"column":25}},"4":{"start":{"line":15,"column":0},"end":{"line":15,"column":49}},"5":{"start":{"line":16,"column":0},"end":{"line":16,"column":55}},"6":{"start":{"line":17,"column":0},"end":{"line":17,"column":54}},"7":{"start":{"line":18,"column":0},"end":{"line":18,"column":28}},"8":{"start":{"line":20,"column":0},"end":{"line":20,"column":22}},"9":{"start":{"line":22,"column":0},"end":{"line":22,"column":23}},"10":{"start":{"line":23,"column":0},"end":{"line":23,"column":37}},"11":{"start":{"line":24,"column":0},"end":{"line":24,"column":39}},"12":{"start":{"line":25,"column":0},"end":{"line":25,"column":7}},"13":{"start":{"line":26,"column":0},"end":{"line":26,"column":32}},"14":{"start":{"line":27,"column":0},"end":{"line":27,"column":47}},"15":{"start":{"line":28,"column":0},"end":{"line":28,"column":32}},"16":{"start":{"line":29,"column":0},"end":{"line":29,"column":38}},"17":{"start":{"line":30,"column":0},"end":{"line":30,"column":71}},"18":{"start":{"line":31,"column":0},"end":{"line":31,"column":68}},"19":{"start":{"line":32,"column":0},"end":{"line":32,"column":40}},"20":{"start":{"line":33,"column":0},"end":{"line":33,"column":10}},"21":{"start":{"line":34,"column":0},"end":{"line":34,"column":31}},"22":{"start":{"line":35,"column":0},"end":{"line":35,"column":32}},"23":{"start":{"line":36,"column":0},"end":{"line":36,"column":35}},"24":{"start":{"line":37,"column":0},"end":{"line":37,"column":44}},"25":{"start":{"line":38,"column":0},"end":{"line":38,"column":54}},"26":{"start":{"line":39,"column":0},"end":{"line":39,"column":57}},"27":{"start":{"line":40,"column":0},"end":{"line":40,"column":5}},"28":{"start":{"line":41,"column":0},"end":{"line":41,"column":33}},"29":{"start":{"line":42,"column":0},"end":{"line":42,"column":36}},"30":{"start":{"line":43,"column":0},"end":{"line":43,"column":5}},"31":{"start":{"line":44,"column":0},"end":{"line":44,"column":43}},"32":{"start":{"line":45,"column":0},"end":{"line":45,"column":49}},"33":{"start":{"line":46,"column":0},"end":{"line":46,"column":27}},"34":{"start":{"line":47,"column":0},"end":{"line":47,"column":41}},"35":{"start":{"line":48,"column":0},"end":{"line":48,"column":11}},"36":{"start":{"line":49,"column":0},"end":{"line":49,"column":59}},"37":{"start":{"line":50,"column":0},"end":{"line":50,"column":21}},"38":{"start":{"line":51,"column":0},"end":{"line":51,"column":5}},"39":{"start":{"line":53,"column":0},"end":{"line":53,"column":46}},"40":{"start":{"line":54,"column":0},"end":{"line":54,"column":57}},"41":{"start":{"line":55,"column":0},"end":{"line":55,"column":49}},"42":{"start":{"line":56,"column":0},"end":{"line":56,"column":35}},"43":{"start":{"line":57,"column":0},"end":{"line":57,"column":77}},"44":{"start":{"line":58,"column":0},"end":{"line":58,"column":11}},"45":{"start":{"line":59,"column":0},"end":{"line":59,"column":62}},"46":{"start":{"line":60,"column":0},"end":{"line":60,"column":21}},"47":{"start":{"line":61,"column":0},"end":{"line":61,"column":5}},"48":{"start":{"line":63,"column":0},"end":{"line":63,"column":59}},"49":{"start":{"line":64,"column":0},"end":{"line":64,"column":35}},"50":{"start":{"line":65,"column":0},"end":{"line":65,"column":41}},"51":{"start":{"line":66,"column":0},"end":{"line":66,"column":9}},"52":{"start":{"line":67,"column":0},"end":{"line":67,"column":61}},"53":{"start":{"line":68,"column":0},"end":{"line":68,"column":52}},"54":{"start":{"line":69,"column":0},"end":{"line":69,"column":44}},"55":{"start":{"line":70,"column":0},"end":{"line":70,"column":66}},"56":{"start":{"line":71,"column":0},"end":{"line":71,"column":70}},"57":{"start":{"line":72,"column":0},"end":{"line":72,"column":14}},"58":{"start":{"line":73,"column":0},"end":{"line":73,"column":49}},"59":{"start":{"line":74,"column":0},"end":{"line":74,"column":36}},"60":{"start":{"line":75,"column":0},"end":{"line":75,"column":11}},"61":{"start":{"line":76,"column":0},"end":{"line":76,"column":5}},"62":{"start":{"line":77,"column":0},"end":{"line":77,"column":51}},"63":{"start":{"line":78,"column":0},"end":{"line":78,"column":26}},"64":{"start":{"line":79,"column":0},"end":{"line":79,"column":5}},"65":{"start":{"line":80,"column":0},"end":{"line":80,"column":48}},"66":{"start":{"line":81,"column":0},"end":{"line":81,"column":27}},"67":{"start":{"line":82,"column":0},"end":{"line":82,"column":5}},"68":{"start":{"line":84,"column":0},"end":{"line":84,"column":22}},"69":{"start":{"line":85,"column":0},"end":{"line":85,"column":33}},"70":{"start":{"line":86,"column":0},"end":{"line":86,"column":36}},"71":{"start":{"line":87,"column":0},"end":{"line":87,"column":5}},"72":{"start":{"line":88,"column":0},"end":{"line":88,"column":1}},"73":{"start":{"line":90,"column":0},"end":{"line":90,"column":47}},"74":{"start":{"line":91,"column":0},"end":{"line":91,"column":62}},"75":{"start":{"line":92,"column":0},"end":{"line":92,"column":24}},"76":{"start":{"line":93,"column":0},"end":{"line":93,"column":29}},"77":{"start":{"line":94,"column":0},"end":{"line":94,"column":32}},"78":{"start":{"line":95,"column":0},"end":{"line":95,"column":55}},"79":{"start":{"line":96,"column":0},"end":{"line":96,"column":34}},"80":{"start":{"line":97,"column":0},"end":{"line":97,"column":5}},"81":{"start":{"line":98,"column":0},"end":{"line":98,"column":67}},"82":{"start":{"line":99,"column":0},"end":{"line":99,"column":57}},"83":{"start":{"line":102,"column":0},"end":{"line":102,"column":24}},"84":{"start":{"line":103,"column":0},"end":{"line":103,"column":45}},"85":{"start":{"line":104,"column":0},"end":{"line":104,"column":5}},"86":{"start":{"line":105,"column":0},"end":{"line":105,"column":22}},"87":{"start":{"line":106,"column":0},"end":{"line":106,"column":41}},"88":{"start":{"line":107,"column":0},"end":{"line":107,"column":5}},"89":{"start":{"line":109,"column":0},"end":{"line":109,"column":19}},"90":{"start":{"line":110,"column":0},"end":{"line":110,"column":38}},"91":{"start":{"line":111,"column":0},"end":{"line":111,"column":5}},"92":{"start":{"line":112,"column":0},"end":{"line":112,"column":25}},"93":{"start":{"line":113,"column":0},"end":{"line":113,"column":36}},"94":{"start":{"line":114,"column":0},"end":{"line":114,"column":5}},"95":{"start":{"line":116,"column":0},"end":{"line":116,"column":21}},"96":{"start":{"line":117,"column":0},"end":{"line":117,"column":18}},"97":{"start":{"line":118,"column":0},"end":{"line":118,"column":23}},"98":{"start":{"line":119,"column":0},"end":{"line":119,"column":33}},"99":{"start":{"line":120,"column":0},"end":{"line":120,"column":13}},"100":{"start":{"line":122,"column":0},"end":{"line":122,"column":46}},"101":{"start":{"line":123,"column":0},"end":{"line":123,"column":78}},"102":{"start":{"line":124,"column":0},"end":{"line":124,"column":47}},"103":{"start":{"line":125,"column":0},"end":{"line":125,"column":5}},"104":{"start":{"line":127,"column":0},"end":{"line":127,"column":24}},"105":{"start":{"line":128,"column":0},"end":{"line":128,"column":18}},"106":{"start":{"line":129,"column":0},"end":{"line":129,"column":23}},"107":{"start":{"line":130,"column":0},"end":{"line":130,"column":33}},"108":{"start":{"line":131,"column":0},"end":{"line":131,"column":13}},"109":{"start":{"line":132,"column":0},"end":{"line":132,"column":40}},"110":{"start":{"line":133,"column":0},"end":{"line":133,"column":30}},"111":{"start":{"line":134,"column":0},"end":{"line":134,"column":37}},"112":{"start":{"line":135,"column":0},"end":{"line":135,"column":47}},"113":{"start":{"line":136,"column":0},"end":{"line":136,"column":5}},"114":{"start":{"line":138,"column":0},"end":{"line":138,"column":25}},"115":{"start":{"line":139,"column":0},"end":{"line":139,"column":20}},"116":{"start":{"line":140,"column":0},"end":{"line":140,"column":5}},"117":{"start":{"line":141,"column":0},"end":{"line":141,"column":28}},"118":{"start":{"line":142,"column":0},"end":{"line":142,"column":19}},"119":{"start":{"line":143,"column":0},"end":{"line":143,"column":5}},"120":{"start":{"line":144,"column":0},"end":{"line":144,"column":37}},"121":{"start":{"line":145,"column":0},"end":{"line":145,"column":27}},"122":{"start":{"line":146,"column":0},"end":{"line":146,"column":43}},"123":{"start":{"line":147,"column":0},"end":{"line":147,"column":56}},"124":{"start":{"line":148,"column":0},"end":{"line":148,"column":29}},"125":{"start":{"line":149,"column":0},"end":{"line":149,"column":38}},"126":{"start":{"line":151,"column":0},"end":{"line":151,"column":26}},"127":{"start":{"line":152,"column":0},"end":{"line":152,"column":74}},"128":{"start":{"line":153,"column":0},"end":{"line":153,"column":11}},"129":{"start":{"line":154,"column":0},"end":{"line":154,"column":5}},"130":{"start":{"line":156,"column":0},"end":{"line":156,"column":48}},"131":{"start":{"line":157,"column":0},"end":{"line":157,"column":54}},"132":{"start":{"line":158,"column":0},"end":{"line":158,"column":34}},"133":{"start":{"line":159,"column":0},"end":{"line":159,"column":50}},"134":{"start":{"line":160,"column":0},"end":{"line":160,"column":5}},"135":{"start":{"line":161,"column":0},"end":{"line":161,"column":1}},"136":{"start":{"line":163,"column":0},"end":{"line":163,"column":56}},"137":{"start":{"line":166,"column":0},"end":{"line":166,"column":65}},"138":{"start":{"line":167,"column":0},"end":{"line":167,"column":49}},"139":{"start":{"line":168,"column":0},"end":{"line":168,"column":65}},"140":{"start":{"line":169,"column":0},"end":{"line":169,"column":1}}},"s":{"0":2,"1":2,"2":2,"3":2,"4":493,"5":493,"6":493,"7":493,"8":493,"9":493,"10":493,"11":493,"12":493,"13":493,"14":493,"15":58,"16":435,"17":493,"18":141,"19":141,"20":141,"21":493,"22":493,"23":493,"24":493,"25":436,"26":57,"27":493,"28":493,"29":12,"30":12,"31":493,"32":566,"33":566,"34":566,"35":566,"36":566,"37":566,"38":566,"39":493,"40":479,"41":479,"42":479,"43":479,"44":479,"45":479,"46":479,"47":479,"48":493,"49":168,"50":8,"51":8,"52":160,"53":160,"54":290,"55":290,"56":290,"57":290,"58":160,"59":160,"60":160,"61":168,"62":493,"63":1,"64":1,"65":493,"66":1,"67":1,"68":493,"69":387,"70":387,"71":387,"72":493,"73":2,"74":463,"75":463,"76":463,"77":969,"78":969,"79":966,"80":969,"81":463,"82":463,"83":463,"84":402,"85":402,"86":463,"87":8,"88":8,"89":463,"90":463,"91":463,"92":463,"93":1160,"94":1160,"95":463,"96":1005,"97":1005,"98":1005,"99":1005,"100":1005,"101":1005,"102":1005,"103":1005,"104":463,"105":390,"106":390,"107":390,"108":390,"109":390,"110":390,"111":389,"112":389,"113":390,"114":463,"115":6,"116":6,"117":463,"118":2,"119":2,"120":463,"121":194,"122":189,"123":194,"124":167,"125":167,"126":167,"127":167,"128":167,"129":194,"130":463,"131":469,"132":465,"133":465,"134":469,"135":463,"136":57,"137":57,"138":57,"139":57,"140":57},"branchMap":{"0":{"type":"branch","line":14,"loc":{"start":{"line":14,"column":24},"end":{"line":88,"column":1}},"locations":[{"start":{"line":14,"column":24},"end":{"line":88,"column":1}}]},"1":{"type":"branch","line":22,"loc":{"start":{"line":22,"column":11},"end":{"line":40,"column":5}},"locations":[{"start":{"line":22,"column":11},"end":{"line":40,"column":5}}]},"2":{"type":"branch","line":28,"loc":{"start":{"line":28,"column":25},"end":{"line":29,"column":38}},"locations":[{"start":{"line":28,"column":25},"end":{"line":29,"column":38}}]},"3":{"type":"branch","line":37,"loc":{"start":{"line":37,"column":31},"end":{"line":38,"column":54}},"locations":[{"start":{"line":37,"column":31},"end":{"line":38,"column":54}}]},"4":{"type":"branch","line":44,"loc":{"start":{"line":44,"column":11},"end":{"line":51,"column":5}},"locations":[{"start":{"line":44,"column":11},"end":{"line":51,"column":5}}]},"5":{"type":"branch","line":53,"loc":{"start":{"line":53,"column":11},"end":{"line":61,"column":5}},"locations":[{"start":{"line":53,"column":11},"end":{"line":61,"column":5}}]},"6":{"type":"branch","line":56,"loc":{"start":{"line":56,"column":22},"end":{"line":56,"column":35}},"locations":[{"start":{"line":56,"column":22},"end":{"line":56,"column":35}}]},"7":{"type":"branch","line":57,"loc":{"start":{"line":57,"column":55},"end":{"line":57,"column":77}},"locations":[{"start":{"line":57,"column":55},"end":{"line":57,"column":77}}]},"8":{"type":"branch","line":84,"loc":{"start":{"line":84,"column":11},"end":{"line":87,"column":5}},"locations":[{"start":{"line":84,"column":11},"end":{"line":87,"column":5}}]},"9":{"type":"branch","line":85,"loc":{"start":{"line":85,"column":13},"end":{"line":85,"column":33}},"locations":[{"start":{"line":85,"column":13},"end":{"line":85,"column":33}}]},"10":{"type":"branch","line":90,"loc":{"start":{"line":90,"column":46},"end":{"line":161,"column":1}},"locations":[{"start":{"line":90,"column":46},"end":{"line":161,"column":1}}]},"11":{"type":"branch","line":163,"loc":{"start":{"line":163,"column":0},"end":{"line":169,"column":1}},"locations":[{"start":{"line":163,"column":0},"end":{"line":169,"column":1}}]},"12":{"type":"branch","line":168,"loc":{"start":{"line":168,"column":11},"end":{"line":168,"column":65}},"locations":[{"start":{"line":168,"column":11},"end":{"line":168,"column":65}}]},"13":{"type":"branch","line":27,"loc":{"start":{"line":27,"column":40},"end":{"line":28,"column":32}},"locations":[{"start":{"line":27,"column":40},"end":{"line":28,"column":32}}]},"14":{"type":"branch","line":38,"loc":{"start":{"line":38,"column":53},"end":{"line":39,"column":57}},"locations":[{"start":{"line":38,"column":53},"end":{"line":39,"column":57}}]},"15":{"type":"branch","line":30,"loc":{"start":{"line":30,"column":54},"end":{"line":33,"column":10}},"locations":[{"start":{"line":30,"column":54},"end":{"line":33,"column":10}}]},"16":{"type":"branch","line":31,"loc":{"start":{"line":31,"column":39},"end":{"line":31,"column":68}},"locations":[{"start":{"line":31,"column":39},"end":{"line":31,"column":68}}]},"17":{"type":"branch","line":41,"loc":{"start":{"line":41,"column":4},"end":{"line":43,"column":5}},"locations":[{"start":{"line":41,"column":4},"end":{"line":43,"column":5}}]},"18":{"type":"branch","line":54,"loc":{"start":{"line":54,"column":36},"end":{"line":54,"column":57}},"locations":[{"start":{"line":54,"column":36},"end":{"line":54,"column":57}}]},"19":{"type":"branch","line":57,"loc":{"start":{"line":57,"column":44},"end":{"line":57,"column":63}},"locations":[{"start":{"line":57,"column":44},"end":{"line":57,"column":63}}]},"20":{"type":"branch","line":63,"loc":{"start":{"line":63,"column":11},"end":{"line":76,"column":5}},"locations":[{"start":{"line":63,"column":11},"end":{"line":76,"column":5}}]},"21":{"type":"branch","line":64,"loc":{"start":{"line":64,"column":34},"end":{"line":66,"column":9}},"locations":[{"start":{"line":64,"column":34},"end":{"line":66,"column":9}}]},"22":{"type":"branch","line":66,"loc":{"start":{"line":66,"column":8},"end":{"line":75,"column":11}},"locations":[{"start":{"line":66,"column":8},"end":{"line":75,"column":11}}]},"23":{"type":"branch","line":67,"loc":{"start":{"line":67,"column":47},"end":{"line":75,"column":9}},"locations":[{"start":{"line":67,"column":47},"end":{"line":75,"column":9}}]},"24":{"type":"branch","line":68,"loc":{"start":{"line":68,"column":35},"end":{"line":72,"column":14}},"locations":[{"start":{"line":68,"column":35},"end":{"line":72,"column":14}}]},"25":{"type":"branch","line":70,"loc":{"start":{"line":70,"column":45},"end":{"line":70,"column":66}},"locations":[{"start":{"line":70,"column":45},"end":{"line":70,"column":66}}]},"26":{"type":"branch","line":70,"loc":{"start":{"line":70,"column":64},"end":{"line":71,"column":64}},"locations":[{"start":{"line":70,"column":64},"end":{"line":71,"column":64}}]},"27":{"type":"branch","line":71,"loc":{"start":{"line":71,"column":55},"end":{"line":71,"column":67}},"locations":[{"start":{"line":71,"column":55},"end":{"line":71,"column":67}}]},"28":{"type":"branch","line":77,"loc":{"start":{"line":77,"column":11},"end":{"line":79,"column":5}},"locations":[{"start":{"line":77,"column":11},"end":{"line":79,"column":5}}]},"29":{"type":"branch","line":80,"loc":{"start":{"line":80,"column":11},"end":{"line":82,"column":5}},"locations":[{"start":{"line":80,"column":11},"end":{"line":82,"column":5}}]},"30":{"type":"branch","line":93,"loc":{"start":{"line":93,"column":4},"end":{"line":97,"column":5}},"locations":[{"start":{"line":93,"column":4},"end":{"line":97,"column":5}}]},"31":{"type":"branch","line":95,"loc":{"start":{"line":95,"column":18},"end":{"line":95,"column":43}},"locations":[{"start":{"line":95,"column":18},"end":{"line":95,"column":43}}]},"32":{"type":"branch","line":95,"loc":{"start":{"line":95,"column":43},"end":{"line":95,"column":55}},"locations":[{"start":{"line":95,"column":43},"end":{"line":95,"column":55}}]},"33":{"type":"branch","line":95,"loc":{"start":{"line":95,"column":50},"end":{"line":96,"column":34}},"locations":[{"start":{"line":95,"column":50},"end":{"line":96,"column":34}}]},"34":{"type":"branch","line":102,"loc":{"start":{"line":102,"column":4},"end":{"line":104,"column":5}},"locations":[{"start":{"line":102,"column":4},"end":{"line":104,"column":5}}]},"35":{"type":"branch","line":103,"loc":{"start":{"line":103,"column":31},"end":{"line":103,"column":45}},"locations":[{"start":{"line":103,"column":31},"end":{"line":103,"column":45}}]},"36":{"type":"branch","line":105,"loc":{"start":{"line":105,"column":4},"end":{"line":107,"column":5}},"locations":[{"start":{"line":105,"column":4},"end":{"line":107,"column":5}}]},"37":{"type":"branch","line":106,"loc":{"start":{"line":106,"column":31},"end":{"line":106,"column":41}},"locations":[{"start":{"line":106,"column":31},"end":{"line":106,"column":41}}]},"38":{"type":"branch","line":109,"loc":{"start":{"line":109,"column":4},"end":{"line":111,"column":5}},"locations":[{"start":{"line":109,"column":4},"end":{"line":111,"column":5}}]},"39":{"type":"branch","line":112,"loc":{"start":{"line":112,"column":4},"end":{"line":114,"column":5}},"locations":[{"start":{"line":112,"column":4},"end":{"line":114,"column":5}}]},"40":{"type":"branch","line":116,"loc":{"start":{"line":116,"column":11},"end":{"line":125,"column":5}},"locations":[{"start":{"line":116,"column":11},"end":{"line":125,"column":5}}]},"41":{"type":"branch","line":123,"loc":{"start":{"line":123,"column":47},"end":{"line":123,"column":61}},"locations":[{"start":{"line":123,"column":47},"end":{"line":123,"column":61}}]},"42":{"type":"branch","line":123,"loc":{"start":{"line":123,"column":61},"end":{"line":123,"column":75}},"locations":[{"start":{"line":123,"column":61},"end":{"line":123,"column":75}}]},"43":{"type":"branch","line":127,"loc":{"start":{"line":127,"column":11},"end":{"line":136,"column":5}},"locations":[{"start":{"line":127,"column":11},"end":{"line":136,"column":5}}]},"44":{"type":"branch","line":133,"loc":{"start":{"line":133,"column":23},"end":{"line":133,"column":30}},"locations":[{"start":{"line":133,"column":23},"end":{"line":133,"column":30}}]},"45":{"type":"branch","line":133,"loc":{"start":{"line":133,"column":23},"end":{"line":135,"column":47}},"locations":[{"start":{"line":133,"column":23},"end":{"line":135,"column":47}}]},"46":{"type":"branch","line":138,"loc":{"start":{"line":138,"column":11},"end":{"line":140,"column":5}},"locations":[{"start":{"line":138,"column":11},"end":{"line":140,"column":5}}]},"47":{"type":"branch","line":141,"loc":{"start":{"line":141,"column":11},"end":{"line":143,"column":5}},"locations":[{"start":{"line":141,"column":11},"end":{"line":143,"column":5}}]},"48":{"type":"branch","line":144,"loc":{"start":{"line":144,"column":11},"end":{"line":154,"column":5}},"locations":[{"start":{"line":144,"column":11},"end":{"line":154,"column":5}}]},"49":{"type":"branch","line":145,"loc":{"start":{"line":145,"column":20},"end":{"line":145,"column":27}},"locations":[{"start":{"line":145,"column":20},"end":{"line":145,"column":27}}]},"50":{"type":"branch","line":145,"loc":{"start":{"line":145,"column":20},"end":{"line":147,"column":26}},"locations":[{"start":{"line":145,"column":20},"end":{"line":147,"column":26}}]},"51":{"type":"branch","line":147,"loc":{"start":{"line":147,"column":21},"end":{"line":147,"column":49}},"locations":[{"start":{"line":147,"column":21},"end":{"line":147,"column":49}}]},"52":{"type":"branch","line":147,"loc":{"start":{"line":147,"column":49},"end":{"line":147,"column":56}},"locations":[{"start":{"line":147,"column":49},"end":{"line":147,"column":56}}]},"53":{"type":"branch","line":147,"loc":{"start":{"line":147,"column":49},"end":{"line":153,"column":11}},"locations":[{"start":{"line":147,"column":49},"end":{"line":153,"column":11}}]},"54":{"type":"branch","line":151,"loc":{"start":{"line":151,"column":19},"end":{"line":153,"column":9}},"locations":[{"start":{"line":151,"column":19},"end":{"line":153,"column":9}}]},"55":{"type":"branch","line":152,"loc":{"start":{"line":152,"column":38},"end":{"line":152,"column":72}},"locations":[{"start":{"line":152,"column":38},"end":{"line":152,"column":72}}]},"56":{"type":"branch","line":156,"loc":{"start":{"line":156,"column":11},"end":{"line":160,"column":5}},"locations":[{"start":{"line":156,"column":11},"end":{"line":160,"column":5}}]},"57":{"type":"branch","line":157,"loc":{"start":{"line":157,"column":38},"end":{"line":157,"column":54}},"locations":[{"start":{"line":157,"column":38},"end":{"line":157,"column":54}}]},"58":{"type":"branch","line":157,"loc":{"start":{"line":157,"column":52},"end":{"line":159,"column":50}},"locations":[{"start":{"line":157,"column":52},"end":{"line":159,"column":50}}]},"59":{"type":"branch","line":157,"loc":{"start":{"line":157,"column":45},"end":{"line":157,"column":54}},"locations":[{"start":{"line":157,"column":45},"end":{"line":157,"column":54}}]},"60":{"type":"branch","line":159,"loc":{"start":{"line":159,"column":15},"end":{"line":159,"column":50}},"locations":[{"start":{"line":159,"column":15},"end":{"line":159,"column":50}}]},"61":{"type":"branch","line":166,"loc":{"start":{"line":166,"column":20},"end":{"line":166,"column":65}},"locations":[{"start":{"line":166,"column":20},"end":{"line":166,"column":65}}]}},"b":{"0":[493],"1":[493],"2":[435],"3":[436],"4":[566],"5":[479],"6":[0],"7":[215],"8":[387],"9":[1],"10":[463],"11":[57],"12":[57],"13":[58],"14":[57],"15":[197],"16":[58],"17":[68],"18":[264],"19":[264],"20":[224],"21":[64],"22":[216],"23":[216],"24":[346],"25":[207],"26":[195],"27":[62],"28":[57],"29":[57],"30":[969],"31":[967],"32":[3],"33":[966],"34":[402],"35":[216],"36":[8],"37":[1],"38":[463],"39":[1160],"40":[1005],"41":[1003],"42":[2],"43":[390],"44":[1],"45":[389],"46":[6],"47":[2],"48":[194],"49":[5],"50":[189],"51":[177],"52":[22],"53":[167],"54":[167],"55":[171],"56":[469],"57":[4],"58":[465],"59":[4],"60":[345],"61":[57]},"fnMap":{"0":{"name":"<instance_members_initializer>","decl":{"start":{"line":14,"column":24},"end":{"line":88,"column":1}},"loc":{"start":{"line":14,"column":24},"end":{"line":88,"column":1}},"line":14},"1":{"name":"Navigation","decl":{"start":{"line":22,"column":11},"end":{"line":40,"column":5}},"loc":{"start":{"line":22,"column":11},"end":{"line":40,"column":5}},"line":22},"2":{"name":"onPopStateChange","decl":{"start":{"line":30,"column":54},"end":{"line":33,"column":10}},"loc":{"start":{"line":30,"column":54},"end":{"line":33,"column":10}},"line":30},"3":{"name":"get length","decl":{"start":{"line":41,"column":4},"end":{"line":43,"column":5}},"loc":{"start":{"line":41,"column":4},"end":{"line":43,"column":5}},"line":41},"4":{"name":"push","decl":{"start":{"line":44,"column":11},"end":{"line":51,"column":5}},"loc":{"start":{"line":44,"column":11},"end":{"line":51,"column":5}},"line":44},"5":{"name":"replace","decl":{"start":{"line":53,"column":11},"end":{"line":61,"column":5}},"loc":{"start":{"line":53,"column":11},"end":{"line":61,"column":5}},"line":53},"6":{"name":"go","decl":{"start":{"line":63,"column":11},"end":{"line":76,"column":5}},"loc":{"start":{"line":63,"column":11},"end":{"line":76,"column":5}},"line":63},"7":{"name":"forward","decl":{"start":{"line":77,"column":11},"end":{"line":79,"column":5}},"loc":{"start":{"line":77,"column":11},"end":{"line":79,"column":5}},"line":77},"8":{"name":"back","decl":{"start":{"line":80,"column":11},"end":{"line":82,"column":5}},"loc":{"start":{"line":80,"column":11},"end":{"line":82,"column":5}},"line":80},"9":{"name":"destroy","decl":{"start":{"line":84,"column":11},"end":{"line":87,"column":5}},"loc":{"start":{"line":84,"column":11},"end":{"line":87,"column":5}},"line":84},"10":{"name":"<instance_members_initializer>","decl":{"start":{"line":90,"column":46},"end":{"line":161,"column":1}},"loc":{"start":{"line":90,"column":46},"end":{"line":161,"column":1}},"line":90},"11":{"name":"subscribeHtmlHistory","decl":{"start":{"line":163,"column":0},"end":{"line":169,"column":1}},"loc":{"start":{"line":163,"column":0},"end":{"line":169,"column":1}},"line":163},"12":{"name":"wrapper","decl":{"start":{"line":166,"column":20},"end":{"line":166,"column":65}},"loc":{"start":{"line":166,"column":20},"end":{"line":166,"column":65}},"line":166},"13":{"name":"_promiseResolve","decl":{"start":{"line":68,"column":35},"end":{"line":72,"column":14}},"loc":{"start":{"line":68,"column":35},"end":{"line":72,"column":14}},"line":68},"14":{"name":"get _curEntry","decl":{"start":{"line":93,"column":4},"end":{"line":97,"column":5}},"loc":{"start":{"line":93,"column":4},"end":{"line":97,"column":5}},"line":93},"15":{"name":"get state","decl":{"start":{"line":102,"column":4},"end":{"line":104,"column":5}},"loc":{"start":{"line":102,"column":4},"end":{"line":104,"column":5}},"line":102},"16":{"name":"get url","decl":{"start":{"line":105,"column":4},"end":{"line":107,"column":5}},"loc":{"start":{"line":105,"column":4},"end":{"line":107,"column":5}},"line":105},"17":{"name":"MemoryHistory","decl":{"start":{"line":109,"column":4},"end":{"line":111,"column":5}},"loc":{"start":{"line":109,"column":4},"end":{"line":111,"column":5}},"line":109},"18":{"name":"get length","decl":{"start":{"line":112,"column":4},"end":{"line":114,"column":5}},"loc":{"start":{"line":112,"column":4},"end":{"line":114,"column":5}},"line":112},"19":{"name":"pushState","decl":{"start":{"line":116,"column":11},"end":{"line":125,"column":5}},"loc":{"start":{"line":116,"column":11},"end":{"line":125,"column":5}},"line":116},"20":{"name":"replaceState","decl":{"start":{"line":127,"column":11},"end":{"line":136,"column":5}},"loc":{"start":{"line":127,"column":11},"end":{"line":136,"column":5}},"line":127},"21":{"name":"back","decl":{"start":{"line":138,"column":11},"end":{"line":140,"column":5}},"loc":{"start":{"line":138,"column":11},"end":{"line":140,"column":5}},"line":138},"22":{"name":"forward","decl":{"start":{"line":141,"column":11},"end":{"line":143,"column":5}},"loc":{"start":{"line":141,"column":11},"end":{"line":143,"column":5}},"line":141},"23":{"name":"go","decl":{"start":{"line":144,"column":11},"end":{"line":154,"column":5}},"loc":{"start":{"line":144,"column":11},"end":{"line":154,"column":5}},"line":144},"24":{"name":"onPopState","decl":{"start":{"line":156,"column":11},"end":{"line":160,"column":5}},"loc":{"start":{"line":156,"column":11},"end":{"line":160,"column":5}},"line":156}},"f":{"0":493,"1":493,"2":141,"3":12,"4":566,"5":479,"6":168,"7":1,"8":1,"9":387,"10":463,"11":57,"12":1,"13":290,"14":969,"15":402,"16":8,"17":463,"18":1160,"19":1005,"20":390,"21":6,"22":2,"23":194,"24":469}}
,"/home/runner/work/esmx/esmx/packages/router/src/options.ts": {"path":"/home/runner/work/esmx/esmx/packages/router/src/options.ts","all":false,"statementMap":{"0":{"start":{"line":1,"column":0},"end":{"line":1,"column":42}},"1":{"start":{"line":2,"column":0},"end":{"line":2,"column":37}},"2":{"start":{"line":4,"column":0},"end":{"line":4,"column":35}},"3":{"start":{"line":11,"column":0},"end":{"line":11,"column":50}},"4":{"start":{"line":13,"column":0},"end":{"line":13,"column":32}},"5":{"start":{"line":14,"column":0},"end":{"line":14,"column":21}},"6":{"start":{"line":16,"column":0},"end":{"line":16,"column":23}},"7":{"start":{"line":17,"column":0},"end":{"line":17,"column":33}},"8":{"start":{"line":18,"column":0},"end":{"line":18,"column":27}},"9":{"start":{"line":19,"column":0},"end":{"line":19,"column":36}},"10":{"start":{"line":20,"column":0},"end":{"line":20,"column":29}},"11":{"start":{"line":22,"column":0},"end":{"line":22,"column":32}},"12":{"start":{"line":23,"column":0},"end":{"line":23,"column":24}},"13":{"start":{"line":24,"column":0},"end":{"line":24,"column":47}},"14":{"start":{"line":25,"column":0},"end":{"line":25,"column":50}},"15":{"start":{"line":26,"column":0},"end":{"line":26,"column":76}},"16":{"start":{"line":27,"column":0},"end":{"line":27,"column":25}},"17":{"start":{"line":28,"column":0},"end":{"line":28,"column":26}},"18":{"start":{"line":29,"column":0},"end":{"line":29,"column":20}},"19":{"start":{"line":30,"column":0},"end":{"line":30,"column":46}},"20":{"start":{"line":31,"column":0},"end":{"line":31,"column":31}},"21":{"start":{"line":32,"column":0},"end":{"line":32,"column":39}},"22":{"start":{"line":33,"column":0},"end":{"line":33,"column":24}},"23":{"start":{"line":34,"column":0},"end":{"line":34,"column":53}},"24":{"start":{"line":35,"column":0},"end":{"line":35,"column":35}},"25":{"start":{"line":37,"column":0},"end":{"line":37,"column":76}},"26":{"start":{"line":38,"column":0},"end":{"line":38,"column":41}},"27":{"start":{"line":39,"column":0},"end":{"line":39,"column":12}},"28":{"start":{"line":41,"column":0},"end":{"line":41,"column":47}},"29":{"start":{"line":42,"column":0},"end":{"line":42,"column":28}},"30":{"start":{"line":43,"column":0},"end":{"line":43,"column":58}},"31":{"start":{"line":44,"column":0},"end":{"line":44,"column":32}},"32":{"start":{"line":45,"column":0},"end":{"line":45,"column":5}},"33":{"start":{"line":49,"column":0},"end":{"line":49,"column":18}},"34":{"start":{"line":50,"column":0},"end":{"line":50,"column":9}},"35":{"start":{"line":51,"column":0},"end":{"line":51,"column":39}},"36":{"start":{"line":52,"column":0},"end":{"line":52,"column":17}},"37":{"start":{"line":53,"column":0},"end":{"line":53,"column":21}},"38":{"start":{"line":54,"column":0},"end":{"line":54,"column":126}},"39":{"start":{"line":55,"column":0},"end":{"line":55,"column":10}},"40":{"start":{"line":56,"column":0},"end":{"line":56,"column":51}},"41":{"start":{"line":57,"column":0},"end":{"line":57,"column":5}},"42":{"start":{"line":60,"column":0},"end":{"line":60,"column":33}},"43":{"start":{"line":61,"column":0},"end":{"line":61,"column":16}},"44":{"start":{"line":62,"column":0},"end":{"line":62,"column":1}},"45":{"start":{"line":64,"column":0},"end":{"line":64,"column":30}},"46":{"start":{"line":65,"column":0},"end":{"line":65,"column":31}},"47":{"start":{"line":66,"column":0},"end":{"line":66,"column":24}},"48":{"start":{"line":67,"column":0},"end":{"line":67,"column":37}},"49":{"start":{"line":68,"column":0},"end":{"line":68,"column":52}},"50":{"start":{"line":69,"column":0},"end":{"line":69,"column":47}},"51":{"start":{"line":70,"column":0},"end":{"line":70,"column":72}},"52":{"start":{"line":71,"column":0},"end":{"line":71,"column":33}},"53":{"start":{"line":72,"column":0},"end":{"line":72,"column":39}},"54":{"start":{"line":73,"column":0},"end":{"line":73,"column":33}},"55":{"start":{"line":74,"column":0},"end":{"line":74,"column":33}},"56":{"start":{"line":75,"column":0},"end":{"line":75,"column":38}},"57":{"start":{"line":76,"column":0},"end":{"line":76,"column":13}},"58":{"start":{"line":77,"column":0},"end":{"line":77,"column":23}},"59":{"start":{"line":78,"column":0},"end":{"line":78,"column":50}},"60":{"start":{"line":79,"column":0},"end":{"line":79,"column":32}},"61":{"start":{"line":80,"column":0},"end":{"line":80,"column":15}},"62":{"start":{"line":81,"column":0},"end":{"line":81,"column":13}},"63":{"start":{"line":82,"column":0},"end":{"line":82,"column":46}},"64":{"start":{"line":83,"column":0},"end":{"line":83,"column":30}},"65":{"start":{"line":84,"column":0},"end":{"line":84,"column":50}},"66":{"start":{"line":85,"column":0},"end":{"line":85,"column":39}},"67":{"start":{"line":86,"column":0},"end":{"line":86,"column":61}},"68":{"start":{"line":87,"column":0},"end":{"line":87,"column":55}},"69":{"start":{"line":88,"column":0},"end":{"line":88,"column":46}},"70":{"start":{"line":89,"column":0},"end":{"line":89,"column":7}},"71":{"start":{"line":90,"column":0},"end":{"line":90,"column":1}},"72":{"start":{"line":92,"column":0},"end":{"line":92,"column":33}},"73":{"start":{"line":93,"column":0},"end":{"line":93,"column":14}},"74":{"start":{"line":94,"column":0},"end":{"line":94,"column":23}},"75":{"start":{"line":95,"column":0},"end":{"line":95,"column":27}},"76":{"start":{"line":96,"column":0},"end":{"line":96,"column":3}},"77":{"start":{"line":97,"column":0},"end":{"line":97,"column":29}},"78":{"start":{"line":100,"column":0},"end":{"line":100,"column":37}},"79":{"start":{"line":102,"column":0},"end":{"line":102,"column":29}},"80":{"start":{"line":105,"column":0},"end":{"line":105,"column":71}},"81":{"start":{"line":106,"column":0},"end":{"line":106,"column":74}},"82":{"start":{"line":107,"column":0},"end":{"line":107,"column":39}},"83":{"start":{"line":108,"column":0},"end":{"line":108,"column":35}},"84":{"start":{"line":109,"column":0},"end":{"line":109,"column":25}},"85":{"start":{"line":110,"column":0},"end":{"line":110,"column":82}},"86":{"start":{"line":111,"column":0},"end":{"line":111,"column":14}},"87":{"start":{"line":112,"column":0},"end":{"line":112,"column":9}},"88":{"start":{"line":115,"column":0},"end":{"line":115,"column":44}},"89":{"start":{"line":116,"column":0},"end":{"line":116,"column":48}},"90":{"start":{"line":117,"column":0},"end":{"line":117,"column":26}},"91":{"start":{"line":118,"column":0},"end":{"line":118,"column":15}},"92":{"start":{"line":119,"column":0},"end":{"line":119,"column":5}},"93":{"start":{"line":122,"column":0},"end":{"line":122,"column":20}},"94":{"start":{"line":123,"column":0},"end":{"line":123,"column":24}},"95":{"start":{"line":124,"column":0},"end":{"line":124,"column":17}},"96":{"start":{"line":125,"column":0},"end":{"line":125,"column":52}},"97":{"start":{"line":126,"column":0},"end":{"line":126,"column":33}},"98":{"start":{"line":127,"column":0},"end":{"line":127,"column":41}},"99":{"start":{"line":128,"column":0},"end":{"line":128,"column":24}},"100":{"start":{"line":129,"column":0},"end":{"line":129,"column":113}},"101":{"start":{"line":130,"column":0},"end":{"line":130,"column":17}},"102":{"start":{"line":131,"column":0},"end":{"line":131,"column":33}},"103":{"start":{"line":132,"column":0},"end":{"line":132,"column":22}},"104":{"start":{"line":133,"column":0},"end":{"line":133,"column":9}},"105":{"start":{"line":134,"column":0},"end":{"line":134,"column":29}},"106":{"start":{"line":135,"column":0},"end":{"line":135,"column":5}},"107":{"start":{"line":138,"column":0},"end":{"line":138,"column":1}}},"s":{"0":2,"1":2,"2":2,"3":3339,"4":3339,"5":3339,"6":3339,"7":614,"8":3289,"9":293,"10":2725,"11":13,"12":13,"13":13,"14":7,"15":7,"16":1,"17":6,"18":13,"19":13,"20":12,"21":2,"22":1,"23":13,"24":13,"25":13,"26":13,"27":2432,"28":2419,"29":2419,"30":2419,"31":0,"32":2419,"33":3339,"34":3339,"35":3339,"36":3339,"37":3,"38":3,"39":3,"40":3,"41":3,"42":3339,"43":3339,"44":3339,"45":2,"46":3339,"47":3339,"48":3339,"49":3339,"50":3339,"51":3339,"52":3339,"53":3339,"54":3339,"55":3339,"56":3339,"57":3339,"58":3339,"59":335,"60":3004,"61":3339,"62":3339,"63":3339,"64":2,"65":3337,"66":3339,"67":3339,"68":3339,"69":3339,"70":3339,"71":3339,"72":2,"73":84,"74":84,"75":84,"76":84,"77":84,"78":84,"79":21,"80":21,"81":21,"82":16,"83":21,"84":2,"85":2,"86":2,"87":2,"88":21,"89":21,"90":21,"91":21,"92":21,"93":84,"94":14,"95":4,"96":4,"97":4,"98":1,"99":4,"100":2,"101":2,"102":3,"103":4,"104":4,"105":11,"106":11,"107":84},"branchMap":{"0":{"type":"branch","line":11,"loc":{"start":{"line":11,"column":0},"end":{"line":62,"column":1}},"locations":[{"start":{"line":11,"column":0},"end":{"line":62,"column":1}}]},"1":{"type":"branch","line":16,"loc":{"start":{"line":16,"column":22},"end":{"line":45,"column":5}},"locations":[{"start":{"line":16,"column":22},"end":{"line":45,"column":5}}]},"2":{"type":"branch","line":16,"loc":{"start":{"line":16,"column":22},"end":{"line":18,"column":15}},"locations":[{"start":{"line":16,"column":22},"end":{"line":18,"column":15}}]},"3":{"type":"branch","line":18,"loc":{"start":{"line":18,"column":4},"end":{"line":45,"column":5}},"locations":[{"start":{"line":18,"column":4},"end":{"line":45,"column":5}}]},"4":{"type":"branch","line":18,"loc":{"start":{"line":18,"column":26},"end":{"line":20,"column":15}},"locations":[{"start":{"line":18,"column":26},"end":{"line":20,"column":15}}]},"5":{"type":"branch","line":20,"loc":{"start":{"line":20,"column":4},"end":{"line":45,"column":5}},"locations":[{"start":{"line":20,"column":4},"end":{"line":45,"column":5}}]},"6":{"type":"branch","line":20,"loc":{"start":{"line":20,"column":28},"end":{"line":39,"column":11}},"locations":[{"start":{"line":20,"column":28},"end":{"line":39,"column":11}}]},"7":{"type":"branch","line":24,"loc":{"start":{"line":24,"column":43},"end":{"line":25,"column":50}},"locations":[{"start":{"line":24,"column":43},"end":{"line":25,"column":50}}]},"8":{"type":"branch","line":25,"loc":{"start":{"line":25,"column":46},"end":{"line":28,"column":26}},"locations":[{"start":{"line":25,"column":46},"end":{"line":28,"column":26}}]},"9":{"type":"branch","line":26,"loc":{"start":{"line":26,"column":67},"end":{"line":27,"column":25}},"locations":[{"start":{"line":26,"column":67},"end":{"line":27,"column":25}}]},"10":{"type":"branch","line":27,"loc":{"start":{"line":27,"column":18},"end":{"line":28,"column":26}},"locations":[{"start":{"line":27,"column":18},"end":{"line":28,"column":26}}]},"11":{"type":"branch","line":30,"loc":{"start":{"line":30,"column":42},"end":{"line":31,"column":31}},"locations":[{"start":{"line":30,"column":42},"end":{"line":31,"column":31}}]},"12":{"type":"branch","line":31,"loc":{"start":{"line":31,"column":24},"end":{"line":32,"column":39}},"locations":[{"start":{"line":31,"column":24},"end":{"line":32,"column":39}}]},"13":{"type":"branch","line":32,"loc":{"start":{"line":32,"column":35},"end":{"line":33,"column":24}},"locations":[{"start":{"line":32,"column":35},"end":{"line":33,"column":24}}]},"14":{"type":"branch","line":35,"loc":{"start":{"line":35,"column":25},"end":{"line":35,"column":35}},"locations":[{"start":{"line":35,"column":25},"end":{"line":35,"column":35}}]},"15":{"type":"branch","line":37,"loc":{"start":{"line":37,"column":44},"end":{"line":37,"column":64}},"locations":[{"start":{"line":37,"column":44},"end":{"line":37,"column":64}}]},"16":{"type":"branch","line":37,"loc":{"start":{"line":37,"column":59},"end":{"line":37,"column":66}},"locations":[{"start":{"line":37,"column":59},"end":{"line":37,"column":66}}]},"17":{"type":"branch","line":39,"loc":{"start":{"line":39,"column":4},"end":{"line":45,"column":5}},"locations":[{"start":{"line":39,"column":4},"end":{"line":45,"column":5}}]},"18":{"type":"branch","line":43,"loc":{"start":{"line":43,"column":14},"end":{"line":44,"column":32}},"locations":[{"start":{"line":43,"column":14},"end":{"line":44,"column":32}}]},"19":{"type":"branch","line":52,"loc":{"start":{"line":52,"column":4},"end":{"line":57,"column":5}},"locations":[{"start":{"line":52,"column":4},"end":{"line":57,"column":5}}]},"20":{"type":"branch","line":54,"loc":{"start":{"line":54,"column":40},"end":{"line":54,"column":67}},"locations":[{"start":{"line":54,"column":40},"end":{"line":54,"column":67}}]},"21":{"type":"branch","line":64,"loc":{"start":{"line":64,"column":7},"end":{"line":90,"column":1}},"locations":[{"start":{"line":64,"column":7},"end":{"line":90,"column":1}}]},"22":{"type":"branch","line":68,"loc":{"start":{"line":68,"column":38},"end":{"line":68,"column":50}},"locations":[{"start":{"line":68,"column":38},"end":{"line":68,"column":50}}]},"23":{"type":"branch","line":70,"loc":{"start":{"line":70,"column":27},"end":{"line":70,"column":66}},"locations":[{"start":{"line":70,"column":27},"end":{"line":70,"column":66}}]},"24":{"type":"branch","line":70,"loc":{"start":{"line":70,"column":62},"end":{"line":70,"column":72}},"locations":[{"start":{"line":70,"column":62},"end":{"line":70,"column":72}}]},"25":{"type":"branch","line":71,"loc":{"start":{"line":71,"column":22},"end":{"line":71,"column":33}},"locations":[{"start":{"line":71,"column":22},"end":{"line":71,"column":33}}]},"26":{"type":"branch","line":72,"loc":{"start":{"line":72,"column":25},"end":{"line":72,"column":39}},"locations":[{"start":{"line":72,"column":25},"end":{"line":72,"column":39}}]},"27":{"type":"branch","line":73,"loc":{"start":{"line":73,"column":21},"end":{"line":73,"column":33}},"locations":[{"start":{"line":73,"column":21},"end":{"line":73,"column":33}}]},"28":{"type":"branch","line":75,"loc":{"start":{"line":75,"column":23},"end":{"line":75,"column":38}},"locations":[{"start":{"line":75,"column":23},"end":{"line":75,"column":38}}]},"29":{"type":"branch","line":77,"loc":{"start":{"line":77,"column":14},"end":{"line":78,"column":50}},"locations":[{"start":{"line":77,"column":14},"end":{"line":78,"column":50}}]},"30":{"type":"branch","line":78,"loc":{"start":{"line":78,"column":23},"end":{"line":78,"column":50}},"locations":[{"start":{"line":78,"column":23},"end":{"line":78,"column":50}}]},"31":{"type":"branch","line":78,"loc":{"start":{"line":78,"column":42},"end":{"line":79,"column":32}},"locations":[{"start":{"line":78,"column":42},"end":{"line":79,"column":32}}]},"32":{"type":"branch","line":82,"loc":{"start":{"line":82,"column":36},"end":{"line":83,"column":30}},"locations":[{"start":{"line":82,"column":36},"end":{"line":83,"column":30}}]},"33":{"type":"branch","line":83,"loc":{"start":{"line":83,"column":26},"end":{"line":84,"column":50}},"locations":[{"start":{"line":83,"column":26},"end":{"line":84,"column":50}}]},"34":{"type":"branch","line":86,"loc":{"start":{"line":86,"column":30},"end":{"line":86,"column":61}},"locations":[{"start":{"line":86,"column":30},"end":{"line":86,"column":61}}]},"35":{"type":"branch","line":87,"loc":{"start":{"line":87,"column":26},"end":{"line":87,"column":55}},"locations":[{"start":{"line":87,"column":26},"end":{"line":87,"column":55}}]},"36":{"type":"branch","line":88,"loc":{"start":{"line":88,"column":25},"end":{"line":88,"column":46}},"locations":[{"start":{"line":88,"column":25},"end":{"line":88,"column":46}}]},"37":{"type":"branch","line":86,"loc":{"start":{"line":86,"column":47},"end":{"line":86,"column":61}},"locations":[{"start":{"line":86,"column":47},"end":{"line":86,"column":61}}]},"38":{"type":"branch","line":88,"loc":{"start":{"line":88,"column":37},"end":{"line":88,"column":46}},"locations":[{"start":{"line":88,"column":37},"end":{"line":88,"column":46}}]},"39":{"type":"branch","line":92,"loc":{"start":{"line":92,"column":7},"end":{"line":138,"column":1}},"locations":[{"start":{"line":92,"column":7},"end":{"line":138,"column":1}}]},"40":{"type":"branch","line":100,"loc":{"start":{"line":100,"column":9},"end":{"line":100,"column":36}},"locations":[{"start":{"line":100,"column":9},"end":{"line":100,"column":36}}]},"41":{"type":"branch","line":100,"loc":{"start":{"line":100,"column":22},"end":{"line":100,"column":36}},"locations":[{"start":{"line":100,"column":22},"end":{"line":100,"column":36}}]},"42":{"type":"branch","line":100,"loc":{"start":{"line":100,"column":36},"end":{"line":119,"column":5}},"locations":[{"start":{"line":100,"column":36},"end":{"line":119,"column":5}}]},"43":{"type":"branch","line":106,"loc":{"start":{"line":106,"column":15},"end":{"line":106,"column":73}},"locations":[{"start":{"line":106,"column":15},"end":{"line":106,"column":73}}]},"44":{"type":"branch","line":106,"loc":{"start":{"line":106,"column":73},"end":{"line":108,"column":19}},"locations":[{"start":{"line":106,"column":73},"end":{"line":108,"column":19}}]},"45":{"type":"branch","line":108,"loc":{"start":{"line":108,"column":8},"end":{"line":112,"column":9}},"locations":[{"start":{"line":108,"column":8},"end":{"line":112,"column":9}}]},"46":{"type":"branch","line":108,"loc":{"start":{"line":108,"column":34},"end":{"line":112,"column":9}},"locations":[{"start":{"line":108,"column":34},"end":{"line":112,"column":9}}]},"47":{"type":"branch","line":119,"loc":{"start":{"line":119,"column":4},"end":{"line":122,"column":19}},"locations":[{"start":{"line":119,"column":4},"end":{"line":122,"column":19}}]},"48":{"type":"branch","line":122,"loc":{"start":{"line":122,"column":19},"end":{"line":135,"column":5}},"locations":[{"start":{"line":122,"column":19},"end":{"line":135,"column":5}}]},"49":{"type":"branch","line":123,"loc":{"start":{"line":123,"column":23},"end":{"line":133,"column":9}},"locations":[{"start":{"line":123,"column":23},"end":{"line":133,"column":9}}]},"50":{"type":"branch","line":126,"loc":{"start":{"line":126,"column":32},"end":{"line":128,"column":23}},"locations":[{"start":{"line":126,"column":32},"end":{"line":128,"column":23}}]},"51":{"type":"branch","line":128,"loc":{"start":{"line":128,"column":16},"end":{"line":130,"column":17}},"locations":[{"start":{"line":128,"column":16},"end":{"line":130,"column":17}}]},"52":{"type":"branch","line":130,"loc":{"start":{"line":130,"column":16},"end":{"line":132,"column":20}},"locations":[{"start":{"line":130,"column":16},"end":{"line":132,"column":20}}]},"53":{"type":"branch","line":132,"loc":{"start":{"line":132,"column":12},"end":{"line":132,"column":22}},"locations":[{"start":{"line":132,"column":12},"end":{"line":132,"column":22}}]},"54":{"type":"branch","line":133,"loc":{"start":{"line":133,"column":8},"end":{"line":135,"column":5}},"locations":[{"start":{"line":133,"column":8},"end":{"line":135,"column":5}}]},"55":{"type":"branch","line":26,"loc":{"start":{"line":26,"column":46},"end":{"line":26,"column":76}},"locations":[{"start":{"line":26,"column":46},"end":{"line":26,"column":76}}]},"56":{"type
[...]
ine":47,"column":5}},"loc":{"start":{"line":45,"column":4},"end":{"line":47,"column":5}},"line":45},"3":{"name":"Router","decl":{"start":{"line":49,"column":11},"end":{"line":63,"column":5}},"loc":{"start":{"line":49,"column":11},"end":{"line":63,"column":5}},"line":49},"4":{"name":"push","decl":{"start":{"line":64,"column":11},"end":{"line":66,"column":5}},"loc":{"start":{"line":64,"column":11},"end":{"line":66,"column":5}},"line":64},"5":{"name":"replace","decl":{"start":{"line":67,"column":11},"end":{"line":69,"column":5}},"loc":{"start":{"line":67,"column":11},"end":{"line":69,"column":5}},"line":67},"6":{"name":"pushWindow","decl":{"start":{"line":70,"column":11},"end":{"line":75,"column":5}},"loc":{"start":{"line":70,"column":11},"end":{"line":75,"column":5}},"line":70},"7":{"name":"replaceWindow","decl":{"start":{"line":76,"column":11},"end":{"line":81,"column":5}},"loc":{"start":{"line":76,"column":11},"end":{"line":81,"column":5}},"line":76},"8":{"name":"restartApp","decl":{"start":{"line":84,"column":11},"end":{"line":91,"column":5}},"loc":{"start":{"line":84,"column":11},"end":{"line":91,"column":5}},"line":84},"9":{"name":"back","decl":{"start":{"line":92,"column":4},"end":{"line":105,"column":5}},"loc":{"start":{"line":92,"column":4},"end":{"line":105,"column":5}},"line":92},"10":{"name":"go","decl":{"start":{"line":106,"column":4},"end":{"line":124,"column":5}},"loc":{"start":{"line":106,"column":4},"end":{"line":124,"column":5}},"line":106},"11":{"name":"forward","decl":{"start":{"line":125,"column":4},"end":{"line":134,"column":5}},"loc":{"start":{"line":125,"column":4},"end":{"line":134,"column":5}},"line":125},"12":{"name":"resolve","decl":{"start":{"line":168,"column":11},"end":{"line":175,"column":5}},"loc":{"start":{"line":168,"column":11},"end":{"line":175,"column":5}},"line":168},"13":{"name":"isRouteMatched","decl":{"start":{"line":187,"column":11},"end":{"line":195,"column":5}},"loc":{"start":{"line":187,"column":11},"end":{"line":195,"column":5}},"line":187},"14":{"name":"resolveLink","decl":{"start":{"line":232,"column":11},"end":{"line":234,"column":5}},"loc":{"start":{"line":232,"column":11},"end":{"line":234,"column":5}},"line":232},"15":{"name":"createLayer","decl":{"start":{"line":236,"column":4},"end":{"line":291,"column":5}},"loc":{"start":{"line":236,"column":4},"end":{"line":291,"column":5}},"line":236},"16":{"name":"pushLayer","decl":{"start":{"line":292,"column":4},"end":{"line":298,"column":5}},"loc":{"start":{"line":292,"column":4},"end":{"line":298,"column":5}},"line":292},"17":{"name":"closeLayer","decl":{"start":{"line":299,"column":11},"end":{"line":303,"column":5}},"loc":{"start":{"line":299,"column":11},"end":{"line":303,"column":5}},"line":299},"18":{"name":"renderToString","decl":{"start":{"line":304,"column":4},"end":{"line":313,"column":5}},"loc":{"start":{"line":304,"column":4},"end":{"line":313,"column":5}},"line":304},"19":{"name":"beforeEach","decl":{"start":{"line":314,"column":11},"end":{"line":316,"column":5}},"loc":{"start":{"line":314,"column":11},"end":{"line":316,"column":5}},"line":314},"20":{"name":"afterEach","decl":{"start":{"line":318,"column":11},"end":{"line":320,"column":5}},"loc":{"start":{"line":318,"column":11},"end":{"line":320,"column":5}},"line":318},"21":{"name":"destroy","decl":{"start":{"line":322,"column":11},"end":{"line":330,"column":5}},"loc":{"start":{"line":322,"column":11},"end":{"line":330,"column":5}},"line":322},"22":{"name":"shouldClose","decl":{"start":{"line":248,"column":25},"end":{"line":248,"column":37}},"loc":{"start":{"line":248,"column":25},"end":{"line":248,"column":37}},"line":248},"23":{"name":"onClose","decl":{"start":{"line":277,"column":21},"end":{"line":282,"column":14}},"loc":{"start":{"line":277,"column":21},"end":{"line":282,"column":14}},"line":277}},"f":{"0":482,"1":1256,"2":56,"3":482,"4":600,"5":257,"6":32,"7":32,"8":113,"9":75,"10":62,"11":36,"12":156,"13":192,"14":0,"15":1,"16":1,"17":0,"18":0,"19":216,"20":24,"21":376,"22":0,"23":0}}
,"/home/runner/work/esmx/esmx/packages/router/src/types.ts": {"path":"/home/runner/work/esmx/esmx/packages/router/src/types.ts","all":false,"statementMap":{"0":{"start":{"line":17,"column":0},"end":{"line":17,"column":24}},"1":{"start":{"line":18,"column":0},"end":{"line":18,"column":24}},"2":{"start":{"line":19,"column":0},"end":{"line":19,"column":21}},"3":{"start":{"line":22,"column":0},"end":{"line":22,"column":23}},"4":{"start":{"line":23,"column":0},"end":{"line":23,"column":18}},"5":{"start":{"line":24,"column":0},"end":{"line":24,"column":24}},"6":{"start":{"line":25,"column":0},"end":{"line":25,"column":30}},"7":{"start":{"line":26,"column":0},"end":{"line":26,"column":14}},"8":{"start":{"line":27,"column":0},"end":{"line":27,"column":24}},"9":{"start":{"line":28,"column":0},"end":{"line":28,"column":18}},"10":{"start":{"line":29,"column":0},"end":{"line":29,"column":18}},"11":{"start":{"line":30,"column":0},"end":{"line":30,"column":30}},"12":{"start":{"line":31,"column":0},"end":{"line":31,"column":35}},"13":{"start":{"line":34,"column":0},"end":{"line":34,"column":25}},"14":{"start":{"line":35,"column":0},"end":{"line":35,"column":78}},"15":{"start":{"line":36,"column":0},"end":{"line":36,"column":81}},"16":{"start":{"line":37,"column":0},"end":{"line":37,"column":53}},"17":{"start":{"line":38,"column":0},"end":{"line":38,"column":46}},"18":{"start":{"line":39,"column":0},"end":{"line":39,"column":53}}},"s":{"0":2,"1":2,"2":2,"3":2,"4":2,"5":2,"6":2,"7":2,"8":2,"9":2,"10":2,"11":2,"12":2,"13":2,"14":2,"15":2,"16":2,"17":2,"18":2},"branchMap":{"0":{"type":"branch","line":17,"loc":{"start":{"line":17,"column":7},"end":{"line":17,"column":24}},"locations":[{"start":{"line":17,"column":7},"end":{"line":17,"column":24}}]},"1":{"type":"branch","line":22,"loc":{"start":{"line":22,"column":7},"end":{"line":22,"column":23}},"locations":[{"start":{"line":22,"column":7},"end":{"line":22,"column":23}}]},"2":{"type":"branch","line":34,"loc":{"start":{"line":34,"column":7},"end":{"line":34,"column":25}},"locations":[{"start":{"line":34,"column":7},"end":{"line":34,"column":25}}]}},"b":{"0":[73],"1":[73],"2":[73]},"fnMap":{},"f":{}}
,"/home/runner/work/esmx/esmx/packages/router/src/util.ts": {"path":"/home/runner/work/esmx/esmx/packages/router/src/util.ts","all":false,"statementMap":{"0":{"start":{"line":2,"column":0},"end":{"line":2,"column":52}},"1":{"start":{"line":4,"column":0},"end":{"line":4,"column":55}},"2":{"start":{"line":5,"column":0},"end":{"line":5,"column":12}},"3":{"start":{"line":6,"column":0},"end":{"line":6,"column":30}},"4":{"start":{"line":7,"column":0},"end":{"line":7,"column":25}},"5":{"start":{"line":8,"column":0},"end":{"line":8,"column":22}},"6":{"start":{"line":9,"column":0},"end":{"line":9,"column":35}},"7":{"start":{"line":10,"column":0},"end":{"line":10,"column":59}},"8":{"start":{"line":11,"column":0},"end":{"line":11,"column":23}},"9":{"start":{"line":12,"column":0},"end":{"line":12,"column":9}},"10":{"start":{"line":14,"column":0},"end":{"line":14,"column":1}},"11":{"start":{"line":16,"column":0},"end":{"line":16,"column":69}},"12":{"start":{"line":17,"column":0},"end":{"line":17,"column":12}},"13":{"start":{"line":18,"column":0},"end":{"line":18,"column":36}},"14":{"start":{"line":19,"column":0},"end":{"line":19,"column":63}},"15":{"start":{"line":21,"column":0},"end":{"line":21,"column":1}},"16":{"start":{"line":29,"column":0},"end":{"line":29,"column":38}},"17":{"start":{"line":30,"column":0},"end":{"line":30,"column":18}},"18":{"start":{"line":31,"column":0},"end":{"line":31,"column":33}},"19":{"start":{"line":32,"column":0},"end":{"line":32,"column":32}},"20":{"start":{"line":33,"column":0},"end":{"line":33,"column":21}},"21":{"start":{"line":34,"column":0},"end":{"line":34,"column":5}},"22":{"start":{"line":36,"column":0},"end":{"line":36,"column":64}},"23":{"start":{"line":37,"column":0},"end":{"line":37,"column":1}},"24":{"start":{"line":39,"column":0},"end":{"line":39,"column":57}},"25":{"start":{"line":40,"column":0},"end":{"line":40,"column":56}},"26":{"start":{"line":41,"column":0},"end":{"line":41,"column":31}},"27":{"start":{"line":43,"column":0},"end":{"line":43,"column":53}},"28":{"start":{"line":44,"column":0},"end":{"line":44,"column":27}},"29":{"start":{"line":45,"column":0},"end":{"line":45,"column":25}},"30":{"start":{"line":46,"column":0},"end":{"line":46,"column":21}},"31":{"start":{"line":47,"column":0},"end":{"line":47,"column":2}},"32":{"start":{"line":49,"column":0},"end":{"line":49,"column":41}},"33":{"start":{"line":50,"column":0},"end":{"line":50,"column":19}},"34":{"start":{"line":51,"column":0},"end":{"line":51,"column":52}},"35":{"start":{"line":52,"column":0},"end":{"line":52,"column":12}},"36":{"start":{"line":53,"column":0},"end":{"line":53,"column":27}},"37":{"start":{"line":54,"column":0},"end":{"line":54,"column":39}},"38":{"start":{"line":55,"column":0},"end":{"line":55,"column":37}},"39":{"start":{"line":56,"column":0},"end":{"line":56,"column":29}},"40":{"start":{"line":58,"column":0},"end":{"line":58,"column":1}},"41":{"start":{"line":60,"column":0},"end":{"line":60,"column":67}},"42":{"start":{"line":62,"column":0},"end":{"line":62,"column":16}},"43":{"start":{"line":63,"column":0},"end":{"line":63,"column":21}},"44":{"start":{"line":64,"column":0},"end":{"line":64,"column":5}},"45":{"start":{"line":67,"column":0},"end":{"line":67,"column":24}},"46":{"start":{"line":68,"column":0},"end":{"line":68,"column":20}},"47":{"start":{"line":69,"column":0},"end":{"line":69,"column":5}},"48":{"start":{"line":72,"column":0},"end":{"line":72,"column":47}},"49":{"start":{"line":73,"column":0},"end":{"line":73,"column":47}},"50":{"start":{"line":76,"column":0},"end":{"line":76,"column":26}},"51":{"start":{"line":78,"column":0},"end":{"line":78,"column":26}},"52":{"start":{"line":79,"column":0},"end":{"line":79,"column":35}},"53":{"start":{"line":80,"column":0},"end":{"line":80,"column":1}},"54":{"start":{"line":93,"column":0},"end":{"line":93,"column":31}},"55":{"start":{"line":94,"column":0},"end":{"line":94,"column":18}},"56":{"start":{"line":95,"column":0},"end":{"line":95,"column":25}},"57":{"start":{"line":96,"column":0},"end":{"line":96,"column":29}},"58":{"start":{"line":97,"column":0},"end":{"line":97,"column":12}},"59":{"start":{"line":98,"column":0},"end":{"line":98,"column":30}},"60":{"start":{"line":100,"column":0},"end":{"line":100,"column":24}},"61":{"start":{"line":101,"column":0},"end":{"line":101,"column":21}},"62":{"start":{"line":103,"column":0},"end":{"line":103,"column":51}},"63":{"start":{"line":105,"column":0},"end":{"line":105,"column":21}},"64":{"start":{"line":107,"column":0},"end":{"line":107,"column":55}},"65":{"start":{"line":109,"column":0},"end":{"line":109,"column":23}},"66":{"start":{"line":111,"column":0},"end":{"line":111,"column":63}},"67":{"start":{"line":113,"column":0},"end":{"line":113,"column":16}},"68":{"start":{"line":114,"column":0},"end":{"line":114,"column":25}},"69":{"start":{"line":115,"column":0},"end":{"line":115,"column":5}},"70":{"start":{"line":116,"column":0},"end":{"line":116,"column":1}}},"s":{"0":2,"1":2,"2":1133,"3":1133,"4":1131,"5":1129,"6":1129,"7":11,"8":1118,"9":1129,"10":1133,"11":2,"12":21894,"13":21894,"14":19710,"15":21894,"16":2,"17":280,"18":280,"19":280,"20":250,"21":250,"22":30,"23":30,"24":2,"25":275,"26":269,"27":2,"28":267,"29":275,"30":252,"31":252,"32":2,"33":9739,"34":9739,"35":9739,"36":9739,"37":8701,"38":7588,"39":7560,"40":9739,"41":2,"42":743,"43":229,"44":229,"45":743,"46":1,"47":1,"48":513,"49":513,"50":513,"51":513,"52":513,"53":513,"54":2,"55":1365,"56":1365,"57":1365,"58":1365,"59":1365,"60":930,"61":1210,"62":645,"63":1365,"64":198,"65":1365,"66":86,"67":1365,"68":1,"69":1365,"70":1365},"branchMap":{"0":{"type":"branch","line":4,"loc":{"start":{"line":4,"column":7},"end":{"line":14,"column":1}},"locations":[{"start":{"line":4,"column":7},"end":{"line":14,"column":1}}]},"1":{"type":"branch","line":9,"loc":{"start":{"line":9,"column":29},"end":{"line":10,"column":59}},"locations":[{"start":{"line":9,"column":29},"end":{"line":10,"column":59}}]},"2":{"type":"branch","line":16,"loc":{"start":{"line":16,"column":7},"end":{"line":21,"column":1}},"locations":[{"start":{"line":16,"column":7},"end":{"line":21,"column":1}}]},"3":{"type":"branch","line":18,"loc":{"start":{"line":18,"column":8},"end":{"line":18,"column":27}},"locations":[{"start":{"line":18,"column":8},"end":{"line":18,"column":27}}]},"4":{"type":"branch","line":18,"loc":{"start":{"line":18,"column":27},"end":{"line":19,"column":63}},"locations":[{"start":{"line":18,"column":27},"end":{"line":19,"column":63}}]},"5":{"type":"branch","line":29,"loc":{"start":{"line":29,"column":7},"end":{"line":37,"column":1}},"locations":[{"start":{"line":29,"column":7},"end":{"line":37,"column":1}}]},"6":{"type":"branch","line":34,"loc":{"start":{"line":34,"column":4},"end":{"line":37,"column":1}},"locations":[{"start":{"line":34,"column":4},"end":{"line":37,"column":1}}]},"7":{"type":"branch","line":39,"loc":{"start":{"line":39,"column":31},"end":{"line":47,"column":2}},"locations":[{"start":{"line":39,"column":31},"end":{"line":47,"column":2}}]},"8":{"type":"branch","line":40,"loc":{"start":{"line":40,"column":49},"end":{"line":40,"column":56}},"locations":[{"start":{"line":40,"column":49},"end":{"line":40,"column":56}}]},"9":{"type":"branch","line":41,"loc":{"start":{"line":41,"column":30},"end":{"line":43,"column":53}},"locations":[{"start":{"line":41,"column":30},"end":{"line":43,"column":53}}]},"10":{"type":"branch","line":45,"loc":{"start":{"line":45,"column":18},"end":{"line":45,"column":25}},"locations":[{"start":{"line":45,"column":18},"end":{"line":45,"column":25}}]},"11":{"type":"branch","line":49,"loc":{"start":{"line":49,"column":7},"end":{"line":58,"column":1}},"locations":[{"start":{"line":49,"column":7},"end":{"line":58,"column":1}}]},"12":{"type":"branch","line":53,"loc":{"start":{"line":53,"column":19},"end":{"line":54,"column":39}},"locations":[{"start":{"line":53,"column":19},"end":{"line":54,"column":39}}]},"13":{"type":"branch","line":54,"loc":{"start":{"line":54,"column":26},"end":{"line":55,"column":37}},"locations":[{"start":{"line":54,"column":26},"end":{"line":55,"column":37}}]},"14":{"type":"branch","line":55,"loc":{"start":{"line":55,"column":26},"end":{"line":56,"column":29}},"locations":[{"start":{"line":55,"column":26},"end":{"line":56,"column":29}}]},"15":{"type":"branch","line":60,"loc":{"start":{"line":60,"column":7},"end":{"line":80,"column":1}},"locations":[{"start":{"line":60,"column":7},"end":{"line":80,"column":1}}]},"16":{"type":"branch","line":62,"loc":{"start":{"line":62,"column":15},"end":{"line":64,"column":5}},"locations":[{"start":{"line":62,"column":15},"end":{"line":64,"column":5}}]},"17":{"type":"branch","line":64,"loc":{"start":{"line":64,"column":4},"end":{"line":67,"column":23}},"locations":[{"start":{"line":64,"column":4},"end":{"line":67,"column":23}}]},"18":{"type":"branch","line":67,"loc":{"start":{"line":67,"column":23},"end":{"line":69,"column":5}},"locations":[{"start":{"line":67,"column":23},"end":{"line":69,"column":5}}]},"19":{"type":"branch","line":69,"loc":{"start":{"line":69,"column":4},"end":{"line":80,"column":1}},"locations":[{"start":{"line":69,"column":4},"end":{"line":80,"column":1}}]},"20":{"type":"branch","line":93,"loc":{"start":{"line":93,"column":7},"end":{"line":116,"column":1}},"locations":[{"start":{"line":93,"column":7},"end":{"line":116,"column":1}}]},"21":{"type":"branch","line":98,"loc":{"start":{"line":98,"column":17},"end":{"line":98,"column":30}},"locations":[{"start":{"line":98,"column":17},"end":{"line":98,"column":30}}]},"22":{"type":"branch","line":98,"loc":{"start":{"line":98,"column":24},"end":{"line":100,"column":24}},"locations":[{"start":{"line":98,"column":24},"end":{"line":100,"column":24}}]},"23":{"type":"branch","line":101,"loc":{"start":{"line":101,"column":8},"end":{"line":103,"column":51}},"locations":[{"start":{"line":101,"column":8},"end":{"line":103,"column":51}}]},"24":{"type":"branch","line":105,"loc":{"start":{"line":105,"column":8},"end":{"line":107,"column":55}},"locations":[{"start":{"line":105,"column":8},"end":{"line":107,"column":55}}]},"25":{"type":"branch","line":109,"loc":{"start":{"line":109,"column":8},"end":{"line":111,"column":63}},"locations":[{"start":{"line":109,"column":8},"end":{"line":111,"column":63}}]},"26":{"type":"branch","line":113,"loc":{"start":{"line":113,"column":8},"end":{"line":114,"column":25}},"locations":[{"start":{"line":113,"column":8},"end":{"line":114,"column":25}}]},"27":{"type":"branch","line":6,"loc":{"start":{"line":6,"column":18},"end":{"line":7,"column":25}},"locations":[{"start":{"line":6,"column":18},"end":{"line":7,"column":25}}]},"28":{"type":"branch","line":7,"loc":{"start":{"line":7,"column":18},"end":{"line":12,"column":9}},"locations":[{"start":{"line":7,"column":18},"end":{"line":12,"column":9}}]},"29":{"type":"branch","line":10,"loc":{"start":{"line":10,"column":32},"end":{"line":11,"column":23}},"locations":[{"start":{"line":10,"column":32},"end":{"line":11,"column":23}}]},"30":{"type":"branch","line":32,"loc":{"start":{"line":32,"column":31},"end":{"line":34,"column":5}},"locations":[{"start":{"line":32,"column":31},"end":{"line":34,"column":5}}]},"31":{"type":"branch","line":40,"loc":{"start":{"line":40,"column":49},"end":{"line":41,"column":31}},"locations":[{"start":{"line":40,"column":49},"end":{"line":41,"column":31}}]},"32":{"type":"branch","line":43,"loc":{"start":{"line":43,"column":52},"end":{"line":44,"column":27}},"locations":[{"start":{"line":43,"column":52},"end":{"line":44,"column":27}}]},"33":{"type":"branch","line":45,"loc":{"start":{"line":45,"column":18},"end":{"line":47,"column":2}},"locations":[{"start":{"line":45,"column":18},"end":{"line":47,"column":2}}]},"34":{"type":"branch","line":43,"loc":{"start":{"line":43,"column":24},"end":{"line":43,"column":52}},"locations":[{"start":{"line":43,"column":24},"end":{"line":43,"column":52}}]},"35":{"type":"branch","line":98,"loc":{"start":{"line":98,"column":24},"end":{"line":103,"column":51}},"locations":[{"start":{"line":98,"column":24},"end":{"line":103,"column":51}}]}},"b":{"0":[1133],"1":[11],"2":[21894],"3":[14161],"4":[19710],"5":[280],"6":[30],"7":[275],"8":[6],"9":[2],"10":[17],"11":[9739],"12":[8701],"13":[7588],"14":[7560],"15":[743],"16":[229],"17":[514],"18":[1],"19":[513],"20":[1365],"21":[435],"22":[930],"23":[645],"24":[198],"25":[86],"26":[1],"27":[1131],"28":[1129],"29":[1118],"30":[250],"31":[269],"32":[267],"33":[252],"34":[4],"35":[1210]},"fnMap":{"0":{"name":"isNotNullish","decl":{"start":{"line":4,"column":7},"end":{"line":14,"column":1}},"loc":{"start":{"line":4,"column":7},"end":{"line":14,"column":1}},"line":4},"1":{"name":"isPlainObject","decl":{"start":{"line":16,"column":7},"end":{"line":21,"column":1}},"loc":{"start":{"line":16,"column":7},"end":{"line":21,"column":1}},"line":16},"2":{"name":"isNonEmptyPlainObject","decl":{"start":{"line":29,"column":7},"end":{"line":37,"column":1}},"loc":{"start":{"line":29,"column":7},"end":{"line":37,"column":1}},"line":29},"3":{"name":"removeFromArray","decl":{"start":{"line":39,"column":31},"end":{"line":47,"column":2}},"loc":{"start":{"line":39,"column":31},"end":{"line":47,"column":2}},"line":39},"4":{"name":"isValidConfirmHookResult","decl":{"start":{"line":49,"column":7},"end":{"line":58,"column":1}},"loc":{"start":{"line":49,"column":7},"end":{"line":58,"column":1}},"line":49},"5":{"name":"isUrlEqual","decl":{"start":{"line":60,"column":7},"end":{"line":80,"column":1}},"loc":{"start":{"line":60,"column":7},"end":{"line":80,"column":1}},"line":60},"6":{"name":"isRouteMatched","decl":{"start":{"line":93,"column":7},"end":{"line":116,"column":1}},"loc":{"start":{"line":93,"column":7},"end":{"line":116,"column":1}},"line":93}},"f":{"0":1133,"1":21894,"2":280,"3":275,"4":9739,"5":743,"6":1365}}
}
