<?xml version="1.0" encoding="UTF-8"?>
<coverage generated="1752630809426" clover="3.2.0">
  <project timestamp="1752630809426" name="All files">
    <metrics statements="249" coveredstatements="216" conditionals="63" coveredconditionals="59" methods="28" coveredmethods="26" elements="340" coveredelements="301" complexity="0" loc="249" ncloc="249" packages="1" files="8" classes="8"/>
    <file name="index.ts" path="/home/runner/work/esmx/esmx/packages/router-vue/src/index.ts">
      <metrics statements="4" coveredstatements="4" conditionals="0" coveredconditionals="0" methods="0" coveredmethods="0"/>
      <line num="4" count="1" type="stmt"/>
      <line num="13" count="1" type="stmt"/>
      <line num="14" count="1" type="stmt"/>
      <line num="16" count="1" type="stmt"/>
    </file>
    <file name="plugin.ts" path="/home/runner/work/esmx/esmx/packages/router-vue/src/plugin.ts">
      <metrics statements="27" coveredstatements="27" conditionals="10" coveredconditionals="8" methods="3" coveredmethods="3"/>
      <line num="1" count="1" type="stmt"/>
      <line num="2" count="1" type="stmt"/>
      <line num="3" count="1" type="stmt"/>
      <line num="4" count="1" type="stmt"/>
      <line num="68" count="1" type="stmt"/>
      <line num="73" count="1" type="cond" truecount="1" falsecount="0"/>
      <line num="74" count="19" type="stmt"/>
      <line num="75" count="19" type="cond" truecount="2" falsecount="0"/>
      <line num="77" count="19" type="cond" truecount="2" falsecount="0"/>
      <line num="78" count="1" type="stmt"/>
      <line num="79" count="1" type="cond" truecount="1" falsecount="0"/>
      <line num="80" count="15" type="stmt"/>
      <line num="81" count="15" type="stmt"/>
      <line num="82" count="15" type="cond" truecount="1" falsecount="0"/>
      <line num="83" count="1" type="cond" truecount="0" falsecount="1"/>
      <line num="84" count="1" type="stmt"/>
      <line num="85" count="15" type="stmt"/>
      <line num="86" count="15" type="stmt"/>
      <line num="87" count="15" type="cond" truecount="1" falsecount="0"/>
      <line num="88" count="1" type="cond" truecount="0" falsecount="1"/>
      <line num="89" count="1" type="stmt"/>
      <line num="90" count="15" type="stmt"/>
      <line num="91" count="15" type="stmt"/>
      <line num="94" count="15" type="stmt"/>
      <line num="95" count="15" type="stmt"/>
      <line num="96" count="19" type="stmt"/>
      <line num="97" count="1" type="stmt"/>
    </file>
    <file name="router-link.ts" path="/home/runner/work/esmx/esmx/packages/router-vue/src/router-link.ts">
      <metrics statements="80" coveredstatements="48" conditionals="5" coveredconditionals="4" methods="5" coveredmethods="3"/>
      <line num="7" count="1" type="stmt"/>
      <line num="8" count="1" type="stmt"/>
      <line num="9" count="1" type="stmt"/>
      <line num="60" count="1" type="stmt"/>
      <line num="61" count="1" type="stmt"/>
      <line num="62" count="1" type="stmt"/>
      <line num="68" count="1" type="stmt"/>
      <line num="69" count="1" type="stmt"/>
      <line num="70" count="1" type="stmt"/>
      <line num="71" count="1" type="stmt"/>
      <line num="77" count="1" type="stmt"/>
      <line num="82" count="1" type="stmt"/>
      <line num="90" count="1" type="stmt"/>
      <line num="95" count="1" type="stmt"/>
      <line num="101" count="1" type="stmt"/>
      <line num="102" count="1" type="stmt"/>
      <line num="103" count="1" type="stmt"/>
      <line num="104" count="1" type="stmt"/>
      <line num="110" count="1" type="stmt"/>
      <line num="116" count="1" type="stmt"/>
      <line num="141" count="1" type="stmt"/>
      <line num="142" count="1" type="stmt"/>
      <line num="145" count="1" type="stmt"/>
      <line num="146" count="1" type="stmt"/>
      <line num="148" count="1" type="cond" truecount="1" falsecount="0"/>
      <line num="149" count="17" type="stmt"/>
      <line num="150" count="17" type="stmt"/>
      <line num="152" count="17" type="stmt"/>
      <line num="153" count="0" type="stmt"/>
      <line num="154" count="0" type="stmt"/>
      <line num="156" count="0" type="stmt"/>
      <line num="157" count="0" type="stmt"/>
      <line num="158" count="0" type="stmt"/>
      <line num="159" count="0" type="stmt"/>
      <line num="160" count="0" type="stmt"/>
      <line num="161" count="0" type="stmt"/>
      <line num="162" count="0" type="stmt"/>
      <line num="163" count="0" type="stmt"/>
      <line num="164" count="0" type="stmt"/>
      <line num="166" count="17" type="cond" truecount="1" falsecount="0"/>
      <line num="167" count="22" type="stmt"/>
      <line num="168" count="22" type="cond" truecount="1" falsecount="0"/>
      <line num="169" count="26" type="stmt"/>
      <line num="171" count="22" type="stmt"/>
      <line num="172" count="22" type="stmt"/>
      <line num="174" count="0" type="stmt"/>
      <line num="175" count="0" type="stmt"/>
      <line num="176" count="0" type="stmt"/>
      <line num="177" count="22" type="stmt"/>
      <line num="179" count="22" type="stmt"/>
      <line num="180" count="22" type="stmt"/>
      <line num="181" count="22" type="stmt"/>
      <line num="182" count="22" type="stmt"/>
      <line num="183" count="22" type="stmt"/>
      <line num="184" count="22" type="stmt"/>
      <line num="185" count="22" type="stmt"/>
      <line num="186" count="22" type="stmt"/>
      <line num="187" count="22" type="stmt"/>
      <line num="189" count="17" type="stmt"/>
      <line num="190" count="0" type="stmt"/>
      <line num="192" count="0" type="stmt"/>
      <line num="194" count="0" type="stmt"/>
      <line num="195" count="0" type="stmt"/>
      <line num="196" count="0" type="stmt"/>
      <line num="197" count="0" type="stmt"/>
      <line num="198" count="0" type="stmt"/>
      <line num="200" count="0" type="stmt"/>
      <line num="201" count="0" type="stmt"/>
      <line num="202" count="0" type="stmt"/>
      <line num="203" count="0" type="stmt"/>
      <line num="204" count="0" type="stmt"/>
      <line num="205" count="0" type="stmt"/>
      <line num="206" count="0" type="stmt"/>
      <line num="207" count="0" type="stmt"/>
      <line num="208" count="0" type="stmt"/>
      <line num="209" count="0" type="stmt"/>
      <line num="210" count="0" type="stmt"/>
      <line num="212" count="17" type="cond" truecount="1" falsecount="1"/>
      <line num="213" count="17" type="stmt"/>
      <line num="214" count="1" type="stmt"/>
    </file>
    <file name="router-view.ts" path="/home/runner/work/esmx/esmx/packages/router-vue/src/router-view.ts">
      <metrics statements="19" coveredstatements="18" conditionals="5" coveredconditionals="4" methods="1" coveredmethods="1"/>
      <line num="1" count="1" type="stmt"/>
      <line num="2" count="1" type="stmt"/>
      <line num="3" count="1" type="stmt"/>
      <line num="5" count="1" type="stmt"/>
      <line num="35" count="1" type="stmt"/>
      <line num="36" count="1" type="stmt"/>
      <line num="37" count="1" type="cond" truecount="1" falsecount="0"/>
      <line num="38" count="15" type="stmt"/>
      <line num="42" count="15" type="stmt"/>
      <line num="46" count="15" type="stmt"/>
      <line num="48" count="15" type="cond" truecount="1" falsecount="0"/>
      <line num="51" count="23" type="stmt"/>
      <line num="54" count="23" type="stmt"/>
      <line num="55" count="23" type="cond" truecount="0" falsecount="1"/>
      <line num="56" count="0" type="stmt"/>
      <line num="59" count="23" type="cond" truecount="2" falsecount="0"/>
      <line num="60" count="23" type="stmt"/>
      <line num="61" count="15" type="stmt"/>
      <line num="62" count="1" type="stmt"/>
    </file>
    <file name="use.ts" path="/home/runner/work/esmx/esmx/packages/router-vue/src/use.ts">
      <metrics statements="83" coveredstatements="83" conditionals="23" coveredconditionals="23" methods="10" coveredmethods="10"/>
      <line num="2" count="1" type="stmt"/>
      <line num="11" count="1" type="stmt"/>
      <line num="24" count="1" type="stmt"/>
      <line num="25" count="1" type="stmt"/>
      <line num="27" count="1" type="stmt"/>
      <line num="28" count="1" type="cond" truecount="1" falsecount="0"/>
      <line num="29" count="3" type="stmt"/>
      <line num="30" count="1" type="stmt"/>
      <line num="31" count="1" type="stmt"/>
      <line num="33" count="1" type="stmt"/>
      <line num="35" count="1" type="stmt"/>
      <line num="36" count="1" type="stmt"/>
      <line num="38" count="54" type="cond" truecount="1" falsecount="0"/>
      <line num="39" count="54" type="stmt"/>
      <line num="40" count="54" type="cond" truecount="2" falsecount="0"/>
      <line num="41" count="3" type="stmt"/>
      <line num="42" count="3" type="cond" truecount="1" falsecount="0"/>
      <line num="43" count="51" type="stmt"/>
      <line num="44" count="51" type="stmt"/>
      <line num="46" count="10" type="cond" truecount="1" falsecount="0"/>
      <line num="48" count="10" type="cond" truecount="1" falsecount="0"/>
      <line num="49" count="2" type="stmt"/>
      <line num="50" count="2" type="stmt"/>
      <line num="52" count="10" type="stmt"/>
      <line num="53" count="10" type="cond" truecount="1" falsecount="0"/>
      <line num="54" count="5" type="stmt"/>
      <line num="55" count="5" type="stmt"/>
      <line num="57" count="5" type="stmt"/>
      <line num="58" count="5" type="cond" truecount="1" falsecount="0"/>
      <line num="59" count="3" type="stmt"/>
      <line num="60" count="3" type="cond" truecount="1" falsecount="0"/>
      <line num="61" count="2" type="stmt"/>
      <line num="62" count="2" type="stmt"/>
      <line num="63" count="2" type="cond" truecount="1" falsecount="0"/>
      <line num="64" count="1" type="stmt"/>
      <line num="65" count="1" type="stmt"/>
      <line num="67" count="3" type="stmt"/>
      <line num="68" count="3" type="stmt"/>
      <line num="102" count="1" type="cond" truecount="1" falsecount="0"/>
      <line num="103" count="2" type="stmt"/>
      <line num="104" count="2" type="stmt"/>
      <line num="138" count="1" type="cond" truecount="1" falsecount="0"/>
      <line num="139" count="2" type="stmt"/>
      <line num="140" count="2" type="stmt"/>
      <line num="146" count="42" type="cond" truecount="1" falsecount="0"/>
      <line num="148" count="42" type="stmt"/>
      <line num="149" count="42" type="cond" truecount="1" falsecount="0"/>
      <line num="150" count="33" type="stmt"/>
      <line num="151" count="33" type="cond" truecount="1" falsecount="0"/>
      <line num="154" count="9" type="stmt"/>
      <line num="155" count="9" type="stmt"/>
      <line num="156" count="9" type="stmt"/>
      <line num="190" count="1" type="cond" truecount="1" falsecount="0"/>
      <line num="191" count="20" type="stmt"/>
      <line num="192" count="20" type="stmt"/>
      <line num="226" count="1" type="cond" truecount="1" falsecount="0"/>
      <line num="227" count="22" type="stmt"/>
      <line num="228" count="22" type="stmt"/>
      <line num="259" count="1" type="cond" truecount="1" falsecount="0"/>
      <line num="260" count="43" type="stmt"/>
      <line num="262" count="43" type="stmt"/>
      <line num="264" count="43" type="stmt"/>
      <line num="265" count="43" type="stmt"/>
      <line num="267" count="43" type="stmt"/>
      <line num="268" count="43" type="stmt"/>
      <line num="269" count="43" type="stmt"/>
      <line num="270" count="43" type="stmt"/>
      <line num="272" count="43" type="stmt"/>
      <line num="273" count="43" type="stmt"/>
      <line num="275" count="43" type="cond" truecount="1" falsecount="0"/>
      <line num="276" count="22" type="cond" truecount="1" falsecount="0"/>
      <line num="277" count="21" type="stmt"/>
      <line num="278" count="21" type="stmt"/>
      <line num="279" count="21" type="stmt"/>
      <line num="280" count="43" type="stmt"/>
      <line num="282" count="43" type="stmt"/>
      <line num="283" count="43" type="stmt"/>
      <line num="315" count="1" type="cond" truecount="1" falsecount="0"/>
      <line num="316" count="18" type="stmt"/>
      <line num="318" count="18" type="cond" truecount="1" falsecount="0"/>
      <line num="319" count="22" type="stmt"/>
      <line num="320" count="18" type="stmt"/>
      <line num="321" count="18" type="stmt"/>
    </file>
    <file name="util.ts" path="/home/runner/work/esmx/esmx/packages/router-vue/src/util.ts">
      <metrics statements="36" coveredstatements="36" conditionals="18" coveredconditionals="18" methods="7" coveredmethods="7"/>
      <line num="1" count="1" type="stmt"/>
      <line num="4" count="1" type="stmt"/>
      <line num="6" count="1" type="cond" truecount="1" falsecount="0"/>
      <line num="7" count="21" type="stmt"/>
      <line num="8" count="21" type="cond" truecount="1" falsecount="0"/>
      <line num="9" count="59" type="stmt"/>
      <line num="10" count="59" type="stmt"/>
      <line num="11" count="21" type="cond" truecount="1" falsecount="0"/>
      <line num="12" count="29" type="cond" truecount="2" falsecount="0"/>
      <line num="13" count="29" type="stmt"/>
      <line num="14" count="21" type="stmt"/>
      <line num="15" count="21" type="stmt"/>
      <line num="17" count="1" type="cond" truecount="1" falsecount="0"/>
      <line num="18" count="93" type="stmt"/>
      <line num="19" count="93" type="stmt"/>
      <line num="20" count="93" type="stmt"/>
      <line num="21" count="93" type="stmt"/>
      <line num="22" count="93" type="cond" truecount="1" falsecount="0"/>
      <line num="23" count="322" type="stmt"/>
      <line num="24" count="322" type="stmt"/>
      <line num="25" count="322" type="stmt"/>
      <line num="26" count="93" type="stmt"/>
      <line num="27" count="93" type="stmt"/>
      <line num="29" count="1" type="cond" truecount="1" falsecount="0"/>
      <line num="30" count="58" type="cond" truecount="3" falsecount="0"/>
      <line num="31" count="47" type="stmt"/>
      <line num="32" count="47" type="stmt"/>
      <line num="33" count="58" type="cond" truecount="1" falsecount="0"/>
      <line num="35" count="58" type="stmt"/>
      <line num="37" count="1" type="cond" truecount="1" falsecount="0"/>
      <line num="38" count="34" type="cond" truecount="2" falsecount="0"/>
      <line num="40" count="34" type="cond" truecount="1" falsecount="0"/>
      <line num="41" count="5" type="cond" truecount="1" falsecount="0"/>
      <line num="42" count="5" type="cond" truecount="1" falsecount="0"/>
      <line num="44" count="22" type="stmt"/>
      <line num="45" count="22" type="stmt"/>
    </file>
    <file name="vue2.ts" path="/home/runner/work/esmx/esmx/packages/router-vue/src/vue2.ts">
      <metrics statements="0" coveredstatements="0" conditionals="1" coveredconditionals="1" methods="1" coveredmethods="1"/>
    </file>
    <file name="vue3.ts" path="/home/runner/work/esmx/esmx/packages/router-vue/src/vue3.ts">
      <metrics statements="0" coveredstatements="0" conditionals="1" coveredconditionals="1" methods="1" coveredmethods="1"/>
    </file>
  </project>
</coverage>
